[0.194s] Invoking command in '/my_code/ros_ws/build/scout_mini_description': CMAKE_PREFIX_PATH=${CMAKE_PREFIX_PATH}:/opt/ros/humble /usr/bin/cmake --build /my_code/ros_ws/build/scout_mini_description -- -j20 -l20
[0.408s] Invoked command in '/my_code/ros_ws/build/scout_mini_description' returned '0': CMAKE_PREFIX_PATH=${CMAKE_PREFIX_PATH}:/opt/ros/humble /usr/bin/cmake --build /my_code/ros_ws/build/scout_mini_description -- -j20 -l20
[0.468s] Invoking command in '/my_code/ros_ws/build/scout_mini_description': CMAKE_PREFIX_PATH=${CMAKE_PREFIX_PATH}:/opt/ros/humble /usr/bin/cmake --install /my_code/ros_ws/build/scout_mini_description
[0.483s] -- Install configuration: ""
[0.506s] -- Up-to-date: /my_code/ros_ws/install/scout_mini_description/share/scout_mini_description/launch
[0.574s] -- Up-to-date: /my_code/ros_ws/install/scout_mini_description/share/scout_mini_description/launch/description_launch.py
[0.610s] -- Up-to-date: /my_code/ros_ws/install/scout_mini_description/share/scout_mini_description/launch/rviz2_launch.py
[0.639s] -- Up-to-date: /my_code/ros_ws/install/scout_mini_description/share/scout_mini_description/meshes
[0.696s] -- Up-to-date: /my_code/ros_ws/install/scout_mini_description/share/scout_mini_description/meshes/body.dae
[0.736s] -- Up-to-date: /my_code/ros_ws/install/scout_mini_description/share/scout_mini_description/meshes/wheel.dae
[0.771s] -- Up-to-date: /my_code/ros_ws/install/scout_mini_description/share/scout_mini_description/rviz
[0.829s] -- Up-to-date: /my_code/ros_ws/install/scout_mini_description/share/scout_mini_description/rviz/scout_mini.rviz
[0.869s] -- Up-to-date: /my_code/ros_ws/install/scout_mini_description/share/scout_mini_description/urdf
[0.945s] -- Up-to-date: /my_code/ros_ws/install/scout_mini_description/share/scout_mini_description/urdf/scout_mini.urdf.xacro
[1.018s] -- Up-to-date: /my_code/ros_ws/install/scout_mini_description/share/ament_index/resource_index/package_run_dependencies/scout_mini_description
[1.106s] -- Up-to-date: /my_code/ros_ws/install/scout_mini_description/share/ament_index/resource_index/parent_prefix_path/scout_mini_description
[1.160s] -- Up-to-date: /my_code/ros_ws/install/scout_mini_description/share/scout_mini_description/environment/ament_prefix_path.sh
[1.232s] -- Up-to-date: /my_code/ros_ws/install/scout_mini_description/share/scout_mini_description/environment/ament_prefix_path.dsv
[1.272s] -- Up-to-date: /my_code/ros_ws/install/scout_mini_description/share/scout_mini_description/environment/path.sh
[1.311s] -- Up-to-date: /my_code/ros_ws/install/scout_mini_description/share/scout_mini_description/environment/path.dsv
[1.349s] -- Up-to-date: /my_code/ros_ws/install/scout_mini_description/share/scout_mini_description/local_setup.bash
[1.390s] -- Up-to-date: /my_code/ros_ws/install/scout_mini_description/share/scout_mini_description/local_setup.sh
[1.446s] -- Up-to-date: /my_code/ros_ws/install/scout_mini_description/share/scout_mini_description/local_setup.zsh
[1.523s] -- Up-to-date: /my_code/ros_ws/install/scout_mini_description/share/scout_mini_description/local_setup.dsv
[1.610s] -- Up-to-date: /my_code/ros_ws/install/scout_mini_description/share/scout_mini_description/package.dsv
[1.846s] -- Up-to-date: /my_code/ros_ws/install/scout_mini_description/share/ament_index/resource_index/packages/scout_mini_description
[1.873s] -- Up-to-date: /my_code/ros_ws/install/scout_mini_description/share/scout_mini_description/cmake/scout_mini_descriptionConfig.cmake
[1.948s] -- Up-to-date: /my_code/ros_ws/install/scout_mini_description/share/scout_mini_description/cmake/scout_mini_descriptionConfig-version.cmake
[2.053s] -- Installing: /my_code/ros_ws/install/scout_mini_description/share/scout_mini_description/package.xml
