[0.268s] DEBUG:colcon:Command line arguments: ['/usr/bin/colcon', 'build', '--packages-select', 'scout_mini_description']
[0.268s] DEBUG:colcon:Parsed command line arguments: Namespace(log_base=None, log_level=None, verb_name='build', build_base='build', install_base='install', merge_install=False, symlink_install=False, test_result_base=None, continue_on_error=False, executor='parallel', parallel_workers=20, event_handlers=None, ignore_user_meta=False, metas=['./colcon.meta'], base_paths=['.'], packages_ignore=None, packages_ignore_regex=None, paths=None, packages_up_to=None, packages_up_to_regex=None, packages_above=None, packages_above_and_dependencies=None, packages_above_depth=None, packages_select_by_dep=None, packages_skip_by_dep=None, packages_skip_up_to=None, packages_select_build_failed=False, packages_skip_build_finished=False, packages_select_test_failures=False, packages_skip_test_passed=False, packages_select=['scout_mini_description'], packages_skip=None, packages_select_regex=None, packages_skip_regex=None, packages_start=None, packages_end=None, cmake_args=None, cmake_target=None, cmake_target_skip_unavailable=False, cmake_clean_cache=False, cmake_clean_first=False, cmake_force_configure=False, ament_cmake_args=None, catkin_cmake_args=None, catkin_skip_building_tests=False, mixin_files=None, mixin=None, verb_parser=<colcon_mixin.mixin.mixin_argument.MixinArgumentDecorator object at 0x7fa4be023100>, verb_extension=<colcon_core.verb.build.BuildVerb object at 0x7fa4be16c070>, main=<bound method BuildVerb.main of <colcon_core.verb.build.BuildVerb object at 0x7fa4be16c070>>, mixin_verb=('build',))
[0.508s] Level 1:colcon.colcon_core.package_discovery:discover_packages(colcon_meta) check parameters
[0.510s] Level 1:colcon.colcon_core.package_discovery:discover_packages(recursive) check parameters
[0.510s] Level 1:colcon.colcon_core.package_discovery:discover_packages(ignore) check parameters
[0.511s] Level 1:colcon.colcon_core.package_discovery:discover_packages(path) check parameters
[0.511s] Level 1:colcon.colcon_core.package_discovery:discover_packages(colcon_meta) discover
[0.512s] Level 1:colcon.colcon_core.package_discovery:discover_packages(recursive) discover
[0.512s] INFO:colcon.colcon_core.package_discovery:Crawling recursively for packages in '/apollo/ros_ws'
[0.517s] Level 1:colcon.colcon_core.package_identification:_identify(.) by extensions ['ignore', 'ignore_ament_install']
[0.518s] Level 1:colcon.colcon_core.package_identification:_identify(.) by extension 'ignore'
[0.519s] Level 1:colcon.colcon_core.package_identification:_identify(.) by extension 'ignore_ament_install'
[0.520s] Level 1:colcon.colcon_core.package_identification:_identify(.) by extensions ['colcon_pkg']
[0.521s] Level 1:colcon.colcon_core.package_identification:_identify(.) by extension 'colcon_pkg'
[0.522s] Level 1:colcon.colcon_core.package_identification:_identify(.) by extensions ['colcon_meta']
[0.522s] Level 1:colcon.colcon_core.package_identification:_identify(.) by extension 'colcon_meta'
[0.523s] Level 1:colcon.colcon_core.package_identification:_identify(.) by extensions ['ros']
[0.523s] Level 1:colcon.colcon_core.package_identification:_identify(.) by extension 'ros'
[0.541s] Level 1:colcon.colcon_core.package_identification:_identify(.) by extensions ['cmake', 'python']
[0.541s] Level 1:colcon.colcon_core.package_identification:_identify(.) by extension 'cmake'
[0.542s] Level 1:colcon.colcon_core.package_identification:_identify(.) by extension 'python'
[0.543s] Level 1:colcon.colcon_core.package_identification:_identify(.) by extensions ['python_setup_py']
[0.544s] Level 1:colcon.colcon_core.package_identification:_identify(.) by extension 'python_setup_py'
[0.552s] Level 1:colcon.colcon_core.package_identification:_identify(build) by extensions ['ignore', 'ignore_ament_install']
[0.553s] Level 1:colcon.colcon_core.package_identification:_identify(build) by extension 'ignore'
[0.557s] Level 1:colcon.colcon_core.package_identification:_identify(build) ignored
[0.565s] Level 1:colcon.colcon_core.package_identification:_identify(install) by extensions ['ignore', 'ignore_ament_install']
[0.566s] Level 1:colcon.colcon_core.package_identification:_identify(install) by extension 'ignore'
[0.571s] Level 1:colcon.colcon_core.package_identification:_identify(install) ignored
[0.582s] Level 1:colcon.colcon_core.package_identification:_identify(log) by extensions ['ignore', 'ignore_ament_install']
[0.583s] Level 1:colcon.colcon_core.package_identification:_identify(log) by extension 'ignore'
[0.585s] Level 1:colcon.colcon_core.package_identification:_identify(log) ignored
[0.592s] Level 1:colcon.colcon_core.package_identification:_identify(src) by extensions ['ignore', 'ignore_ament_install']
[0.593s] Level 1:colcon.colcon_core.package_identification:_identify(src) by extension 'ignore'
[0.595s] Level 1:colcon.colcon_core.package_identification:_identify(src) by extension 'ignore_ament_install'
[0.599s] Level 1:colcon.colcon_core.package_identification:_identify(src) by extensions ['colcon_pkg']
[0.600s] Level 1:colcon.colcon_core.package_identification:_identify(src) by extension 'colcon_pkg'
[0.603s] Level 1:colcon.colcon_core.package_identification:_identify(src) by extensions ['colcon_meta']
[0.603s] Level 1:colcon.colcon_core.package_identification:_identify(src) by extension 'colcon_meta'
[0.605s] Level 1:colcon.colcon_core.package_identification:_identify(src) by extensions ['ros']
[0.606s] Level 1:colcon.colcon_core.package_identification:_identify(src) by extension 'ros'
[0.616s] Level 1:colcon.colcon_core.package_identification:_identify(src) by extensions ['cmake', 'python']
[0.617s] Level 1:colcon.colcon_core.package_identification:_identify(src) by extension 'cmake'
[0.619s] Level 1:colcon.colcon_core.package_identification:_identify(src) by extension 'python'
[0.622s] Level 1:colcon.colcon_core.package_identification:_identify(src) by extensions ['python_setup_py']
[0.622s] Level 1:colcon.colcon_core.package_identification:_identify(src) by extension 'python_setup_py'
[0.636s] Level 1:colcon.colcon_core.package_identification:_identify(src/scout_mini_base) by extensions ['ignore', 'ignore_ament_install']
[0.636s] Level 1:colcon.colcon_core.package_identification:_identify(src/scout_mini_base) by extension 'ignore'
[0.640s] Level 1:colcon.colcon_core.package_identification:_identify(src/scout_mini_base) by extension 'ignore_ament_install'
[0.647s] Level 1:colcon.colcon_core.package_identification:_identify(src/scout_mini_base) by extensions ['colcon_pkg']
[0.648s] Level 1:colcon.colcon_core.package_identification:_identify(src/scout_mini_base) by extension 'colcon_pkg'
[0.652s] Level 1:colcon.colcon_core.package_identification:_identify(src/scout_mini_base) by extensions ['colcon_meta']
[0.652s] Level 1:colcon.colcon_core.package_identification:_identify(src/scout_mini_base) by extension 'colcon_meta'
[0.657s] Level 1:colcon.colcon_core.package_identification:_identify(src/scout_mini_base) by extensions ['ros']
[0.657s] Level 1:colcon.colcon_core.package_identification:_identify(src/scout_mini_base) by extension 'ros'
[0.694s] DEBUG:colcon.colcon_core.package_identification:Package 'src/scout_mini_base' with type 'ros.ament_cmake' and name 'scout_mini_base'
[0.706s] Level 1:colcon.colcon_core.package_identification:_identify(src/scout_mini_description) by extensions ['ignore', 'ignore_ament_install']
[0.707s] Level 1:colcon.colcon_core.package_identification:_identify(src/scout_mini_description) by extension 'ignore'
[0.711s] Level 1:colcon.colcon_core.package_identification:_identify(src/scout_mini_description) by extension 'ignore_ament_install'
[0.718s] Level 1:colcon.colcon_core.package_identification:_identify(src/scout_mini_description) by extensions ['colcon_pkg']
[0.718s] Level 1:colcon.colcon_core.package_identification:_identify(src/scout_mini_description) by extension 'colcon_pkg'
[0.722s] Level 1:colcon.colcon_core.package_identification:_identify(src/scout_mini_description) by extensions ['colcon_meta']
[0.723s] Level 1:colcon.colcon_core.package_identification:_identify(src/scout_mini_description) by extension 'colcon_meta'
[0.728s] Level 1:colcon.colcon_core.package_identification:_identify(src/scout_mini_description) by extensions ['ros']
[0.729s] Level 1:colcon.colcon_core.package_identification:_identify(src/scout_mini_description) by extension 'ros'
[0.769s] DEBUG:colcon.colcon_core.package_identification:Package 'src/scout_mini_description' with type 'ros.ament_cmake' and name 'scout_mini_description'
[0.781s] Level 1:colcon.colcon_core.package_identification:_identify(src/scout_mini_hardware) by extensions ['ignore', 'ignore_ament_install']
[0.781s] Level 1:colcon.colcon_core.package_identification:_identify(src/scout_mini_hardware) by extension 'ignore'
[0.785s] Level 1:colcon.colcon_core.package_identification:_identify(src/scout_mini_hardware) by extension 'ignore_ament_install'
[0.789s] Level 1:colcon.colcon_core.package_identification:_identify(src/scout_mini_hardware) by extensions ['colcon_pkg']
[0.789s] Level 1:colcon.colcon_core.package_identification:_identify(src/scout_mini_hardware) by extension 'colcon_pkg'
[0.792s] Level 1:colcon.colcon_core.package_identification:_identify(src/scout_mini_hardware) by extensions ['colcon_meta']
[0.793s] Level 1:colcon.colcon_core.package_identification:_identify(src/scout_mini_hardware) by extension 'colcon_meta'
[0.799s] Level 1:colcon.colcon_core.package_identification:_identify(src/scout_mini_hardware) by extensions ['ros']
[0.799s] Level 1:colcon.colcon_core.package_identification:_identify(src/scout_mini_hardware) by extension 'ros'
[0.854s] DEBUG:colcon.colcon_core.package_identification:Package 'src/scout_mini_hardware' with type 'ros.ament_cmake' and name 'scout_mini_hardware'
[0.876s] Level 1:colcon.colcon_core.package_identification:_identify(src/scout_mini_msgs) by extensions ['ignore', 'ignore_ament_install']
[0.887s] Level 1:colcon.colcon_core.package_identification:_identify(src/scout_mini_msgs) by extension 'ignore'
[0.895s] Level 1:colcon.colcon_core.package_identification:_identify(src/scout_mini_msgs) by extension 'ignore_ament_install'
[0.909s] Level 1:colcon.colcon_core.package_identification:_identify(src/scout_mini_msgs) by extensions ['colcon_pkg']
[0.910s] Level 1:colcon.colcon_core.package_identification:_identify(src/scout_mini_msgs) by extension 'colcon_pkg'
[0.917s] Level 1:colcon.colcon_core.package_identification:_identify(src/scout_mini_msgs) by extensions ['colcon_meta']
[0.917s] Level 1:colcon.colcon_core.package_identification:_identify(src/scout_mini_msgs) by extension 'colcon_meta'
[0.925s] Level 1:colcon.colcon_core.package_identification:_identify(src/scout_mini_msgs) by extensions ['ros']
[0.926s] Level 1:colcon.colcon_core.package_identification:_identify(src/scout_mini_msgs) by extension 'ros'
[0.986s] DEBUG:colcon.colcon_core.package_identification:Package 'src/scout_mini_msgs' with type 'ros.ament_cmake' and name 'scout_mini_msgs'
[1.000s] Level 1:colcon.colcon_core.package_identification:_identify(src/scout_mini_ros2) by extensions ['ignore', 'ignore_ament_install']
[1.001s] Level 1:colcon.colcon_core.package_identification:_identify(src/scout_mini_ros2) by extension 'ignore'
[1.005s] Level 1:colcon.colcon_core.package_identification:_identify(src/scout_mini_ros2) by extension 'ignore_ament_install'
[1.016s] Level 1:colcon.colcon_core.package_identification:_identify(src/scout_mini_ros2) by extensions ['colcon_pkg']
[1.017s] Level 1:colcon.colcon_core.package_identification:_identify(src/scout_mini_ros2) by extension 'colcon_pkg'
[1.023s] Level 1:colcon.colcon_core.package_identification:_identify(src/scout_mini_ros2) by extensions ['colcon_meta']
[1.024s] Level 1:colcon.colcon_core.package_identification:_identify(src/scout_mini_ros2) by extension 'colcon_meta'
[1.034s] Level 1:colcon.colcon_core.package_identification:_identify(src/scout_mini_ros2) by extensions ['ros']
[1.035s] Level 1:colcon.colcon_core.package_identification:_identify(src/scout_mini_ros2) by extension 'ros'
[1.096s] DEBUG:colcon.colcon_core.package_identification:Package 'src/scout_mini_ros2' with type 'ros.ament_cmake' and name 'scout_mini_ros2'
[1.097s] Level 1:colcon.colcon_core.package_discovery:discover_packages(recursive) using defaults
[1.098s] Level 1:colcon.colcon_core.package_discovery:discover_packages(ignore) discover
[1.098s] Level 1:colcon.colcon_core.package_discovery:discover_packages(ignore) using defaults
[1.099s] Level 1:colcon.colcon_core.package_discovery:discover_packages(path) discover
[1.099s] Level 1:colcon.colcon_core.package_discovery:discover_packages(path) using defaults
[1.183s] INFO:colcon.colcon_core.package_selection:Skipping not selected package 'scout_mini_base' in 'src/scout_mini_base'
[1.184s] INFO:colcon.colcon_core.package_selection:Skipping not selected package 'scout_mini_hardware' in 'src/scout_mini_hardware'
[1.184s] INFO:colcon.colcon_core.package_selection:Skipping not selected package 'scout_mini_msgs' in 'src/scout_mini_msgs'
[1.185s] INFO:colcon.colcon_core.package_selection:Skipping not selected package 'scout_mini_ros2' in 'src/scout_mini_ros2'
[1.187s] Level 5:colcon.colcon_core.verb:set package 'scout_mini_description' build argument 'cmake_args' from command line to 'None'
[1.187s] Level 5:colcon.colcon_core.verb:set package 'scout_mini_description' build argument 'cmake_target' from command line to 'None'
[1.188s] Level 5:colcon.colcon_core.verb:set package 'scout_mini_description' build argument 'cmake_target_skip_unavailable' from command line to 'False'
[1.189s] Level 5:colcon.colcon_core.verb:set package 'scout_mini_description' build argument 'cmake_clean_cache' from command line to 'False'
[1.190s] Level 5:colcon.colcon_core.verb:set package 'scout_mini_description' build argument 'cmake_clean_first' from command line to 'False'
[1.191s] Level 5:colcon.colcon_core.verb:set package 'scout_mini_description' build argument 'cmake_force_configure' from command line to 'False'
[1.192s] Level 5:colcon.colcon_core.verb:set package 'scout_mini_description' build argument 'ament_cmake_args' from command line to 'None'
[1.193s] Level 5:colcon.colcon_core.verb:set package 'scout_mini_description' build argument 'catkin_cmake_args' from command line to 'None'
[1.193s] Level 5:colcon.colcon_core.verb:set package 'scout_mini_description' build argument 'catkin_skip_building_tests' from command line to 'False'
[1.194s] DEBUG:colcon.colcon_core.verb:Building package 'scout_mini_description' with the following arguments: {'ament_cmake_args': None, 'build_base': '/apollo/ros_ws/build/scout_mini_description', 'catkin_cmake_args': None, 'catkin_skip_building_tests': False, 'cmake_args': None, 'cmake_clean_cache': False, 'cmake_clean_first': False, 'cmake_force_configure': False, 'cmake_target': None, 'cmake_target_skip_unavailable': False, 'install_base': '/apollo/ros_ws/install/scout_mini_description', 'merge_install': False, 'path': '/apollo/ros_ws/src/scout_mini_description', 'symlink_install': False, 'test_result_base': None}
[1.194s] INFO:colcon.colcon_core.executor:Executing jobs using 'parallel' executor
[1.197s] DEBUG:colcon.colcon_parallel_executor.executor.parallel:run_until_complete
[1.197s] INFO:colcon.colcon_ros.task.ament_cmake.build:Building ROS package in '/apollo/ros_ws/src/scout_mini_description' with build type 'ament_cmake'
[1.198s] INFO:colcon.colcon_cmake.task.cmake.build:Building CMake package in '/apollo/ros_ws/src/scout_mini_description'
[1.202s] INFO:colcon.colcon_core.plugin_system:Skipping extension 'colcon_core.shell.bat': Not used on non-Windows systems
[1.204s] INFO:colcon.colcon_core.shell:Skip shell extension 'powershell' for command environment: Not usable outside of PowerShell
[1.204s] DEBUG:colcon.colcon_core.shell:Skip shell extension 'dsv' for command environment
[1.390s] DEBUG:colcon.colcon_core.event_handler.log_command:Invoking command in '/apollo/ros_ws/build/scout_mini_description': CMAKE_PREFIX_PATH=/opt/ros/humble /usr/bin/cmake --build /apollo/ros_ws/build/scout_mini_description -- -j20 -l20
[1.684s] DEBUG:colcon.colcon_core.event_handler.log_command:Invoked command in '/apollo/ros_ws/build/scout_mini_description' returned '0': CMAKE_PREFIX_PATH=/opt/ros/humble /usr/bin/cmake --build /apollo/ros_ws/build/scout_mini_description -- -j20 -l20
[1.754s] DEBUG:colcon.colcon_core.event_handler.log_command:Invoking command in '/apollo/ros_ws/build/scout_mini_description': CMAKE_PREFIX_PATH=/opt/ros/humble /usr/bin/cmake --install /apollo/ros_ws/build/scout_mini_description
[3.663s] Level 1:colcon.colcon_core.environment:create_environment_scripts_only(scout_mini_description)
[3.667s] Level 1:colcon.colcon_core.environment:checking '/apollo/ros_ws/install/scout_mini_description' for CMake module files
[3.689s] DEBUG:colcon.colcon_core.event_handler.log_command:Invoked command in '/apollo/ros_ws/build/scout_mini_description' returned '0': CMAKE_PREFIX_PATH=/opt/ros/humble /usr/bin/cmake --install /apollo/ros_ws/build/scout_mini_description
[6.221s] Level 1:colcon.colcon_core.environment:checking '/apollo/ros_ws/install/scout_mini_description' for CMake config files
[6.576s] Level 1:colcon.colcon_core.shell:create_environment_hook('scout_mini_description', 'cmake_prefix_path')
[6.578s] INFO:colcon.colcon_core.shell:Creating environment hook '/apollo/ros_ws/install/scout_mini_description/share/scout_mini_description/hook/cmake_prefix_path.ps1'
[6.629s] INFO:colcon.colcon_core.shell:Creating environment descriptor '/apollo/ros_ws/install/scout_mini_description/share/scout_mini_description/hook/cmake_prefix_path.dsv'
[6.680s] INFO:colcon.colcon_core.shell:Creating environment hook '/apollo/ros_ws/install/scout_mini_description/share/scout_mini_description/hook/cmake_prefix_path.sh'
[6.745s] Level 1:colcon.colcon_core.environment:checking '/apollo/ros_ws/install/scout_mini_description/bin'
[6.750s] Level 1:colcon.colcon_core.environment:checking '/apollo/ros_ws/install/scout_mini_description/lib/pkgconfig/scout_mini_description.pc'
[6.758s] Level 1:colcon.colcon_core.environment:checking '/apollo/ros_ws/install/scout_mini_description/lib/python3.10/site-packages'
[6.763s] Level 1:colcon.colcon_core.environment:checking '/apollo/ros_ws/install/scout_mini_description/bin'
[6.766s] INFO:colcon.colcon_core.shell:Creating package script '/apollo/ros_ws/install/scout_mini_description/share/scout_mini_description/package.ps1'
[6.815s] INFO:colcon.colcon_core.shell:Creating package descriptor '/apollo/ros_ws/install/scout_mini_description/share/scout_mini_description/package.dsv'
[6.868s] INFO:colcon.colcon_core.shell:Creating package script '/apollo/ros_ws/install/scout_mini_description/share/scout_mini_description/package.sh'
[6.933s] INFO:colcon.colcon_core.shell:Creating package script '/apollo/ros_ws/install/scout_mini_description/share/scout_mini_description/package.bash'
[6.985s] INFO:colcon.colcon_core.shell:Creating package script '/apollo/ros_ws/install/scout_mini_description/share/scout_mini_description/package.zsh'
[7.030s] Level 1:colcon.colcon_core.environment:create_file_with_runtime_dependencies(/apollo/ros_ws/install/scout_mini_description/share/colcon-core/packages/scout_mini_description)
[7.135s] Level 1:colcon.colcon_core.environment:create_environment_scripts_only(scout_mini_description)
[7.137s] Level 1:colcon.colcon_core.environment:checking '/apollo/ros_ws/install/scout_mini_description' for CMake module files
[7.485s] Level 1:colcon.colcon_core.environment:checking '/apollo/ros_ws/install/scout_mini_description' for CMake config files
[7.830s] Level 1:colcon.colcon_core.shell:create_environment_hook('scout_mini_description', 'cmake_prefix_path')
[7.831s] INFO:colcon.colcon_core.shell:Creating environment hook '/apollo/ros_ws/install/scout_mini_description/share/scout_mini_description/hook/cmake_prefix_path.ps1'
[7.871s] INFO:colcon.colcon_core.shell:Creating environment descriptor '/apollo/ros_ws/install/scout_mini_description/share/scout_mini_description/hook/cmake_prefix_path.dsv'
[7.919s] INFO:colcon.colcon_core.shell:Creating environment hook '/apollo/ros_ws/install/scout_mini_description/share/scout_mini_description/hook/cmake_prefix_path.sh'
[7.992s] Level 1:colcon.colcon_core.environment:checking '/apollo/ros_ws/install/scout_mini_description/bin'
[7.998s] Level 1:colcon.colcon_core.environment:checking '/apollo/ros_ws/install/scout_mini_description/lib/pkgconfig/scout_mini_description.pc'
[8.003s] Level 1:colcon.colcon_core.environment:checking '/apollo/ros_ws/install/scout_mini_description/lib/python3.10/site-packages'
[8.008s] Level 1:colcon.colcon_core.environment:checking '/apollo/ros_ws/install/scout_mini_description/bin'
[8.012s] INFO:colcon.colcon_core.shell:Creating package script '/apollo/ros_ws/install/scout_mini_description/share/scout_mini_description/package.ps1'
[8.059s] INFO:colcon.colcon_core.shell:Creating package descriptor '/apollo/ros_ws/install/scout_mini_description/share/scout_mini_description/package.dsv'
[8.096s] INFO:colcon.colcon_core.shell:Creating package script '/apollo/ros_ws/install/scout_mini_description/share/scout_mini_description/package.sh'
[8.136s] INFO:colcon.colcon_core.shell:Creating package script '/apollo/ros_ws/install/scout_mini_description/share/scout_mini_description/package.bash'
[8.185s] INFO:colcon.colcon_core.shell:Creating package script '/apollo/ros_ws/install/scout_mini_description/share/scout_mini_description/package.zsh'
[8.257s] Level 1:colcon.colcon_core.environment:create_file_with_runtime_dependencies(/apollo/ros_ws/install/scout_mini_description/share/colcon-core/packages/scout_mini_description)
[8.299s] DEBUG:colcon.colcon_parallel_executor.executor.parallel:closing loop
[8.300s] DEBUG:colcon.colcon_parallel_executor.executor.parallel:loop closed
[8.301s] DEBUG:colcon.colcon_parallel_executor.executor.parallel:run_until_complete finished with '0'
[8.302s] DEBUG:colcon.colcon_core.event_reactor:joining thread
[8.384s] INFO:colcon.colcon_core.plugin_system:Skipping extension 'colcon_notification.desktop_notification.notify_send': Could not find 'notify-send'
[8.385s] INFO:colcon.colcon_core.plugin_system:Skipping extension 'colcon_notification.desktop_notification.terminal_notifier': Not used on non-Darwin systems
[8.386s] INFO:colcon.colcon_core.plugin_system:Skipping extension 'colcon_notification.desktop_notification.win32': Not used on non-Windows systems
[8.386s] INFO:colcon.colcon_notification.desktop_notification:Sending desktop notification using 'notify2'
[8.390s] DEBUG:colcon.colcon_notification.desktop_notification.notify2:Failed to initialize notify2: org.freedesktop.DBus.Error.Spawn.ExecFailed: /usr/bin/dbus-launch terminated abnormally without any error message
[8.391s] DEBUG:colcon.colcon_core.event_reactor:joined thread
[8.392s] INFO:colcon.colcon_core.shell:Creating prefix script '/apollo/ros_ws/install/local_setup.ps1'
[8.414s] INFO:colcon.colcon_core.shell:Creating prefix util module '/apollo/ros_ws/install/_local_setup_util_ps1.py'
[8.426s] INFO:colcon.colcon_core.shell:Creating prefix chain script '/apollo/ros_ws/install/setup.ps1'
[8.447s] INFO:colcon.colcon_core.shell:Creating prefix script '/apollo/ros_ws/install/local_setup.sh'
[8.466s] INFO:colcon.colcon_core.shell:Creating prefix util module '/apollo/ros_ws/install/_local_setup_util_sh.py'
[8.486s] INFO:colcon.colcon_core.shell:Creating prefix chain script '/apollo/ros_ws/install/setup.sh'
[8.501s] INFO:colcon.colcon_core.shell:Creating prefix script '/apollo/ros_ws/install/local_setup.bash'
[8.528s] INFO:colcon.colcon_core.shell:Creating prefix chain script '/apollo/ros_ws/install/setup.bash'
[8.541s] INFO:colcon.colcon_core.shell:Creating prefix script '/apollo/ros_ws/install/local_setup.zsh'
[8.554s] INFO:colcon.colcon_core.shell:Creating prefix chain script '/apollo/ros_ws/install/setup.zsh'
