[0.325s] Invoking command in '/apollo/ros_ws/build/scout_mini_hardware': CMAKE_PREFIX_PATH=${CMAKE_PREFIX_PATH}:/opt/ros/humble /usr/bin/cmake /apollo/ros_ws/src/scout_mini_hardware -DCMAKE_INSTALL_PREFIX=/apollo/ros_ws/install/scout_mini_hardware
[0.915s] -- The C compiler identification is GNU 11.4.0
[1.389s] -- The CXX compiler identification is GNU 11.4.0
[1.530s] -- Detecting C compiler ABI info
[3.087s] -- Detecting C compiler ABI info - done
[3.213s] -- Check for working C compiler: /usr/bin/cc - skipped
[3.219s] -- Detecting C compile features
[3.224s] -- Detecting C compile features - done
[3.456s] -- Detecting CXX compiler ABI info
[6.028s] -- Detecting CXX compiler ABI info - done
[6.091s] -- Check for working CXX compiler: /usr/bin/c++ - skipped
[6.095s] -- Detecting CXX compile features
[6.099s] -- Detecting CXX compile features - done
[6.231s] -- Found ament_cmake: 1.3.11 (/opt/ros/humble/share/ament_cmake/cmake)
[6.830s] -- Found Python3: /usr/bin/python3 (found version "3.10.12") found components: Interpreter 
[7.340s] -- Found rclcpp: 16.0.11 (/opt/ros/humble/share/rclcpp/cmake)
[7.456s] -- Found rosidl_generator_c: 3.1.6 (/opt/ros/humble/share/rosidl_generator_c/cmake)
[7.479s] -- Found rosidl_adapter: 3.1.6 (/opt/ros/humble/share/rosidl_adapter/cmake)
[7.500s] -- Found rosidl_generator_cpp: 3.1.6 (/opt/ros/humble/share/rosidl_generator_cpp/cmake)
[7.529s] -- Using all available rosidl_typesupport_c: rosidl_typesupport_fastrtps_c;rosidl_typesupport_introspection_c
[7.577s] -- Using all available rosidl_typesupport_cpp: rosidl_typesupport_fastrtps_cpp;rosidl_typesupport_introspection_cpp
[7.702s] -- Found rmw_implementation_cmake: 6.1.2 (/opt/ros/humble/share/rmw_implementation_cmake/cmake)
[7.712s] -- Found rmw_fastrtps_cpp: 6.2.7 (/opt/ros/humble/share/rmw_fastrtps_cpp/cmake)
[8.190s] -- Found OpenSSL: /usr/lib/x86_64-linux-gnu/libcrypto.so (found version "3.0.2")  
[8.334s] -- Found FastRTPS: /opt/ros/humble/include  
[8.430s] -- Using RMW implementation 'rmw_fastrtps_cpp' as default
[8.662s] -- Looking for pthread.h
[11.060s] -- Looking for pthread.h - found
[11.114s] -- Performing Test CMAKE_HAVE_LIBC_PTHREAD
[13.796s] -- Performing Test CMAKE_HAVE_LIBC_PTHREAD - Success
[13.825s] -- Found Threads: TRUE  
[13.961s] -- Found hardware_interface: 2.48.0 (/opt/ros/humble/share/hardware_interface/cmake)
[14.403s] -- Found realtime_tools: 2.11.0 (/opt/ros/humble/share/realtime_tools/cmake)
[14.443s] -- Found can_msgs: 2.0.0 (/opt/ros/humble/share/can_msgs/cmake)
[14.470s] -- Found ros2_socketcan: 1.3.0 (/opt/ros/humble/share/ros2_socketcan/cmake)
[14.557s] [31mCMake Error at CMakeLists.txt:27 (find_package):
[14.560s]   By not providing "Findscout_mini_msgs.cmake" in CMAKE_MODULE_PATH this
[14.563s]   project has asked CMake to find a package configuration file provided by
[14.567s]   "scout_mini_msgs", but CMake did not find one.
[14.572s] 
[14.575s]   Could not find a package configuration file provided by "scout_mini_msgs"
[14.579s]   with any of the following names:
[14.582s] 
[14.586s]     scout_mini_msgsConfig.cmake
[14.590s]     scout_mini_msgs-config.cmake
[14.594s] 
[14.597s]   Add the installation prefix of "scout_mini_msgs" to CMAKE_PREFIX_PATH or
[14.600s]   set "scout_mini_msgs_DIR" to a directory containing one of the above files.
[14.634s]   If "scout_mini_msgs" provides a separate development package or SDK, be
[14.636s]   sure it has been installed.
[14.639s] 
[14.642s] [0m
[14.647s] -- Configuring incomplete, errors occurred!
[14.649s] See also "/apollo/ros_ws/build/scout_mini_hardware/CMakeFiles/CMakeOutput.log".
[14.653s] Invoked command in '/apollo/ros_ws/build/scout_mini_hardware' returned '1': CMAKE_PREFIX_PATH=${CMAKE_PREFIX_PATH}:/opt/ros/humble /usr/bin/cmake /apollo/ros_ws/src/scout_mini_hardware -DCMAKE_INSTALL_PREFIX=/apollo/ros_ws/install/scout_mini_hardware
