[0.383s] Invoking command in '/apollo/ros_ws/build/scout_mini_hardware': CMAKE_PREFIX_PATH=/opt/ros/humble /usr/bin/cmake /apollo/ros_ws/src/scout_mini_hardware -DCMAKE_INSTALL_PREFIX=/apollo/ros_ws/install/scout_mini_hardware
[0.510s] -- Found ament_cmake: 1.3.11 (/opt/ros/humble/share/ament_cmake/cmake)
[0.773s] -- Override CMake install command with custom implementation using symlinks instead of copying resources
[0.924s] -- Found rclcpp: 16.0.11 (/opt/ros/humble/share/rclcpp/cmake)
[0.966s] -- Found rosidl_generator_c: 3.1.6 (/opt/ros/humble/share/rosidl_generator_c/cmake)
[0.969s] -- Found rosidl_adapter: 3.1.6 (/opt/ros/humble/share/rosidl_adapter/cmake)
[0.978s] -- Found rosidl_generator_cpp: 3.1.6 (/opt/ros/humble/share/rosidl_generator_cpp/cmake)
[0.995s] -- Using all available rosidl_typesupport_c: rosidl_typesupport_fastrtps_c;rosidl_typesupport_introspection_c
[1.017s] -- Using all available rosidl_typesupport_cpp: rosidl_typesupport_fastrtps_cpp;rosidl_typesupport_introspection_cpp
[1.066s] -- Found rmw_implementation_cmake: 6.1.2 (/opt/ros/humble/share/rmw_implementation_cmake/cmake)
[1.071s] -- Found rmw_fastrtps_cpp: 6.2.7 (/opt/ros/humble/share/rmw_fastrtps_cpp/cmake)
[1.581s] -- Using RMW implementation 'rmw_fastrtps_cpp' as default
[1.654s] -- Found hardware_interface: 2.48.0 (/opt/ros/humble/share/hardware_interface/cmake)
[1.923s] -- Found realtime_tools: 2.11.0 (/opt/ros/humble/share/realtime_tools/cmake)
[1.941s] -- Found can_msgs: 2.0.0 (/opt/ros/humble/share/can_msgs/cmake)
[1.959s] -- Found ros2_socketcan: 1.3.0 (/opt/ros/humble/share/ros2_socketcan/cmake)
[2.107s] [31mCMake Error at CMakeLists.txt:27 (find_package):
[2.109s]   By not providing "Findscout_mini_msgs.cmake" in CMAKE_MODULE_PATH this
[2.112s]   project has asked CMake to find a package configuration file provided by
[2.114s]   "scout_mini_msgs", but CMake did not find one.
[2.118s] 
[2.120s]   Could not find a package configuration file provided by "scout_mini_msgs"
[2.123s]   with any of the following names:
[2.126s] 
[2.128s]     scout_mini_msgsConfig.cmake
[2.130s]     scout_mini_msgs-config.cmake
[2.133s] 
[2.135s]   Add the installation prefix of "scout_mini_msgs" to CMAKE_PREFIX_PATH or
[2.137s]   set "scout_mini_msgs_DIR" to a directory containing one of the above files.
[2.140s]   If "scout_mini_msgs" provides a separate development package or SDK, be
[2.143s]   sure it has been installed.
[2.145s] 
[2.148s] [0m
[2.150s] -- Configuring incomplete, errors occurred!
[2.153s] See also "/apollo/ros_ws/build/scout_mini_hardware/CMakeFiles/CMakeOutput.log".
[3.981s] Invoked command in '/apollo/ros_ws/build/scout_mini_hardware' returned '1': CMAKE_PREFIX_PATH=/opt/ros/humble /usr/bin/cmake /apollo/ros_ws/src/scout_mini_hardware -DCMAKE_INSTALL_PREFIX=/apollo/ros_ws/install/scout_mini_hardware
