[0.455s] DEBUG:colcon:Command line arguments: ['/usr/bin/colcon', 'build']
[0.456s] DEBUG:colcon:Parsed command line arguments: Namespace(log_base=None, log_level=None, verb_name='build', build_base='build', install_base='install', merge_install=False, symlink_install=False, test_result_base=None, continue_on_error=False, executor='parallel', parallel_workers=20, event_handlers=None, ignore_user_meta=False, metas=['./colcon.meta'], base_paths=['.'], packages_ignore=None, packages_ignore_regex=None, paths=None, packages_up_to=None, packages_up_to_regex=None, packages_above=None, packages_above_and_dependencies=None, packages_above_depth=None, packages_select_by_dep=None, packages_skip_by_dep=None, packages_skip_up_to=None, packages_select_build_failed=False, packages_skip_build_finished=False, packages_select_test_failures=False, packages_skip_test_passed=False, packages_select=None, packages_skip=None, packages_select_regex=None, packages_skip_regex=None, packages_start=None, packages_end=None, cmake_args=None, cmake_target=None, cmake_target_skip_unavailable=False, cmake_clean_cache=False, cmake_clean_first=False, cmake_force_configure=False, ament_cmake_args=None, catkin_cmake_args=None, catkin_skip_building_tests=False, mixin_files=None, mixin=None, verb_parser=<colcon_mixin.mixin.mixin_argument.MixinArgumentDecorator object at 0x7efc8a393430>, verb_extension=<colcon_core.verb.build.BuildVerb object at 0x7efc8a4dc3a0>, main=<bound method BuildVerb.main of <colcon_core.verb.build.BuildVerb object at 0x7efc8a4dc3a0>>, mixin_verb=('build',))
[1.289s] Level 1:colcon.colcon_core.package_discovery:discover_packages(colcon_meta) check parameters
[1.291s] Level 1:colcon.colcon_core.package_discovery:discover_packages(recursive) check parameters
[1.291s] Level 1:colcon.colcon_core.package_discovery:discover_packages(ignore) check parameters
[1.292s] Level 1:colcon.colcon_core.package_discovery:discover_packages(path) check parameters
[1.292s] Level 1:colcon.colcon_core.package_discovery:discover_packages(colcon_meta) discover
[1.293s] Level 1:colcon.colcon_core.package_discovery:discover_packages(recursive) discover
[1.293s] INFO:colcon.colcon_core.package_discovery:Crawling recursively for packages in '/apollo/ros_ws'
[1.297s] Level 1:colcon.colcon_core.package_identification:_identify(.) by extensions ['ignore', 'ignore_ament_install']
[1.298s] Level 1:colcon.colcon_core.package_identification:_identify(.) by extension 'ignore'
[1.299s] Level 1:colcon.colcon_core.package_identification:_identify(.) by extension 'ignore_ament_install'
[1.301s] Level 1:colcon.colcon_core.package_identification:_identify(.) by extensions ['colcon_pkg']
[1.302s] Level 1:colcon.colcon_core.package_identification:_identify(.) by extension 'colcon_pkg'
[1.303s] Level 1:colcon.colcon_core.package_identification:_identify(.) by extensions ['colcon_meta']
[1.303s] Level 1:colcon.colcon_core.package_identification:_identify(.) by extension 'colcon_meta'
[1.304s] Level 1:colcon.colcon_core.package_identification:_identify(.) by extensions ['ros']
[1.305s] Level 1:colcon.colcon_core.package_identification:_identify(.) by extension 'ros'
[1.334s] Level 1:colcon.colcon_core.package_identification:_identify(.) by extensions ['cmake', 'python']
[1.335s] Level 1:colcon.colcon_core.package_identification:_identify(.) by extension 'cmake'
[1.337s] Level 1:colcon.colcon_core.package_identification:_identify(.) by extension 'python'
[1.338s] Level 1:colcon.colcon_core.package_identification:_identify(.) by extensions ['python_setup_py']
[1.339s] Level 1:colcon.colcon_core.package_identification:_identify(.) by extension 'python_setup_py'
[1.349s] Level 1:colcon.colcon_core.package_identification:_identify(build) by extensions ['ignore', 'ignore_ament_install']
[1.350s] Level 1:colcon.colcon_core.package_identification:_identify(build) by extension 'ignore'
[1.354s] Level 1:colcon.colcon_core.package_identification:_identify(build) ignored
[1.362s] Level 1:colcon.colcon_core.package_identification:_identify(install) by extensions ['ignore', 'ignore_ament_install']
[1.363s] Level 1:colcon.colcon_core.package_identification:_identify(install) by extension 'ignore'
[1.367s] Level 1:colcon.colcon_core.package_identification:_identify(install) ignored
[1.380s] Level 1:colcon.colcon_core.package_identification:_identify(log) by extensions ['ignore', 'ignore_ament_install']
[1.381s] Level 1:colcon.colcon_core.package_identification:_identify(log) by extension 'ignore'
[1.384s] Level 1:colcon.colcon_core.package_identification:_identify(log) ignored
[1.393s] Level 1:colcon.colcon_core.package_identification:_identify(src) by extensions ['ignore', 'ignore_ament_install']
[1.394s] Level 1:colcon.colcon_core.package_identification:_identify(src) by extension 'ignore'
[1.397s] Level 1:colcon.colcon_core.package_identification:_identify(src) by extension 'ignore_ament_install'
[1.402s] Level 1:colcon.colcon_core.package_identification:_identify(src) by extensions ['colcon_pkg']
[1.403s] Level 1:colcon.colcon_core.package_identification:_identify(src) by extension 'colcon_pkg'
[1.406s] Level 1:colcon.colcon_core.package_identification:_identify(src) by extensions ['colcon_meta']
[1.407s] Level 1:colcon.colcon_core.package_identification:_identify(src) by extension 'colcon_meta'
[1.411s] Level 1:colcon.colcon_core.package_identification:_identify(src) by extensions ['ros']
[1.412s] Level 1:colcon.colcon_core.package_identification:_identify(src) by extension 'ros'
[1.426s] Level 1:colcon.colcon_core.package_identification:_identify(src) by extensions ['cmake', 'python']
[1.427s] Level 1:colcon.colcon_core.package_identification:_identify(src) by extension 'cmake'
[1.429s] Level 1:colcon.colcon_core.package_identification:_identify(src) by extension 'python'
[1.432s] Level 1:colcon.colcon_core.package_identification:_identify(src) by extensions ['python_setup_py']
[1.432s] Level 1:colcon.colcon_core.package_identification:_identify(src) by extension 'python_setup_py'
[1.443s] Level 1:colcon.colcon_core.package_identification:_identify(src/scout_mini_base) by extensions ['ignore', 'ignore_ament_install']
[1.444s] Level 1:colcon.colcon_core.package_identification:_identify(src/scout_mini_base) by extension 'ignore'
[1.450s] Level 1:colcon.colcon_core.package_identification:_identify(src/scout_mini_base) by extension 'ignore_ament_install'
[1.459s] Level 1:colcon.colcon_core.package_identification:_identify(src/scout_mini_base) by extensions ['colcon_pkg']
[1.460s] Level 1:colcon.colcon_core.package_identification:_identify(src/scout_mini_base) by extension 'colcon_pkg'
[1.464s] Level 1:colcon.colcon_core.package_identification:_identify(src/scout_mini_base) by extensions ['colcon_meta']
[1.465s] Level 1:colcon.colcon_core.package_identification:_identify(src/scout_mini_base) by extension 'colcon_meta'
[1.470s] Level 1:colcon.colcon_core.package_identification:_identify(src/scout_mini_base) by extensions ['ros']
[1.471s] Level 1:colcon.colcon_core.package_identification:_identify(src/scout_mini_base) by extension 'ros'
[1.538s] DEBUG:colcon.colcon_core.package_identification:Package 'src/scout_mini_base' with type 'ros.ament_cmake' and name 'scout_mini_base'
[1.549s] Level 1:colcon.colcon_core.package_identification:_identify(src/scout_mini_description) by extensions ['ignore', 'ignore_ament_install']
[1.549s] Level 1:colcon.colcon_core.package_identification:_identify(src/scout_mini_description) by extension 'ignore'
[1.553s] Level 1:colcon.colcon_core.package_identification:_identify(src/scout_mini_description) by extension 'ignore_ament_install'
[1.558s] Level 1:colcon.colcon_core.package_identification:_identify(src/scout_mini_description) by extensions ['colcon_pkg']
[1.558s] Level 1:colcon.colcon_core.package_identification:_identify(src/scout_mini_description) by extension 'colcon_pkg'
[1.561s] Level 1:colcon.colcon_core.package_identification:_identify(src/scout_mini_description) by extensions ['colcon_meta']
[1.561s] Level 1:colcon.colcon_core.package_identification:_identify(src/scout_mini_description) by extension 'colcon_meta'
[1.567s] Level 1:colcon.colcon_core.package_identification:_identify(src/scout_mini_description) by extensions ['ros']
[1.567s] Level 1:colcon.colcon_core.package_identification:_identify(src/scout_mini_description) by extension 'ros'
[1.605s] DEBUG:colcon.colcon_core.package_identification:Package 'src/scout_mini_description' with type 'ros.ament_cmake' and name 'scout_mini_description'
[1.622s] Level 1:colcon.colcon_core.package_identification:_identify(src/scout_mini_hardware) by extensions ['ignore', 'ignore_ament_install']
[1.624s] Level 1:colcon.colcon_core.package_identification:_identify(src/scout_mini_hardware) by extension 'ignore'
[1.630s] Level 1:colcon.colcon_core.package_identification:_identify(src/scout_mini_hardware) by extension 'ignore_ament_install'
[1.643s] Level 1:colcon.colcon_core.package_identification:_identify(src/scout_mini_hardware) by extensions ['colcon_pkg']
[1.644s] Level 1:colcon.colcon_core.package_identification:_identify(src/scout_mini_hardware) by extension 'colcon_pkg'
[1.649s] Level 1:colcon.colcon_core.package_identification:_identify(src/scout_mini_hardware) by extensions ['colcon_meta']
[1.650s] Level 1:colcon.colcon_core.package_identification:_identify(src/scout_mini_hardware) by extension 'colcon_meta'
[1.658s] Level 1:colcon.colcon_core.package_identification:_identify(src/scout_mini_hardware) by extensions ['ros']
[1.659s] Level 1:colcon.colcon_core.package_identification:_identify(src/scout_mini_hardware) by extension 'ros'
[1.728s] DEBUG:colcon.colcon_core.package_identification:Package 'src/scout_mini_hardware' with type 'ros.ament_cmake' and name 'scout_mini_hardware'
[1.749s] Level 1:colcon.colcon_core.package_identification:_identify(src/scout_mini_msgs) by extensions ['ignore', 'ignore_ament_install']
[1.749s] Level 1:colcon.colcon_core.package_identification:_identify(src/scout_mini_msgs) by extension 'ignore'
[1.755s] Level 1:colcon.colcon_core.package_identification:_identify(src/scout_mini_msgs) by extension 'ignore_ament_install'
[1.764s] Level 1:colcon.colcon_core.package_identification:_identify(src/scout_mini_msgs) by extensions ['colcon_pkg']
[1.764s] Level 1:colcon.colcon_core.package_identification:_identify(src/scout_mini_msgs) by extension 'colcon_pkg'
[1.770s] Level 1:colcon.colcon_core.package_identification:_identify(src/scout_mini_msgs) by extensions ['colcon_meta']
[1.771s] Level 1:colcon.colcon_core.package_identification:_identify(src/scout_mini_msgs) by extension 'colcon_meta'
[1.777s] Level 1:colcon.colcon_core.package_identification:_identify(src/scout_mini_msgs) by extensions ['ros']
[1.778s] Level 1:colcon.colcon_core.package_identification:_identify(src/scout_mini_msgs) by extension 'ros'
[1.824s] DEBUG:colcon.colcon_core.package_identification:Package 'src/scout_mini_msgs' with type 'ros.ament_cmake' and name 'scout_mini_msgs'
[1.841s] Level 1:colcon.colcon_core.package_identification:_identify(src/scout_mini_ros2) by extensions ['ignore', 'ignore_ament_install']
[1.841s] Level 1:colcon.colcon_core.package_identification:_identify(src/scout_mini_ros2) by extension 'ignore'
[1.847s] Level 1:colcon.colcon_core.package_identification:_identify(src/scout_mini_ros2) by extension 'ignore_ament_install'
[1.859s] Level 1:colcon.colcon_core.package_identification:_identify(src/scout_mini_ros2) by extensions ['colcon_pkg']
[1.859s] Level 1:colcon.colcon_core.package_identification:_identify(src/scout_mini_ros2) by extension 'colcon_pkg'
[1.866s] Level 1:colcon.colcon_core.package_identification:_identify(src/scout_mini_ros2) by extensions ['colcon_meta']
[1.867s] Level 1:colcon.colcon_core.package_identification:_identify(src/scout_mini_ros2) by extension 'colcon_meta'
[1.877s] Level 1:colcon.colcon_core.package_identification:_identify(src/scout_mini_ros2) by extensions ['ros']
[1.878s] Level 1:colcon.colcon_core.package_identification:_identify(src/scout_mini_ros2) by extension 'ros'
[1.947s] DEBUG:colcon.colcon_core.package_identification:Package 'src/scout_mini_ros2' with type 'ros.ament_cmake' and name 'scout_mini_ros2'
[1.949s] Level 1:colcon.colcon_core.package_discovery:discover_packages(recursive) using defaults
[1.949s] Level 1:colcon.colcon_core.package_discovery:discover_packages(ignore) discover
[1.951s] Level 1:colcon.colcon_core.package_discovery:discover_packages(ignore) using defaults
[1.952s] Level 1:colcon.colcon_core.package_discovery:discover_packages(path) discover
[1.953s] Level 1:colcon.colcon_core.package_discovery:discover_packages(path) using defaults
[2.092s] Level 5:colcon.colcon_core.verb:set package 'scout_mini_base' build argument 'cmake_args' from command line to 'None'
[2.092s] Level 5:colcon.colcon_core.verb:set package 'scout_mini_base' build argument 'cmake_target' from command line to 'None'
[2.093s] Level 5:colcon.colcon_core.verb:set package 'scout_mini_base' build argument 'cmake_target_skip_unavailable' from command line to 'False'
[2.093s] Level 5:colcon.colcon_core.verb:set package 'scout_mini_base' build argument 'cmake_clean_cache' from command line to 'False'
[2.094s] Level 5:colcon.colcon_core.verb:set package 'scout_mini_base' build argument 'cmake_clean_first' from command line to 'False'
[2.094s] Level 5:colcon.colcon_core.verb:set package 'scout_mini_base' build argument 'cmake_force_configure' from command line to 'False'
[2.095s] Level 5:colcon.colcon_core.verb:set package 'scout_mini_base' build argument 'ament_cmake_args' from command line to 'None'
[2.095s] Level 5:colcon.colcon_core.verb:set package 'scout_mini_base' build argument 'catkin_cmake_args' from command line to 'None'
[2.096s] Level 5:colcon.colcon_core.verb:set package 'scout_mini_base' build argument 'catkin_skip_building_tests' from command line to 'False'
[2.096s] DEBUG:colcon.colcon_core.verb:Building package 'scout_mini_base' with the following arguments: {'ament_cmake_args': None, 'build_base': '/apollo/ros_ws/build/scout_mini_base', 'catkin_cmake_args': None, 'catkin_skip_building_tests': False, 'cmake_args': None, 'cmake_clean_cache': False, 'cmake_clean_first': False, 'cmake_force_configure': False, 'cmake_target': None, 'cmake_target_skip_unavailable': False, 'install_base': '/apollo/ros_ws/install/scout_mini_base', 'merge_install': False, 'path': '/apollo/ros_ws/src/scout_mini_base', 'symlink_install': False, 'test_result_base': None}
[2.097s] Level 5:colcon.colcon_core.verb:set package 'scout_mini_description' build argument 'cmake_args' from command line to 'None'
[2.097s] Level 5:colcon.colcon_core.verb:set package 'scout_mini_description' build argument 'cmake_target' from command line to 'None'
[2.098s] Level 5:colcon.colcon_core.verb:set package 'scout_mini_description' build argument 'cmake_target_skip_unavailable' from command line to 'False'
[2.099s] Level 5:colcon.colcon_core.verb:set package 'scout_mini_description' build argument 'cmake_clean_cache' from command line to 'False'
[2.100s] Level 5:colcon.colcon_core.verb:set package 'scout_mini_description' build argument 'cmake_clean_first' from command line to 'False'
[2.100s] Level 5:colcon.colcon_core.verb:set package 'scout_mini_description' build argument 'cmake_force_configure' from command line to 'False'
[2.101s] Level 5:colcon.colcon_core.verb:set package 'scout_mini_description' build argument 'ament_cmake_args' from command line to 'None'
[2.101s] Level 5:colcon.colcon_core.verb:set package 'scout_mini_description' build argument 'catkin_cmake_args' from command line to 'None'
[2.102s] Level 5:colcon.colcon_core.verb:set package 'scout_mini_description' build argument 'catkin_skip_building_tests' from command line to 'False'
[2.102s] DEBUG:colcon.colcon_core.verb:Building package 'scout_mini_description' with the following arguments: {'ament_cmake_args': None, 'build_base': '/apollo/ros_ws/build/scout_mini_description', 'catkin_cmake_args': None, 'catkin_skip_building_tests': False, 'cmake_args': None, 'cmake_clean_cache': False, 'cmake_clean_first': False, 'cmake_force_configure': False, 'cmake_target': None, 'cmake_target_skip_unavailable': False, 'install_base': '/apollo/ros_ws/install/scout_mini_description', 'merge_install': False, 'path': '/apollo/ros_ws/src/scout_mini_description', 'symlink_install': False, 'test_result_base': None}
[2.103s] Level 5:colcon.colcon_core.verb:set package 'scout_mini_hardware' build argument 'cmake_args' from command line to 'None'
[2.103s] Level 5:colcon.colcon_core.verb:set package 'scout_mini_hardware' build argument 'cmake_target' from command line to 'None'
[2.104s] Level 5:colcon.colcon_core.verb:set package 'scout_mini_hardware' build argument 'cmake_target_skip_unavailable' from command line to 'False'
[2.104s] Level 5:colcon.colcon_core.verb:set package 'scout_mini_hardware' build argument 'cmake_clean_cache' from command line to 'False'
[2.105s] Level 5:colcon.colcon_core.verb:set package 'scout_mini_hardware' build argument 'cmake_clean_first' from command line to 'False'
[2.105s] Level 5:colcon.colcon_core.verb:set package 'scout_mini_hardware' build argument 'cmake_force_configure' from command line to 'False'
[2.106s] Level 5:colcon.colcon_core.verb:set package 'scout_mini_hardware' build argument 'ament_cmake_args' from command line to 'None'
[2.106s] Level 5:colcon.colcon_core.verb:set package 'scout_mini_hardware' build argument 'catkin_cmake_args' from command line to 'None'
[2.107s] Level 5:colcon.colcon_core.verb:set package 'scout_mini_hardware' build argument 'catkin_skip_building_tests' from command line to 'False'
[2.108s] DEBUG:colcon.colcon_core.verb:Building package 'scout_mini_hardware' with the following arguments: {'ament_cmake_args': None, 'build_base': '/apollo/ros_ws/build/scout_mini_hardware', 'catkin_cmake_args': None, 'catkin_skip_building_tests': False, 'cmake_args': None, 'cmake_clean_cache': False, 'cmake_clean_first': False, 'cmake_force_configure': False, 'cmake_target': None, 'cmake_target_skip_unavailable': False, 'install_base': '/apollo/ros_ws/install/scout_mini_hardware', 'merge_install': False, 'path': '/apollo/ros_ws/src/scout_mini_hardware', 'symlink_install': False, 'test_result_base': None}
[2.108s] Level 5:colcon.colcon_core.verb:set package 'scout_mini_msgs' build argument 'cmake_args' from command line to 'None'
[2.109s] Level 5:colcon.colcon_core.verb:set package 'scout_mini_msgs' build argument 'cmake_target' from command line to 'None'
[2.109s] Level 5:colcon.colcon_core.verb:set package 'scout_mini_msgs' build argument 'cmake_target_skip_unavailable' from command line to 'False'
[2.110s] Level 5:colcon.colcon_core.verb:set package 'scout_mini_msgs' build argument 'cmake_clean_cache' from command line to 'False'
[2.111s] Level 5:colcon.colcon_core.verb:set package 'scout_mini_msgs' build argument 'cmake_clean_first' from command line to 'False'
[2.111s] Level 5:colcon.colcon_core.verb:set package 'scout_mini_msgs' build argument 'cmake_force_configure' from command line to 'False'
[2.111s] Level 5:colcon.colcon_core.verb:set package 'scout_mini_msgs' build argument 'ament_cmake_args' from command line to 'None'
[2.112s] Level 5:colcon.colcon_core.verb:set package 'scout_mini_msgs' build argument 'catkin_cmake_args' from command line to 'None'
[2.112s] Level 5:colcon.colcon_core.verb:set package 'scout_mini_msgs' build argument 'catkin_skip_building_tests' from command line to 'False'
[2.113s] DEBUG:colcon.colcon_core.verb:Building package 'scout_mini_msgs' with the following arguments: {'ament_cmake_args': None, 'build_base': '/apollo/ros_ws/build/scout_mini_msgs', 'catkin_cmake_args': None, 'catkin_skip_building_tests': False, 'cmake_args': None, 'cmake_clean_cache': False, 'cmake_clean_first': False, 'cmake_force_configure': False, 'cmake_target': None, 'cmake_target_skip_unavailable': False, 'install_base': '/apollo/ros_ws/install/scout_mini_msgs', 'merge_install': False, 'path': '/apollo/ros_ws/src/scout_mini_msgs', 'symlink_install': False, 'test_result_base': None}
[2.114s] Level 5:colcon.colcon_core.verb:set package 'scout_mini_ros2' build argument 'cmake_args' from command line to 'None'
[2.114s] Level 5:colcon.colcon_core.verb:set package 'scout_mini_ros2' build argument 'cmake_target' from command line to 'None'
[2.115s] Level 5:colcon.colcon_core.verb:set package 'scout_mini_ros2' build argument 'cmake_target_skip_unavailable' from command line to 'False'
[2.116s] Level 5:colcon.colcon_core.verb:set package 'scout_mini_ros2' build argument 'cmake_clean_cache' from command line to 'False'
[2.116s] Level 5:colcon.colcon_core.verb:set package 'scout_mini_ros2' build argument 'cmake_clean_first' from command line to 'False'
[2.117s] Level 5:colcon.colcon_core.verb:set package 'scout_mini_ros2' build argument 'cmake_force_configure' from command line to 'False'
[2.117s] Level 5:colcon.colcon_core.verb:set package 'scout_mini_ros2' build argument 'ament_cmake_args' from command line to 'None'
[2.118s] Level 5:colcon.colcon_core.verb:set package 'scout_mini_ros2' build argument 'catkin_cmake_args' from command line to 'None'
[2.118s] Level 5:colcon.colcon_core.verb:set package 'scout_mini_ros2' build argument 'catkin_skip_building_tests' from command line to 'False'
[2.119s] DEBUG:colcon.colcon_core.verb:Building package 'scout_mini_ros2' with the following arguments: {'ament_cmake_args': None, 'build_base': '/apollo/ros_ws/build/scout_mini_ros2', 'catkin_cmake_args': None, 'catkin_skip_building_tests': False, 'cmake_args': None, 'cmake_clean_cache': False, 'cmake_clean_first': False, 'cmake_force_configure': False, 'cmake_target': None, 'cmake_target_skip_unavailable': False, 'install_base': '/apollo/ros_ws/install/scout_mini_ros2', 'merge_install': False, 'path': '/apollo/ros_ws/src/scout_mini_ros2', 'symlink_install': False, 'test_result_base': None}
[2.119s] INFO:colcon.colcon_core.executor:Executing jobs using 'parallel' executor
[2.121s] DEBUG:colcon.colcon_parallel_executor.executor.parallel:run_until_complete
[2.122s] INFO:colcon.colcon_ros.task.ament_cmake.build:Building ROS package in '/apollo/ros_ws/src/scout_mini_base' with build type 'ament_cmake'
[2.122s] INFO:colcon.colcon_cmake.task.cmake.build:Building CMake package in '/apollo/ros_ws/src/scout_mini_base'
[2.134s] INFO:colcon.colcon_core.plugin_system:Skipping extension 'colcon_core.shell.bat': Not used on non-Windows systems
[2.135s] INFO:colcon.colcon_core.shell:Skip shell extension 'powershell' for command environment: Not usable outside of PowerShell
[2.136s] DEBUG:colcon.colcon_core.shell:Skip shell extension 'dsv' for command environment
[2.148s] WARNING:colcon.colcon_ros.prefix_path.ament:The path '/apollo/ros_ws/install/scout_mini_ros2' in the environment variable AMENT_PREFIX_PATH doesn't exist
[2.151s] WARNING:colcon.colcon_ros.prefix_path.ament:The path '/apollo/ros_ws/install/scout_mini_msgs' in the environment variable AMENT_PREFIX_PATH doesn't exist
[2.222s] WARNING:colcon.colcon_ros.prefix_path.catkin:The path '/apollo/ros_ws/install/scout_mini_ros2' in the environment variable CMAKE_PREFIX_PATH doesn't exist
[2.225s] WARNING:colcon.colcon_ros.prefix_path.catkin:The path '/apollo/ros_ws/install/scout_mini_msgs' in the environment variable CMAKE_PREFIX_PATH doesn't exist
[2.476s] INFO:colcon.colcon_ros.task.ament_cmake.build:Building ROS package in '/apollo/ros_ws/src/scout_mini_description' with build type 'ament_cmake'
[2.478s] INFO:colcon.colcon_cmake.task.cmake.build:Building CMake package in '/apollo/ros_ws/src/scout_mini_description'
[2.479s] INFO:colcon.colcon_core.shell:Skip shell extension 'powershell' for command environment: Not usable outside of PowerShell
[2.480s] DEBUG:colcon.colcon_core.shell:Skip shell extension 'dsv' for command environment
[2.718s] INFO:colcon.colcon_ros.task.ament_cmake.build:Building ROS package in '/apollo/ros_ws/src/scout_mini_hardware' with build type 'ament_cmake'
[2.719s] INFO:colcon.colcon_cmake.task.cmake.build:Building CMake package in '/apollo/ros_ws/src/scout_mini_hardware'
[2.720s] INFO:colcon.colcon_core.shell:Skip shell extension 'powershell' for command environment: Not usable outside of PowerShell
[2.722s] DEBUG:colcon.colcon_core.shell:Skip shell extension 'dsv' for command environment
[2.993s] INFO:colcon.colcon_ros.task.ament_cmake.build:Building ROS package in '/apollo/ros_ws/src/scout_mini_msgs' with build type 'ament_cmake'
[2.994s] INFO:colcon.colcon_cmake.task.cmake.build:Building CMake package in '/apollo/ros_ws/src/scout_mini_msgs'
[2.995s] INFO:colcon.colcon_core.shell:Skip shell extension 'powershell' for command environment: Not usable outside of PowerShell
[2.996s] DEBUG:colcon.colcon_core.shell:Skip shell extension 'dsv' for command environment
[3.376s] DEBUG:colcon.colcon_core.event_handler.log_command:Invoking command in '/apollo/ros_ws/build/scout_mini_base': CMAKE_PREFIX_PATH=${CMAKE_PREFIX_PATH}:/opt/ros/humble /usr/bin/cmake --build /apollo/ros_ws/build/scout_mini_base -- -j20 -l20
[3.465s] DEBUG:colcon.colcon_core.event_handler.log_command:Invoking command in '/apollo/ros_ws/build/scout_mini_description': CMAKE_PREFIX_PATH=${CMAKE_PREFIX_PATH}:/opt/ros/humble /usr/bin/cmake --build /apollo/ros_ws/build/scout_mini_description -- -j20 -l20
[3.546s] DEBUG:colcon.colcon_core.event_handler.log_command:Invoking command in '/apollo/ros_ws/build/scout_mini_hardware': CMAKE_PREFIX_PATH=${CMAKE_PREFIX_PATH}:/opt/ros/humble /usr/bin/cmake /apollo/ros_ws/src/scout_mini_hardware -DCMAKE_INSTALL_PREFIX=/apollo/ros_ws/install/scout_mini_hardware
[3.584s] DEBUG:colcon.colcon_core.event_handler.log_command:Invoking command in '/apollo/ros_ws/build/scout_mini_msgs': CMAKE_PREFIX_PATH=${CMAKE_PREFIX_PATH}:/opt/ros/humble /usr/bin/cmake /apollo/ros_ws/src/scout_mini_msgs -DCMAKE_INSTALL_PREFIX=/apollo/ros_ws/install/scout_mini_msgs
[3.757s] DEBUG:colcon.colcon_core.event_handler.log_command:Invoked command in '/apollo/ros_ws/build/scout_mini_description' returned '0': CMAKE_PREFIX_PATH=${CMAKE_PREFIX_PATH}:/opt/ros/humble /usr/bin/cmake --build /apollo/ros_ws/build/scout_mini_description -- -j20 -l20
[3.833s] DEBUG:colcon.colcon_core.event_handler.log_command:Invoking command in '/apollo/ros_ws/build/scout_mini_description': CMAKE_PREFIX_PATH=${CMAKE_PREFIX_PATH}:/opt/ros/humble /usr/bin/cmake --install /apollo/ros_ws/build/scout_mini_description
[3.835s] DEBUG:colcon.colcon_core.event_handler.log_command:Invoked command in '/apollo/ros_ws/build/scout_mini_base' returned '0': CMAKE_PREFIX_PATH=${CMAKE_PREFIX_PATH}:/opt/ros/humble /usr/bin/cmake --build /apollo/ros_ws/build/scout_mini_base -- -j20 -l20
[3.866s] DEBUG:colcon.colcon_core.event_handler.log_command:Invoking command in '/apollo/ros_ws/build/scout_mini_base': CMAKE_PREFIX_PATH=${CMAKE_PREFIX_PATH}:/opt/ros/humble /usr/bin/cmake --install /apollo/ros_ws/build/scout_mini_base
[4.615s] Level 1:colcon.colcon_core.environment:create_environment_scripts_only(scout_mini_base)
[4.617s] DEBUG:colcon.colcon_core.event_handler.log_command:Invoked command in '/apollo/ros_ws/build/scout_mini_base' returned '0': CMAKE_PREFIX_PATH=${CMAKE_PREFIX_PATH}:/opt/ros/humble /usr/bin/cmake --install /apollo/ros_ws/build/scout_mini_base
[4.627s] Level 1:colcon.colcon_core.environment:checking '/apollo/ros_ws/install/scout_mini_base' for CMake module files
[4.726s] Level 1:colcon.colcon_core.environment:checking '/apollo/ros_ws/install/scout_mini_base' for CMake config files
[4.783s] Level 1:colcon.colcon_core.shell:create_environment_hook('scout_mini_base', 'cmake_prefix_path')
[4.783s] INFO:colcon.colcon_core.shell:Creating environment hook '/apollo/ros_ws/install/scout_mini_base/share/scout_mini_base/hook/cmake_prefix_path.ps1'
[4.799s] INFO:colcon.colcon_core.shell:Creating environment descriptor '/apollo/ros_ws/install/scout_mini_base/share/scout_mini_base/hook/cmake_prefix_path.dsv'
[4.816s] INFO:colcon.colcon_core.shell:Creating environment hook '/apollo/ros_ws/install/scout_mini_base/share/scout_mini_base/hook/cmake_prefix_path.sh'
[4.839s] Level 1:colcon.colcon_core.environment:checking '/apollo/ros_ws/install/scout_mini_base/bin'
[4.840s] Level 1:colcon.colcon_core.environment:checking '/apollo/ros_ws/install/scout_mini_base/lib/pkgconfig/scout_mini_base.pc'
[4.844s] Level 1:colcon.colcon_core.environment:checking '/apollo/ros_ws/install/scout_mini_base/lib/python3.10/site-packages'
[4.846s] Level 1:colcon.colcon_core.environment:checking '/apollo/ros_ws/install/scout_mini_base/bin'
[4.847s] INFO:colcon.colcon_core.shell:Creating package script '/apollo/ros_ws/install/scout_mini_base/share/scout_mini_base/package.ps1'
[4.862s] INFO:colcon.colcon_core.shell:Creating package descriptor '/apollo/ros_ws/install/scout_mini_base/share/scout_mini_base/package.dsv'
[4.879s] INFO:colcon.colcon_core.shell:Creating package script '/apollo/ros_ws/install/scout_mini_base/share/scout_mini_base/package.sh'
[4.900s] INFO:colcon.colcon_core.shell:Creating package script '/apollo/ros_ws/install/scout_mini_base/share/scout_mini_base/package.bash'
[4.913s] INFO:colcon.colcon_core.shell:Creating package script '/apollo/ros_ws/install/scout_mini_base/share/scout_mini_base/package.zsh'
[4.924s] Level 1:colcon.colcon_core.environment:create_file_with_runtime_dependencies(/apollo/ros_ws/install/scout_mini_base/share/colcon-core/packages/scout_mini_base)
[4.987s] Level 1:colcon.colcon_core.environment:create_environment_scripts_only(scout_mini_base)
[4.988s] Level 1:colcon.colcon_core.environment:checking '/apollo/ros_ws/install/scout_mini_base' for CMake module files
[5.273s] Level 1:colcon.colcon_core.environment:checking '/apollo/ros_ws/install/scout_mini_base' for CMake config files
[5.462s] Level 1:colcon.colcon_core.shell:create_environment_hook('scout_mini_base', 'cmake_prefix_path')
[5.463s] INFO:colcon.colcon_core.shell:Creating environment hook '/apollo/ros_ws/install/scout_mini_base/share/scout_mini_base/hook/cmake_prefix_path.ps1'
[5.499s] INFO:colcon.colcon_core.shell:Creating environment descriptor '/apollo/ros_ws/install/scout_mini_base/share/scout_mini_base/hook/cmake_prefix_path.dsv'
[5.543s] INFO:colcon.colcon_core.shell:Creating environment hook '/apollo/ros_ws/install/scout_mini_base/share/scout_mini_base/hook/cmake_prefix_path.sh'
[5.597s] Level 1:colcon.colcon_core.environment:checking '/apollo/ros_ws/install/scout_mini_base/bin'
[5.601s] Level 1:colcon.colcon_core.environment:checking '/apollo/ros_ws/install/scout_mini_base/lib/pkgconfig/scout_mini_base.pc'
[5.606s] Level 1:colcon.colcon_core.environment:checking '/apollo/ros_ws/install/scout_mini_base/lib/python3.10/site-packages'
[5.609s] Level 1:colcon.colcon_core.environment:checking '/apollo/ros_ws/install/scout_mini_base/bin'
[5.614s] INFO:colcon.colcon_core.shell:Creating package script '/apollo/ros_ws/install/scout_mini_base/share/scout_mini_base/package.ps1'
[5.650s] INFO:colcon.colcon_core.shell:Creating package descriptor '/apollo/ros_ws/install/scout_mini_base/share/scout_mini_base/package.dsv'
[5.684s] INFO:colcon.colcon_core.shell:Creating package script '/apollo/ros_ws/install/scout_mini_base/share/scout_mini_base/package.sh'
[5.720s] INFO:colcon.colcon_core.shell:Creating package script '/apollo/ros_ws/install/scout_mini_base/share/scout_mini_base/package.bash'
[5.755s] INFO:colcon.colcon_core.shell:Creating package script '/apollo/ros_ws/install/scout_mini_base/share/scout_mini_base/package.zsh'
[5.788s] Level 1:colcon.colcon_core.environment:create_file_with_runtime_dependencies(/apollo/ros_ws/install/scout_mini_base/share/colcon-core/packages/scout_mini_base)
[5.814s] Level 1:colcon.colcon_core.environment:create_environment_scripts_only(scout_mini_description)
[5.815s] Level 1:colcon.colcon_core.environment:checking '/apollo/ros_ws/install/scout_mini_description' for CMake module files
[5.829s] DEBUG:colcon.colcon_core.event_handler.log_command:Invoked command in '/apollo/ros_ws/build/scout_mini_description' returned '0': CMAKE_PREFIX_PATH=${CMAKE_PREFIX_PATH}:/opt/ros/humble /usr/bin/cmake --install /apollo/ros_ws/build/scout_mini_description
[5.949s] Level 1:colcon.colcon_core.environment:checking '/apollo/ros_ws/install/scout_mini_description' for CMake config files
[6.099s] Level 1:colcon.colcon_core.shell:create_environment_hook('scout_mini_description', 'cmake_prefix_path')
[6.100s] INFO:colcon.colcon_core.shell:Creating environment hook '/apollo/ros_ws/install/scout_mini_description/share/scout_mini_description/hook/cmake_prefix_path.ps1'
[6.139s] INFO:colcon.colcon_core.shell:Creating environment descriptor '/apollo/ros_ws/install/scout_mini_description/share/scout_mini_description/hook/cmake_prefix_path.dsv'
[6.178s] INFO:colcon.colcon_core.shell:Creating environment hook '/apollo/ros_ws/install/scout_mini_description/share/scout_mini_description/hook/cmake_prefix_path.sh'
[6.224s] Level 1:colcon.colcon_core.environment:checking '/apollo/ros_ws/install/scout_mini_description/bin'
[6.227s] Level 1:colcon.colcon_core.environment:checking '/apollo/ros_ws/install/scout_mini_description/lib/pkgconfig/scout_mini_description.pc'
[6.231s] Level 1:colcon.colcon_core.environment:checking '/apollo/ros_ws/install/scout_mini_description/lib/python3.10/site-packages'
[6.235s] Level 1:colcon.colcon_core.environment:checking '/apollo/ros_ws/install/scout_mini_description/bin'
[6.239s] INFO:colcon.colcon_core.shell:Creating package script '/apollo/ros_ws/install/scout_mini_description/share/scout_mini_description/package.ps1'
[6.264s] INFO:colcon.colcon_core.shell:Creating package descriptor '/apollo/ros_ws/install/scout_mini_description/share/scout_mini_description/package.dsv'
[6.288s] INFO:colcon.colcon_core.shell:Creating package script '/apollo/ros_ws/install/scout_mini_description/share/scout_mini_description/package.sh'
[6.302s] INFO:colcon.colcon_core.shell:Creating package script '/apollo/ros_ws/install/scout_mini_description/share/scout_mini_description/package.bash'
[6.320s] INFO:colcon.colcon_core.shell:Creating package script '/apollo/ros_ws/install/scout_mini_description/share/scout_mini_description/package.zsh'
[6.335s] Level 1:colcon.colcon_core.environment:create_file_with_runtime_dependencies(/apollo/ros_ws/install/scout_mini_description/share/colcon-core/packages/scout_mini_description)
[6.394s] Level 1:colcon.colcon_core.environment:create_environment_scripts_only(scout_mini_description)
[6.395s] Level 1:colcon.colcon_core.environment:checking '/apollo/ros_ws/install/scout_mini_description' for CMake module files
[6.772s] Level 1:colcon.colcon_core.environment:checking '/apollo/ros_ws/install/scout_mini_description' for CMake config files
[7.023s] Level 1:colcon.colcon_core.shell:create_environment_hook('scout_mini_description', 'cmake_prefix_path')
[7.024s] INFO:colcon.colcon_core.shell:Creating environment hook '/apollo/ros_ws/install/scout_mini_description/share/scout_mini_description/hook/cmake_prefix_path.ps1'
[7.085s] INFO:colcon.colcon_core.shell:Creating environment descriptor '/apollo/ros_ws/install/scout_mini_description/share/scout_mini_description/hook/cmake_prefix_path.dsv'
[7.181s] INFO:colcon.colcon_core.shell:Creating environment hook '/apollo/ros_ws/install/scout_mini_description/share/scout_mini_description/hook/cmake_prefix_path.sh'
[7.249s] Level 1:colcon.colcon_core.environment:checking '/apollo/ros_ws/install/scout_mini_description/bin'
[7.254s] Level 1:colcon.colcon_core.environment:checking '/apollo/ros_ws/install/scout_mini_description/lib/pkgconfig/scout_mini_description.pc'
[7.259s] Level 1:colcon.colcon_core.environment:checking '/apollo/ros_ws/install/scout_mini_description/lib/python3.10/site-packages'
[7.265s] Level 1:colcon.colcon_core.environment:checking '/apollo/ros_ws/install/scout_mini_description/bin'
[7.276s] INFO:colcon.colcon_core.shell:Creating package script '/apollo/ros_ws/install/scout_mini_description/share/scout_mini_description/package.ps1'
[7.326s] INFO:colcon.colcon_core.shell:Creating package descriptor '/apollo/ros_ws/install/scout_mini_description/share/scout_mini_description/package.dsv'
[7.379s] INFO:colcon.colcon_core.shell:Creating package script '/apollo/ros_ws/install/scout_mini_description/share/scout_mini_description/package.sh'
[7.424s] INFO:colcon.colcon_core.shell:Creating package script '/apollo/ros_ws/install/scout_mini_description/share/scout_mini_description/package.bash'
[7.460s] INFO:colcon.colcon_core.shell:Creating package script '/apollo/ros_ws/install/scout_mini_description/share/scout_mini_description/package.zsh'
[7.533s] Level 1:colcon.colcon_core.environment:create_file_with_runtime_dependencies(/apollo/ros_ws/install/scout_mini_description/share/colcon-core/packages/scout_mini_description)
[7.601s] DEBUG:colcon.colcon_core.event_handler.log_command:Invoked command in '/apollo/ros_ws/build/scout_mini_hardware' returned '1': CMAKE_PREFIX_PATH=${CMAKE_PREFIX_PATH}:/opt/ros/humble /usr/bin/cmake /apollo/ros_ws/src/scout_mini_hardware -DCMAKE_INSTALL_PREFIX=/apollo/ros_ws/install/scout_mini_hardware
[8.009s] Level 1:colcon.colcon_core.environment:create_environment_scripts_only(scout_mini_hardware)
[8.010s] Level 1:colcon.colcon_core.environment:checking '/apollo/ros_ws/install/scout_mini_hardware' for CMake module files
[8.208s] Level 1:colcon.colcon_core.environment:checking '/apollo/ros_ws/install/scout_mini_hardware' for CMake config files
[8.322s] Level 1:colcon.colcon_core.environment:checking '/apollo/ros_ws/install/scout_mini_hardware/bin'
[8.326s] Level 1:colcon.colcon_core.environment:checking '/apollo/ros_ws/install/scout_mini_hardware/lib/pkgconfig/scout_mini_hardware.pc'
[8.330s] Level 1:colcon.colcon_core.environment:checking '/apollo/ros_ws/install/scout_mini_hardware/lib/python3.10/site-packages'
[8.334s] Level 1:colcon.colcon_core.environment:checking '/apollo/ros_ws/install/scout_mini_hardware/bin'
[8.338s] INFO:colcon.colcon_core.shell:Creating package script '/apollo/ros_ws/install/scout_mini_hardware/share/scout_mini_hardware/package.ps1'
[8.381s] INFO:colcon.colcon_core.shell:Creating package descriptor '/apollo/ros_ws/install/scout_mini_hardware/share/scout_mini_hardware/package.dsv'
[8.438s] INFO:colcon.colcon_core.shell:Creating package script '/apollo/ros_ws/install/scout_mini_hardware/share/scout_mini_hardware/package.sh'
[8.478s] INFO:colcon.colcon_core.shell:Creating package script '/apollo/ros_ws/install/scout_mini_hardware/share/scout_mini_hardware/package.bash'
[8.560s] INFO:colcon.colcon_core.shell:Creating package script '/apollo/ros_ws/install/scout_mini_hardware/share/scout_mini_hardware/package.zsh'
[8.641s] Level 1:colcon.colcon_core.environment:create_file_with_runtime_dependencies(/apollo/ros_ws/install/scout_mini_hardware/share/colcon-core/packages/scout_mini_hardware)
[22.166s] DEBUG:colcon.colcon_parallel_executor.executor.parallel:run_until_complete was interrupted
[22.167s] DEBUG:colcon.colcon_parallel_executor.executor.parallel:run_until_complete again
[22.185s] DEBUG:colcon.colcon_parallel_executor.executor.parallel:run_until_complete finished
[22.186s] DEBUG:colcon.colcon_parallel_executor.executor.parallel:closing loop
[22.188s] DEBUG:colcon.colcon_parallel_executor.executor.parallel:loop closed
[22.189s] DEBUG:colcon.colcon_core.event_reactor:joining thread
[22.309s] INFO:colcon.colcon_core.plugin_system:Skipping extension 'colcon_notification.desktop_notification.notify_send': Could not find 'notify-send'
[22.310s] INFO:colcon.colcon_core.plugin_system:Skipping extension 'colcon_notification.desktop_notification.terminal_notifier': Not used on non-Darwin systems
[22.310s] INFO:colcon.colcon_core.plugin_system:Skipping extension 'colcon_notification.desktop_notification.win32': Not used on non-Windows systems
[22.310s] INFO:colcon.colcon_notification.desktop_notification:Sending desktop notification using 'notify2'
[22.313s] DEBUG:colcon.colcon_notification.desktop_notification.notify2:Failed to initialize notify2: org.freedesktop.DBus.Error.Spawn.ExecFailed: /usr/bin/dbus-launch terminated abnormally without any error message
[22.314s] DEBUG:colcon.colcon_core.event_reactor:joined thread
[22.315s] INFO:colcon.colcon_core.shell:Creating prefix script '/apollo/ros_ws/install/local_setup.ps1'
[22.323s] INFO:colcon.colcon_core.shell:Creating prefix util module '/apollo/ros_ws/install/_local_setup_util_ps1.py'
[22.334s] INFO:colcon.colcon_core.shell:Creating prefix chain script '/apollo/ros_ws/install/setup.ps1'
[22.415s] INFO:colcon.colcon_core.shell:Creating prefix script '/apollo/ros_ws/install/local_setup.sh'
[22.431s] INFO:colcon.colcon_core.shell:Creating prefix util module '/apollo/ros_ws/install/_local_setup_util_sh.py'
[22.444s] INFO:colcon.colcon_core.shell:Creating prefix chain script '/apollo/ros_ws/install/setup.sh'
[22.546s] INFO:colcon.colcon_core.shell:Creating prefix script '/apollo/ros_ws/install/local_setup.bash'
[22.566s] INFO:colcon.colcon_core.shell:Creating prefix chain script '/apollo/ros_ws/install/setup.bash'
[22.736s] INFO:colcon.colcon_core.shell:Creating prefix script '/apollo/ros_ws/install/local_setup.zsh'
[22.756s] INFO:colcon.colcon_core.shell:Creating prefix chain script '/apollo/ros_ws/install/setup.zsh'
