[0.321s] Invoking command in '/my_code/ros_ws/build/scout_mini_msgs': CMAKE_PREFIX_PATH=${CMAKE_PREFIX_PATH}:/opt/ros/humble /usr/bin/cmake --build /my_code/ros_ws/build/scout_mini_msgs -- -j20 -l20
[1.323s] [  1%] Built target scout_mini_msgs__cpp
[2.079s] [ 12%] Built target scout_mini_msgs__rosidl_generator_c
[2.378s] [ 23%] Built target scout_mini_msgs__rosidl_typesupport_cpp
[2.630s] [ 35%] Built target scout_mini_msgs__rosidl_typesupport_introspection_cpp
[2.777s] [ 46%] Built target scout_mini_msgs__rosidl_typesupport_fastrtps_cpp
[3.052s] [ 57%] Built target scout_mini_msgs__rosidl_typesupport_c
[3.420s] [ 76%] Built target scout_mini_msgs__rosidl_typesupport_introspection_c
[3.452s] [ 80%] Built target scout_mini_msgs__rosidl_typesupport_fastrtps_c
[3.594s] [ 80%] Built target scout_mini_msgs
[3.635s] [ 80%] Built target ament_cmake_python_copy_scout_mini_msgs
[3.927s] [ 81%] Built target scout_mini_msgs__py
[4.017s] running egg_info
[4.022s] writing scout_mini_msgs.egg-info/PKG-INFO
[4.033s] writing dependency_links to scout_mini_msgs.egg-info/dependency_links.txt
[4.048s] writing top-level names to scout_mini_msgs.egg-info/top_level.txt
[4.149s] reading manifest file 'scout_mini_msgs.egg-info/SOURCES.txt'
[4.265s] writing manifest file 'scout_mini_msgs.egg-info/SOURCES.txt'
[4.306s] [ 81%] Built target ament_cmake_python_build_scout_mini_msgs_egg
[4.413s] [ 91%] Built target scout_mini_msgs__rosidl_generator_py
[4.610s] [100%] Built target scout_mini_msgs__rosidl_typesupport_fastrtps_c__pyext
[4.612s] [100%] Built target scout_mini_msgs__rosidl_typesupport_introspection_c__pyext
[4.612s] [100%] Built target scout_mini_msgs__rosidl_typesupport_c__pyext
