[0.253s] Invoking command in '/my_code/ros_ws/build/scout_mini_base': CMAKE_PREFIX_PATH=${CMAKE_PREFIX_PATH}:/opt/ros/humble /usr/bin/cmake /my_code/ros_ws/src/scout_mini_base -DCMAKE_INSTALL_PREFIX=/my_code/ros_ws/install/scout_mini_base
[0.478s] -- Found ament_cmake: 1.3.11 (/opt/ros/humble/share/ament_cmake/cmake)
[0.643s] -- Found ros2_control: 2.48.0 (/opt/ros/humble/share/ros2_control/cmake)
[0.645s] -- Found ros2_controllers: 2.41.0 (/opt/ros/humble/share/ros2_controllers/cmake)
[0.719s] [31mCMake Error at CMakeLists.txt:21 (find_package):
[0.721s]   By not providing "Findtwist_mux.cmake" in CMAKE_MODULE_PATH this project
[0.722s]   has asked CMake to find a package configuration file provided by
[0.724s]   "twist_mux", but CMake did not find one.
[0.725s] 
[0.726s]   Could not find a package configuration file provided by "twist_mux" with
[0.728s]   any of the following names:
[0.729s] 
[0.731s]     twist_muxConfig.cmake
[0.733s]     twist_mux-config.cmake
[0.735s] 
[0.737s]   Add the installation prefix of "twist_mux" to CMAKE_PREFIX_PATH or set
[0.740s]   "twist_mux_DIR" to a directory containing one of the above files.  If
[0.741s]   "twist_mux" provides a separate development package or SDK, be sure it has
[0.743s]   been installed.
[0.744s] 
[0.746s] [0m
[0.749s] -- Configuring incomplete, errors occurred!
[0.751s] See also "/my_code/ros_ws/build/scout_mini_base/CMakeFiles/CMakeOutput.log".
[0.756s] Invoked command in '/my_code/ros_ws/build/scout_mini_base' returned '1': CMAKE_PREFIX_PATH=${CMAKE_PREFIX_PATH}:/opt/ros/humble /usr/bin/cmake /my_code/ros_ws/src/scout_mini_base -DCMAKE_INSTALL_PREFIX=/my_code/ros_ws/install/scout_mini_base
