[0.132s] Invoking command in '/my_code/ros_ws/build/scout_mini_base': CMAKE_PREFIX_PATH=${CMAKE_PREFIX_PATH}:/opt/ros/humble /usr/bin/cmake --build /my_code/ros_ws/build/scout_mini_base -- -j20 -l20
[0.373s] Invoked command in '/my_code/ros_ws/build/scout_mini_base' returned '0': CMAKE_PREFIX_PATH=${CMAKE_PREFIX_PATH}:/opt/ros/humble /usr/bin/cmake --build /my_code/ros_ws/build/scout_mini_base -- -j20 -l20
[0.415s] Invoking command in '/my_code/ros_ws/build/scout_mini_base': CMAKE_PREFIX_PATH=${CMAKE_PREFIX_PATH}:/opt/ros/humble /usr/bin/cmake --install /my_code/ros_ws/build/scout_mini_base
[0.431s] -- Install configuration: ""
[0.456s] -- Installing: /my_code/ros_ws/install/scout_mini_base/share/scout_mini_base/config
[0.552s] -- Installing: /my_code/ros_ws/install/scout_mini_base/share/scout_mini_base/config/scout_mini.yaml
[0.700s] -- Installing: /my_code/ros_ws/install/scout_mini_base/share/scout_mini_base/launch
[0.767s] -- Installing: /my_code/ros_ws/install/scout_mini_base/share/scout_mini_base/launch/base_launch.py
[1.028s] -- Installing: /my_code/ros_ws/install/scout_mini_base/share/ament_index/resource_index/package_run_dependencies/scout_mini_base
[1.316s] -- Installing: /my_code/ros_ws/install/scout_mini_base/share/ament_index/resource_index/parent_prefix_path/scout_mini_base
[1.546s] -- Installing: /my_code/ros_ws/install/scout_mini_base/share/scout_mini_base/environment/ament_prefix_path.sh
[1.867s] -- Installing: /my_code/ros_ws/install/scout_mini_base/share/scout_mini_base/environment/ament_prefix_path.dsv
[2.111s] -- Installing: /my_code/ros_ws/install/scout_mini_base/share/scout_mini_base/environment/path.sh
[2.421s] -- Installing: /my_code/ros_ws/install/scout_mini_base/share/scout_mini_base/environment/path.dsv
[2.702s] -- Installing: /my_code/ros_ws/install/scout_mini_base/share/scout_mini_base/local_setup.bash
[2.910s] -- Installing: /my_code/ros_ws/install/scout_mini_base/share/scout_mini_base/local_setup.sh
[3.152s] -- Installing: /my_code/ros_ws/install/scout_mini_base/share/scout_mini_base/local_setup.zsh
[3.365s] -- Installing: /my_code/ros_ws/install/scout_mini_base/share/scout_mini_base/local_setup.dsv
[3.564s] -- Installing: /my_code/ros_ws/install/scout_mini_base/share/scout_mini_base/package.dsv
[3.806s] -- Installing: /my_code/ros_ws/install/scout_mini_base/share/ament_index/resource_index/packages/scout_mini_base
[3.998s] -- Installing: /my_code/ros_ws/install/scout_mini_base/share/scout_mini_base/cmake/scout_mini_baseConfig.cmake
[4.174s] -- Installing: /my_code/ros_ws/install/scout_mini_base/share/scout_mini_base/cmake/scout_mini_baseConfig-version.cmake
[4.352s] -- Installing: /my_code/ros_ws/install/scout_mini_base/share/scout_mini_base/package.xml
