[0.986s] Invoking command in '/apollo/ros_ws/build/scout_mini_description': CMAKE_PREFIX_PATH=${CMAKE_PREFIX_PATH}:/opt/ros/humble /usr/bin/cmake --build /apollo/ros_ws/build/scout_mini_description -- -j20 -l20
[1.278s] Invoked command in '/apollo/ros_ws/build/scout_mini_description' returned '0': CMAKE_PREFIX_PATH=${CMAKE_PREFIX_PATH}:/opt/ros/humble /usr/bin/cmake --build /apollo/ros_ws/build/scout_mini_description -- -j20 -l20
[1.354s] Invoking command in '/apollo/ros_ws/build/scout_mini_description': CMAKE_PREFIX_PATH=${CMAKE_PREFIX_PATH}:/opt/ros/humble /usr/bin/cmake --install /apollo/ros_ws/build/scout_mini_description
[1.390s] -- Install configuration: ""
[1.400s] -- Up-to-date: /apollo/ros_ws/install/scout_mini_description/share/scout_mini_description/launch
[1.443s] -- Up-to-date: /apollo/ros_ws/install/scout_mini_description/share/scout_mini_description/launch/description_launch.py
[1.475s] -- Up-to-date: /apollo/ros_ws/install/scout_mini_description/share/scout_mini_description/launch/rviz2_launch.py
[1.501s] -- Up-to-date: /apollo/ros_ws/install/scout_mini_description/share/scout_mini_description/meshes
[1.549s] -- Up-to-date: /apollo/ros_ws/install/scout_mini_description/share/scout_mini_description/meshes/body.dae
[1.595s] -- Up-to-date: /apollo/ros_ws/install/scout_mini_description/share/scout_mini_description/meshes/wheel.dae
[1.628s] -- Up-to-date: /apollo/ros_ws/install/scout_mini_description/share/scout_mini_description/rviz
[1.676s] -- Up-to-date: /apollo/ros_ws/install/scout_mini_description/share/scout_mini_description/rviz/scout_mini.rviz
[1.706s] -- Up-to-date: /apollo/ros_ws/install/scout_mini_description/share/scout_mini_description/urdf
[1.764s] -- Up-to-date: /apollo/ros_ws/install/scout_mini_description/share/scout_mini_description/urdf/scout_mini.urdf.xacro
[1.819s] -- Up-to-date: /apollo/ros_ws/install/scout_mini_description/share/ament_index/resource_index/package_run_dependencies/scout_mini_description
[1.885s] -- Up-to-date: /apollo/ros_ws/install/scout_mini_description/share/ament_index/resource_index/parent_prefix_path/scout_mini_description
[1.909s] -- Up-to-date: /apollo/ros_ws/install/scout_mini_description/share/scout_mini_description/environment/ament_prefix_path.sh
[1.944s] -- Up-to-date: /apollo/ros_ws/install/scout_mini_description/share/scout_mini_description/environment/ament_prefix_path.dsv
[1.971s] -- Up-to-date: /apollo/ros_ws/install/scout_mini_description/share/scout_mini_description/environment/path.sh
[2.006s] -- Up-to-date: /apollo/ros_ws/install/scout_mini_description/share/scout_mini_description/environment/path.dsv
[2.036s] -- Up-to-date: /apollo/ros_ws/install/scout_mini_description/share/scout_mini_description/local_setup.bash
[2.064s] -- Up-to-date: /apollo/ros_ws/install/scout_mini_description/share/scout_mini_description/local_setup.sh
[2.095s] -- Up-to-date: /apollo/ros_ws/install/scout_mini_description/share/scout_mini_description/local_setup.zsh
[2.127s] -- Up-to-date: /apollo/ros_ws/install/scout_mini_description/share/scout_mini_description/local_setup.dsv
[2.156s] -- Up-to-date: /apollo/ros_ws/install/scout_mini_description/share/scout_mini_description/package.dsv
[2.209s] -- Up-to-date: /apollo/ros_ws/install/scout_mini_description/share/ament_index/resource_index/packages/scout_mini_description
[2.240s] -- Up-to-date: /apollo/ros_ws/install/scout_mini_description/share/scout_mini_description/cmake/scout_mini_descriptionConfig.cmake
[2.262s] -- Up-to-date: /apollo/ros_ws/install/scout_mini_description/share/scout_mini_description/cmake/scout_mini_descriptionConfig-version.cmake
[2.293s] -- Up-to-date: /apollo/ros_ws/install/scout_mini_description/share/scout_mini_description/package.xml
[3.350s] Invoked command in '/apollo/ros_ws/build/scout_mini_description' returned '0': CMAKE_PREFIX_PATH=${CMAKE_PREFIX_PATH}:/opt/ros/humble /usr/bin/cmake --install /apollo/ros_ws/build/scout_mini_description
