[0.219s] Invoking command in '/apollo/ros_ws/build/scout_mini_hardware': CMAKE_PREFIX_PATH=/opt/ros/humble /usr/bin/cmake /apollo/ros_ws/src/scout_mini_hardware -DCMAKE_INSTALL_PREFIX=/apollo/ros_ws/install/scout_mini_hardware
[0.360s] -- Found ament_cmake: 1.3.11 (/opt/ros/humble/share/ament_cmake/cmake)
[0.687s] -- Override CMake install command with custom implementation using symlinks instead of copying resources
[0.849s] -- Found rclcpp: 16.0.11 (/opt/ros/humble/share/rclcpp/cmake)
[0.910s] -- Found rosidl_generator_c: 3.1.6 (/opt/ros/humble/share/rosidl_generator_c/cmake)
[0.912s] -- Found rosidl_adapter: 3.1.6 (/opt/ros/humble/share/rosidl_adapter/cmake)
[0.914s] -- Found rosidl_generator_cpp: 3.1.6 (/opt/ros/humble/share/rosidl_generator_cpp/cmake)
[0.915s] -- Using all available rosidl_typesupport_c: rosidl_typesupport_fastrtps_c;rosidl_typesupport_introspection_c
[0.935s] -- Using all available rosidl_typesupport_cpp: rosidl_typesupport_fastrtps_cpp;rosidl_typesupport_introspection_cpp
[0.979s] -- Found rmw_implementation_cmake: 6.1.2 (/opt/ros/humble/share/rmw_implementation_cmake/cmake)
[0.984s] -- Found rmw_fastrtps_cpp: 6.2.7 (/opt/ros/humble/share/rmw_fastrtps_cpp/cmake)
[1.715s] -- Using RMW implementation 'rmw_fastrtps_cpp' as default
[1.777s] -- Found hardware_interface: 2.48.0 (/opt/ros/humble/share/hardware_interface/cmake)
[2.116s] -- Found realtime_tools: 2.11.0 (/opt/ros/humble/share/realtime_tools/cmake)
[2.127s] -- Found can_msgs: 2.0.0 (/opt/ros/humble/share/can_msgs/cmake)
[2.140s] -- Found ros2_socketcan: 1.3.0 (/opt/ros/humble/share/ros2_socketcan/cmake)
[2.395s] [31mCMake Error at CMakeLists.txt:27 (find_package):
[2.398s]   By not providing "Findscout_mini_msgs.cmake" in CMAKE_MODULE_PATH this
[2.401s]   project has asked CMake to find a package configuration file provided by
[2.404s]   "scout_mini_msgs", but CMake did not find one.
[2.406s] 
[2.408s]   Could not find a package configuration file provided by "scout_mini_msgs"
[2.410s]   with any of the following names:
[2.413s] 
[2.415s]     scout_mini_msgsConfig.cmake
[2.418s]     scout_mini_msgs-config.cmake
[2.420s] 
[2.423s]   Add the installation prefix of "scout_mini_msgs" to CMAKE_PREFIX_PATH or
[2.426s]   set "scout_mini_msgs_DIR" to a directory containing one of the above files.
[2.447s]   If "scout_mini_msgs" provides a separate development package or SDK, be
[2.450s]   sure it has been installed.
[2.453s] 
[2.456s] [0m
[2.459s] -- Configuring incomplete, errors occurred!
[2.462s] See also "/apollo/ros_ws/build/scout_mini_hardware/CMakeFiles/CMakeOutput.log".
[2.482s] Invoked command in '/apollo/ros_ws/build/scout_mini_hardware' returned '1': CMAKE_PREFIX_PATH=/opt/ros/humble /usr/bin/cmake /apollo/ros_ws/src/scout_mini_hardware -DCMAKE_INSTALL_PREFIX=/apollo/ros_ws/install/scout_mini_hardware
