[0.484s] Invoking command in '/my_code/ros_ws/build/scout_mini_hardware': CMAKE_PREFIX_PATH=${CMAKE_PREFIX_PATH}:/my_code/ros_ws/install/scout_mini_description:/my_code/ros_ws/install/scout_mini_base:/opt/ros/humble /usr/bin/cmake /my_code/ros_ws/src/scout_mini_hardware -DCMAKE_INSTALL_PREFIX=/my_code/ros_ws/install/scout_mini_hardware
[0.632s] -- Found ament_cmake: 1.3.11 (/opt/ros/humble/share/ament_cmake/cmake)
[0.826s] -- Found rclcpp: 16.0.11 (/opt/ros/humble/share/rclcpp/cmake)
[0.858s] -- Found rosidl_generator_c: 3.1.6 (/opt/ros/humble/share/rosidl_generator_c/cmake)
[0.861s] -- Found rosidl_adapter: 3.1.6 (/opt/ros/humble/share/rosidl_adapter/cmake)
[0.865s] -- Found rosidl_generator_cpp: 3.1.6 (/opt/ros/humble/share/rosidl_generator_cpp/cmake)
[0.888s] -- Using all available rosidl_typesupport_c: rosidl_typesupport_fastrtps_c;rosidl_typesupport_introspection_c
[0.904s] -- Using all available rosidl_typesupport_cpp: rosidl_typesupport_fastrtps_cpp;rosidl_typesupport_introspection_cpp
[0.948s] -- Found rmw_implementation_cmake: 6.1.2 (/opt/ros/humble/share/rmw_implementation_cmake/cmake)
[0.963s] -- Found rmw_fastrtps_cpp: 6.2.7 (/opt/ros/humble/share/rmw_fastrtps_cpp/cmake)
[1.940s] -- Using RMW implementation 'rmw_fastrtps_cpp' as default
[1.976s] -- Found hardware_interface: 2.48.0 (/opt/ros/humble/share/hardware_interface/cmake)
[2.293s] -- Found realtime_tools: 2.11.0 (/opt/ros/humble/share/realtime_tools/cmake)
[2.304s] -- Found can_msgs: 2.0.0 (/opt/ros/humble/share/can_msgs/cmake)
[2.313s] -- Found ros2_socketcan: 1.3.0 (/opt/ros/humble/share/ros2_socketcan/cmake)
[2.613s] [31mCMake Error at CMakeLists.txt:27 (find_package):
[2.617s]   By not providing "Findscout_mini_msgs.cmake" in CMAKE_MODULE_PATH this
[2.620s]   project has asked CMake to find a package configuration file provided by
[2.623s]   "scout_mini_msgs", but CMake did not find one.
[2.627s] 
[2.631s]   Could not find a package configuration file provided by "scout_mini_msgs"
[2.633s]   with any of the following names:
[2.637s] 
[2.640s]     scout_mini_msgsConfig.cmake
[2.642s]     scout_mini_msgs-config.cmake
[2.646s] 
[2.649s]   Add the installation prefix of "scout_mini_msgs" to CMAKE_PREFIX_PATH or
[2.652s]   set "scout_mini_msgs_DIR" to a directory containing one of the above files.
[2.656s]   If "scout_mini_msgs" provides a separate development package or SDK, be
[2.659s]   sure it has been installed.
[2.662s] 
[2.665s] [0m
[2.668s] -- Configuring incomplete, errors occurred!
[2.670s] See also "/my_code/ros_ws/build/scout_mini_hardware/CMakeFiles/CMakeOutput.log".
[4.434s] Invoked command in '/my_code/ros_ws/build/scout_mini_hardware' returned '1': CMAKE_PREFIX_PATH=${CMAKE_PREFIX_PATH}:/my_code/ros_ws/install/scout_mini_description:/my_code/ros_ws/install/scout_mini_base:/opt/ros/humble /usr/bin/cmake /my_code/ros_ws/src/scout_mini_hardware -DCMAKE_INSTALL_PREFIX=/my_code/ros_ws/install/scout_mini_hardware
