[0.129s] Invoking command in '/my_code/ros_ws/build/scout_mini_description': CMAKE_PREFIX_PATH=${CMAKE_PREFIX_PATH}:/opt/ros/humble /usr/bin/cmake /my_code/ros_ws/src/scout_mini_description -DCMAKE_INSTALL_PREFIX=/my_code/ros_ws/install/scout_mini_description
[0.609s] -- The C compiler identification is GNU 11.4.0
[0.928s] -- The CXX compiler identification is GNU 11.4.0
[1.002s] -- Detecting C compiler ABI info
[2.318s] -- Detecting C compiler ABI info - done
[2.391s] -- Check for working C compiler: /usr/bin/cc - skipped
[2.395s] -- Detecting C compile features
[2.397s] -- Detecting C compile features - done
[2.495s] -- Detecting CXX compiler ABI info
[3.564s] -- Detecting CXX compiler ABI info - done
[3.618s] -- Check for working CXX compiler: /usr/bin/c++ - skipped
[3.620s] -- Detecting CXX compile features
[3.622s] -- Detecting CXX compile features - done
[3.679s] -- Found ament_cmake: 1.3.11 (/opt/ros/humble/share/ament_cmake/cmake)
[3.790s] -- Found Python3: /usr/bin/python3 (found version "3.10.12") found components: Interpreter 
[4.043s] -- Found urdf: 2.6.1 (/opt/ros/humble/share/urdf/cmake)
[4.071s] -- Found rviz2: 11.2.16 (/opt/ros/humble/share/rviz2/cmake)
[4.076s] -- Found robot_state_publisher: 3.0.3 (/opt/ros/humble/share/robot_state_publisher/cmake)
[4.107s] -- Found rosidl_generator_c: 3.1.6 (/opt/ros/humble/share/rosidl_generator_c/cmake)
[4.119s] -- Found rosidl_adapter: 3.1.6 (/opt/ros/humble/share/rosidl_adapter/cmake)
[4.122s] -- Found rosidl_generator_cpp: 3.1.6 (/opt/ros/humble/share/rosidl_generator_cpp/cmake)
[4.132s] -- Using all available rosidl_typesupport_c: rosidl_typesupport_fastrtps_c;rosidl_typesupport_introspection_c
[4.143s] -- Using all available rosidl_typesupport_cpp: rosidl_typesupport_fastrtps_cpp;rosidl_typesupport_introspection_cpp
[4.190s] -- Found eigen3_cmake_module: 0.1.1 (/opt/ros/humble/share/eigen3_cmake_module/cmake)
[4.193s] -- Found Eigen3: TRUE (found version "3.4.0") 
[4.195s] -- Ensuring Eigen3 include directory is part of orocos-kdl CMake target
[4.223s] -- Found rmw_implementation_cmake: 6.1.2 (/opt/ros/humble/share/rmw_implementation_cmake/cmake)
[4.227s] -- Found rmw_fastrtps_cpp: 6.2.7 (/opt/ros/humble/share/rmw_fastrtps_cpp/cmake)
[4.248s] -- Found TinyXML2 via Config file: TinyXML2_DIR-NOTFOUND
[4.299s] -- Found OpenSSL: /usr/lib/x86_64-linux-gnu/libcrypto.so (found version "3.0.2")  
[4.301s] -- Found TinyXML2 via Config file: TinyXML2_DIR-NOTFOUND
[4.336s] -- Found FastRTPS: /opt/ros/humble/include  
[4.338s] -- Found TinyXML2 via Config file: TinyXML2_DIR-NOTFOUND
[4.345s] -- Found TinyXML2 via Config file: TinyXML2_DIR-NOTFOUND
[4.363s] -- Using RMW implementation 'rmw_fastrtps_cpp' as default
[4.461s] -- Looking for pthread.h
[5.607s] -- Looking for pthread.h - found
[5.630s] -- Performing Test CMAKE_HAVE_LIBC_PTHREAD
[6.636s] -- Performing Test CMAKE_HAVE_LIBC_PTHREAD - Success
[6.645s] -- Found Threads: TRUE  
[7.547s] -- Configuring done
[8.110s] -- Generating done
[8.473s] -- Build files have been written to: /my_code/ros_ws/build/scout_mini_description
