[0.548s] Invoking command in '/apollo/ros_ws/build/scout_mini_ros2': AMENT_PREFIX_PATH=/apollo/ros_ws/install/scout_mini_hardware:${AMENT_PREFIX_PATH} CMAKE_PREFIX_PATH=/apollo/ros_ws/install/scout_mini_msgs:/apollo/ros_ws/install/scout_mini_hardware:/apollo/ros_ws/install/scout_mini_description:/apollo/ros_ws/install/scout_mini_base:/apollo/ros_ws/install/scout_mini_ros2:/opt/ros/humble LD_LIBRARY_PATH=/apollo/ros_ws/install/scout_mini_msgs/lib:/apollo/ros_ws/install/scout_mini_hardware/lib:/opt/ros/humble/opt/rviz_ogre_vendor/lib:/opt/ros/humble/lib/x86_64-linux-gnu:/opt/ros/humble/lib /usr/bin/cmake --build /apollo/ros_ws/build/scout_mini_ros2 -- -j20 -l20
[1.529s] Invoked command in '/apollo/ros_ws/build/scout_mini_ros2' returned '0': AMENT_PREFIX_PATH=/apollo/ros_ws/install/scout_mini_hardware:${AMENT_PREFIX_PATH} CMAKE_PREFIX_PATH=/apollo/ros_ws/install/scout_mini_msgs:/apollo/ros_ws/install/scout_mini_hardware:/apollo/ros_ws/install/scout_mini_description:/apollo/ros_ws/install/scout_mini_base:/apollo/ros_ws/install/scout_mini_ros2:/opt/ros/humble LD_LIBRARY_PATH=/apollo/ros_ws/install/scout_mini_msgs/lib:/apollo/ros_ws/install/scout_mini_hardware/lib:/opt/ros/humble/opt/rviz_ogre_vendor/lib:/opt/ros/humble/lib/x86_64-linux-gnu:/opt/ros/humble/lib /usr/bin/cmake --build /apollo/ros_ws/build/scout_mini_ros2 -- -j20 -l20
[1.551s] Invoking command in '/apollo/ros_ws/build/scout_mini_ros2': AMENT_PREFIX_PATH=/apollo/ros_ws/install/scout_mini_hardware:${AMENT_PREFIX_PATH} CMAKE_PREFIX_PATH=/apollo/ros_ws/install/scout_mini_msgs:/apollo/ros_ws/install/scout_mini_hardware:/apollo/ros_ws/install/scout_mini_description:/apollo/ros_ws/install/scout_mini_base:/apollo/ros_ws/install/scout_mini_ros2:/opt/ros/humble LD_LIBRARY_PATH=/apollo/ros_ws/install/scout_mini_msgs/lib:/apollo/ros_ws/install/scout_mini_hardware/lib:/opt/ros/humble/opt/rviz_ogre_vendor/lib:/opt/ros/humble/lib/x86_64-linux-gnu:/opt/ros/humble/lib /usr/bin/cmake --install /apollo/ros_ws/build/scout_mini_ros2
[1.840s] -- Install configuration: ""
[1.891s] -- Up-to-date: /apollo/ros_ws/install/scout_mini_ros2/share/ament_index/resource_index/package_run_dependencies/scout_mini_ros2
[1.952s] -- Up-to-date: /apollo/ros_ws/install/scout_mini_ros2/share/ament_index/resource_index/parent_prefix_path/scout_mini_ros2
[1.989s] -- Up-to-date: /apollo/ros_ws/install/scout_mini_ros2/share/scout_mini_ros2/environment/ament_prefix_path.sh
[2.103s] -- Up-to-date: /apollo/ros_ws/install/scout_mini_ros2/share/scout_mini_ros2/environment/ament_prefix_path.dsv
[2.148s] -- Up-to-date: /apollo/ros_ws/install/scout_mini_ros2/share/scout_mini_ros2/environment/path.sh
[2.264s] -- Up-to-date: /apollo/ros_ws/install/scout_mini_ros2/share/scout_mini_ros2/environment/path.dsv
[2.305s] -- Up-to-date: /apollo/ros_ws/install/scout_mini_ros2/share/scout_mini_ros2/local_setup.bash
[2.340s] -- Up-to-date: /apollo/ros_ws/install/scout_mini_ros2/share/scout_mini_ros2/local_setup.sh
[2.358s] -- Up-to-date: /apollo/ros_ws/install/scout_mini_ros2/share/scout_mini_ros2/local_setup.zsh
[2.374s] -- Up-to-date: /apollo/ros_ws/install/scout_mini_ros2/share/scout_mini_ros2/local_setup.dsv
[2.395s] -- Installing: /apollo/ros_ws/install/scout_mini_ros2/share/scout_mini_ros2/package.dsv
[2.474s] -- Up-to-date: /apollo/ros_ws/install/scout_mini_ros2/share/ament_index/resource_index/packages/scout_mini_ros2
[2.495s] -- Up-to-date: /apollo/ros_ws/install/scout_mini_ros2/share/scout_mini_ros2/cmake/scout_mini_ros2Config.cmake
[2.510s] -- Up-to-date: /apollo/ros_ws/install/scout_mini_ros2/share/scout_mini_ros2/cmake/scout_mini_ros2Config-version.cmake
[2.536s] -- Up-to-date: /apollo/ros_ws/install/scout_mini_ros2/share/scout_mini_ros2/package.xml
[2.567s] Invoked command in '/apollo/ros_ws/build/scout_mini_ros2' returned '0': AMENT_PREFIX_PATH=/apollo/ros_ws/install/scout_mini_hardware:${AMENT_PREFIX_PATH} CMAKE_PREFIX_PATH=/apollo/ros_ws/install/scout_mini_msgs:/apollo/ros_ws/install/scout_mini_hardware:/apollo/ros_ws/install/scout_mini_description:/apollo/ros_ws/install/scout_mini_base:/apollo/ros_ws/install/scout_mini_ros2:/opt/ros/humble LD_LIBRARY_PATH=/apollo/ros_ws/install/scout_mini_msgs/lib:/apollo/ros_ws/install/scout_mini_hardware/lib:/opt/ros/humble/opt/rviz_ogre_vendor/lib:/opt/ros/humble/lib/x86_64-linux-gnu:/opt/ros/humble/lib /usr/bin/cmake --install /apollo/ros_ws/build/scout_mini_ros2
