[0.153s] Invoking command in '/apollo/ros_ws/build/scout_mini_msgs': CMAKE_PREFIX_PATH=/opt/ros/humble /usr/bin/cmake --build /apollo/ros_ws/build/scout_mini_msgs -- -j20 -l20
[0.942s] [  1%] Built target scout_mini_msgs__cpp
[1.164s] [ 12%] Built target scout_mini_msgs__rosidl_generator_c
[1.294s] [ 23%] Built target scout_mini_msgs__rosidl_typesupport_cpp
[1.425s] [ 35%] Built target scout_mini_msgs__rosidl_typesupport_introspection_cpp
[1.459s] [ 46%] Built target scout_mini_msgs__rosidl_typesupport_fastrtps_cpp
[1.549s] [ 57%] Built target scout_mini_msgs__rosidl_typesupport_c
[1.666s] [ 76%] Built target scout_mini_msgs__rosidl_typesupport_introspection_c
[1.678s] [ 80%] Built target scout_mini_msgs__rosidl_typesupport_fastrtps_c
[1.749s] [ 80%] Built target scout_mini_msgs
[1.839s] [ 80%] Built target ament_cmake_python_copy_scout_mini_msgs
[1.929s] [ 81%] Built target scout_mini_msgs__py
[2.218s] running egg_info
[2.221s] writing scout_mini_msgs.egg-info/PKG-INFO
[2.225s] writing dependency_links to scout_mini_msgs.egg-info/dependency_links.txt
[2.233s] writing top-level names to scout_mini_msgs.egg-info/top_level.txt
[2.256s] [ 91%] Built target scout_mini_msgs__rosidl_generator_py
[2.278s] reading manifest file 'scout_mini_msgs.egg-info/SOURCES.txt'
[2.342s] writing manifest file 'scout_mini_msgs.egg-info/SOURCES.txt'
[2.379s] [ 95%] Built target ament_cmake_python_build_scout_mini_msgs_egg
[2.384s] [ 98%] Built target scout_mini_msgs__rosidl_typesupport_fastrtps_c__pyext
[2.386s] [100%] Built target scout_mini_msgs__rosidl_typesupport_c__pyext
[2.388s] [100%] Built target scout_mini_msgs__rosidl_typesupport_introspection_c__pyext
[2.712s] Invoked command in '/apollo/ros_ws/build/scout_mini_msgs' returned '0': CMAKE_PREFIX_PATH=/opt/ros/humble /usr/bin/cmake --build /apollo/ros_ws/build/scout_mini_msgs -- -j20 -l20
[2.785s] Invoking command in '/apollo/ros_ws/build/scout_mini_msgs': CMAKE_PREFIX_PATH=/opt/ros/humble /usr/bin/cmake --install /apollo/ros_ws/build/scout_mini_msgs
[2.805s] -- Install configuration: ""
[2.851s] -- Up-to-date: /apollo/ros_ws/install/scout_mini_msgs/share/ament_index/resource_index/rosidl_interfaces/scout_mini_msgs
[2.866s] -- Up-to-date: /apollo/ros_ws/install/scout_mini_msgs/include/scout_mini_msgs/scout_mini_msgs
[2.888s] -- Up-to-date: /apollo/ros_ws/install/scout_mini_msgs/include/scout_mini_msgs/scout_mini_msgs/msg
[2.908s] -- Up-to-date: /apollo/ros_ws/install/scout_mini_msgs/include/scout_mini_msgs/scout_mini_msgs/msg/detail
[2.937s] -- Up-to-date: /apollo/ros_ws/install/scout_mini_msgs/include/scout_mini_msgs/scout_mini_msgs/msg/detail/driver_state__functions.c
[2.957s] -- Up-to-date: /apollo/ros_ws/install/scout_mini_msgs/include/scout_mini_msgs/scout_mini_msgs/msg/detail/driver_state__functions.h
[2.979s] -- Up-to-date: /apollo/ros_ws/install/scout_mini_msgs/include/scout_mini_msgs/scout_mini_msgs/msg/detail/driver_state__struct.h
[2.999s] -- Up-to-date: /apollo/ros_ws/install/scout_mini_msgs/include/scout_mini_msgs/scout_mini_msgs/msg/detail/driver_state__type_support.h
[3.022s] -- Up-to-date: /apollo/ros_ws/install/scout_mini_msgs/include/scout_mini_msgs/scout_mini_msgs/msg/detail/fault_state__functions.c
[3.043s] -- Up-to-date: /apollo/ros_ws/install/scout_mini_msgs/include/scout_mini_msgs/scout_mini_msgs/msg/detail/fault_state__functions.h
[3.068s] -- Up-to-date: /apollo/ros_ws/install/scout_mini_msgs/include/scout_mini_msgs/scout_mini_msgs/msg/detail/fault_state__struct.h
[3.090s] -- Up-to-date: /apollo/ros_ws/install/scout_mini_msgs/include/scout_mini_msgs/scout_mini_msgs/msg/detail/fault_state__type_support.h
[3.111s] -- Up-to-date: /apollo/ros_ws/install/scout_mini_msgs/include/scout_mini_msgs/scout_mini_msgs/msg/detail/light_command__functions.c
[3.133s] -- Up-to-date: /apollo/ros_ws/install/scout_mini_msgs/include/scout_mini_msgs/scout_mini_msgs/msg/detail/light_command__functions.h
[3.153s] -- Up-to-date: /apollo/ros_ws/install/scout_mini_msgs/include/scout_mini_msgs/scout_mini_msgs/msg/detail/light_command__struct.h
[3.173s] -- Up-to-date: /apollo/ros_ws/install/scout_mini_msgs/include/scout_mini_msgs/scout_mini_msgs/msg/detail/light_command__type_support.h
[3.195s] -- Up-to-date: /apollo/ros_ws/install/scout_mini_msgs/include/scout_mini_msgs/scout_mini_msgs/msg/detail/light_state__functions.c
[3.226s] -- Up-to-date: /apollo/ros_ws/install/scout_mini_msgs/include/scout_mini_msgs/scout_mini_msgs/msg/detail/light_state__functions.h
[3.249s] -- Up-to-date: /apollo/ros_ws/install/scout_mini_msgs/include/scout_mini_msgs/scout_mini_msgs/msg/detail/light_state__struct.h
[3.272s] -- Up-to-date: /apollo/ros_ws/install/scout_mini_msgs/include/scout_mini_msgs/scout_mini_msgs/msg/detail/light_state__type_support.h
[3.300s] -- Up-to-date: /apollo/ros_ws/install/scout_mini_msgs/include/scout_mini_msgs/scout_mini_msgs/msg/detail/motor_state__functions.c
[3.337s] -- Up-to-date: /apollo/ros_ws/install/scout_mini_msgs/include/scout_mini_msgs/scout_mini_msgs/msg/detail/motor_state__functions.h
[3.381s] -- Up-to-date: /apollo/ros_ws/install/scout_mini_msgs/include/scout_mini_msgs/scout_mini_msgs/msg/detail/motor_state__struct.h
[3.403s] -- Up-to-date: /apollo/ros_ws/install/scout_mini_msgs/include/scout_mini_msgs/scout_mini_msgs/msg/detail/motor_state__type_support.h
[3.430s] -- Up-to-date: /apollo/ros_ws/install/scout_mini_msgs/include/scout_mini_msgs/scout_mini_msgs/msg/detail/robot_state__functions.c
[3.454s] -- Up-to-date: /apollo/ros_ws/install/scout_mini_msgs/include/scout_mini_msgs/scout_mini_msgs/msg/detail/robot_state__functions.h
[3.475s] -- Up-to-date: /apollo/ros_ws/install/scout_mini_msgs/include/scout_mini_msgs/scout_mini_msgs/msg/detail/robot_state__struct.h
[3.498s] -- Up-to-date: /apollo/ros_ws/install/scout_mini_msgs/include/scout_mini_msgs/scout_mini_msgs/msg/detail/robot_state__type_support.h
[3.519s] -- Up-to-date: /apollo/ros_ws/install/scout_mini_msgs/include/scout_mini_msgs/scout_mini_msgs/msg/driver_state.h
[3.539s] -- Up-to-date: /apollo/ros_ws/install/scout_mini_msgs/include/scout_mini_msgs/scout_mini_msgs/msg/fault_state.h
[3.557s] -- Up-to-date: /apollo/ros_ws/install/scout_mini_msgs/include/scout_mini_msgs/scout_mini_msgs/msg/light_command.h
[3.575s] -- Up-to-date: /apollo/ros_ws/install/scout_mini_msgs/include/scout_mini_msgs/scout_mini_msgs/msg/light_state.h
[3.593s] -- Up-to-date: /apollo/ros_ws/install/scout_mini_msgs/include/scout_mini_msgs/scout_mini_msgs/msg/motor_state.h
[3.612s] -- Up-to-date: /apollo/ros_ws/install/scout_mini_msgs/include/scout_mini_msgs/scout_mini_msgs/msg/robot_state.h
[3.633s] -- Up-to-date: /apollo/ros_ws/install/scout_mini_msgs/include/scout_mini_msgs/scout_mini_msgs/msg/rosidl_generator_c__visibility_control.h
[3.647s] -- Up-to-date: /apollo/ros_ws/install/scout_mini_msgs/share/scout_mini_msgs/environment/library_path.sh
[3.664s] -- Up-to-date: /apollo/ros_ws/install/scout_mini_msgs/share/scout_mini_msgs/environment/library_path.dsv
[3.696s] -- Up-to-date: /apollo/ros_ws/install/scout_mini_msgs/lib/libscout_mini_msgs__rosidl_generator_c.so
[3.743s] -- Up-to-date: /apollo/ros_ws/install/scout_mini_msgs/include/scout_mini_msgs/scout_mini_msgs
[3.787s] -- Up-to-date: /apollo/ros_ws/install/scout_mini_msgs/include/scout_mini_msgs/scout_mini_msgs/msg
[3.809s] -- Up-to-date: /apollo/ros_ws/install/scout_mini_msgs/include/scout_mini_msgs/scout_mini_msgs/msg/detail
[3.841s] -- Up-to-date: /apollo/ros_ws/install/scout_mini_msgs/include/scout_mini_msgs/scout_mini_msgs/msg/detail/driver_state__rosidl_typesupport_fastrtps_c.h
[3.863s] -- Up-to-date: /apollo/ros_ws/install/scout_mini_msgs/include/scout_mini_msgs/scout_mini_msgs/msg/detail/fault_state__rosidl_typesupport_fastrtps_c.h
[3.900s] -- Up-to-date: /apollo/ros_ws/install/scout_mini_msgs/include/scout_mini_msgs/scout_mini_msgs/msg/detail/light_command__rosidl_typesupport_fastrtps_c.h
[3.977s] -- Up-to-date: /apollo/ros_ws/install/scout_mini_msgs/include/scout_mini_msgs/scout_mini_msgs/msg/detail/light_state__rosidl_typesupport_fastrtps_c.h
[4.065s] -- Up-to-date: /apollo/ros_ws/install/scout_mini_msgs/include/scout_mini_msgs/scout_mini_msgs/msg/detail/motor_state__rosidl_typesupport_fastrtps_c.h
[4.104s] -- Up-to-date: /apollo/ros_ws/install/scout_mini_msgs/include/scout_mini_msgs/scout_mini_msgs/msg/detail/robot_state__rosidl_typesupport_fastrtps_c.h
[4.134s] -- Up-to-date: /apollo/ros_ws/install/scout_mini_msgs/include/scout_mini_msgs/scout_mini_msgs/msg/rosidl_typesupport_fastrtps_c__visibility_control.h
[4.165s] -- Up-to-date: /apollo/ros_ws/install/scout_mini_msgs/lib/libscout_mini_msgs__rosidl_typesupport_fastrtps_c.so
[4.195s] -- Up-to-date: /apollo/ros_ws/install/scout_mini_msgs/include/scout_mini_msgs/scout_mini_msgs
[4.212s] -- Up-to-date: /apollo/ros_ws/install/scout_mini_msgs/include/scout_mini_msgs/scout_mini_msgs/msg
[4.234s] -- Up-to-date: /apollo/ros_ws/install/scout_mini_msgs/include/scout_mini_msgs/scout_mini_msgs/msg/detail
[4.261s] -- Up-to-date: /apollo/ros_ws/install/scout_mini_msgs/include/scout_mini_msgs/scout_mini_msgs/msg/detail/driver_state__rosidl_typesupport_introspection_c.h
[4.284s] -- Up-to-date: /apollo/ros_ws/install/scout_mini_msgs/include/scout_mini_msgs/scout_mini_msgs/msg/detail/driver_state__type_support.c
[4.305s] -- Up-to-date: /apollo/ros_ws/install/scout_mini_msgs/include/scout_mini_msgs/scout_mini_msgs/msg/detail/fault_state__rosidl_typesupport_introspection_c.h
[4.328s] -- Up-to-date: /apollo/ros_ws/install/scout_mini_msgs/include/scout_mini_msgs/scout_mini_msgs/msg/detail/fault_state__type_support.c
[4.349s] -- Up-to-date: /apollo/ros_ws/install/scout_mini_msgs/include/scout_mini_msgs/scout_mini_msgs/msg/detail/light_command__rosidl_typesupport_introspection_c.h
[4.371s] -- Up-to-date: /apollo/ros_ws/install/scout_mini_msgs/include/scout_mini_msgs/scout_mini_msgs/msg/detail/light_command__type_support.c
[4.392s] -- Up-to-date: /apollo/ros_ws/install/scout_mini_msgs/include/scout_mini_msgs/scout_mini_msgs/msg/detail/light_state__rosidl_typesupport_introspection_c.h
[4.416s] -- Up-to-date: /apollo/ros_ws/install/scout_mini_msgs/include/scout_mini_msgs/scout_mini_msgs/msg/detail/light_state__type_support.c
[4.477s] -- Up-to-date: /apollo/ros_ws/install/scout_mini_msgs/include/scout_mini_msgs/scout_mini_msgs/msg/detail/motor_state__rosidl_typesupport_introspection_c.h
[4.500s] -- Up-to-date: /apollo/ros_ws/install/scout_mini_msgs/include/scout_mini_msgs/scout_mini_msgs/msg/detail/motor_state__type_support.c
[4.524s] -- Up-to-date: /apollo/ros_ws/install/scout_mini_msgs/include/scout_mini_msgs/scout_mini_msgs/msg/detail/robot_state__rosidl_typesupport_introspection_c.h
[4.545s] -- Up-to-date: /apollo/ros_ws/install/scout_mini_msgs/include/scout_mini_msgs/scout_mini_msgs/msg/detail/robot_state__type_support.c
[4.562s] -- Up-to-date: /apollo/ros_ws/install/scout_mini_msgs/include/scout_mini_msgs/scout_mini_msgs/msg/rosidl_typesupport_introspection_c__visibility_control.h
[4.593s] -- Up-to-date: /apollo/ros_ws/install/scout_mini_msgs/lib/libscout_mini_msgs__rosidl_typesupport_introspection_c.so
[4.647s] -- Up-to-date: /apollo/ros_ws/install/scout_mini_msgs/lib/libscout_mini_msgs__rosidl_typesupport_c.so
[4.764s] -- Up-to-date: /apollo/ros_ws/install/scout_mini_msgs/include/scout_mini_msgs/scout_mini_msgs
[4.822s] -- Up-to-date: /apollo/ros_ws/install/scout_mini_msgs/include/scout_mini_msgs/scout_mini_msgs/msg
[4.845s] -- Up-to-date: /apollo/ros_ws/install/scout_mini_msgs/include/scout_mini_msgs/scout_mini_msgs/msg/detail
[4.903s] -- Up-to-date: /apollo/ros_ws/install/scout_mini_msgs/include/scout_mini_msgs/scout_mini_msgs/msg/detail/driver_state__builder.hpp
[5.002s] -- Up-to-date: /apollo/ros_ws/install/scout_mini_msgs/include/scout_mini_msgs/scout_mini_msgs/msg/detail/driver_state__struct.hpp
[5.088s] -- Up-to-date: /apollo/ros_ws/install/scout_mini_msgs/include/scout_mini_msgs/scout_mini_msgs/msg/detail/driver_state__traits.hpp
[5.197s] -- Up-to-date: /apollo/ros_ws/install/scout_mini_msgs/include/scout_mini_msgs/scout_mini_msgs/msg/detail/driver_state__type_support.hpp
[5.276s] -- Up-to-date: /apollo/ros_ws/install/scout_mini_msgs/include/scout_mini_msgs/scout_mini_msgs/msg/detail/fault_state__builder.hpp
[5.309s] -- Up-to-date: /apollo/ros_ws/install/scout_mini_msgs/include/scout_mini_msgs/scout_mini_msgs/msg/detail/fault_state__struct.hpp
[5.335s] -- Up-to-date: /apollo/ros_ws/install/scout_mini_msgs/include/scout_mini_msgs/scout_mini_msgs/msg/detail/fault_state__traits.hpp
[5.356s] -- Up-to-date: /apollo/ros_ws/install/scout_mini_msgs/include/scout_mini_msgs/scout_mini_msgs/msg/detail/fault_state__type_support.hpp
[5.376s] -- Up-to-date: /apollo/ros_ws/install/scout_mini_msgs/include/scout_mini_msgs/scout_mini_msgs/msg/detail/light_command__builder.hpp
[5.397s] -- Up-to-date: /apollo/ros_ws/install/scout_mini_msgs/include/scout_mini_msgs/scout_mini_msgs/msg/detail/light_command__struct.hpp
[5.419s] -- Up-to-date: /apollo/ros_ws/install/scout_mini_msgs/include/scout_mini_msgs/scout_mini_msgs/msg/detail/light_command__traits.hpp
[5.440s] -- Up-to-date: /apollo/ros_ws/install/scout_mini_msgs/include/scout_mini_msgs/scout_mini_msgs/msg/detail/light_command__type_support.hpp
[5.469s] -- Up-to-date: /apollo/ros_ws/install/scout_mini_msgs/include/scout_mini_msgs/scout_mini_msgs/msg/detail/light_state__builder.hpp
[5.500s] -- Up-to-date: /apollo/ros_ws/install/scout_mini_msgs/include/scout_mini_msgs/scout_mini_msgs/msg/detail/light_state__struct.hpp
[5.521s] -- Up-to-date: /apollo/ros_ws/install/scout_mini_msgs/include/scout_mini_msgs/scout_mini_msgs/msg/detail/light_state__traits.hpp
[5.540s] -- Up-to-date: /apollo/ros_ws/install/scout_mini_msgs/include/scout_mini_msgs/scout_mini_msgs/msg/detail/light_state__type_support.hpp
[5.559s] -- Up-to-date: /apollo/ros_ws/install/scout_mini_msgs/include/scout_mini_msgs/scout_mini_msgs/msg/detail/motor_state__builder.hpp
[5.581s] -- Up-to-date: /apollo/ros_ws/install/scout_mini_msgs/include/scout_mini_msgs/scout_mini_msgs/msg/detail/motor_state__struct.hpp
[5.603s] -- Up-to-date: /apollo/ros_ws/install/scout_mini_msgs/include/scout_mini_msgs/scout_mini_msgs/msg/detail/motor_state__traits.hpp
[5.638s] -- Up-to-date: /apollo/ros_ws/install/scout_mini_msgs/include/scout_mini_msgs/scout_mini_msgs/msg/detail/motor_state__type_support.hpp
[5.686s] -- Up-to-date: /apollo/ros_ws/install/scout_mini_msgs/include/scout_mini_msgs/scout_mini_msgs/msg/detail/robot_state__builder.hpp
[5.708s] -- Up-to-date: /apollo/ros_ws/install/scout_mini_msgs/include/scout_mini_msgs/scout_mini_msgs/msg/detail/robot_state__struct.hpp
[5.729s] -- Up-to-date: /apollo/ros_ws/install/scout_mini_msgs/include/scout_mini_msgs/scout_mini_msgs/msg/detail/robot_state__traits.hpp
[5.750s] -- Up-to-date: /apollo/ros_ws/install/scout_mini_msgs/include/scout_mini_msgs/scout_mini_msgs/msg/detail/robot_state__type_support.hpp
[5.768s] -- Up-to-date: /apollo/ros_ws/install/scout_mini_msgs/include/scout_mini_msgs/scout_mini_msgs/msg/driver_state.hpp
[5.786s] -- Up-to-date: /apollo/ros_ws/install/scout_mini_msgs/include/scout_mini_msgs/scout_mini_msgs/msg/fault_state.hpp
[5.804s] -- Up-to-date: /apollo/ros_ws/install/scout_mini_msgs/include/scout_mini_msgs/scout_mini_msgs/msg/light_command.hpp
[5.823s] -- Up-to-date: /apollo/ros_ws/install/scout_mini_msgs/include/scout_mini_msgs/scout_mini_msgs/msg/light_state.hpp
[5.840s] -- Up-to-date: /apollo/ros_ws/install/scout_mini_msgs/include/scout_mini_msgs/scout_mini_msgs/msg/motor_state.hpp
[5.857s] -- Up-to-date: /apollo/ros_ws/install/scout_mini_msgs/include/scout_mini_msgs/scout_mini_msgs/msg/robot_state.hpp
[5.874s] -- Up-to-date: /apollo/ros_ws/install/scout_mini_msgs/include/scout_mini_msgs/scout_mini_msgs/msg/rosidl_generator_cpp__visibility_control.hpp
[5.887s] -- Up-to-date: /apollo/ros_ws/install/scout_mini_msgs/include/scout_mini_msgs/scout_mini_msgs
[5.903s] -- Up-to-date: /apollo/ros_ws/install/scout_mini_msgs/include/scout_mini_msgs/scout_mini_msgs/msg
[5.926s] -- Up-to-date: /apollo/ros_ws/install/scout_mini_msgs/include/scout_mini_msgs/scout_mini_msgs/msg/detail
[5.950s] -- Up-to-date: /apollo/ros_ws/install/scout_mini_msgs/include/scout_mini_msgs/scout_mini_msgs/msg/detail/dds_fastrtps
[5.988s] -- Up-to-date: /apollo/ros_ws/install/scout_mini_msgs/include/scout_mini_msgs/scout_mini_msgs/msg/detail/driver_state__rosidl_typesupport_fastrtps_cpp.hpp
[6.025s] -- Up-to-date: /apollo/ros_ws/install/scout_mini_msgs/include/scout_mini_msgs/scout_mini_msgs/msg/detail/fault_state__rosidl_typesupport_fastrtps_cpp.hpp
[6.046s] -- Up-to-date: /apollo/ros_ws/install/scout_mini_msgs/include/scout_mini_msgs/scout_mini_msgs/msg/detail/light_command__rosidl_typesupport_fastrtps_cpp.hpp
[6.066s] -- Up-to-date: /apollo/ros_ws/install/scout_mini_msgs/include/scout_mini_msgs/scout_mini_msgs/msg/detail/light_state__rosidl_typesupport_fastrtps_cpp.hpp
[6.088s] -- Up-to-date: /apollo/ros_ws/install/scout_mini_msgs/include/scout_mini_msgs/scout_mini_msgs/msg/detail/motor_state__rosidl_typesupport_fastrtps_cpp.hpp
[6.108s] -- Up-to-date: /apollo/ros_ws/install/scout_mini_msgs/include/scout_mini_msgs/scout_mini_msgs/msg/detail/robot_state__rosidl_typesupport_fastrtps_cpp.hpp
[6.129s] -- Up-to-date: /apollo/ros_ws/install/scout_mini_msgs/include/scout_mini_msgs/scout_mini_msgs/msg/rosidl_typesupport_fastrtps_cpp__visibility_control.h
[6.158s] -- Up-to-date: /apollo/ros_ws/install/scout_mini_msgs/lib/libscout_mini_msgs__rosidl_typesupport_fastrtps_cpp.so
[6.187s] -- Up-to-date: /apollo/ros_ws/install/scout_mini_msgs/include/scout_mini_msgs/scout_mini_msgs
[6.203s] -- Up-to-date: /apollo/ros_ws/install/scout_mini_msgs/include/scout_mini_msgs/scout_mini_msgs/msg
[6.225s] -- Up-to-date: /apollo/ros_ws/install/scout_mini_msgs/include/scout_mini_msgs/scout_mini_msgs/msg/detail
[6.251s] -- Up-to-date: /apollo/ros_ws/install/scout_mini_msgs/include/scout_mini_msgs/scout_mini_msgs/msg/detail/driver_state__rosidl_typesupport_introspection_cpp.hpp
[6.270s] -- Up-to-date: /apollo/ros_ws/install/scout_mini_msgs/include/scout_mini_msgs/scout_mini_msgs/msg/detail/driver_state__type_support.cpp
[6.324s] -- Up-to-date: /apollo/ros_ws/install/scout_mini_msgs/include/scout_mini_msgs/scout_mini_msgs/msg/detail/fault_state__rosidl_typesupport_introspection_cpp.hpp
[6.412s] -- Up-to-date: /apollo/ros_ws/install/scout_mini_msgs/include/scout_mini_msgs/scout_mini_msgs/msg/detail/fault_state__type_support.cpp
[6.487s] -- Up-to-date: /apollo/ros_ws/install/scout_mini_msgs/include/scout_mini_msgs/scout_mini_msgs/msg/detail/light_command__rosidl_typesupport_introspection_cpp.hpp
[6.543s] -- Up-to-date: /apollo/ros_ws/install/scout_mini_msgs/include/scout_mini_msgs/scout_mini_msgs/msg/detail/light_command__type_support.cpp
[6.579s] -- Up-to-date: /apollo/ros_ws/install/scout_mini_msgs/include/scout_mini_msgs/scout_mini_msgs/msg/detail/light_state__rosidl_typesupport_introspection_cpp.hpp
[6.607s] -- Up-to-date: /apollo/ros_ws/install/scout_mini_msgs/include/scout_mini_msgs/scout_mini_msgs/msg/detail/light_state__type_support.cpp
[6.640s] -- Up-to-date: /apollo/ros_ws/install/scout_mini_msgs/include/scout_mini_msgs/scout_mini_msgs/msg/detail/motor_state__rosidl_typesupport_introspection_cpp.hpp
[6.670s] -- Up-to-date: /apollo/ros_ws/install/scout_mini_msgs/include/scout_mini_msgs/scout_mini_msgs/msg/detail/motor_state__type_support.cpp
[6.725s] -- Up-to-date: /apollo/ros_ws/install/scout_mini_msgs/include/scout_mini_msgs/scout_mini_msgs/msg/detail/robot_state__rosidl_typesupport_introspection_cpp.hpp
[6.853s] -- Up-to-date: /apollo/ros_ws/install/scout_mini_msgs/include/scout_mini_msgs/scout_mini_msgs/msg/detail/robot_state__type_support.cpp
[7.007s] -- Up-to-date: /apollo/ros_ws/install/scout_mini_msgs/lib/libscout_mini_msgs__rosidl_typesupport_introspection_cpp.so
[7.089s] -- Up-to-date: /apollo/ros_ws/install/scout_mini_msgs/lib/libscout_mini_msgs__rosidl_typesupport_cpp.so
[7.138s] -- Up-to-date: /apollo/ros_ws/install/scout_mini_msgs/share/scout_mini_msgs/environment/pythonpath.sh
[7.188s] -- Up-to-date: /apollo/ros_ws/install/scout_mini_msgs/share/scout_mini_msgs/environment/pythonpath.dsv
[7.211s] -- Up-to-date: /apollo/ros_ws/install/scout_mini_msgs/local/lib/python3.10/dist-packages/scout_mini_msgs-0.1.0-py3.10.egg-info
[7.243s] -- Installing: /apollo/ros_ws/install/scout_mini_msgs/local/lib/python3.10/dist-packages/scout_mini_msgs-0.1.0-py3.10.egg-info/dependency_links.txt
[7.327s] -- Installing: /apollo/ros_ws/install/scout_mini_msgs/local/lib/python3.10/dist-packages/scout_mini_msgs-0.1.0-py3.10.egg-info/PKG-INFO
[7.415s] -- Installing: /apollo/ros_ws/install/scout_mini_msgs/local/lib/python3.10/dist-packages/scout_mini_msgs-0.1.0-py3.10.egg-info/SOURCES.txt
[7.581s] -- Installing: /apollo/ros_ws/install/scout_mini_msgs/local/lib/python3.10/dist-packages/scout_mini_msgs-0.1.0-py3.10.egg-info/top_level.txt
[7.769s] -- Up-to-date: /apollo/ros_ws/install/scout_mini_msgs/local/lib/python3.10/dist-packages/scout_mini_msgs
[7.808s] -- Up-to-date: /apollo/ros_ws/install/scout_mini_msgs/local/lib/python3.10/dist-packages/scout_mini_msgs/libscout_mini_msgs__rosidl_generator_py.so
[7.858s] -- Up-to-date: /apollo/ros_ws/install/scout_mini_msgs/local/lib/python3.10/dist-packages/scout_mini_msgs/msg
[7.949s] -- Up-to-date: /apollo/ros_ws/install/scout_mini_msgs/local/lib/python3.10/dist-packages/scout_mini_msgs/msg/_driver_state.py
[8.032s] -- Up-to-date: /apollo/ros_ws/install/scout_mini_msgs/local/lib/python3.10/dist-packages/scout_mini_msgs/msg/_driver_state_s.c
[8.120s] -- Up-to-date: /apollo/ros_ws/install/scout_mini_msgs/local/lib/python3.10/dist-packages/scout_mini_msgs/msg/_fault_state.py
[8.163s] -- Up-to-date: /apollo/ros_ws/install/scout_mini_msgs/local/lib/python3.10/dist-packages/scout_mini_msgs/msg/_fault_state_s.c
[8.189s] -- Up-to-date: /apollo/ros_ws/install/scout_mini_msgs/local/lib/python3.10/dist-packages/scout_mini_msgs/msg/_light_command.py
[8.214s] -- Up-to-date: /apollo/ros_ws/install/scout_mini_msgs/local/lib/python3.10/dist-packages/scout_mini_msgs/msg/_light_command_s.c
[8.242s] -- Up-to-date: /apollo/ros_ws/install/scout_mini_msgs/local/lib/python3.10/dist-packages/scout_mini_msgs/msg/_light_state.py
[8.268s] -- Up-to-date: /apollo/ros_ws/install/scout_mini_msgs/local/lib/python3.10/dist-packages/scout_mini_msgs/msg/_light_state_s.c
[8.295s] -- Up-to-date: /apollo/ros_ws/install/scout_mini_msgs/local/lib/python3.10/dist-packages/scout_mini_msgs/msg/_motor_state.py
[8.319s] -- Up-to-date: /apollo/ros_ws/install/scout_mini_msgs/local/lib/python3.10/dist-packages/scout_mini_msgs/msg/_motor_state_s.c
[8.347s] -- Up-to-date: /apollo/ros_ws/install/scout_mini_msgs/local/lib/python3.10/dist-packages/scout_mini_msgs/msg/_robot_state.py
[8.372s] -- Up-to-date: /apollo/ros_ws/install/scout_mini_msgs/local/lib/python3.10/dist-packages/scout_mini_msgs/msg/_robot_state_s.c
[8.398s] -- Up-to-date: /apollo/ros_ws/install/scout_mini_msgs/local/lib/python3.10/dist-packages/scout_mini_msgs/msg/__init__.py
[8.419s] -- Up-to-date: /apollo/ros_ws/install/scout_mini_msgs/local/lib/python3.10/dist-packages/scout_mini_msgs/scout_mini_msgs_s__rosidl_typesupport_c.cpython-310-x86_64-linux-gnu.so
[8.441s] -- Up-to-date: /apollo/ros_ws/install/scout_mini_msgs/local/lib/python3.10/dist-packages/scout_mini_msgs/scout_mini_msgs_s__rosidl_typesupport_fastrtps_c.cpython-310-x86_64-linux-gnu.so
[8.458s] -- Up-to-date: /apollo/ros_ws/install/scout_mini_msgs/local/lib/python3.10/dist-packages/scout_mini_msgs/scout_mini_msgs_s__rosidl_typesupport_introspection_c.cpython-310-x86_64-linux-gnu.so
[8.475s] -- Up-to-date: /apollo/ros_ws/install/scout_mini_msgs/local/lib/python3.10/dist-packages/scout_mini_msgs/_scout_mini_msgs_s.ep.rosidl_typesupport_c.c
[8.496s] -- Up-to-date: /apollo/ros_ws/install/scout_mini_msgs/local/lib/python3.10/dist-packages/scout_mini_msgs/_scout_mini_msgs_s.ep.rosidl_typesupport_fastrtps_c.c
[8.513s] -- Up-to-date: /apollo/ros_ws/install/scout_mini_msgs/local/lib/python3.10/dist-packages/scout_mini_msgs/_scout_mini_msgs_s.ep.rosidl_typesupport_introspection_c.c
[8.537s] -- Up-to-date: /apollo/ros_ws/install/scout_mini_msgs/local/lib/python3.10/dist-packages/scout_mini_msgs/__init__.py
[9.083s] Listing '/apollo/ros_ws/install/scout_mini_msgs/local/lib/python3.10/dist-packages/scout_mini_msgs'...
[9.084s] Listing '/apollo/ros_ws/install/scout_mini_msgs/local/lib/python3.10/dist-packages/scout_mini_msgs/msg'...
[9.276s] -- Up-to-date: /apollo/ros_ws/install/scout_mini_msgs/local/lib/python3.10/dist-packages/scout_mini_msgs/scout_mini_msgs_s__rosidl_typesupport_fastrtps_c.cpython-310-x86_64-linux-gnu.so
[9.542s] -- Up-to-date: /apollo/ros_ws/install/scout_mini_msgs/local/lib/python3.10/dist-packages/scout_mini_msgs/scout_mini_msgs_s__rosidl_typesupport_introspection_c.cpython-310-x86_64-linux-gnu.so
[9.628s] -- Up-to-date: /apollo/ros_ws/install/scout_mini_msgs/local/lib/python3.10/dist-packages/scout_mini_msgs/scout_mini_msgs_s__rosidl_typesupport_c.cpython-310-x86_64-linux-gnu.so
[9.754s] -- Up-to-date: /apollo/ros_ws/install/scout_mini_msgs/lib/libscout_mini_msgs__rosidl_generator_py.so
[9.848s] -- Up-to-date: /apollo/ros_ws/install/scout_mini_msgs/share/scout_mini_msgs/msg/DriverState.idl
[9.892s] -- Up-to-date: /apollo/ros_ws/install/scout_mini_msgs/share/scout_mini_msgs/msg/FaultState.idl
[9.924s] -- Up-to-date: /apollo/ros_ws/install/scout_mini_msgs/share/scout_mini_msgs/msg/LightCommand.idl
[9.953s] -- Up-to-date: /apollo/ros_ws/install/scout_mini_msgs/share/scout_mini_msgs/msg/LightState.idl
[9.987s] -- Up-to-date: /apollo/ros_ws/install/scout_mini_msgs/share/scout_mini_msgs/msg/MotorState.idl
[10.021s] -- Up-to-date: /apollo/ros_ws/install/scout_mini_msgs/share/scout_mini_msgs/msg/RobotState.idl
[10.093s] -- Up-to-date: /apollo/ros_ws/install/scout_mini_msgs/share/scout_mini_msgs/msg/DriverState.msg
[10.179s] -- Up-to-date: /apollo/ros_ws/install/scout_mini_msgs/share/scout_mini_msgs/msg/FaultState.msg
[10.263s] -- Up-to-date: /apollo/ros_ws/install/scout_mini_msgs/share/scout_mini_msgs/msg/LightCommand.msg
[10.307s] -- Up-to-date: /apollo/ros_ws/install/scout_mini_msgs/share/scout_mini_msgs/msg/LightState.msg
[10.327s] -- Up-to-date: /apollo/ros_ws/install/scout_mini_msgs/share/scout_mini_msgs/msg/MotorState.msg
[10.348s] -- Up-to-date: /apollo/ros_ws/install/scout_mini_msgs/share/scout_mini_msgs/msg/RobotState.msg
[10.371s] -- Up-to-date: /apollo/ros_ws/install/scout_mini_msgs/share/ament_index/resource_index/package_run_dependencies/scout_mini_msgs
[10.400s] -- Up-to-date: /apollo/ros_ws/install/scout_mini_msgs/share/ament_index/resource_index/parent_prefix_path/scout_mini_msgs
[10.414s] -- Up-to-date: /apollo/ros_ws/install/scout_mini_msgs/share/scout_mini_msgs/environment/ament_prefix_path.sh
[10.439s] -- Up-to-date: /apollo/ros_ws/install/scout_mini_msgs/share/scout_mini_msgs/environment/ament_prefix_path.dsv
[10.453s] -- Up-to-date: /apollo/ros_ws/install/scout_mini_msgs/share/scout_mini_msgs/environment/path.sh
[10.468s] -- Up-to-date: /apollo/ros_ws/install/scout_mini_msgs/share/scout_mini_msgs/environment/path.dsv
[10.484s] -- Up-to-date: /apollo/ros_ws/install/scout_mini_msgs/share/scout_mini_msgs/local_setup.bash
[10.498s] -- Up-to-date: /apollo/ros_ws/install/scout_mini_msgs/share/scout_mini_msgs/local_setup.sh
[10.510s] -- Up-to-date: /apollo/ros_ws/install/scout_mini_msgs/share/scout_mini_msgs/local_setup.zsh
[10.524s] -- Up-to-date: /apollo/ros_ws/install/scout_mini_msgs/share/scout_mini_msgs/local_setup.dsv
[10.540s] -- Installing: /apollo/ros_ws/install/scout_mini_msgs/share/scout_mini_msgs/package.dsv
[10.595s] -- Up-to-date: /apollo/ros_ws/install/scout_mini_msgs/share/ament_index/resource_index/packages/scout_mini_msgs
[10.628s] -- Up-to-date: /apollo/ros_ws/install/scout_mini_msgs/share/scout_mini_msgs/cmake/export_scout_mini_msgs__rosidl_generator_cExport.cmake
[10.655s] -- Up-to-date: /apollo/ros_ws/install/scout_mini_msgs/share/scout_mini_msgs/cmake/export_scout_mini_msgs__rosidl_generator_cExport-noconfig.cmake
[10.689s] -- Up-to-date: /apollo/ros_ws/install/scout_mini_msgs/share/scout_mini_msgs/cmake/export_scout_mini_msgs__rosidl_typesupport_fastrtps_cExport.cmake
[10.712s] -- Up-to-date: /apollo/ros_ws/install/scout_mini_msgs/share/scout_mini_msgs/cmake/export_scout_mini_msgs__rosidl_typesupport_fastrtps_cExport-noconfig.cmake
[10.749s] -- Up-to-date: /apollo/ros_ws/install/scout_mini_msgs/share/scout_mini_msgs/cmake/scout_mini_msgs__rosidl_typesupport_introspection_cExport.cmake
[10.769s] -- Up-to-date: /apollo/ros_ws/install/scout_mini_msgs/share/scout_mini_msgs/cmake/scout_mini_msgs__rosidl_typesupport_introspection_cExport-noconfig.cmake
[10.805s] -- Up-to-date: /apollo/ros_ws/install/scout_mini_msgs/share/scout_mini_msgs/cmake/scout_mini_msgs__rosidl_typesupport_cExport.cmake
[10.827s] -- Up-to-date: /apollo/ros_ws/install/scout_mini_msgs/share/scout_mini_msgs/cmake/scout_mini_msgs__rosidl_typesupport_cExport-noconfig.cmake
[10.864s] -- Up-to-date: /apollo/ros_ws/install/scout_mini_msgs/share/scout_mini_msgs/cmake/export_scout_mini_msgs__rosidl_generator_cppExport.cmake
[10.910s] -- Up-to-date: /apollo/ros_ws/install/scout_mini_msgs/share/scout_mini_msgs/cmake/export_scout_mini_msgs__rosidl_typesupport_fastrtps_cppExport.cmake
[10.958s] -- Up-to-date: /apollo/ros_ws/install/scout_mini_msgs/share/scout_mini_msgs/cmake/export_scout_mini_msgs__rosidl_typesupport_fastrtps_cppExport-noconfig.cmake
[11.011s] -- Up-to-date: /apollo/ros_ws/install/scout_mini_msgs/share/scout_mini_msgs/cmake/scout_mini_msgs__rosidl_typesupport_introspection_cppExport.cmake
[11.042s] -- Up-to-date: /apollo/ros_ws/install/scout_mini_msgs/share/scout_mini_msgs/cmake/scout_mini_msgs__rosidl_typesupport_introspection_cppExport-noconfig.cmake
[11.079s] -- Up-to-date: /apollo/ros_ws/install/scout_mini_msgs/share/scout_mini_msgs/cmake/scout_mini_msgs__rosidl_typesupport_cppExport.cmake
[11.106s] -- Up-to-date: /apollo/ros_ws/install/scout_mini_msgs/share/scout_mini_msgs/cmake/scout_mini_msgs__rosidl_typesupport_cppExport-noconfig.cmake
[11.146s] -- Up-to-date: /apollo/ros_ws/install/scout_mini_msgs/share/scout_mini_msgs/cmake/export_scout_mini_msgs__rosidl_generator_pyExport.cmake
[11.171s] -- Up-to-date: /apollo/ros_ws/install/scout_mini_msgs/share/scout_mini_msgs/cmake/export_scout_mini_msgs__rosidl_generator_pyExport-noconfig.cmake
[11.191s] -- Up-to-date: /apollo/ros_ws/install/scout_mini_msgs/share/scout_mini_msgs/cmake/rosidl_cmake-extras.cmake
[11.209s] -- Up-to-date: /apollo/ros_ws/install/scout_mini_msgs/share/scout_mini_msgs/cmake/ament_cmake_export_dependencies-extras.cmake
[11.228s] -- Up-to-date: /apollo/ros_ws/install/scout_mini_msgs/share/scout_mini_msgs/cmake/ament_cmake_export_include_directories-extras.cmake
[11.249s] -- Up-to-date: /apollo/ros_ws/install/scout_mini_msgs/share/scout_mini_msgs/cmake/ament_cmake_export_libraries-extras.cmake
[11.267s] -- Up-to-date: /apollo/ros_ws/install/scout_mini_msgs/share/scout_mini_msgs/cmake/ament_cmake_export_targets-extras.cmake
[11.288s] -- Up-to-date: /apollo/ros_ws/install/scout_mini_msgs/share/scout_mini_msgs/cmake/rosidl_cmake_export_typesupport_targets-extras.cmake
[11.307s] -- Up-to-date: /apollo/ros_ws/install/scout_mini_msgs/share/scout_mini_msgs/cmake/rosidl_cmake_export_typesupport_libraries-extras.cmake
[11.324s] -- Up-to-date: /apollo/ros_ws/install/scout_mini_msgs/share/scout_mini_msgs/cmake/scout_mini_msgsConfig.cmake
[11.346s] -- Up-to-date: /apollo/ros_ws/install/scout_mini_msgs/share/scout_mini_msgs/cmake/scout_mini_msgsConfig-version.cmake
[11.364s] -- Up-to-date: /apollo/ros_ws/install/scout_mini_msgs/share/scout_mini_msgs/package.xml
[11.498s] Invoked command in '/apollo/ros_ws/build/scout_mini_msgs' returned '0': CMAKE_PREFIX_PATH=/opt/ros/humble /usr/bin/cmake --install /apollo/ros_ws/build/scout_mini_msgs
