[0.813s] Invoking command in '/apollo/ros_ws/build/scout_mini_description': CMAKE_PREFIX_PATH=${CMAKE_PREFIX_PATH}:/opt/ros/humble /usr/bin/cmake /apollo/ros_ws/src/scout_mini_description -DAMENT_CMAKE_SYMLINK_INSTALL=1 -DCMAKE_INSTALL_PREFIX=/apollo/ros_ws/install/scout_mini_description
[1.055s] -- Found ament_cmake: 1.3.11 (/opt/ros/humble/share/ament_cmake/cmake)
[1.499s] -- Override CMake install command with custom implementation using symlinks instead of copying resources
[1.658s] -- Found urdf: 2.6.1 (/opt/ros/humble/share/urdf/cmake)
[1.990s] -- Found rviz2: 11.2.16 (/opt/ros/humble/share/rviz2/cmake)
[1.991s] -- Found robot_state_publisher: 3.0.3 (/opt/ros/humble/share/robot_state_publisher/cmake)
[2.014s] -- Found rosidl_generator_c: 3.1.6 (/opt/ros/humble/share/rosidl_generator_c/cmake)
[2.017s] -- Found rosidl_adapter: 3.1.6 (/opt/ros/humble/share/rosidl_adapter/cmake)
[2.024s] -- Found rosidl_generator_cpp: 3.1.6 (/opt/ros/humble/share/rosidl_generator_cpp/cmake)
[2.052s] -- Using all available rosidl_typesupport_c: rosidl_typesupport_fastrtps_c;rosidl_typesupport_introspection_c
[2.078s] -- Using all available rosidl_typesupport_cpp: rosidl_typesupport_fastrtps_cpp;rosidl_typesupport_introspection_cpp
[2.173s] -- Found eigen3_cmake_module: 0.1.1 (/opt/ros/humble/share/eigen3_cmake_module/cmake)
[2.175s] -- Ensuring Eigen3 include directory is part of orocos-kdl CMake target
[2.224s] -- Found rmw_implementation_cmake: 6.1.2 (/opt/ros/humble/share/rmw_implementation_cmake/cmake)
[2.241s] -- Found rmw_fastrtps_cpp: 6.2.7 (/opt/ros/humble/share/rmw_fastrtps_cpp/cmake)
[2.266s] -- Found TinyXML2 via Config file: TinyXML2_DIR-NOTFOUND
[2.308s] -- Found TinyXML2 via Config file: TinyXML2_DIR-NOTFOUND
[2.376s] -- Found TinyXML2 via Config file: TinyXML2_DIR-NOTFOUND
[2.404s] -- Found TinyXML2 via Config file: TinyXML2_DIR-NOTFOUND
[2.504s] -- Using RMW implementation 'rmw_fastrtps_cpp' as default
[4.682s] -- Configuring done
[5.878s] -- Generating done
[6.855s] -- Build files have been written to: /apollo/ros_ws/build/scout_mini_description
