[0.328s] Invoking command in '/my_code/ros_ws/build/scout_mini_hardware': CMAKE_PREFIX_PATH=${CMAKE_PREFIX_PATH}:/opt/ros/humble /usr/bin/cmake /my_code/ros_ws/src/scout_mini_hardware -DCMAKE_INSTALL_PREFIX=/my_code/ros_ws/install/scout_mini_hardware
[0.440s] -- Found ament_cmake: 1.3.11 (/opt/ros/humble/share/ament_cmake/cmake)
[0.652s] -- Found rclcpp: 16.0.11 (/opt/ros/humble/share/rclcpp/cmake)
[0.657s] -- Found rosidl_generator_c: 3.1.6 (/opt/ros/humble/share/rosidl_generator_c/cmake)
[0.659s] -- Found rosidl_adapter: 3.1.6 (/opt/ros/humble/share/rosidl_adapter/cmake)
[0.662s] -- Found rosidl_generator_cpp: 3.1.6 (/opt/ros/humble/share/rosidl_generator_cpp/cmake)
[0.665s] -- Using all available rosidl_typesupport_c: rosidl_typesupport_fastrtps_c;rosidl_typesupport_introspection_c
[0.670s] -- Using all available rosidl_typesupport_cpp: rosidl_typesupport_fastrtps_cpp;rosidl_typesupport_introspection_cpp
[0.695s] -- Found rmw_implementation_cmake: 6.1.2 (/opt/ros/humble/share/rmw_implementation_cmake/cmake)
[0.697s] -- Found rmw_fastrtps_cpp: 6.2.7 (/opt/ros/humble/share/rmw_fastrtps_cpp/cmake)
[0.777s] -- Using RMW implementation 'rmw_fastrtps_cpp' as default
[0.811s] -- Found hardware_interface: 2.48.0 (/opt/ros/humble/share/hardware_interface/cmake)
[0.897s] -- Found realtime_tools: 2.11.0 (/opt/ros/humble/share/realtime_tools/cmake)
[0.912s] [31mCMake Error at CMakeLists.txt:27 (find_package):
[0.915s]   By not providing "Findcan_msgs.cmake" in CMAKE_MODULE_PATH this project has
[0.917s]   asked CMake to find a package configuration file provided by "can_msgs",
[0.921s]   but CMake did not find one.
[0.924s] 
[0.928s]   Could not find a package configuration file provided by "can_msgs" with any
[0.932s]   of the following names:
[0.938s] 
[0.944s]     can_msgsConfig.cmake
[0.947s]     can_msgs-config.cmake
[0.951s] 
[0.955s]   Add the installation prefix of "can_msgs" to CMAKE_PREFIX_PATH or set
[0.960s]   "can_msgs_DIR" to a directory containing one of the above files.  If
[0.966s]   "can_msgs" provides a separate development package or SDK, be sure it has
[0.970s]   been installed.
[0.973s] 
[0.979s] [0m
[0.981s] -- Configuring incomplete, errors occurred!
[0.984s] See also "/my_code/ros_ws/build/scout_mini_hardware/CMakeFiles/CMakeOutput.log".
