[0.227s] DEBUG:colcon:Command line arguments: ['/usr/bin/colcon', 'build']
[0.228s] DEBUG:colcon:Parsed command line arguments: Namespace(log_base=None, log_level=None, verb_name='build', build_base='build', install_base='install', merge_install=False, symlink_install=False, test_result_base=None, continue_on_error=False, executor='parallel', parallel_workers=20, event_handlers=None, ignore_user_meta=False, metas=['./colcon.meta'], base_paths=['.'], packages_ignore=None, packages_ignore_regex=None, paths=None, packages_up_to=None, packages_up_to_regex=None, packages_above=None, packages_above_and_dependencies=None, packages_above_depth=None, packages_select_by_dep=None, packages_skip_by_dep=None, packages_skip_up_to=None, packages_select_build_failed=False, packages_skip_build_finished=False, packages_select_test_failures=False, packages_skip_test_passed=False, packages_select=None, packages_skip=None, packages_select_regex=None, packages_skip_regex=None, packages_start=None, packages_end=None, cmake_args=None, cmake_target=None, cmake_target_skip_unavailable=False, cmake_clean_cache=False, cmake_clean_first=False, cmake_force_configure=False, ament_cmake_args=None, catkin_cmake_args=None, catkin_skip_building_tests=False, mixin_files=None, mixin=None, verb_parser=<colcon_mixin.mixin.mixin_argument.MixinArgumentDecorator object at 0x7f35b484f3d0>, verb_extension=<colcon_core.verb.build.BuildVerb object at 0x7f35b4998340>, main=<bound method BuildVerb.main of <colcon_core.verb.build.BuildVerb object at 0x7f35b4998340>>, mixin_verb=('build',))
[0.392s] Level 1:colcon.colcon_core.package_discovery:discover_packages(colcon_meta) check parameters
[0.392s] Level 1:colcon.colcon_core.package_discovery:discover_packages(recursive) check parameters
[0.392s] Level 1:colcon.colcon_core.package_discovery:discover_packages(ignore) check parameters
[0.392s] Level 1:colcon.colcon_core.package_discovery:discover_packages(path) check parameters
[0.392s] Level 1:colcon.colcon_core.package_discovery:discover_packages(colcon_meta) discover
[0.392s] Level 1:colcon.colcon_core.package_discovery:discover_packages(recursive) discover
[0.393s] INFO:colcon.colcon_core.package_discovery:Crawling recursively for packages in '/my_code/ros_ws'
[0.393s] Level 1:colcon.colcon_core.package_identification:_identify(.) by extensions ['ignore', 'ignore_ament_install']
[0.394s] Level 1:colcon.colcon_core.package_identification:_identify(.) by extension 'ignore'
[0.394s] Level 1:colcon.colcon_core.package_identification:_identify(.) by extension 'ignore_ament_install'
[0.394s] Level 1:colcon.colcon_core.package_identification:_identify(.) by extensions ['colcon_pkg']
[0.394s] Level 1:colcon.colcon_core.package_identification:_identify(.) by extension 'colcon_pkg'
[0.394s] Level 1:colcon.colcon_core.package_identification:_identify(.) by extensions ['colcon_meta']
[0.394s] Level 1:colcon.colcon_core.package_identification:_identify(.) by extension 'colcon_meta'
[0.395s] Level 1:colcon.colcon_core.package_identification:_identify(.) by extensions ['ros']
[0.395s] Level 1:colcon.colcon_core.package_identification:_identify(.) by extension 'ros'
[0.405s] Level 1:colcon.colcon_core.package_identification:_identify(.) by extensions ['cmake', 'python']
[0.405s] Level 1:colcon.colcon_core.package_identification:_identify(.) by extension 'cmake'
[0.406s] Level 1:colcon.colcon_core.package_identification:_identify(.) by extension 'python'
[0.406s] Level 1:colcon.colcon_core.package_identification:_identify(.) by extensions ['python_setup_py']
[0.406s] Level 1:colcon.colcon_core.package_identification:_identify(.) by extension 'python_setup_py'
[0.407s] Level 1:colcon.colcon_core.package_identification:_identify(build) by extensions ['ignore', 'ignore_ament_install']
[0.407s] Level 1:colcon.colcon_core.package_identification:_identify(build) by extension 'ignore'
[0.408s] Level 1:colcon.colcon_core.package_identification:_identify(build) ignored
[0.410s] Level 1:colcon.colcon_core.package_identification:_identify(install) by extensions ['ignore', 'ignore_ament_install']
[0.410s] Level 1:colcon.colcon_core.package_identification:_identify(install) by extension 'ignore'
[0.411s] Level 1:colcon.colcon_core.package_identification:_identify(install) ignored
[0.413s] Level 1:colcon.colcon_core.package_identification:_identify(log) by extensions ['ignore', 'ignore_ament_install']
[0.413s] Level 1:colcon.colcon_core.package_identification:_identify(log) by extension 'ignore'
[0.413s] Level 1:colcon.colcon_core.package_identification:_identify(log) ignored
[0.415s] Level 1:colcon.colcon_core.package_identification:_identify(src) by extensions ['ignore', 'ignore_ament_install']
[0.415s] Level 1:colcon.colcon_core.package_identification:_identify(src) by extension 'ignore'
[0.415s] Level 1:colcon.colcon_core.package_identification:_identify(src) by extension 'ignore_ament_install'
[0.416s] Level 1:colcon.colcon_core.package_identification:_identify(src) by extensions ['colcon_pkg']
[0.416s] Level 1:colcon.colcon_core.package_identification:_identify(src) by extension 'colcon_pkg'
[0.417s] Level 1:colcon.colcon_core.package_identification:_identify(src) by extensions ['colcon_meta']
[0.417s] Level 1:colcon.colcon_core.package_identification:_identify(src) by extension 'colcon_meta'
[0.417s] Level 1:colcon.colcon_core.package_identification:_identify(src) by extensions ['ros']
[0.417s] Level 1:colcon.colcon_core.package_identification:_identify(src) by extension 'ros'
[0.419s] Level 1:colcon.colcon_core.package_identification:_identify(src) by extensions ['cmake', 'python']
[0.420s] Level 1:colcon.colcon_core.package_identification:_identify(src) by extension 'cmake'
[0.420s] Level 1:colcon.colcon_core.package_identification:_identify(src) by extension 'python'
[0.420s] Level 1:colcon.colcon_core.package_identification:_identify(src) by extensions ['python_setup_py']
[0.421s] Level 1:colcon.colcon_core.package_identification:_identify(src) by extension 'python_setup_py'
[0.423s] Level 1:colcon.colcon_core.package_identification:_identify(src/scout_mini_base) by extensions ['ignore', 'ignore_ament_install']
[0.423s] Level 1:colcon.colcon_core.package_identification:_identify(src/scout_mini_base) by extension 'ignore'
[0.424s] Level 1:colcon.colcon_core.package_identification:_identify(src/scout_mini_base) by extension 'ignore_ament_install'
[0.425s] Level 1:colcon.colcon_core.package_identification:_identify(src/scout_mini_base) by extensions ['colcon_pkg']
[0.425s] Level 1:colcon.colcon_core.package_identification:_identify(src/scout_mini_base) by extension 'colcon_pkg'
[0.426s] Level 1:colcon.colcon_core.package_identification:_identify(src/scout_mini_base) by extensions ['colcon_meta']
[0.426s] Level 1:colcon.colcon_core.package_identification:_identify(src/scout_mini_base) by extension 'colcon_meta'
[0.427s] Level 1:colcon.colcon_core.package_identification:_identify(src/scout_mini_base) by extensions ['ros']
[0.427s] Level 1:colcon.colcon_core.package_identification:_identify(src/scout_mini_base) by extension 'ros'
[0.435s] DEBUG:colcon.colcon_core.package_identification:Package 'src/scout_mini_base' with type 'ros.ament_cmake' and name 'scout_mini_base'
[0.437s] Level 1:colcon.colcon_core.package_identification:_identify(src/scout_mini_description) by extensions ['ignore', 'ignore_ament_install']
[0.437s] Level 1:colcon.colcon_core.package_identification:_identify(src/scout_mini_description) by extension 'ignore'
[0.438s] Level 1:colcon.colcon_core.package_identification:_identify(src/scout_mini_description) by extension 'ignore_ament_install'
[0.439s] Level 1:colcon.colcon_core.package_identification:_identify(src/scout_mini_description) by extensions ['colcon_pkg']
[0.439s] Level 1:colcon.colcon_core.package_identification:_identify(src/scout_mini_description) by extension 'colcon_pkg'
[0.440s] Level 1:colcon.colcon_core.package_identification:_identify(src/scout_mini_description) by extensions ['colcon_meta']
[0.440s] Level 1:colcon.colcon_core.package_identification:_identify(src/scout_mini_description) by extension 'colcon_meta'
[0.441s] Level 1:colcon.colcon_core.package_identification:_identify(src/scout_mini_description) by extensions ['ros']
[0.441s] Level 1:colcon.colcon_core.package_identification:_identify(src/scout_mini_description) by extension 'ros'
[0.448s] DEBUG:colcon.colcon_core.package_identification:Package 'src/scout_mini_description' with type 'ros.ament_cmake' and name 'scout_mini_description'
[0.450s] Level 1:colcon.colcon_core.package_identification:_identify(src/scout_mini_hardware) by extensions ['ignore', 'ignore_ament_install']
[0.450s] Level 1:colcon.colcon_core.package_identification:_identify(src/scout_mini_hardware) by extension 'ignore'
[0.451s] Level 1:colcon.colcon_core.package_identification:_identify(src/scout_mini_hardware) by extension 'ignore_ament_install'
[0.452s] Level 1:colcon.colcon_core.package_identification:_identify(src/scout_mini_hardware) by extensions ['colcon_pkg']
[0.452s] Level 1:colcon.colcon_core.package_identification:_identify(src/scout_mini_hardware) by extension 'colcon_pkg'
[0.453s] Level 1:colcon.colcon_core.package_identification:_identify(src/scout_mini_hardware) by extensions ['colcon_meta']
[0.453s] Level 1:colcon.colcon_core.package_identification:_identify(src/scout_mini_hardware) by extension 'colcon_meta'
[0.454s] Level 1:colcon.colcon_core.package_identification:_identify(src/scout_mini_hardware) by extensions ['ros']
[0.454s] Level 1:colcon.colcon_core.package_identification:_identify(src/scout_mini_hardware) by extension 'ros'
[0.463s] DEBUG:colcon.colcon_core.package_identification:Package 'src/scout_mini_hardware' with type 'ros.ament_cmake' and name 'scout_mini_hardware'
[0.465s] Level 1:colcon.colcon_core.package_identification:_identify(src/scout_mini_msgs) by extensions ['ignore', 'ignore_ament_install']
[0.465s] Level 1:colcon.colcon_core.package_identification:_identify(src/scout_mini_msgs) by extension 'ignore'
[0.466s] Level 1:colcon.colcon_core.package_identification:_identify(src/scout_mini_msgs) by extension 'ignore_ament_install'
[0.468s] Level 1:colcon.colcon_core.package_identification:_identify(src/scout_mini_msgs) by extensions ['colcon_pkg']
[0.468s] Level 1:colcon.colcon_core.package_identification:_identify(src/scout_mini_msgs) by extension 'colcon_pkg'
[0.468s] Level 1:colcon.colcon_core.package_identification:_identify(src/scout_mini_msgs) by extensions ['colcon_meta']
[0.469s] Level 1:colcon.colcon_core.package_identification:_identify(src/scout_mini_msgs) by extension 'colcon_meta'
[0.469s] Level 1:colcon.colcon_core.package_identification:_identify(src/scout_mini_msgs) by extensions ['ros']
[0.470s] Level 1:colcon.colcon_core.package_identification:_identify(src/scout_mini_msgs) by extension 'ros'
[0.482s] DEBUG:colcon.colcon_core.package_identification:Package 'src/scout_mini_msgs' with type 'ros.ament_cmake' and name 'scout_mini_msgs'
[0.485s] Level 1:colcon.colcon_core.package_identification:_identify(src/scout_mini_ros2) by extensions ['ignore', 'ignore_ament_install']
[0.485s] Level 1:colcon.colcon_core.package_identification:_identify(src/scout_mini_ros2) by extension 'ignore'
[0.486s] Level 1:colcon.colcon_core.package_identification:_identify(src/scout_mini_ros2) by extension 'ignore_ament_install'
[0.487s] Level 1:colcon.colcon_core.package_identification:_identify(src/scout_mini_ros2) by extensions ['colcon_pkg']
[0.487s] Level 1:colcon.colcon_core.package_identification:_identify(src/scout_mini_ros2) by extension 'colcon_pkg'
[0.488s] Level 1:colcon.colcon_core.package_identification:_identify(src/scout_mini_ros2) by extensions ['colcon_meta']
[0.489s] Level 1:colcon.colcon_core.package_identification:_identify(src/scout_mini_ros2) by extension 'colcon_meta'
[0.490s] Level 1:colcon.colcon_core.package_identification:_identify(src/scout_mini_ros2) by extensions ['ros']
[0.490s] Level 1:colcon.colcon_core.package_identification:_identify(src/scout_mini_ros2) by extension 'ros'
[0.496s] DEBUG:colcon.colcon_core.package_identification:Package 'src/scout_mini_ros2' with type 'ros.ament_cmake' and name 'scout_mini_ros2'
[0.496s] Level 1:colcon.colcon_core.package_discovery:discover_packages(recursive) using defaults
[0.497s] Level 1:colcon.colcon_core.package_discovery:discover_packages(ignore) discover
[0.497s] Level 1:colcon.colcon_core.package_discovery:discover_packages(ignore) using defaults
[0.497s] Level 1:colcon.colcon_core.package_discovery:discover_packages(path) discover
[0.497s] Level 1:colcon.colcon_core.package_discovery:discover_packages(path) using defaults
[0.542s] Level 5:colcon.colcon_core.verb:set package 'scout_mini_base' build argument 'cmake_args' from command line to 'None'
[0.543s] Level 5:colcon.colcon_core.verb:set package 'scout_mini_base' build argument 'cmake_target' from command line to 'None'
[0.543s] Level 5:colcon.colcon_core.verb:set package 'scout_mini_base' build argument 'cmake_target_skip_unavailable' from command line to 'False'
[0.543s] Level 5:colcon.colcon_core.verb:set package 'scout_mini_base' build argument 'cmake_clean_cache' from command line to 'False'
[0.543s] Level 5:colcon.colcon_core.verb:set package 'scout_mini_base' build argument 'cmake_clean_first' from command line to 'False'
[0.543s] Level 5:colcon.colcon_core.verb:set package 'scout_mini_base' build argument 'cmake_force_configure' from command line to 'False'
[0.543s] Level 5:colcon.colcon_core.verb:set package 'scout_mini_base' build argument 'ament_cmake_args' from command line to 'None'
[0.543s] Level 5:colcon.colcon_core.verb:set package 'scout_mini_base' build argument 'catkin_cmake_args' from command line to 'None'
[0.543s] Level 5:colcon.colcon_core.verb:set package 'scout_mini_base' build argument 'catkin_skip_building_tests' from command line to 'False'
[0.543s] DEBUG:colcon.colcon_core.verb:Building package 'scout_mini_base' with the following arguments: {'ament_cmake_args': None, 'build_base': '/my_code/ros_ws/build/scout_mini_base', 'catkin_cmake_args': None, 'catkin_skip_building_tests': False, 'cmake_args': None, 'cmake_clean_cache': False, 'cmake_clean_first': False, 'cmake_force_configure': False, 'cmake_target': None, 'cmake_target_skip_unavailable': False, 'install_base': '/my_code/ros_ws/install/scout_mini_base', 'merge_install': False, 'path': '/my_code/ros_ws/src/scout_mini_base', 'symlink_install': False, 'test_result_base': None}
[0.544s] Level 5:colcon.colcon_core.verb:set package 'scout_mini_description' build argument 'cmake_args' from command line to 'None'
[0.544s] Level 5:colcon.colcon_core.verb:set package 'scout_mini_description' build argument 'cmake_target' from command line to 'None'
[0.544s] Level 5:colcon.colcon_core.verb:set package 'scout_mini_description' build argument 'cmake_target_skip_unavailable' from command line to 'False'
[0.544s] Level 5:colcon.colcon_core.verb:set package 'scout_mini_description' build argument 'cmake_clean_cache' from command line to 'False'
[0.544s] Level 5:colcon.colcon_core.verb:set package 'scout_mini_description' build argument 'cmake_clean_first' from command line to 'False'
[0.544s] Level 5:colcon.colcon_core.verb:set package 'scout_mini_description' build argument 'cmake_force_configure' from command line to 'False'
[0.544s] Level 5:colcon.colcon_core.verb:set package 'scout_mini_description' build argument 'ament_cmake_args' from command line to 'None'
[0.544s] Level 5:colcon.colcon_core.verb:set package 'scout_mini_description' build argument 'catkin_cmake_args' from command line to 'None'
[0.545s] Level 5:colcon.colcon_core.verb:set package 'scout_mini_description' build argument 'catkin_skip_building_tests' from command line to 'False'
[0.545s] DEBUG:colcon.colcon_core.verb:Building package 'scout_mini_description' with the following arguments: {'ament_cmake_args': None, 'build_base': '/my_code/ros_ws/build/scout_mini_description', 'catkin_cmake_args': None, 'catkin_skip_building_tests': False, 'cmake_args': None, 'cmake_clean_cache': False, 'cmake_clean_first': False, 'cmake_force_configure': False, 'cmake_target': None, 'cmake_target_skip_unavailable': False, 'install_base': '/my_code/ros_ws/install/scout_mini_description', 'merge_install': False, 'path': '/my_code/ros_ws/src/scout_mini_description', 'symlink_install': False, 'test_result_base': None}
[0.545s] Level 5:colcon.colcon_core.verb:set package 'scout_mini_hardware' build argument 'cmake_args' from command line to 'None'
[0.545s] Level 5:colcon.colcon_core.verb:set package 'scout_mini_hardware' build argument 'cmake_target' from command line to 'None'
[0.545s] Level 5:colcon.colcon_core.verb:set package 'scout_mini_hardware' build argument 'cmake_target_skip_unavailable' from command line to 'False'
[0.545s] Level 5:colcon.colcon_core.verb:set package 'scout_mini_hardware' build argument 'cmake_clean_cache' from command line to 'False'
[0.546s] Level 5:colcon.colcon_core.verb:set package 'scout_mini_hardware' build argument 'cmake_clean_first' from command line to 'False'
[0.546s] Level 5:colcon.colcon_core.verb:set package 'scout_mini_hardware' build argument 'cmake_force_configure' from command line to 'False'
[0.546s] Level 5:colcon.colcon_core.verb:set package 'scout_mini_hardware' build argument 'ament_cmake_args' from command line to 'None'
[0.546s] Level 5:colcon.colcon_core.verb:set package 'scout_mini_hardware' build argument 'catkin_cmake_args' from command line to 'None'
[0.546s] Level 5:colcon.colcon_core.verb:set package 'scout_mini_hardware' build argument 'catkin_skip_building_tests' from command line to 'False'
[0.546s] DEBUG:colcon.colcon_core.verb:Building package 'scout_mini_hardware' with the following arguments: {'ament_cmake_args': None, 'build_base': '/my_code/ros_ws/build/scout_mini_hardware', 'catkin_cmake_args': None, 'catkin_skip_building_tests': False, 'cmake_args': None, 'cmake_clean_cache': False, 'cmake_clean_first': False, 'cmake_force_configure': False, 'cmake_target': None, 'cmake_target_skip_unavailable': False, 'install_base': '/my_code/ros_ws/install/scout_mini_hardware', 'merge_install': False, 'path': '/my_code/ros_ws/src/scout_mini_hardware', 'symlink_install': False, 'test_result_base': None}
[0.546s] Level 5:colcon.colcon_core.verb:set package 'scout_mini_msgs' build argument 'cmake_args' from command line to 'None'
[0.547s] Level 5:colcon.colcon_core.verb:set package 'scout_mini_msgs' build argument 'cmake_target' from command line to 'None'
[0.547s] Level 5:colcon.colcon_core.verb:set package 'scout_mini_msgs' build argument 'cmake_target_skip_unavailable' from command line to 'False'
[0.547s] Level 5:colcon.colcon_core.verb:set package 'scout_mini_msgs' build argument 'cmake_clean_cache' from command line to 'False'
[0.547s] Level 5:colcon.colcon_core.verb:set package 'scout_mini_msgs' build argument 'cmake_clean_first' from command line to 'False'
[0.547s] Level 5:colcon.colcon_core.verb:set package 'scout_mini_msgs' build argument 'cmake_force_configure' from command line to 'False'
[0.547s] Level 5:colcon.colcon_core.verb:set package 'scout_mini_msgs' build argument 'ament_cmake_args' from command line to 'None'
[0.547s] Level 5:colcon.colcon_core.verb:set package 'scout_mini_msgs' build argument 'catkin_cmake_args' from command line to 'None'
[0.547s] Level 5:colcon.colcon_core.verb:set package 'scout_mini_msgs' build argument 'catkin_skip_building_tests' from command line to 'False'
[0.547s] DEBUG:colcon.colcon_core.verb:Building package 'scout_mini_msgs' with the following arguments: {'ament_cmake_args': None, 'build_base': '/my_code/ros_ws/build/scout_mini_msgs', 'catkin_cmake_args': None, 'catkin_skip_building_tests': False, 'cmake_args': None, 'cmake_clean_cache': False, 'cmake_clean_first': False, 'cmake_force_configure': False, 'cmake_target': None, 'cmake_target_skip_unavailable': False, 'install_base': '/my_code/ros_ws/install/scout_mini_msgs', 'merge_install': False, 'path': '/my_code/ros_ws/src/scout_mini_msgs', 'symlink_install': False, 'test_result_base': None}
[0.548s] Level 5:colcon.colcon_core.verb:set package 'scout_mini_ros2' build argument 'cmake_args' from command line to 'None'
[0.548s] Level 5:colcon.colcon_core.verb:set package 'scout_mini_ros2' build argument 'cmake_target' from command line to 'None'
[0.548s] Level 5:colcon.colcon_core.verb:set package 'scout_mini_ros2' build argument 'cmake_target_skip_unavailable' from command line to 'False'
[0.548s] Level 5:colcon.colcon_core.verb:set package 'scout_mini_ros2' build argument 'cmake_clean_cache' from command line to 'False'
[0.548s] Level 5:colcon.colcon_core.verb:set package 'scout_mini_ros2' build argument 'cmake_clean_first' from command line to 'False'
[0.548s] Level 5:colcon.colcon_core.verb:set package 'scout_mini_ros2' build argument 'cmake_force_configure' from command line to 'False'
[0.549s] Level 5:colcon.colcon_core.verb:set package 'scout_mini_ros2' build argument 'ament_cmake_args' from command line to 'None'
[0.549s] Level 5:colcon.colcon_core.verb:set package 'scout_mini_ros2' build argument 'catkin_cmake_args' from command line to 'None'
[0.549s] Level 5:colcon.colcon_core.verb:set package 'scout_mini_ros2' build argument 'catkin_skip_building_tests' from command line to 'False'
[0.549s] DEBUG:colcon.colcon_core.verb:Building package 'scout_mini_ros2' with the following arguments: {'ament_cmake_args': None, 'build_base': '/my_code/ros_ws/build/scout_mini_ros2', 'catkin_cmake_args': None, 'catkin_skip_building_tests': False, 'cmake_args': None, 'cmake_clean_cache': False, 'cmake_clean_first': False, 'cmake_force_configure': False, 'cmake_target': None, 'cmake_target_skip_unavailable': False, 'install_base': '/my_code/ros_ws/install/scout_mini_ros2', 'merge_install': False, 'path': '/my_code/ros_ws/src/scout_mini_ros2', 'symlink_install': False, 'test_result_base': None}
[0.549s] INFO:colcon.colcon_core.executor:Executing jobs using 'parallel' executor
[0.550s] DEBUG:colcon.colcon_parallel_executor.executor.parallel:run_until_complete
[0.550s] INFO:colcon.colcon_ros.task.ament_cmake.build:Building ROS package in '/my_code/ros_ws/src/scout_mini_base' with build type 'ament_cmake'
[0.551s] INFO:colcon.colcon_cmake.task.cmake.build:Building CMake package in '/my_code/ros_ws/src/scout_mini_base'
[0.556s] INFO:colcon.colcon_core.plugin_system:Skipping extension 'colcon_core.shell.bat': Not used on non-Windows systems
[0.556s] INFO:colcon.colcon_core.shell:Skip shell extension 'powershell' for command environment: Not usable outside of PowerShell
[0.556s] DEBUG:colcon.colcon_core.shell:Skip shell extension 'dsv' for command environment
[0.559s] WARNING:colcon.colcon_core.prefix_path.colcon:The path '/my_code/scout_mini_description/install' in the environment variable COLCON_PREFIX_PATH doesn't exist
[0.644s] WARNING:colcon.colcon_ros.prefix_path.ament:The path '/my_code/scout_mini_description/install/scout_mini_description' in the environment variable AMENT_PREFIX_PATH doesn't exist
[0.654s] WARNING:colcon.colcon_ros.prefix_path.catkin:The path '/my_code/scout_mini_description/install/scout_mini_description' in the environment variable CMAKE_PREFIX_PATH doesn't exist
[0.697s] INFO:colcon.colcon_ros.task.ament_cmake.build:Building ROS package in '/my_code/ros_ws/src/scout_mini_description' with build type 'ament_cmake'
[0.697s] INFO:colcon.colcon_cmake.task.cmake.build:Building CMake package in '/my_code/ros_ws/src/scout_mini_description'
[0.698s] INFO:colcon.colcon_core.shell:Skip shell extension 'powershell' for command environment: Not usable outside of PowerShell
[0.698s] DEBUG:colcon.colcon_core.shell:Skip shell extension 'dsv' for command environment
[0.754s] INFO:colcon.colcon_ros.task.ament_cmake.build:Building ROS package in '/my_code/ros_ws/src/scout_mini_hardware' with build type 'ament_cmake'
[0.754s] INFO:colcon.colcon_cmake.task.cmake.build:Building CMake package in '/my_code/ros_ws/src/scout_mini_hardware'
[0.755s] INFO:colcon.colcon_core.shell:Skip shell extension 'powershell' for command environment: Not usable outside of PowerShell
[0.756s] DEBUG:colcon.colcon_core.shell:Skip shell extension 'dsv' for command environment
[0.809s] INFO:colcon.colcon_ros.task.ament_cmake.build:Building ROS package in '/my_code/ros_ws/src/scout_mini_msgs' with build type 'ament_cmake'
[0.810s] INFO:colcon.colcon_cmake.task.cmake.build:Building CMake package in '/my_code/ros_ws/src/scout_mini_msgs'
[0.810s] INFO:colcon.colcon_core.shell:Skip shell extension 'powershell' for command environment: Not usable outside of PowerShell
[0.811s] DEBUG:colcon.colcon_core.shell:Skip shell extension 'dsv' for command environment
[0.899s] DEBUG:colcon.colcon_core.event_handler.log_command:Invoking command in '/my_code/ros_ws/build/scout_mini_base': CMAKE_PREFIX_PATH=${CMAKE_PREFIX_PATH}:/opt/ros/humble /usr/bin/cmake --build /my_code/ros_ws/build/scout_mini_base -- -j20 -l20
[0.982s] DEBUG:colcon.colcon_core.event_handler.log_command:Invoking command in '/my_code/ros_ws/build/scout_mini_description': CMAKE_PREFIX_PATH=${CMAKE_PREFIX_PATH}:/opt/ros/humble /usr/bin/cmake --build /my_code/ros_ws/build/scout_mini_description -- -j20 -l20
[1.033s] DEBUG:colcon.colcon_core.event_handler.log_command:Invoking command in '/my_code/ros_ws/build/scout_mini_hardware': CMAKE_PREFIX_PATH=${CMAKE_PREFIX_PATH}:/opt/ros/humble /usr/bin/cmake /my_code/ros_ws/src/scout_mini_hardware -DCMAKE_INSTALL_PREFIX=/my_code/ros_ws/install/scout_mini_hardware
[1.128s] DEBUG:colcon.colcon_core.event_handler.log_command:Invoking command in '/my_code/ros_ws/build/scout_mini_msgs': CMAKE_PREFIX_PATH=${CMAKE_PREFIX_PATH}:/opt/ros/humble /usr/bin/cmake --build /my_code/ros_ws/build/scout_mini_msgs -- -j20 -l20
[1.363s] DEBUG:colcon.colcon_core.event_handler.log_command:Invoked command in '/my_code/ros_ws/build/scout_mini_base' returned '0': CMAKE_PREFIX_PATH=${CMAKE_PREFIX_PATH}:/opt/ros/humble /usr/bin/cmake --build /my_code/ros_ws/build/scout_mini_base -- -j20 -l20
[1.510s] DEBUG:colcon.colcon_core.event_handler.log_command:Invoking command in '/my_code/ros_ws/build/scout_mini_base': CMAKE_PREFIX_PATH=${CMAKE_PREFIX_PATH}:/opt/ros/humble /usr/bin/cmake --install /my_code/ros_ws/build/scout_mini_base
[1.513s] DEBUG:colcon.colcon_core.event_handler.log_command:Invoked command in '/my_code/ros_ws/build/scout_mini_description' returned '0': CMAKE_PREFIX_PATH=${CMAKE_PREFIX_PATH}:/opt/ros/humble /usr/bin/cmake --build /my_code/ros_ws/build/scout_mini_description -- -j20 -l20
[1.577s] DEBUG:colcon.colcon_core.event_handler.log_command:Invoking command in '/my_code/ros_ws/build/scout_mini_description': CMAKE_PREFIX_PATH=${CMAKE_PREFIX_PATH}:/opt/ros/humble /usr/bin/cmake --install /my_code/ros_ws/build/scout_mini_description
[3.211s] Level 1:colcon.colcon_core.environment:create_environment_scripts_only(scout_mini_base)
[3.221s] DEBUG:colcon.colcon_core.event_handler.log_command:Invoked command in '/my_code/ros_ws/build/scout_mini_base' returned '0': CMAKE_PREFIX_PATH=${CMAKE_PREFIX_PATH}:/opt/ros/humble /usr/bin/cmake --install /my_code/ros_ws/build/scout_mini_base
[3.239s] Level 1:colcon.colcon_core.environment:checking '/my_code/ros_ws/install/scout_mini_base' for CMake module files
[3.619s] Level 1:colcon.colcon_core.environment:checking '/my_code/ros_ws/install/scout_mini_base' for CMake config files
[3.843s] Level 1:colcon.colcon_core.shell:create_environment_hook('scout_mini_base', 'cmake_prefix_path')
[3.845s] INFO:colcon.colcon_core.shell:Creating environment hook '/my_code/ros_ws/install/scout_mini_base/share/scout_mini_base/hook/cmake_prefix_path.ps1'
[3.903s] INFO:colcon.colcon_core.shell:Creating environment descriptor '/my_code/ros_ws/install/scout_mini_base/share/scout_mini_base/hook/cmake_prefix_path.dsv'
[3.963s] INFO:colcon.colcon_core.shell:Creating environment hook '/my_code/ros_ws/install/scout_mini_base/share/scout_mini_base/hook/cmake_prefix_path.sh'
[4.038s] Level 1:colcon.colcon_core.environment:checking '/my_code/ros_ws/install/scout_mini_base/bin'
[4.043s] Level 1:colcon.colcon_core.environment:checking '/my_code/ros_ws/install/scout_mini_base/lib/pkgconfig/scout_mini_base.pc'
[4.061s] Level 1:colcon.colcon_core.environment:checking '/my_code/ros_ws/install/scout_mini_base/lib/python3.10/site-packages'
[4.067s] Level 1:colcon.colcon_core.environment:checking '/my_code/ros_ws/install/scout_mini_base/bin'
[4.072s] INFO:colcon.colcon_core.shell:Creating package script '/my_code/ros_ws/install/scout_mini_base/share/scout_mini_base/package.ps1'
[4.126s] INFO:colcon.colcon_core.shell:Creating package descriptor '/my_code/ros_ws/install/scout_mini_base/share/scout_mini_base/package.dsv'
[4.154s] INFO:colcon.colcon_core.shell:Creating package script '/my_code/ros_ws/install/scout_mini_base/share/scout_mini_base/package.sh'
[4.197s] INFO:colcon.colcon_core.shell:Creating package script '/my_code/ros_ws/install/scout_mini_base/share/scout_mini_base/package.bash'
[4.229s] INFO:colcon.colcon_core.shell:Creating package script '/my_code/ros_ws/install/scout_mini_base/share/scout_mini_base/package.zsh'
[4.269s] Level 1:colcon.colcon_core.environment:create_file_with_runtime_dependencies(/my_code/ros_ws/install/scout_mini_base/share/colcon-core/packages/scout_mini_base)
[4.381s] Level 1:colcon.colcon_core.environment:create_environment_scripts_only(scout_mini_base)
[4.382s] Level 1:colcon.colcon_core.environment:checking '/my_code/ros_ws/install/scout_mini_base' for CMake module files
[4.637s] Level 1:colcon.colcon_core.environment:checking '/my_code/ros_ws/install/scout_mini_base' for CMake config files
[4.790s] Level 1:colcon.colcon_core.shell:create_environment_hook('scout_mini_base', 'cmake_prefix_path')
[4.791s] INFO:colcon.colcon_core.shell:Creating environment hook '/my_code/ros_ws/install/scout_mini_base/share/scout_mini_base/hook/cmake_prefix_path.ps1'
[4.828s] INFO:colcon.colcon_core.shell:Creating environment descriptor '/my_code/ros_ws/install/scout_mini_base/share/scout_mini_base/hook/cmake_prefix_path.dsv'
[4.864s] INFO:colcon.colcon_core.shell:Creating environment hook '/my_code/ros_ws/install/scout_mini_base/share/scout_mini_base/hook/cmake_prefix_path.sh'
[4.902s] Level 1:colcon.colcon_core.environment:checking '/my_code/ros_ws/install/scout_mini_base/bin'
[4.904s] Level 1:colcon.colcon_core.environment:checking '/my_code/ros_ws/install/scout_mini_base/lib/pkgconfig/scout_mini_base.pc'
[4.906s] Level 1:colcon.colcon_core.environment:checking '/my_code/ros_ws/install/scout_mini_base/lib/python3.10/site-packages'
[4.907s] Level 1:colcon.colcon_core.environment:checking '/my_code/ros_ws/install/scout_mini_base/bin'
[4.909s] INFO:colcon.colcon_core.shell:Creating package script '/my_code/ros_ws/install/scout_mini_base/share/scout_mini_base/package.ps1'
[4.930s] INFO:colcon.colcon_core.shell:Creating package descriptor '/my_code/ros_ws/install/scout_mini_base/share/scout_mini_base/package.dsv'
[4.952s] INFO:colcon.colcon_core.shell:Creating package script '/my_code/ros_ws/install/scout_mini_base/share/scout_mini_base/package.sh'
[4.971s] INFO:colcon.colcon_core.shell:Creating package script '/my_code/ros_ws/install/scout_mini_base/share/scout_mini_base/package.bash'
[4.988s] INFO:colcon.colcon_core.shell:Creating package script '/my_code/ros_ws/install/scout_mini_base/share/scout_mini_base/package.zsh'
[5.005s] Level 1:colcon.colcon_core.environment:create_file_with_runtime_dependencies(/my_code/ros_ws/install/scout_mini_base/share/colcon-core/packages/scout_mini_base)
[5.020s] Level 1:colcon.colcon_core.environment:create_environment_scripts_only(scout_mini_description)
[5.021s] Level 1:colcon.colcon_core.environment:checking '/my_code/ros_ws/install/scout_mini_description' for CMake module files
[5.035s] DEBUG:colcon.colcon_core.event_handler.log_command:Invoked command in '/my_code/ros_ws/build/scout_mini_description' returned '0': CMAKE_PREFIX_PATH=${CMAKE_PREFIX_PATH}:/opt/ros/humble /usr/bin/cmake --install /my_code/ros_ws/build/scout_mini_description
[5.189s] Level 1:colcon.colcon_core.environment:checking '/my_code/ros_ws/install/scout_mini_description' for CMake config files
[5.289s] Level 1:colcon.colcon_core.shell:create_environment_hook('scout_mini_description', 'cmake_prefix_path')
[5.289s] INFO:colcon.colcon_core.shell:Creating environment hook '/my_code/ros_ws/install/scout_mini_description/share/scout_mini_description/hook/cmake_prefix_path.ps1'
[5.312s] INFO:colcon.colcon_core.shell:Creating environment descriptor '/my_code/ros_ws/install/scout_mini_description/share/scout_mini_description/hook/cmake_prefix_path.dsv'
[5.345s] INFO:colcon.colcon_core.shell:Creating environment hook '/my_code/ros_ws/install/scout_mini_description/share/scout_mini_description/hook/cmake_prefix_path.sh'
[5.388s] Level 1:colcon.colcon_core.environment:checking '/my_code/ros_ws/install/scout_mini_description/bin'
[5.390s] Level 1:colcon.colcon_core.environment:checking '/my_code/ros_ws/install/scout_mini_description/lib/pkgconfig/scout_mini_description.pc'
[5.394s] Level 1:colcon.colcon_core.environment:checking '/my_code/ros_ws/install/scout_mini_description/lib/python3.10/site-packages'
[5.397s] Level 1:colcon.colcon_core.environment:checking '/my_code/ros_ws/install/scout_mini_description/bin'
[5.399s] INFO:colcon.colcon_core.shell:Creating package script '/my_code/ros_ws/install/scout_mini_description/share/scout_mini_description/package.ps1'
[5.424s] INFO:colcon.colcon_core.shell:Creating package descriptor '/my_code/ros_ws/install/scout_mini_description/share/scout_mini_description/package.dsv'
[5.451s] INFO:colcon.colcon_core.shell:Creating package script '/my_code/ros_ws/install/scout_mini_description/share/scout_mini_description/package.sh'
[5.479s] INFO:colcon.colcon_core.shell:Creating package script '/my_code/ros_ws/install/scout_mini_description/share/scout_mini_description/package.bash'
[5.503s] INFO:colcon.colcon_core.shell:Creating package script '/my_code/ros_ws/install/scout_mini_description/share/scout_mini_description/package.zsh'
[5.530s] Level 1:colcon.colcon_core.environment:create_file_with_runtime_dependencies(/my_code/ros_ws/install/scout_mini_description/share/colcon-core/packages/scout_mini_description)
[5.627s] Level 1:colcon.colcon_core.environment:create_environment_scripts_only(scout_mini_description)
[5.628s] Level 1:colcon.colcon_core.environment:checking '/my_code/ros_ws/install/scout_mini_description' for CMake module files
[5.843s] Level 1:colcon.colcon_core.environment:checking '/my_code/ros_ws/install/scout_mini_description' for CMake config files
[5.999s] Level 1:colcon.colcon_core.shell:create_environment_hook('scout_mini_description', 'cmake_prefix_path')
[6.000s] INFO:colcon.colcon_core.shell:Creating environment hook '/my_code/ros_ws/install/scout_mini_description/share/scout_mini_description/hook/cmake_prefix_path.ps1'
[6.036s] INFO:colcon.colcon_core.shell:Creating environment descriptor '/my_code/ros_ws/install/scout_mini_description/share/scout_mini_description/hook/cmake_prefix_path.dsv'
[6.072s] INFO:colcon.colcon_core.shell:Creating environment hook '/my_code/ros_ws/install/scout_mini_description/share/scout_mini_description/hook/cmake_prefix_path.sh'
[6.115s] Level 1:colcon.colcon_core.environment:checking '/my_code/ros_ws/install/scout_mini_description/bin'
[6.117s] Level 1:colcon.colcon_core.environment:checking '/my_code/ros_ws/install/scout_mini_description/lib/pkgconfig/scout_mini_description.pc'
[6.120s] Level 1:colcon.colcon_core.environment:checking '/my_code/ros_ws/install/scout_mini_description/lib/python3.10/site-packages'
[6.122s] Level 1:colcon.colcon_core.environment:checking '/my_code/ros_ws/install/scout_mini_description/bin'
[6.125s] INFO:colcon.colcon_core.shell:Creating package script '/my_code/ros_ws/install/scout_mini_description/share/scout_mini_description/package.ps1'
[6.155s] INFO:colcon.colcon_core.shell:Creating package descriptor '/my_code/ros_ws/install/scout_mini_description/share/scout_mini_description/package.dsv'
[6.180s] INFO:colcon.colcon_core.shell:Creating package script '/my_code/ros_ws/install/scout_mini_description/share/scout_mini_description/package.sh'
[6.206s] INFO:colcon.colcon_core.shell:Creating package script '/my_code/ros_ws/install/scout_mini_description/share/scout_mini_description/package.bash'
[6.232s] INFO:colcon.colcon_core.shell:Creating package script '/my_code/ros_ws/install/scout_mini_description/share/scout_mini_description/package.zsh'
[6.261s] Level 1:colcon.colcon_core.environment:create_file_with_runtime_dependencies(/my_code/ros_ws/install/scout_mini_description/share/colcon-core/packages/scout_mini_description)
[8.556s] DEBUG:colcon.colcon_core.event_handler.log_command:Invoked command in '/my_code/ros_ws/build/scout_mini_msgs' returned '0': CMAKE_PREFIX_PATH=${CMAKE_PREFIX_PATH}:/opt/ros/humble /usr/bin/cmake --build /my_code/ros_ws/build/scout_mini_msgs -- -j20 -l20
[8.619s] DEBUG:colcon.colcon_core.event_handler.log_command:Invoking command in '/my_code/ros_ws/build/scout_mini_msgs': CMAKE_PREFIX_PATH=${CMAKE_PREFIX_PATH}:/opt/ros/humble /usr/bin/cmake --install /my_code/ros_ws/build/scout_mini_msgs
[10.847s] DEBUG:colcon.colcon_core.event_handler.log_command:Invoked command in '/my_code/ros_ws/build/scout_mini_hardware' returned '0': CMAKE_PREFIX_PATH=${CMAKE_PREFIX_PATH}:/opt/ros/humble /usr/bin/cmake /my_code/ros_ws/src/scout_mini_hardware -DCMAKE_INSTALL_PREFIX=/my_code/ros_ws/install/scout_mini_hardware
[10.862s] DEBUG:colcon.colcon_core.event_handler.log_command:Invoking command in '/my_code/ros_ws/build/scout_mini_hardware': CMAKE_PREFIX_PATH=${CMAKE_PREFIX_PATH}:/opt/ros/humble /usr/bin/cmake --build /my_code/ros_ws/build/scout_mini_hardware -- -j20 -l20
[34.709s] Level 1:colcon.colcon_core.environment:create_environment_scripts_only(scout_mini_msgs)
[34.711s] Level 1:colcon.colcon_core.environment:checking '/my_code/ros_ws/install/scout_mini_msgs' for CMake module files
[34.714s] DEBUG:colcon.colcon_core.event_handler.log_command:Invoked command in '/my_code/ros_ws/build/scout_mini_msgs' returned '0': CMAKE_PREFIX_PATH=${CMAKE_PREFIX_PATH}:/opt/ros/humble /usr/bin/cmake --install /my_code/ros_ws/build/scout_mini_msgs
[35.947s] Level 1:colcon.colcon_core.environment:checking '/my_code/ros_ws/install/scout_mini_msgs' for CMake config files
[36.619s] Level 1:colcon.colcon_core.shell:create_environment_hook('scout_mini_msgs', 'cmake_prefix_path')
[36.619s] INFO:colcon.colcon_core.shell:Creating environment hook '/my_code/ros_ws/install/scout_mini_msgs/share/scout_mini_msgs/hook/cmake_prefix_path.ps1'
[36.643s] INFO:colcon.colcon_core.shell:Creating environment descriptor '/my_code/ros_ws/install/scout_mini_msgs/share/scout_mini_msgs/hook/cmake_prefix_path.dsv'
[36.662s] INFO:colcon.colcon_core.shell:Creating environment hook '/my_code/ros_ws/install/scout_mini_msgs/share/scout_mini_msgs/hook/cmake_prefix_path.sh'
[36.678s] Level 1:colcon.colcon_core.environment:checking '/my_code/ros_ws/install/scout_mini_msgs/lib'
[36.681s] Level 1:colcon.colcon_core.shell:create_environment_hook('scout_mini_msgs', 'ld_library_path_lib')
[36.682s] INFO:colcon.colcon_core.shell:Creating environment hook '/my_code/ros_ws/install/scout_mini_msgs/share/scout_mini_msgs/hook/ld_library_path_lib.ps1'
[36.695s] INFO:colcon.colcon_core.shell:Creating environment descriptor '/my_code/ros_ws/install/scout_mini_msgs/share/scout_mini_msgs/hook/ld_library_path_lib.dsv'
[36.707s] INFO:colcon.colcon_core.shell:Creating environment hook '/my_code/ros_ws/install/scout_mini_msgs/share/scout_mini_msgs/hook/ld_library_path_lib.sh'
[36.762s] Level 1:colcon.colcon_core.environment:checking '/my_code/ros_ws/install/scout_mini_msgs/bin'
[36.773s] Level 1:colcon.colcon_core.environment:checking '/my_code/ros_ws/install/scout_mini_msgs/lib/pkgconfig/scout_mini_msgs.pc'
[36.789s] Level 1:colcon.colcon_core.environment:checking '/my_code/ros_ws/install/scout_mini_msgs/lib/python3.10/site-packages'
[36.814s] Level 1:colcon.colcon_core.environment:checking '/my_code/ros_ws/install/scout_mini_msgs/bin'
[36.822s] INFO:colcon.colcon_core.shell:Creating package script '/my_code/ros_ws/install/scout_mini_msgs/share/scout_mini_msgs/package.ps1'
[36.883s] INFO:colcon.colcon_core.shell:Creating package descriptor '/my_code/ros_ws/install/scout_mini_msgs/share/scout_mini_msgs/package.dsv'
[36.891s] INFO:colcon.colcon_core.shell:Creating package script '/my_code/ros_ws/install/scout_mini_msgs/share/scout_mini_msgs/package.sh'
[36.902s] INFO:colcon.colcon_core.shell:Creating package script '/my_code/ros_ws/install/scout_mini_msgs/share/scout_mini_msgs/package.bash'
[36.911s] INFO:colcon.colcon_core.shell:Creating package script '/my_code/ros_ws/install/scout_mini_msgs/share/scout_mini_msgs/package.zsh'
[36.922s] Level 1:colcon.colcon_core.environment:create_file_with_runtime_dependencies(/my_code/ros_ws/install/scout_mini_msgs/share/colcon-core/packages/scout_mini_msgs)
[36.942s] Level 1:colcon.colcon_core.environment:create_environment_scripts_only(scout_mini_msgs)
[36.942s] Level 1:colcon.colcon_core.environment:checking '/my_code/ros_ws/install/scout_mini_msgs' for CMake module files
[37.430s] Level 1:colcon.colcon_core.environment:checking '/my_code/ros_ws/install/scout_mini_msgs' for CMake config files
[37.794s] Level 1:colcon.colcon_core.shell:create_environment_hook('scout_mini_msgs', 'cmake_prefix_path')
[37.795s] INFO:colcon.colcon_core.shell:Creating environment hook '/my_code/ros_ws/install/scout_mini_msgs/share/scout_mini_msgs/hook/cmake_prefix_path.ps1'
[37.857s] INFO:colcon.colcon_core.shell:Creating environment descriptor '/my_code/ros_ws/install/scout_mini_msgs/share/scout_mini_msgs/hook/cmake_prefix_path.dsv'
[37.888s] INFO:colcon.colcon_core.shell:Creating environment hook '/my_code/ros_ws/install/scout_mini_msgs/share/scout_mini_msgs/hook/cmake_prefix_path.sh'
[37.916s] Level 1:colcon.colcon_core.environment:checking '/my_code/ros_ws/install/scout_mini_msgs/lib'
[37.923s] Level 1:colcon.colcon_core.shell:create_environment_hook('scout_mini_msgs', 'ld_library_path_lib')
[37.924s] INFO:colcon.colcon_core.shell:Creating environment hook '/my_code/ros_ws/install/scout_mini_msgs/share/scout_mini_msgs/hook/ld_library_path_lib.ps1'
[37.937s] INFO:colcon.colcon_core.shell:Creating environment descriptor '/my_code/ros_ws/install/scout_mini_msgs/share/scout_mini_msgs/hook/ld_library_path_lib.dsv'
[37.949s] INFO:colcon.colcon_core.shell:Creating environment hook '/my_code/ros_ws/install/scout_mini_msgs/share/scout_mini_msgs/hook/ld_library_path_lib.sh'
[37.960s] Level 1:colcon.colcon_core.environment:checking '/my_code/ros_ws/install/scout_mini_msgs/bin'
[37.961s] Level 1:colcon.colcon_core.environment:checking '/my_code/ros_ws/install/scout_mini_msgs/lib/pkgconfig/scout_mini_msgs.pc'
[37.962s] Level 1:colcon.colcon_core.environment:checking '/my_code/ros_ws/install/scout_mini_msgs/lib/python3.10/site-packages'
[37.964s] Level 1:colcon.colcon_core.environment:checking '/my_code/ros_ws/install/scout_mini_msgs/bin'
[37.965s] INFO:colcon.colcon_core.shell:Creating package script '/my_code/ros_ws/install/scout_mini_msgs/share/scout_mini_msgs/package.ps1'
[37.975s] INFO:colcon.colcon_core.shell:Creating package descriptor '/my_code/ros_ws/install/scout_mini_msgs/share/scout_mini_msgs/package.dsv'
[37.983s] INFO:colcon.colcon_core.shell:Creating package script '/my_code/ros_ws/install/scout_mini_msgs/share/scout_mini_msgs/package.sh'
[37.993s] INFO:colcon.colcon_core.shell:Creating package script '/my_code/ros_ws/install/scout_mini_msgs/share/scout_mini_msgs/package.bash'
[38.003s] INFO:colcon.colcon_core.shell:Creating package script '/my_code/ros_ws/install/scout_mini_msgs/share/scout_mini_msgs/package.zsh'
[38.028s] Level 1:colcon.colcon_core.environment:create_file_with_runtime_dependencies(/my_code/ros_ws/install/scout_mini_msgs/share/colcon-core/packages/scout_mini_msgs)
[64.065s] DEBUG:colcon.colcon_core.event_handler.log_command:Invoked command in '/my_code/ros_ws/build/scout_mini_hardware' returned '0': CMAKE_PREFIX_PATH=${CMAKE_PREFIX_PATH}:/opt/ros/humble /usr/bin/cmake --build /my_code/ros_ws/build/scout_mini_hardware -- -j20 -l20
[64.078s] DEBUG:colcon.colcon_core.event_handler.log_command:Invoking command in '/my_code/ros_ws/build/scout_mini_hardware': CMAKE_PREFIX_PATH=${CMAKE_PREFIX_PATH}:/opt/ros/humble /usr/bin/cmake --install /my_code/ros_ws/build/scout_mini_hardware
[69.667s] Level 1:colcon.colcon_core.environment:create_environment_scripts_only(scout_mini_hardware)
[69.668s] Level 1:colcon.colcon_core.environment:checking '/my_code/ros_ws/install/scout_mini_hardware' for CMake module files
[69.668s] DEBUG:colcon.colcon_core.event_handler.log_command:Invoked command in '/my_code/ros_ws/build/scout_mini_hardware' returned '0': CMAKE_PREFIX_PATH=${CMAKE_PREFIX_PATH}:/opt/ros/humble /usr/bin/cmake --install /my_code/ros_ws/build/scout_mini_hardware
[69.872s] Level 1:colcon.colcon_core.environment:checking '/my_code/ros_ws/install/scout_mini_hardware' for CMake config files
[70.042s] Level 1:colcon.colcon_core.shell:create_environment_hook('scout_mini_hardware', 'cmake_prefix_path')
[70.043s] INFO:colcon.colcon_core.shell:Creating environment hook '/my_code/ros_ws/install/scout_mini_hardware/share/scout_mini_hardware/hook/cmake_prefix_path.ps1'
[70.069s] INFO:colcon.colcon_core.shell:Creating environment descriptor '/my_code/ros_ws/install/scout_mini_hardware/share/scout_mini_hardware/hook/cmake_prefix_path.dsv'
[70.106s] INFO:colcon.colcon_core.shell:Creating environment hook '/my_code/ros_ws/install/scout_mini_hardware/share/scout_mini_hardware/hook/cmake_prefix_path.sh'
[70.144s] Level 1:colcon.colcon_core.environment:checking '/my_code/ros_ws/install/scout_mini_hardware/lib'
[70.153s] Level 1:colcon.colcon_core.shell:create_environment_hook('scout_mini_hardware', 'ld_library_path_lib')
[70.154s] INFO:colcon.colcon_core.shell:Creating environment hook '/my_code/ros_ws/install/scout_mini_hardware/share/scout_mini_hardware/hook/ld_library_path_lib.ps1'
[70.188s] INFO:colcon.colcon_core.shell:Creating environment descriptor '/my_code/ros_ws/install/scout_mini_hardware/share/scout_mini_hardware/hook/ld_library_path_lib.dsv'
[70.219s] INFO:colcon.colcon_core.shell:Creating environment hook '/my_code/ros_ws/install/scout_mini_hardware/share/scout_mini_hardware/hook/ld_library_path_lib.sh'
[70.246s] Level 1:colcon.colcon_core.environment:checking '/my_code/ros_ws/install/scout_mini_hardware/bin'
[70.248s] Level 1:colcon.colcon_core.environment:checking '/my_code/ros_ws/install/scout_mini_hardware/lib/pkgconfig/scout_mini_hardware.pc'
[70.251s] Level 1:colcon.colcon_core.environment:checking '/my_code/ros_ws/install/scout_mini_hardware/lib/python3.10/site-packages'
[70.254s] Level 1:colcon.colcon_core.environment:checking '/my_code/ros_ws/install/scout_mini_hardware/bin'
[70.257s] INFO:colcon.colcon_core.shell:Creating package script '/my_code/ros_ws/install/scout_mini_hardware/share/scout_mini_hardware/package.ps1'
[70.282s] INFO:colcon.colcon_core.shell:Creating package descriptor '/my_code/ros_ws/install/scout_mini_hardware/share/scout_mini_hardware/package.dsv'
[70.305s] INFO:colcon.colcon_core.shell:Creating package script '/my_code/ros_ws/install/scout_mini_hardware/share/scout_mini_hardware/package.sh'
[70.328s] INFO:colcon.colcon_core.shell:Creating package script '/my_code/ros_ws/install/scout_mini_hardware/share/scout_mini_hardware/package.bash'
[70.347s] INFO:colcon.colcon_core.shell:Creating package script '/my_code/ros_ws/install/scout_mini_hardware/share/scout_mini_hardware/package.zsh'
[70.367s] Level 1:colcon.colcon_core.environment:create_file_with_runtime_dependencies(/my_code/ros_ws/install/scout_mini_hardware/share/colcon-core/packages/scout_mini_hardware)
[70.416s] Level 1:colcon.colcon_core.environment:create_environment_scripts_only(scout_mini_hardware)
[70.417s] Level 1:colcon.colcon_core.environment:checking '/my_code/ros_ws/install/scout_mini_hardware' for CMake module files
[70.619s] Level 1:colcon.colcon_core.environment:checking '/my_code/ros_ws/install/scout_mini_hardware' for CMake config files
[70.806s] Level 1:colcon.colcon_core.shell:create_environment_hook('scout_mini_hardware', 'cmake_prefix_path')
[70.807s] INFO:colcon.colcon_core.shell:Creating environment hook '/my_code/ros_ws/install/scout_mini_hardware/share/scout_mini_hardware/hook/cmake_prefix_path.ps1'
[70.834s] INFO:colcon.colcon_core.shell:Creating environment descriptor '/my_code/ros_ws/install/scout_mini_hardware/share/scout_mini_hardware/hook/cmake_prefix_path.dsv'
[70.865s] INFO:colcon.colcon_core.shell:Creating environment hook '/my_code/ros_ws/install/scout_mini_hardware/share/scout_mini_hardware/hook/cmake_prefix_path.sh'
[70.906s] Level 1:colcon.colcon_core.environment:checking '/my_code/ros_ws/install/scout_mini_hardware/lib'
[70.915s] Level 1:colcon.colcon_core.shell:create_environment_hook('scout_mini_hardware', 'ld_library_path_lib')
[70.916s] INFO:colcon.colcon_core.shell:Creating environment hook '/my_code/ros_ws/install/scout_mini_hardware/share/scout_mini_hardware/hook/ld_library_path_lib.ps1'
[70.938s] INFO:colcon.colcon_core.shell:Creating environment descriptor '/my_code/ros_ws/install/scout_mini_hardware/share/scout_mini_hardware/hook/ld_library_path_lib.dsv'
[70.966s] INFO:colcon.colcon_core.shell:Creating environment hook '/my_code/ros_ws/install/scout_mini_hardware/share/scout_mini_hardware/hook/ld_library_path_lib.sh'
[71.004s] Level 1:colcon.colcon_core.environment:checking '/my_code/ros_ws/install/scout_mini_hardware/bin'
[71.007s] Level 1:colcon.colcon_core.environment:checking '/my_code/ros_ws/install/scout_mini_hardware/lib/pkgconfig/scout_mini_hardware.pc'
[71.014s] Level 1:colcon.colcon_core.environment:checking '/my_code/ros_ws/install/scout_mini_hardware/lib/python3.10/site-packages'
[71.022s] Level 1:colcon.colcon_core.environment:checking '/my_code/ros_ws/install/scout_mini_hardware/bin'
[71.026s] INFO:colcon.colcon_core.shell:Creating package script '/my_code/ros_ws/install/scout_mini_hardware/share/scout_mini_hardware/package.ps1'
[71.062s] INFO:colcon.colcon_core.shell:Creating package descriptor '/my_code/ros_ws/install/scout_mini_hardware/share/scout_mini_hardware/package.dsv'
[71.111s] INFO:colcon.colcon_core.shell:Creating package script '/my_code/ros_ws/install/scout_mini_hardware/share/scout_mini_hardware/package.sh'
[71.145s] INFO:colcon.colcon_core.shell:Creating package script '/my_code/ros_ws/install/scout_mini_hardware/share/scout_mini_hardware/package.bash'
[71.176s] INFO:colcon.colcon_core.shell:Creating package script '/my_code/ros_ws/install/scout_mini_hardware/share/scout_mini_hardware/package.zsh'
[71.206s] Level 1:colcon.colcon_core.environment:create_file_with_runtime_dependencies(/my_code/ros_ws/install/scout_mini_hardware/share/colcon-core/packages/scout_mini_hardware)
[71.237s] INFO:colcon.colcon_ros.task.ament_cmake.build:Building ROS package in '/my_code/ros_ws/src/scout_mini_ros2' with build type 'ament_cmake'
[71.238s] INFO:colcon.colcon_cmake.task.cmake.build:Building CMake package in '/my_code/ros_ws/src/scout_mini_ros2'
[71.239s] INFO:colcon.colcon_core.shell:Skip shell extension 'powershell' for command environment: Not usable outside of PowerShell
[71.239s] DEBUG:colcon.colcon_core.shell:Skip shell extension 'dsv' for command environment
[72.241s] DEBUG:colcon.colcon_core.event_handler.log_command:Invoking command in '/my_code/ros_ws/build/scout_mini_ros2': AMENT_PREFIX_PATH=/my_code/ros_ws/install/scout_mini_hardware:${AMENT_PREFIX_PATH} CMAKE_PREFIX_PATH=/my_code/ros_ws/install/scout_mini_msgs:/my_code/ros_ws/install/scout_mini_hardware:/my_code/ros_ws/install/scout_mini_description:/my_code/ros_ws/install/scout_mini_base:/my_code/scout_mini_description/install/scout_mini_description:/opt/ros/humble LD_LIBRARY_PATH=/my_code/ros_ws/install/scout_mini_msgs/lib:/my_code/ros_ws/install/scout_mini_hardware/lib:/opt/ros/humble/opt/rviz_ogre_vendor/lib:/opt/ros/humble/lib/x86_64-linux-gnu:/opt/ros/humble/lib /usr/bin/cmake /my_code/ros_ws/src/scout_mini_ros2 -DCMAKE_INSTALL_PREFIX=/my_code/ros_ws/install/scout_mini_ros2
[100.633s] DEBUG:colcon.colcon_core.event_handler.log_command:Invoked command in '/my_code/ros_ws/build/scout_mini_ros2' returned '0': AMENT_PREFIX_PATH=/my_code/ros_ws/install/scout_mini_hardware:${AMENT_PREFIX_PATH} CMAKE_PREFIX_PATH=/my_code/ros_ws/install/scout_mini_msgs:/my_code/ros_ws/install/scout_mini_hardware:/my_code/ros_ws/install/scout_mini_description:/my_code/ros_ws/install/scout_mini_base:/my_code/scout_mini_description/install/scout_mini_description:/opt/ros/humble LD_LIBRARY_PATH=/my_code/ros_ws/install/scout_mini_msgs/lib:/my_code/ros_ws/install/scout_mini_hardware/lib:/opt/ros/humble/opt/rviz_ogre_vendor/lib:/opt/ros/humble/lib/x86_64-linux-gnu:/opt/ros/humble/lib /usr/bin/cmake /my_code/ros_ws/src/scout_mini_ros2 -DCMAKE_INSTALL_PREFIX=/my_code/ros_ws/install/scout_mini_ros2
[100.657s] DEBUG:colcon.colcon_core.event_handler.log_command:Invoking command in '/my_code/ros_ws/build/scout_mini_ros2': AMENT_PREFIX_PATH=/my_code/ros_ws/install/scout_mini_hardware:${AMENT_PREFIX_PATH} CMAKE_PREFIX_PATH=/my_code/ros_ws/install/scout_mini_msgs:/my_code/ros_ws/install/scout_mini_hardware:/my_code/ros_ws/install/scout_mini_description:/my_code/ros_ws/install/scout_mini_base:/my_code/scout_mini_description/install/scout_mini_description:/opt/ros/humble LD_LIBRARY_PATH=/my_code/ros_ws/install/scout_mini_msgs/lib:/my_code/ros_ws/install/scout_mini_hardware/lib:/opt/ros/humble/opt/rviz_ogre_vendor/lib:/opt/ros/humble/lib/x86_64-linux-gnu:/opt/ros/humble/lib /usr/bin/cmake --build /my_code/ros_ws/build/scout_mini_ros2 -- -j20 -l20
[102.691s] DEBUG:colcon.colcon_core.event_handler.log_command:Invoked command in '/my_code/ros_ws/build/scout_mini_ros2' returned '0': AMENT_PREFIX_PATH=/my_code/ros_ws/install/scout_mini_hardware:${AMENT_PREFIX_PATH} CMAKE_PREFIX_PATH=/my_code/ros_ws/install/scout_mini_msgs:/my_code/ros_ws/install/scout_mini_hardware:/my_code/ros_ws/install/scout_mini_description:/my_code/ros_ws/install/scout_mini_base:/my_code/scout_mini_description/install/scout_mini_description:/opt/ros/humble LD_LIBRARY_PATH=/my_code/ros_ws/install/scout_mini_msgs/lib:/my_code/ros_ws/install/scout_mini_hardware/lib:/opt/ros/humble/opt/rviz_ogre_vendor/lib:/opt/ros/humble/lib/x86_64-linux-gnu:/opt/ros/humble/lib /usr/bin/cmake --build /my_code/ros_ws/build/scout_mini_ros2 -- -j20 -l20
[102.728s] DEBUG:colcon.colcon_core.event_handler.log_command:Invoking command in '/my_code/ros_ws/build/scout_mini_ros2': AMENT_PREFIX_PATH=/my_code/ros_ws/install/scout_mini_hardware:${AMENT_PREFIX_PATH} CMAKE_PREFIX_PATH=/my_code/ros_ws/install/scout_mini_msgs:/my_code/ros_ws/install/scout_mini_hardware:/my_code/ros_ws/install/scout_mini_description:/my_code/ros_ws/install/scout_mini_base:/my_code/scout_mini_description/install/scout_mini_description:/opt/ros/humble LD_LIBRARY_PATH=/my_code/ros_ws/install/scout_mini_msgs/lib:/my_code/ros_ws/install/scout_mini_hardware/lib:/opt/ros/humble/opt/rviz_ogre_vendor/lib:/opt/ros/humble/lib/x86_64-linux-gnu:/opt/ros/humble/lib /usr/bin/cmake --install /my_code/ros_ws/build/scout_mini_ros2
[105.213s] Level 1:colcon.colcon_core.environment:create_environment_scripts_only(scout_mini_ros2)
[105.214s] Level 1:colcon.colcon_core.environment:checking '/my_code/ros_ws/install/scout_mini_ros2' for CMake module files
[105.220s] DEBUG:colcon.colcon_core.event_handler.log_command:Invoked command in '/my_code/ros_ws/build/scout_mini_ros2' returned '0': AMENT_PREFIX_PATH=/my_code/ros_ws/install/scout_mini_hardware:${AMENT_PREFIX_PATH} CMAKE_PREFIX_PATH=/my_code/ros_ws/install/scout_mini_msgs:/my_code/ros_ws/install/scout_mini_hardware:/my_code/ros_ws/install/scout_mini_description:/my_code/ros_ws/install/scout_mini_base:/my_code/scout_mini_description/install/scout_mini_description:/opt/ros/humble LD_LIBRARY_PATH=/my_code/ros_ws/install/scout_mini_msgs/lib:/my_code/ros_ws/install/scout_mini_hardware/lib:/opt/ros/humble/opt/rviz_ogre_vendor/lib:/opt/ros/humble/lib/x86_64-linux-gnu:/opt/ros/humble/lib /usr/bin/cmake --install /my_code/ros_ws/build/scout_mini_ros2
[105.275s] Level 1:colcon.colcon_core.environment:checking '/my_code/ros_ws/install/scout_mini_ros2' for CMake config files
[105.313s] Level 1:colcon.colcon_core.shell:create_environment_hook('scout_mini_ros2', 'cmake_prefix_path')
[105.313s] INFO:colcon.colcon_core.shell:Creating environment hook '/my_code/ros_ws/install/scout_mini_ros2/share/scout_mini_ros2/hook/cmake_prefix_path.ps1'
[105.323s] INFO:colcon.colcon_core.shell:Creating environment descriptor '/my_code/ros_ws/install/scout_mini_ros2/share/scout_mini_ros2/hook/cmake_prefix_path.dsv'
[105.341s] INFO:colcon.colcon_core.shell:Creating environment hook '/my_code/ros_ws/install/scout_mini_ros2/share/scout_mini_ros2/hook/cmake_prefix_path.sh'
[105.395s] Level 1:colcon.colcon_core.environment:checking '/my_code/ros_ws/install/scout_mini_ros2/bin'
[105.399s] Level 1:colcon.colcon_core.environment:checking '/my_code/ros_ws/install/scout_mini_ros2/lib/pkgconfig/scout_mini_ros2.pc'
[105.401s] Level 1:colcon.colcon_core.environment:checking '/my_code/ros_ws/install/scout_mini_ros2/lib/python3.10/site-packages'
[105.405s] Level 1:colcon.colcon_core.environment:checking '/my_code/ros_ws/install/scout_mini_ros2/bin'
[105.408s] INFO:colcon.colcon_core.shell:Creating package script '/my_code/ros_ws/install/scout_mini_ros2/share/scout_mini_ros2/package.ps1'
[105.441s] INFO:colcon.colcon_core.shell:Creating package descriptor '/my_code/ros_ws/install/scout_mini_ros2/share/scout_mini_ros2/package.dsv'
[105.471s] INFO:colcon.colcon_core.shell:Creating package script '/my_code/ros_ws/install/scout_mini_ros2/share/scout_mini_ros2/package.sh'
[105.498s] INFO:colcon.colcon_core.shell:Creating package script '/my_code/ros_ws/install/scout_mini_ros2/share/scout_mini_ros2/package.bash'
[105.520s] INFO:colcon.colcon_core.shell:Creating package script '/my_code/ros_ws/install/scout_mini_ros2/share/scout_mini_ros2/package.zsh'
[105.542s] Level 1:colcon.colcon_core.environment:create_file_with_runtime_dependencies(/my_code/ros_ws/install/scout_mini_ros2/share/colcon-core/packages/scout_mini_ros2)
[105.587s] Level 1:colcon.colcon_core.environment:create_environment_scripts_only(scout_mini_ros2)
[105.588s] Level 1:colcon.colcon_core.environment:checking '/my_code/ros_ws/install/scout_mini_ros2' for CMake module files
[105.707s] Level 1:colcon.colcon_core.environment:checking '/my_code/ros_ws/install/scout_mini_ros2' for CMake config files
[105.801s] Level 1:colcon.colcon_core.shell:create_environment_hook('scout_mini_ros2', 'cmake_prefix_path')
[105.802s] INFO:colcon.colcon_core.shell:Creating environment hook '/my_code/ros_ws/install/scout_mini_ros2/share/scout_mini_ros2/hook/cmake_prefix_path.ps1'
[105.835s] INFO:colcon.colcon_core.shell:Creating environment descriptor '/my_code/ros_ws/install/scout_mini_ros2/share/scout_mini_ros2/hook/cmake_prefix_path.dsv'
[105.869s] INFO:colcon.colcon_core.shell:Creating environment hook '/my_code/ros_ws/install/scout_mini_ros2/share/scout_mini_ros2/hook/cmake_prefix_path.sh'
[105.901s] Level 1:colcon.colcon_core.environment:checking '/my_code/ros_ws/install/scout_mini_ros2/bin'
[105.903s] Level 1:colcon.colcon_core.environment:checking '/my_code/ros_ws/install/scout_mini_ros2/lib/pkgconfig/scout_mini_ros2.pc'
[105.906s] Level 1:colcon.colcon_core.environment:checking '/my_code/ros_ws/install/scout_mini_ros2/lib/python3.10/site-packages'
[105.909s] Level 1:colcon.colcon_core.environment:checking '/my_code/ros_ws/install/scout_mini_ros2/bin'
[105.912s] INFO:colcon.colcon_core.shell:Creating package script '/my_code/ros_ws/install/scout_mini_ros2/share/scout_mini_ros2/package.ps1'
[105.931s] INFO:colcon.colcon_core.shell:Creating package descriptor '/my_code/ros_ws/install/scout_mini_ros2/share/scout_mini_ros2/package.dsv'
[105.949s] INFO:colcon.colcon_core.shell:Creating package script '/my_code/ros_ws/install/scout_mini_ros2/share/scout_mini_ros2/package.sh'
[105.971s] INFO:colcon.colcon_core.shell:Creating package script '/my_code/ros_ws/install/scout_mini_ros2/share/scout_mini_ros2/package.bash'
[105.995s] INFO:colcon.colcon_core.shell:Creating package script '/my_code/ros_ws/install/scout_mini_ros2/share/scout_mini_ros2/package.zsh'
[106.018s] Level 1:colcon.colcon_core.environment:create_file_with_runtime_dependencies(/my_code/ros_ws/install/scout_mini_ros2/share/colcon-core/packages/scout_mini_ros2)
[106.042s] DEBUG:colcon.colcon_parallel_executor.executor.parallel:closing loop
[106.043s] DEBUG:colcon.colcon_parallel_executor.executor.parallel:loop closed
[106.044s] DEBUG:colcon.colcon_parallel_executor.executor.parallel:run_until_complete finished with '0'
[106.045s] DEBUG:colcon.colcon_core.event_reactor:joining thread
[106.133s] INFO:colcon.colcon_core.plugin_system:Skipping extension 'colcon_notification.desktop_notification.notify_send': Could not find 'notify-send'
[106.134s] INFO:colcon.colcon_core.plugin_system:Skipping extension 'colcon_notification.desktop_notification.terminal_notifier': Not used on non-Darwin systems
[106.134s] INFO:colcon.colcon_core.plugin_system:Skipping extension 'colcon_notification.desktop_notification.win32': Not used on non-Windows systems
[106.135s] INFO:colcon.colcon_notification.desktop_notification:Sending desktop notification using 'notify2'
[106.139s] DEBUG:colcon.colcon_notification.desktop_notification.notify2:Failed to initialize notify2: org.freedesktop.DBus.Error.Spawn.ExecFailed: /usr/bin/dbus-launch terminated abnormally without any error message
[106.141s] DEBUG:colcon.colcon_core.event_reactor:joined thread
[106.142s] INFO:colcon.colcon_core.shell:Creating prefix script '/my_code/ros_ws/install/local_setup.ps1'
[106.163s] INFO:colcon.colcon_core.shell:Creating prefix util module '/my_code/ros_ws/install/_local_setup_util_ps1.py'
[106.183s] INFO:colcon.colcon_core.shell:Creating prefix chain script '/my_code/ros_ws/install/setup.ps1'
[106.321s] INFO:colcon.colcon_core.shell:Creating prefix script '/my_code/ros_ws/install/local_setup.sh'
[106.341s] INFO:colcon.colcon_core.shell:Creating prefix util module '/my_code/ros_ws/install/_local_setup_util_sh.py'
[106.359s] INFO:colcon.colcon_core.shell:Creating prefix chain script '/my_code/ros_ws/install/setup.sh'
[106.452s] INFO:colcon.colcon_core.shell:Creating prefix script '/my_code/ros_ws/install/local_setup.bash'
[106.467s] INFO:colcon.colcon_core.shell:Creating prefix chain script '/my_code/ros_ws/install/setup.bash'
[106.551s] INFO:colcon.colcon_core.shell:Creating prefix script '/my_code/ros_ws/install/local_setup.zsh'
[106.567s] INFO:colcon.colcon_core.shell:Creating prefix chain script '/my_code/ros_ws/install/setup.zsh'
