[0.411s] Invoking command in '/apollo/ros_ws/build/scout_mini_hardware': CMAKE_PREFIX_PATH=${CMAKE_PREFIX_PATH}:/opt/ros/humble /usr/bin/cmake /apollo/ros_ws/src/scout_mini_hardware -DCMAKE_INSTALL_PREFIX=/apollo/ros_ws/install/scout_mini_hardware
[0.524s] -- Found ament_cmake: 1.3.11 (/opt/ros/humble/share/ament_cmake/cmake)
[0.876s] -- Found rclcpp: 16.0.11 (/opt/ros/humble/share/rclcpp/cmake)
[0.935s] -- Found rosidl_generator_c: 3.1.6 (/opt/ros/humble/share/rosidl_generator_c/cmake)
[0.938s] -- Found rosidl_adapter: 3.1.6 (/opt/ros/humble/share/rosidl_adapter/cmake)
[0.944s] -- Found rosidl_generator_cpp: 3.1.6 (/opt/ros/humble/share/rosidl_generator_cpp/cmake)
[0.963s] -- Using all available rosidl_typesupport_c: rosidl_typesupport_fastrtps_c;rosidl_typesupport_introspection_c
[0.985s] -- Using all available rosidl_typesupport_cpp: rosidl_typesupport_fastrtps_cpp;rosidl_typesupport_introspection_cpp
[1.053s] -- Found rmw_implementation_cmake: 6.1.2 (/opt/ros/humble/share/rmw_implementation_cmake/cmake)
[1.064s] -- Found rmw_fastrtps_cpp: 6.2.7 (/opt/ros/humble/share/rmw_fastrtps_cpp/cmake)
[1.879s] -- Using RMW implementation 'rmw_fastrtps_cpp' as default
[1.949s] -- Found hardware_interface: 2.48.0 (/opt/ros/humble/share/hardware_interface/cmake)
[2.412s] -- Found realtime_tools: 2.11.0 (/opt/ros/humble/share/realtime_tools/cmake)
[2.423s] -- Found can_msgs: 2.0.0 (/opt/ros/humble/share/can_msgs/cmake)
[2.434s] -- Found ros2_socketcan: 1.3.0 (/opt/ros/humble/share/ros2_socketcan/cmake)
[2.851s] [31mCMake Error at CMakeLists.txt:27 (find_package):
[2.854s]   By not providing "Findscout_mini_msgs.cmake" in CMAKE_MODULE_PATH this
[2.857s]   project has asked CMake to find a package configuration file provided by
[2.861s]   "scout_mini_msgs", but CMake did not find one.
[2.865s] 
[2.868s]   Could not find a package configuration file provided by "scout_mini_msgs"
[2.872s]   with any of the following names:
[2.876s] 
[2.882s]     scout_mini_msgsConfig.cmake
[2.885s]     scout_mini_msgs-config.cmake
[2.888s] 
[2.893s]   Add the installation prefix of "scout_mini_msgs" to CMAKE_PREFIX_PATH or
[2.897s]   set "scout_mini_msgs_DIR" to a directory containing one of the above files.
[2.932s]   If "scout_mini_msgs" provides a separate development package or SDK, be
[2.937s]   sure it has been installed.
[2.941s] 
[2.944s] [0m
[2.947s] -- Configuring incomplete, errors occurred!
[2.950s] See also "/apollo/ros_ws/build/scout_mini_hardware/CMakeFiles/CMakeOutput.log".
[2.957s] Invoked command in '/apollo/ros_ws/build/scout_mini_hardware' returned '1': CMAKE_PREFIX_PATH=${CMAKE_PREFIX_PATH}:/opt/ros/humble /usr/bin/cmake /apollo/ros_ws/src/scout_mini_hardware -DCMAKE_INSTALL_PREFIX=/apollo/ros_ws/install/scout_mini_hardware
