[0.318s] DEBUG:colcon:Command line arguments: ['/usr/bin/colcon', 'build', '--packages-select', 'scout_mini_ros2']
[0.319s] DEBUG:colcon:Parsed command line arguments: Namespace(log_base=None, log_level=None, verb_name='build', build_base='build', install_base='install', merge_install=False, symlink_install=False, test_result_base=None, continue_on_error=False, executor='parallel', parallel_workers=20, event_handlers=None, ignore_user_meta=False, metas=['./colcon.meta'], base_paths=['.'], packages_ignore=None, packages_ignore_regex=None, paths=None, packages_up_to=None, packages_up_to_regex=None, packages_above=None, packages_above_and_dependencies=None, packages_above_depth=None, packages_select_by_dep=None, packages_skip_by_dep=None, packages_skip_up_to=None, packages_select_build_failed=False, packages_skip_build_finished=False, packages_select_test_failures=False, packages_skip_test_passed=False, packages_select=['scout_mini_ros2'], packages_skip=None, packages_select_regex=None, packages_skip_regex=None, packages_start=None, packages_end=None, cmake_args=None, cmake_target=None, cmake_target_skip_unavailable=False, cmake_clean_cache=False, cmake_clean_first=False, cmake_force_configure=False, ament_cmake_args=None, catkin_cmake_args=None, catkin_skip_building_tests=False, mixin_files=None, mixin=None, verb_parser=<colcon_mixin.mixin.mixin_argument.MixinArgumentDecorator object at 0x7ff16b4b3100>, verb_extension=<colcon_core.verb.build.BuildVerb object at 0x7ff16b5fc070>, main=<bound method BuildVerb.main of <colcon_core.verb.build.BuildVerb object at 0x7ff16b5fc070>>, mixin_verb=('build',))
[0.568s] Level 1:colcon.colcon_core.package_discovery:discover_packages(colcon_meta) check parameters
[0.569s] Level 1:colcon.colcon_core.package_discovery:discover_packages(recursive) check parameters
[0.570s] Level 1:colcon.colcon_core.package_discovery:discover_packages(ignore) check parameters
[0.570s] Level 1:colcon.colcon_core.package_discovery:discover_packages(path) check parameters
[0.570s] Level 1:colcon.colcon_core.package_discovery:discover_packages(colcon_meta) discover
[0.571s] Level 1:colcon.colcon_core.package_discovery:discover_packages(recursive) discover
[0.571s] INFO:colcon.colcon_core.package_discovery:Crawling recursively for packages in '/apollo/ros_ws'
[0.574s] Level 1:colcon.colcon_core.package_identification:_identify(.) by extensions ['ignore', 'ignore_ament_install']
[0.574s] Level 1:colcon.colcon_core.package_identification:_identify(.) by extension 'ignore'
[0.575s] Level 1:colcon.colcon_core.package_identification:_identify(.) by extension 'ignore_ament_install'
[0.576s] Level 1:colcon.colcon_core.package_identification:_identify(.) by extensions ['colcon_pkg']
[0.576s] Level 1:colcon.colcon_core.package_identification:_identify(.) by extension 'colcon_pkg'
[0.577s] Level 1:colcon.colcon_core.package_identification:_identify(.) by extensions ['colcon_meta']
[0.577s] Level 1:colcon.colcon_core.package_identification:_identify(.) by extension 'colcon_meta'
[0.578s] Level 1:colcon.colcon_core.package_identification:_identify(.) by extensions ['ros']
[0.578s] Level 1:colcon.colcon_core.package_identification:_identify(.) by extension 'ros'
[0.595s] Level 1:colcon.colcon_core.package_identification:_identify(.) by extensions ['cmake', 'python']
[0.596s] Level 1:colcon.colcon_core.package_identification:_identify(.) by extension 'cmake'
[0.596s] Level 1:colcon.colcon_core.package_identification:_identify(.) by extension 'python'
[0.597s] Level 1:colcon.colcon_core.package_identification:_identify(.) by extensions ['python_setup_py']
[0.597s] Level 1:colcon.colcon_core.package_identification:_identify(.) by extension 'python_setup_py'
[0.602s] Level 1:colcon.colcon_core.package_identification:_identify(build) by extensions ['ignore', 'ignore_ament_install']
[0.603s] Level 1:colcon.colcon_core.package_identification:_identify(build) by extension 'ignore'
[0.605s] Level 1:colcon.colcon_core.package_identification:_identify(build) ignored
[0.609s] Level 1:colcon.colcon_core.package_identification:_identify(install) by extensions ['ignore', 'ignore_ament_install']
[0.610s] Level 1:colcon.colcon_core.package_identification:_identify(install) by extension 'ignore'
[0.612s] Level 1:colcon.colcon_core.package_identification:_identify(install) ignored
[0.622s] Level 1:colcon.colcon_core.package_identification:_identify(log) by extensions ['ignore', 'ignore_ament_install']
[0.623s] Level 1:colcon.colcon_core.package_identification:_identify(log) by extension 'ignore'
[0.625s] Level 1:colcon.colcon_core.package_identification:_identify(log) ignored
[0.634s] Level 1:colcon.colcon_core.package_identification:_identify(src) by extensions ['ignore', 'ignore_ament_install']
[0.634s] Level 1:colcon.colcon_core.package_identification:_identify(src) by extension 'ignore'
[0.637s] Level 1:colcon.colcon_core.package_identification:_identify(src) by extension 'ignore_ament_install'
[0.641s] Level 1:colcon.colcon_core.package_identification:_identify(src) by extensions ['colcon_pkg']
[0.642s] Level 1:colcon.colcon_core.package_identification:_identify(src) by extension 'colcon_pkg'
[0.644s] Level 1:colcon.colcon_core.package_identification:_identify(src) by extensions ['colcon_meta']
[0.645s] Level 1:colcon.colcon_core.package_identification:_identify(src) by extension 'colcon_meta'
[0.647s] Level 1:colcon.colcon_core.package_identification:_identify(src) by extensions ['ros']
[0.648s] Level 1:colcon.colcon_core.package_identification:_identify(src) by extension 'ros'
[0.657s] Level 1:colcon.colcon_core.package_identification:_identify(src) by extensions ['cmake', 'python']
[0.658s] Level 1:colcon.colcon_core.package_identification:_identify(src) by extension 'cmake'
[0.660s] Level 1:colcon.colcon_core.package_identification:_identify(src) by extension 'python'
[0.663s] Level 1:colcon.colcon_core.package_identification:_identify(src) by extensions ['python_setup_py']
[0.663s] Level 1:colcon.colcon_core.package_identification:_identify(src) by extension 'python_setup_py'
[0.677s] Level 1:colcon.colcon_core.package_identification:_identify(src/scout_mini_base) by extensions ['ignore', 'ignore_ament_install']
[0.677s] Level 1:colcon.colcon_core.package_identification:_identify(src/scout_mini_base) by extension 'ignore'
[0.681s] Level 1:colcon.colcon_core.package_identification:_identify(src/scout_mini_base) by extension 'ignore_ament_install'
[0.688s] Level 1:colcon.colcon_core.package_identification:_identify(src/scout_mini_base) by extensions ['colcon_pkg']
[0.689s] Level 1:colcon.colcon_core.package_identification:_identify(src/scout_mini_base) by extension 'colcon_pkg'
[0.693s] Level 1:colcon.colcon_core.package_identification:_identify(src/scout_mini_base) by extensions ['colcon_meta']
[0.693s] Level 1:colcon.colcon_core.package_identification:_identify(src/scout_mini_base) by extension 'colcon_meta'
[0.699s] Level 1:colcon.colcon_core.package_identification:_identify(src/scout_mini_base) by extensions ['ros']
[0.699s] Level 1:colcon.colcon_core.package_identification:_identify(src/scout_mini_base) by extension 'ros'
[0.741s] DEBUG:colcon.colcon_core.package_identification:Package 'src/scout_mini_base' with type 'ros.ament_cmake' and name 'scout_mini_base'
[0.753s] Level 1:colcon.colcon_core.package_identification:_identify(src/scout_mini_description) by extensions ['ignore', 'ignore_ament_install']
[0.753s] Level 1:colcon.colcon_core.package_identification:_identify(src/scout_mini_description) by extension 'ignore'
[0.757s] Level 1:colcon.colcon_core.package_identification:_identify(src/scout_mini_description) by extension 'ignore_ament_install'
[0.764s] Level 1:colcon.colcon_core.package_identification:_identify(src/scout_mini_description) by extensions ['colcon_pkg']
[0.765s] Level 1:colcon.colcon_core.package_identification:_identify(src/scout_mini_description) by extension 'colcon_pkg'
[0.769s] Level 1:colcon.colcon_core.package_identification:_identify(src/scout_mini_description) by extensions ['colcon_meta']
[0.769s] Level 1:colcon.colcon_core.package_identification:_identify(src/scout_mini_description) by extension 'colcon_meta'
[0.775s] Level 1:colcon.colcon_core.package_identification:_identify(src/scout_mini_description) by extensions ['ros']
[0.776s] Level 1:colcon.colcon_core.package_identification:_identify(src/scout_mini_description) by extension 'ros'
[0.822s] DEBUG:colcon.colcon_core.package_identification:Package 'src/scout_mini_description' with type 'ros.ament_cmake' and name 'scout_mini_description'
[0.842s] Level 1:colcon.colcon_core.package_identification:_identify(src/scout_mini_hardware) by extensions ['ignore', 'ignore_ament_install']
[0.843s] Level 1:colcon.colcon_core.package_identification:_identify(src/scout_mini_hardware) by extension 'ignore'
[0.849s] Level 1:colcon.colcon_core.package_identification:_identify(src/scout_mini_hardware) by extension 'ignore_ament_install'
[0.862s] Level 1:colcon.colcon_core.package_identification:_identify(src/scout_mini_hardware) by extensions ['colcon_pkg']
[0.863s] Level 1:colcon.colcon_core.package_identification:_identify(src/scout_mini_hardware) by extension 'colcon_pkg'
[0.869s] Level 1:colcon.colcon_core.package_identification:_identify(src/scout_mini_hardware) by extensions ['colcon_meta']
[0.870s] Level 1:colcon.colcon_core.package_identification:_identify(src/scout_mini_hardware) by extension 'colcon_meta'
[0.878s] Level 1:colcon.colcon_core.package_identification:_identify(src/scout_mini_hardware) by extensions ['ros']
[0.879s] Level 1:colcon.colcon_core.package_identification:_identify(src/scout_mini_hardware) by extension 'ros'
[0.916s] DEBUG:colcon.colcon_core.package_identification:Package 'src/scout_mini_hardware' with type 'ros.ament_cmake' and name 'scout_mini_hardware'
[0.931s] Level 1:colcon.colcon_core.package_identification:_identify(src/scout_mini_msgs) by extensions ['ignore', 'ignore_ament_install']
[0.932s] Level 1:colcon.colcon_core.package_identification:_identify(src/scout_mini_msgs) by extension 'ignore'
[0.936s] Level 1:colcon.colcon_core.package_identification:_identify(src/scout_mini_msgs) by extension 'ignore_ament_install'
[0.947s] Level 1:colcon.colcon_core.package_identification:_identify(src/scout_mini_msgs) by extensions ['colcon_pkg']
[0.976s] Level 1:colcon.colcon_core.package_identification:_identify(src/scout_mini_msgs) by extension 'colcon_pkg'
[0.985s] Level 1:colcon.colcon_core.package_identification:_identify(src/scout_mini_msgs) by extensions ['colcon_meta']
[0.986s] Level 1:colcon.colcon_core.package_identification:_identify(src/scout_mini_msgs) by extension 'colcon_meta'
[0.994s] Level 1:colcon.colcon_core.package_identification:_identify(src/scout_mini_msgs) by extensions ['ros']
[0.995s] Level 1:colcon.colcon_core.package_identification:_identify(src/scout_mini_msgs) by extension 'ros'
[1.045s] DEBUG:colcon.colcon_core.package_identification:Package 'src/scout_mini_msgs' with type 'ros.ament_cmake' and name 'scout_mini_msgs'
[1.055s] Level 1:colcon.colcon_core.package_identification:_identify(src/scout_mini_ros2) by extensions ['ignore', 'ignore_ament_install']
[1.056s] Level 1:colcon.colcon_core.package_identification:_identify(src/scout_mini_ros2) by extension 'ignore'
[1.060s] Level 1:colcon.colcon_core.package_identification:_identify(src/scout_mini_ros2) by extension 'ignore_ament_install'
[1.067s] Level 1:colcon.colcon_core.package_identification:_identify(src/scout_mini_ros2) by extensions ['colcon_pkg']
[1.067s] Level 1:colcon.colcon_core.package_identification:_identify(src/scout_mini_ros2) by extension 'colcon_pkg'
[1.071s] Level 1:colcon.colcon_core.package_identification:_identify(src/scout_mini_ros2) by extensions ['colcon_meta']
[1.072s] Level 1:colcon.colcon_core.package_identification:_identify(src/scout_mini_ros2) by extension 'colcon_meta'
[1.077s] Level 1:colcon.colcon_core.package_identification:_identify(src/scout_mini_ros2) by extensions ['ros']
[1.077s] Level 1:colcon.colcon_core.package_identification:_identify(src/scout_mini_ros2) by extension 'ros'
[1.115s] DEBUG:colcon.colcon_core.package_identification:Package 'src/scout_mini_ros2' with type 'ros.ament_cmake' and name 'scout_mini_ros2'
[1.116s] Level 1:colcon.colcon_core.package_discovery:discover_packages(recursive) using defaults
[1.116s] Level 1:colcon.colcon_core.package_discovery:discover_packages(ignore) discover
[1.117s] Level 1:colcon.colcon_core.package_discovery:discover_packages(ignore) using defaults
[1.117s] Level 1:colcon.colcon_core.package_discovery:discover_packages(path) discover
[1.118s] Level 1:colcon.colcon_core.package_discovery:discover_packages(path) using defaults
[1.183s] INFO:colcon.colcon_core.package_selection:Skipping not selected package 'scout_mini_base' in 'src/scout_mini_base'
[1.184s] INFO:colcon.colcon_core.package_selection:Skipping not selected package 'scout_mini_description' in 'src/scout_mini_description'
[1.184s] INFO:colcon.colcon_core.package_selection:Skipping not selected package 'scout_mini_hardware' in 'src/scout_mini_hardware'
[1.185s] INFO:colcon.colcon_core.package_selection:Skipping not selected package 'scout_mini_msgs' in 'src/scout_mini_msgs'
[1.186s] Level 5:colcon.colcon_core.verb:set package 'scout_mini_ros2' build argument 'cmake_args' from command line to 'None'
[1.186s] Level 5:colcon.colcon_core.verb:set package 'scout_mini_ros2' build argument 'cmake_target' from command line to 'None'
[1.186s] Level 5:colcon.colcon_core.verb:set package 'scout_mini_ros2' build argument 'cmake_target_skip_unavailable' from command line to 'False'
[1.186s] Level 5:colcon.colcon_core.verb:set package 'scout_mini_ros2' build argument 'cmake_clean_cache' from command line to 'False'
[1.187s] Level 5:colcon.colcon_core.verb:set package 'scout_mini_ros2' build argument 'cmake_clean_first' from command line to 'False'
[1.187s] Level 5:colcon.colcon_core.verb:set package 'scout_mini_ros2' build argument 'cmake_force_configure' from command line to 'False'
[1.187s] Level 5:colcon.colcon_core.verb:set package 'scout_mini_ros2' build argument 'ament_cmake_args' from command line to 'None'
[1.188s] Level 5:colcon.colcon_core.verb:set package 'scout_mini_ros2' build argument 'catkin_cmake_args' from command line to 'None'
[1.188s] Level 5:colcon.colcon_core.verb:set package 'scout_mini_ros2' build argument 'catkin_skip_building_tests' from command line to 'False'
[1.188s] DEBUG:colcon.colcon_core.verb:Building package 'scout_mini_ros2' with the following arguments: {'ament_cmake_args': None, 'build_base': '/apollo/ros_ws/build/scout_mini_ros2', 'catkin_cmake_args': None, 'catkin_skip_building_tests': False, 'cmake_args': None, 'cmake_clean_cache': False, 'cmake_clean_first': False, 'cmake_force_configure': False, 'cmake_target': None, 'cmake_target_skip_unavailable': False, 'install_base': '/apollo/ros_ws/install/scout_mini_ros2', 'merge_install': False, 'path': '/apollo/ros_ws/src/scout_mini_ros2', 'symlink_install': False, 'test_result_base': None}
[1.189s] INFO:colcon.colcon_core.executor:Executing jobs using 'parallel' executor
[1.191s] DEBUG:colcon.colcon_parallel_executor.executor.parallel:run_until_complete
[1.192s] INFO:colcon.colcon_ros.task.ament_cmake.build:Building ROS package in '/apollo/ros_ws/src/scout_mini_ros2' with build type 'ament_cmake'
[1.192s] INFO:colcon.colcon_cmake.task.cmake.build:Building CMake package in '/apollo/ros_ws/src/scout_mini_ros2'
[1.196s] INFO:colcon.colcon_core.plugin_system:Skipping extension 'colcon_core.shell.bat': Not used on non-Windows systems
[1.197s] INFO:colcon.colcon_core.shell:Skip shell extension 'powershell' for command environment: Not usable outside of PowerShell
[1.197s] DEBUG:colcon.colcon_core.shell:Skip shell extension 'dsv' for command environment
[1.691s] DEBUG:colcon.colcon_core.event_handler.log_command:Invoking command in '/apollo/ros_ws/build/scout_mini_ros2': AMENT_PREFIX_PATH=/apollo/ros_ws/install/scout_mini_msgs:/apollo/ros_ws/install/scout_mini_description:/apollo/ros_ws/install/scout_mini_base:${AMENT_PREFIX_PATH} CMAKE_PREFIX_PATH=/apollo/ros_ws/install/scout_mini_msgs:/apollo/ros_ws/install/scout_mini_description:/apollo/ros_ws/install/scout_mini_base:/opt/ros/humble LD_LIBRARY_PATH=/apollo/ros_ws/install/scout_mini_msgs/lib:${LD_LIBRARY_PATH} PYTHONPATH=/apollo/ros_ws/install/scout_mini_msgs/local/lib/python3.10/dist-packages:${PYTHONPATH} /usr/bin/cmake /apollo/ros_ws/src/scout_mini_ros2 -DCMAKE_INSTALL_PREFIX=/apollo/ros_ws/install/scout_mini_ros2
[29.206s] DEBUG:colcon.colcon_core.event_handler.log_command:Invoked command in '/apollo/ros_ws/build/scout_mini_ros2' returned '0': AMENT_PREFIX_PATH=/apollo/ros_ws/install/scout_mini_msgs:/apollo/ros_ws/install/scout_mini_description:/apollo/ros_ws/install/scout_mini_base:${AMENT_PREFIX_PATH} CMAKE_PREFIX_PATH=/apollo/ros_ws/install/scout_mini_msgs:/apollo/ros_ws/install/scout_mini_description:/apollo/ros_ws/install/scout_mini_base:/opt/ros/humble LD_LIBRARY_PATH=/apollo/ros_ws/install/scout_mini_msgs/lib:${LD_LIBRARY_PATH} PYTHONPATH=/apollo/ros_ws/install/scout_mini_msgs/local/lib/python3.10/dist-packages:${PYTHONPATH} /usr/bin/cmake /apollo/ros_ws/src/scout_mini_ros2 -DCMAKE_INSTALL_PREFIX=/apollo/ros_ws/install/scout_mini_ros2
[29.246s] DEBUG:colcon.colcon_core.event_handler.log_command:Invoking command in '/apollo/ros_ws/build/scout_mini_ros2': AMENT_PREFIX_PATH=/apollo/ros_ws/install/scout_mini_msgs:/apollo/ros_ws/install/scout_mini_description:/apollo/ros_ws/install/scout_mini_base:${AMENT_PREFIX_PATH} CMAKE_PREFIX_PATH=/apollo/ros_ws/install/scout_mini_msgs:/apollo/ros_ws/install/scout_mini_description:/apollo/ros_ws/install/scout_mini_base:/opt/ros/humble LD_LIBRARY_PATH=/apollo/ros_ws/install/scout_mini_msgs/lib:${LD_LIBRARY_PATH} PYTHONPATH=/apollo/ros_ws/install/scout_mini_msgs/local/lib/python3.10/dist-packages:${PYTHONPATH} /usr/bin/cmake --build /apollo/ros_ws/build/scout_mini_ros2 -- -j20 -l20
[31.221s] DEBUG:colcon.colcon_core.event_handler.log_command:Invoked command in '/apollo/ros_ws/build/scout_mini_ros2' returned '0': AMENT_PREFIX_PATH=/apollo/ros_ws/install/scout_mini_msgs:/apollo/ros_ws/install/scout_mini_description:/apollo/ros_ws/install/scout_mini_base:${AMENT_PREFIX_PATH} CMAKE_PREFIX_PATH=/apollo/ros_ws/install/scout_mini_msgs:/apollo/ros_ws/install/scout_mini_description:/apollo/ros_ws/install/scout_mini_base:/opt/ros/humble LD_LIBRARY_PATH=/apollo/ros_ws/install/scout_mini_msgs/lib:${LD_LIBRARY_PATH} PYTHONPATH=/apollo/ros_ws/install/scout_mini_msgs/local/lib/python3.10/dist-packages:${PYTHONPATH} /usr/bin/cmake --build /apollo/ros_ws/build/scout_mini_ros2 -- -j20 -l20
[31.285s] DEBUG:colcon.colcon_core.event_handler.log_command:Invoking command in '/apollo/ros_ws/build/scout_mini_ros2': AMENT_PREFIX_PATH=/apollo/ros_ws/install/scout_mini_msgs:/apollo/ros_ws/install/scout_mini_description:/apollo/ros_ws/install/scout_mini_base:${AMENT_PREFIX_PATH} CMAKE_PREFIX_PATH=/apollo/ros_ws/install/scout_mini_msgs:/apollo/ros_ws/install/scout_mini_description:/apollo/ros_ws/install/scout_mini_base:/opt/ros/humble LD_LIBRARY_PATH=/apollo/ros_ws/install/scout_mini_msgs/lib:${LD_LIBRARY_PATH} PYTHONPATH=/apollo/ros_ws/install/scout_mini_msgs/local/lib/python3.10/dist-packages:${PYTHONPATH} /usr/bin/cmake --install /apollo/ros_ws/build/scout_mini_ros2
[36.435s] Level 1:colcon.colcon_core.environment:create_environment_scripts_only(scout_mini_ros2)
[36.441s] Level 1:colcon.colcon_core.environment:checking '/apollo/ros_ws/install/scout_mini_ros2' for CMake module files
[36.443s] DEBUG:colcon.colcon_core.event_handler.log_command:Invoked command in '/apollo/ros_ws/build/scout_mini_ros2' returned '0': AMENT_PREFIX_PATH=/apollo/ros_ws/install/scout_mini_msgs:/apollo/ros_ws/install/scout_mini_description:/apollo/ros_ws/install/scout_mini_base:${AMENT_PREFIX_PATH} CMAKE_PREFIX_PATH=/apollo/ros_ws/install/scout_mini_msgs:/apollo/ros_ws/install/scout_mini_description:/apollo/ros_ws/install/scout_mini_base:/opt/ros/humble LD_LIBRARY_PATH=/apollo/ros_ws/install/scout_mini_msgs/lib:${LD_LIBRARY_PATH} PYTHONPATH=/apollo/ros_ws/install/scout_mini_msgs/local/lib/python3.10/dist-packages:${PYTHONPATH} /usr/bin/cmake --install /apollo/ros_ws/build/scout_mini_ros2
[36.765s] Level 1:colcon.colcon_core.environment:checking '/apollo/ros_ws/install/scout_mini_ros2' for CMake config files
[36.985s] Level 1:colcon.colcon_core.shell:create_environment_hook('scout_mini_ros2', 'cmake_prefix_path')
[36.987s] INFO:colcon.colcon_core.shell:Creating environment hook '/apollo/ros_ws/install/scout_mini_ros2/share/scout_mini_ros2/hook/cmake_prefix_path.ps1'
[37.041s] INFO:colcon.colcon_core.shell:Creating environment descriptor '/apollo/ros_ws/install/scout_mini_ros2/share/scout_mini_ros2/hook/cmake_prefix_path.dsv'
[37.106s] INFO:colcon.colcon_core.shell:Creating environment hook '/apollo/ros_ws/install/scout_mini_ros2/share/scout_mini_ros2/hook/cmake_prefix_path.sh'
[37.210s] Level 1:colcon.colcon_core.environment:checking '/apollo/ros_ws/install/scout_mini_ros2/bin'
[37.215s] Level 1:colcon.colcon_core.environment:checking '/apollo/ros_ws/install/scout_mini_ros2/lib/pkgconfig/scout_mini_ros2.pc'
[37.225s] Level 1:colcon.colcon_core.environment:checking '/apollo/ros_ws/install/scout_mini_ros2/lib/python3.10/site-packages'
[37.232s] Level 1:colcon.colcon_core.environment:checking '/apollo/ros_ws/install/scout_mini_ros2/bin'
[37.238s] INFO:colcon.colcon_core.shell:Creating package script '/apollo/ros_ws/install/scout_mini_ros2/share/scout_mini_ros2/package.ps1'
[37.281s] INFO:colcon.colcon_core.shell:Creating package descriptor '/apollo/ros_ws/install/scout_mini_ros2/share/scout_mini_ros2/package.dsv'
[37.393s] INFO:colcon.colcon_core.shell:Creating package script '/apollo/ros_ws/install/scout_mini_ros2/share/scout_mini_ros2/package.sh'
[37.463s] INFO:colcon.colcon_core.shell:Creating package script '/apollo/ros_ws/install/scout_mini_ros2/share/scout_mini_ros2/package.bash'
[37.527s] INFO:colcon.colcon_core.shell:Creating package script '/apollo/ros_ws/install/scout_mini_ros2/share/scout_mini_ros2/package.zsh'
[37.582s] Level 1:colcon.colcon_core.environment:create_file_with_runtime_dependencies(/apollo/ros_ws/install/scout_mini_ros2/share/colcon-core/packages/scout_mini_ros2)
[37.747s] Level 1:colcon.colcon_core.environment:create_environment_scripts_only(scout_mini_ros2)
[37.748s] Level 1:colcon.colcon_core.environment:checking '/apollo/ros_ws/install/scout_mini_ros2' for CMake module files
[37.931s] Level 1:colcon.colcon_core.environment:checking '/apollo/ros_ws/install/scout_mini_ros2' for CMake config files
[38.004s] Level 1:colcon.colcon_core.shell:create_environment_hook('scout_mini_ros2', 'cmake_prefix_path')
[38.004s] INFO:colcon.colcon_core.shell:Creating environment hook '/apollo/ros_ws/install/scout_mini_ros2/share/scout_mini_ros2/hook/cmake_prefix_path.ps1'
[38.021s] INFO:colcon.colcon_core.shell:Creating environment descriptor '/apollo/ros_ws/install/scout_mini_ros2/share/scout_mini_ros2/hook/cmake_prefix_path.dsv'
[38.039s] INFO:colcon.colcon_core.shell:Creating environment hook '/apollo/ros_ws/install/scout_mini_ros2/share/scout_mini_ros2/hook/cmake_prefix_path.sh'
[38.073s] Level 1:colcon.colcon_core.environment:checking '/apollo/ros_ws/install/scout_mini_ros2/bin'
[38.077s] Level 1:colcon.colcon_core.environment:checking '/apollo/ros_ws/install/scout_mini_ros2/lib/pkgconfig/scout_mini_ros2.pc'
[38.080s] Level 1:colcon.colcon_core.environment:checking '/apollo/ros_ws/install/scout_mini_ros2/lib/python3.10/site-packages'
[38.085s] Level 1:colcon.colcon_core.environment:checking '/apollo/ros_ws/install/scout_mini_ros2/bin'
[38.089s] INFO:colcon.colcon_core.shell:Creating package script '/apollo/ros_ws/install/scout_mini_ros2/share/scout_mini_ros2/package.ps1'
[38.128s] INFO:colcon.colcon_core.shell:Creating package descriptor '/apollo/ros_ws/install/scout_mini_ros2/share/scout_mini_ros2/package.dsv'
[38.171s] INFO:colcon.colcon_core.shell:Creating package script '/apollo/ros_ws/install/scout_mini_ros2/share/scout_mini_ros2/package.sh'
[38.204s] INFO:colcon.colcon_core.shell:Creating package script '/apollo/ros_ws/install/scout_mini_ros2/share/scout_mini_ros2/package.bash'
[38.245s] INFO:colcon.colcon_core.shell:Creating package script '/apollo/ros_ws/install/scout_mini_ros2/share/scout_mini_ros2/package.zsh'
[38.304s] Level 1:colcon.colcon_core.environment:create_file_with_runtime_dependencies(/apollo/ros_ws/install/scout_mini_ros2/share/colcon-core/packages/scout_mini_ros2)
[38.348s] DEBUG:colcon.colcon_parallel_executor.executor.parallel:closing loop
[38.350s] DEBUG:colcon.colcon_parallel_executor.executor.parallel:loop closed
[38.351s] DEBUG:colcon.colcon_parallel_executor.executor.parallel:run_until_complete finished with '0'
[38.352s] DEBUG:colcon.colcon_core.event_reactor:joining thread
[38.479s] INFO:colcon.colcon_core.plugin_system:Skipping extension 'colcon_notification.desktop_notification.notify_send': Could not find 'notify-send'
[38.480s] INFO:colcon.colcon_core.plugin_system:Skipping extension 'colcon_notification.desktop_notification.terminal_notifier': Not used on non-Darwin systems
[38.481s] INFO:colcon.colcon_core.plugin_system:Skipping extension 'colcon_notification.desktop_notification.win32': Not used on non-Windows systems
[38.482s] INFO:colcon.colcon_notification.desktop_notification:Sending desktop notification using 'notify2'
[38.487s] DEBUG:colcon.colcon_notification.desktop_notification.notify2:Failed to initialize notify2: org.freedesktop.DBus.Error.Spawn.ExecFailed: /usr/bin/dbus-launch terminated abnormally without any error message
[38.488s] DEBUG:colcon.colcon_core.event_reactor:joined thread
[38.490s] INFO:colcon.colcon_core.shell:Creating prefix script '/apollo/ros_ws/install/local_setup.ps1'
[38.512s] INFO:colcon.colcon_core.shell:Creating prefix util module '/apollo/ros_ws/install/_local_setup_util_ps1.py'
[38.535s] INFO:colcon.colcon_core.shell:Creating prefix chain script '/apollo/ros_ws/install/setup.ps1'
[38.555s] INFO:colcon.colcon_core.shell:Creating prefix script '/apollo/ros_ws/install/local_setup.sh'
[38.580s] INFO:colcon.colcon_core.shell:Creating prefix util module '/apollo/ros_ws/install/_local_setup_util_sh.py'
[38.604s] INFO:colcon.colcon_core.shell:Creating prefix chain script '/apollo/ros_ws/install/setup.sh'
[38.658s] INFO:colcon.colcon_core.shell:Creating prefix script '/apollo/ros_ws/install/local_setup.bash'
[38.692s] INFO:colcon.colcon_core.shell:Creating prefix chain script '/apollo/ros_ws/install/setup.bash'
[38.711s] INFO:colcon.colcon_core.shell:Creating prefix script '/apollo/ros_ws/install/local_setup.zsh'
[38.725s] INFO:colcon.colcon_core.shell:Creating prefix chain script '/apollo/ros_ws/install/setup.zsh'
