[0.230s] Invoking command in '/apollo/ros_ws/build/scout_mini_hardware': CMAKE_PREFIX_PATH=/opt/ros/humble /usr/bin/cmake /apollo/ros_ws/src/scout_mini_hardware -DCMAKE_INSTALL_PREFIX=/apollo/ros_ws/install/scout_mini_hardware
[0.416s] -- Found ament_cmake: 1.3.11 (/opt/ros/humble/share/ament_cmake/cmake)
[0.729s] -- Override CMake install command with custom implementation using symlinks instead of copying resources
[0.881s] -- Found rclcpp: 16.0.11 (/opt/ros/humble/share/rclcpp/cmake)
[0.965s] -- Found rosidl_generator_c: 3.1.6 (/opt/ros/humble/share/rosidl_generator_c/cmake)
[0.971s] -- Found rosidl_adapter: 3.1.6 (/opt/ros/humble/share/rosidl_adapter/cmake)
[0.986s] -- Found rosidl_generator_cpp: 3.1.6 (/opt/ros/humble/share/rosidl_generator_cpp/cmake)
[1.010s] -- Using all available rosidl_typesupport_c: rosidl_typesupport_fastrtps_c;rosidl_typesupport_introspection_c
[1.039s] -- Using all available rosidl_typesupport_cpp: rosidl_typesupport_fastrtps_cpp;rosidl_typesupport_introspection_cpp
[1.124s] -- Found rmw_implementation_cmake: 6.1.2 (/opt/ros/humble/share/rmw_implementation_cmake/cmake)
[1.134s] -- Found rmw_fastrtps_cpp: 6.2.7 (/opt/ros/humble/share/rmw_fastrtps_cpp/cmake)
[1.729s] -- Using RMW implementation 'rmw_fastrtps_cpp' as default
[1.819s] -- Found hardware_interface: 2.48.0 (/opt/ros/humble/share/hardware_interface/cmake)
[2.101s] -- Found realtime_tools: 2.11.0 (/opt/ros/humble/share/realtime_tools/cmake)
[2.122s] -- Found can_msgs: 2.0.0 (/opt/ros/humble/share/can_msgs/cmake)
[2.142s] -- Found ros2_socketcan: 1.3.0 (/opt/ros/humble/share/ros2_socketcan/cmake)
[2.271s] [31mCMake Error at CMakeLists.txt:27 (find_package):
[2.273s]   By not providing "Findscout_mini_msgs.cmake" in CMAKE_MODULE_PATH this
[2.275s]   project has asked CMake to find a package configuration file provided by
[2.276s]   "scout_mini_msgs", but CMake did not find one.
[2.278s] 
[2.279s]   Could not find a package configuration file provided by "scout_mini_msgs"
[2.280s]   with any of the following names:
[2.282s] 
[2.283s]     scout_mini_msgsConfig.cmake
[2.284s]     scout_mini_msgs-config.cmake
[2.285s] 
[2.286s]   Add the installation prefix of "scout_mini_msgs" to CMAKE_PREFIX_PATH or
[2.287s]   set "scout_mini_msgs_DIR" to a directory containing one of the above files.
[2.289s]   If "scout_mini_msgs" provides a separate development package or SDK, be
[2.290s]   sure it has been installed.
[2.292s] 
[2.293s] [0m
[2.294s] -- Configuring incomplete, errors occurred!
[2.295s] See also "/apollo/ros_ws/build/scout_mini_hardware/CMakeFiles/CMakeOutput.log".
[3.953s] Invoked command in '/apollo/ros_ws/build/scout_mini_hardware' returned '1': CMAKE_PREFIX_PATH=/opt/ros/humble /usr/bin/cmake /apollo/ros_ws/src/scout_mini_hardware -DCMAKE_INSTALL_PREFIX=/apollo/ros_ws/install/scout_mini_hardware
