[1.249s] Invoking command in '/apollo/ros_ws/build/scout_mini_base': CMAKE_PREFIX_PATH=${CMAKE_PREFIX_PATH}:/opt/ros/humble /usr/bin/cmake --build /apollo/ros_ws/build/scout_mini_base -- -j20 -l20
[1.707s] Invoked command in '/apollo/ros_ws/build/scout_mini_base' returned '0': CMAKE_PREFIX_PATH=${CMAKE_PREFIX_PATH}:/opt/ros/humble /usr/bin/cmake --build /apollo/ros_ws/build/scout_mini_base -- -j20 -l20
[1.738s] Invoking command in '/apollo/ros_ws/build/scout_mini_base': CMAKE_PREFIX_PATH=${CMAKE_PREFIX_PATH}:/opt/ros/humble /usr/bin/cmake --install /apollo/ros_ws/build/scout_mini_base
[1.757s] -- Install configuration: ""
[1.772s] -- Up-to-date: /apollo/ros_ws/install/scout_mini_base/share/scout_mini_base/config
[1.813s] -- Up-to-date: /apollo/ros_ws/install/scout_mini_base/share/scout_mini_base/config/scout_mini.yaml
[1.836s] -- Up-to-date: /apollo/ros_ws/install/scout_mini_base/share/scout_mini_base/launch
[1.882s] -- Up-to-date: /apollo/ros_ws/install/scout_mini_base/share/scout_mini_base/launch/base_launch.py
[1.948s] -- Up-to-date: /apollo/ros_ws/install/scout_mini_base/share/ament_index/resource_index/package_run_dependencies/scout_mini_base
[2.014s] -- Up-to-date: /apollo/ros_ws/install/scout_mini_base/share/ament_index/resource_index/parent_prefix_path/scout_mini_base
[2.045s] -- Up-to-date: /apollo/ros_ws/install/scout_mini_base/share/scout_mini_base/environment/ament_prefix_path.sh
[2.089s] -- Up-to-date: /apollo/ros_ws/install/scout_mini_base/share/scout_mini_base/environment/ament_prefix_path.dsv
[2.120s] -- Up-to-date: /apollo/ros_ws/install/scout_mini_base/share/scout_mini_base/environment/path.sh
[2.155s] -- Up-to-date: /apollo/ros_ws/install/scout_mini_base/share/scout_mini_base/environment/path.dsv
[2.191s] -- Up-to-date: /apollo/ros_ws/install/scout_mini_base/share/scout_mini_base/local_setup.bash
[2.227s] -- Up-to-date: /apollo/ros_ws/install/scout_mini_base/share/scout_mini_base/local_setup.sh
[2.255s] -- Up-to-date: /apollo/ros_ws/install/scout_mini_base/share/scout_mini_base/local_setup.zsh
[2.284s] -- Up-to-date: /apollo/ros_ws/install/scout_mini_base/share/scout_mini_base/local_setup.dsv
[2.316s] -- Up-to-date: /apollo/ros_ws/install/scout_mini_base/share/scout_mini_base/package.dsv
[2.369s] -- Up-to-date: /apollo/ros_ws/install/scout_mini_base/share/ament_index/resource_index/packages/scout_mini_base
[2.406s] -- Up-to-date: /apollo/ros_ws/install/scout_mini_base/share/scout_mini_base/cmake/scout_mini_baseConfig.cmake
[2.435s] -- Up-to-date: /apollo/ros_ws/install/scout_mini_base/share/scout_mini_base/cmake/scout_mini_baseConfig-version.cmake
[2.471s] -- Up-to-date: /apollo/ros_ws/install/scout_mini_base/share/scout_mini_base/package.xml
[2.490s] Invoked command in '/apollo/ros_ws/build/scout_mini_base' returned '0': CMAKE_PREFIX_PATH=${CMAKE_PREFIX_PATH}:/opt/ros/humble /usr/bin/cmake --install /apollo/ros_ws/build/scout_mini_base
