[0.360s] Invoking command in '/apollo/ros_ws/build/scout_mini_base': CMAKE_PREFIX_PATH=/opt/ros/humble /usr/bin/cmake /apollo/ros_ws/src/scout_mini_base -DCMAKE_INSTALL_PREFIX=/apollo/ros_ws/install/scout_mini_base
[0.902s] -- The C compiler identification is GNU 11.4.0
[1.332s] -- The CXX compiler identification is GNU 11.4.0
[1.417s] -- Detecting C compiler ABI info
[2.802s] -- Detecting C compiler ABI info - done
[2.913s] -- Check for working C compiler: /usr/bin/cc - skipped
[2.930s] -- Detecting C compile features
[2.944s] -- Detecting C compile features - done
[3.179s] -- Detecting CXX compiler ABI info
[5.320s] -- Detecting CXX compiler ABI info - done
[5.376s] -- Check for working CXX compiler: /usr/bin/c++ - skipped
[5.378s] -- Detecting CXX compile features
[5.380s] -- Detecting CXX compile features - done
[5.519s] -- Found ament_cmake: 1.3.11 (/opt/ros/humble/share/ament_cmake/cmake)
[5.768s] -- Found Python3: /usr/bin/python3 (found version "3.10.12") found components: Interpreter 
[6.140s] -- Found ros2_control: 2.48.0 (/opt/ros/humble/share/ros2_control/cmake)
[6.144s] -- Found ros2_controllers: 2.41.0 (/opt/ros/humble/share/ros2_controllers/cmake)
[6.147s] -- Found twist_mux: 4.3.0 (/opt/ros/humble/share/twist_mux/cmake)
[6.252s] -- Found rosidl_generator_c: 3.1.6 (/opt/ros/humble/share/rosidl_generator_c/cmake)
[6.261s] -- Found rosidl_adapter: 3.1.6 (/opt/ros/humble/share/rosidl_adapter/cmake)
[6.277s] -- Found rosidl_generator_cpp: 3.1.6 (/opt/ros/humble/share/rosidl_generator_cpp/cmake)
[6.309s] -- Using all available rosidl_typesupport_c: rosidl_typesupport_fastrtps_c;rosidl_typesupport_introspection_c
[6.335s] -- Using all available rosidl_typesupport_cpp: rosidl_typesupport_fastrtps_cpp;rosidl_typesupport_introspection_cpp
[6.438s] -- Found rmw_implementation_cmake: 6.1.2 (/opt/ros/humble/share/rmw_implementation_cmake/cmake)
[6.448s] -- Found rmw_fastrtps_cpp: 6.2.7 (/opt/ros/humble/share/rmw_fastrtps_cpp/cmake)
[6.591s] -- Found OpenSSL: /usr/lib/x86_64-linux-gnu/libcrypto.so (found version "3.0.2")  
[6.655s] -- Found FastRTPS: /opt/ros/humble/include  
[6.742s] -- Using RMW implementation 'rmw_fastrtps_cpp' as default
[6.890s] -- Looking for pthread.h
[9.106s] -- Looking for pthread.h - found
[9.154s] -- Performing Test CMAKE_HAVE_LIBC_PTHREAD
[11.111s] -- Performing Test CMAKE_HAVE_LIBC_PTHREAD - Success
[11.134s] -- Found Threads: TRUE  
[13.016s] -- Configuring done
[14.613s] -- Generating done
[15.829s] -- Build files have been written to: /apollo/ros_ws/build/scout_mini_base
[15.839s] Invoked command in '/apollo/ros_ws/build/scout_mini_base' returned '0': CMAKE_PREFIX_PATH=/opt/ros/humble /usr/bin/cmake /apollo/ros_ws/src/scout_mini_base -DCMAKE_INSTALL_PREFIX=/apollo/ros_ws/install/scout_mini_base
[15.883s] Invoking command in '/apollo/ros_ws/build/scout_mini_base': CMAKE_PREFIX_PATH=/opt/ros/humble /usr/bin/cmake --build /apollo/ros_ws/build/scout_mini_base -- -j20 -l20
[16.409s] Invoked command in '/apollo/ros_ws/build/scout_mini_base' returned '0': CMAKE_PREFIX_PATH=/opt/ros/humble /usr/bin/cmake --build /apollo/ros_ws/build/scout_mini_base -- -j20 -l20
[16.505s] Invoking command in '/apollo/ros_ws/build/scout_mini_base': CMAKE_PREFIX_PATH=/opt/ros/humble /usr/bin/cmake --install /apollo/ros_ws/build/scout_mini_base
[16.523s] -- Install configuration: ""
[16.553s] -- Installing: /apollo/ros_ws/install/scout_mini_base/share/scout_mini_base/config
[16.641s] -- Installing: /apollo/ros_ws/install/scout_mini_base/share/scout_mini_base/config/scout_mini.yaml
[16.967s] -- Installing: /apollo/ros_ws/install/scout_mini_base/share/scout_mini_base/launch
[17.158s] -- Installing: /apollo/ros_ws/install/scout_mini_base/share/scout_mini_base/launch/base_launch.py
[17.553s] -- Installing: /apollo/ros_ws/install/scout_mini_base/share/ament_index/resource_index/package_run_dependencies/scout_mini_base
[18.018s] -- Installing: /apollo/ros_ws/install/scout_mini_base/share/ament_index/resource_index/parent_prefix_path/scout_mini_base
[18.466s] -- Installing: /apollo/ros_ws/install/scout_mini_base/share/scout_mini_base/environment/ament_prefix_path.sh
[18.840s] -- Installing: /apollo/ros_ws/install/scout_mini_base/share/scout_mini_base/environment/ament_prefix_path.dsv
[19.189s] -- Installing: /apollo/ros_ws/install/scout_mini_base/share/scout_mini_base/environment/path.sh
[19.371s] -- Installing: /apollo/ros_ws/install/scout_mini_base/share/scout_mini_base/environment/path.dsv
[19.516s] -- Installing: /apollo/ros_ws/install/scout_mini_base/share/scout_mini_base/local_setup.bash
[19.747s] -- Installing: /apollo/ros_ws/install/scout_mini_base/share/scout_mini_base/local_setup.sh
[19.938s] -- Installing: /apollo/ros_ws/install/scout_mini_base/share/scout_mini_base/local_setup.zsh
[20.125s] -- Installing: /apollo/ros_ws/install/scout_mini_base/share/scout_mini_base/local_setup.dsv
[20.396s] -- Installing: /apollo/ros_ws/install/scout_mini_base/share/scout_mini_base/package.dsv
[20.544s] -- Installing: /apollo/ros_ws/install/scout_mini_base/share/ament_index/resource_index/packages/scout_mini_base
[20.861s] -- Installing: /apollo/ros_ws/install/scout_mini_base/share/scout_mini_base/cmake/scout_mini_baseConfig.cmake
[21.092s] -- Installing: /apollo/ros_ws/install/scout_mini_base/share/scout_mini_base/cmake/scout_mini_baseConfig-version.cmake
[21.355s] -- Installing: /apollo/ros_ws/install/scout_mini_base/share/scout_mini_base/package.xml
[21.607s] Invoked command in '/apollo/ros_ws/build/scout_mini_base' returned '0': CMAKE_PREFIX_PATH=/opt/ros/humble /usr/bin/cmake --install /apollo/ros_ws/build/scout_mini_base
