[0.095s] Invoking command in '/my_code/ros_ws/build/scout_mini_base': CMAKE_PREFIX_PATH=${CMAKE_PREFIX_PATH}:/opt/ros/humble /usr/bin/cmake /my_code/ros_ws/src/scout_mini_base -DCMAKE_INSTALL_PREFIX=/my_code/ros_ws/install/scout_mini_base
[0.541s] -- The C compiler identification is GNU 11.4.0
[0.890s] -- The CXX compiler identification is GNU 11.4.0
[0.967s] -- Detecting C compiler ABI info
[2.207s] -- Detecting C compiler ABI info - done
[2.275s] -- Check for working C compiler: /usr/bin/cc - skipped
[2.278s] -- Detecting C compile features
[2.282s] -- Detecting C compile features - done
[2.450s] -- Detecting CXX compiler ABI info
[3.474s] -- Detecting CXX compiler ABI info - done
[3.538s] -- Check for working CXX compiler: /usr/bin/c++ - skipped
[3.542s] -- Detecting CXX compile features
[3.546s] -- Detecting CXX compile features - done
[3.655s] -- Found ament_cmake: 1.3.11 (/opt/ros/humble/share/ament_cmake/cmake)
[3.769s] -- Found Python3: /usr/bin/python3 (found version "3.10.12") found components: Interpreter 
[3.995s] [31mCMake Error at CMakeLists.txt:21 (find_package):
[4.000s]   By not providing "Findros2_control.cmake" in CMAKE_MODULE_PATH this project
[4.009s]   has asked CMake to find a package configuration file provided by
[4.014s]   "ros2_control", but CMake did not find one.
[4.018s] 
[4.023s]   Could not find a package configuration file provided by "ros2_control" with
[4.026s]   any of the following names:
[4.032s] 
[4.034s]     ros2_controlConfig.cmake
[4.037s]     ros2_control-config.cmake
[4.040s] 
[4.042s]   Add the installation prefix of "ros2_control" to CMAKE_PREFIX_PATH or set
[4.045s]   "ros2_control_DIR" to a directory containing one of the above files.  If
[4.048s]   "ros2_control" provides a separate development package or SDK, be sure it
[4.050s]   has been installed.
[4.052s] 
[4.055s] [0m
[4.058s] -- Configuring incomplete, errors occurred!
[4.061s] See also "/my_code/ros_ws/build/scout_mini_base/CMakeFiles/CMakeOutput.log".
[4.063s] Invoked command in '/my_code/ros_ws/build/scout_mini_base' returned '1': CMAKE_PREFIX_PATH=${CMAKE_PREFIX_PATH}:/opt/ros/humble /usr/bin/cmake /my_code/ros_ws/src/scout_mini_base -DCMAKE_INSTALL_PREFIX=/my_code/ros_ws/install/scout_mini_base
