-- Install configuration: ""
-- Up-to-date: /my_code/ros_ws/install/scout_mini_base/share/scout_mini_base/config
-- Up-to-date: /my_code/ros_ws/install/scout_mini_base/share/scout_mini_base/config/scout_mini.yaml
-- Up-to-date: /my_code/ros_ws/install/scout_mini_base/share/scout_mini_base/launch
-- Up-to-date: /my_code/ros_ws/install/scout_mini_base/share/scout_mini_base/launch/base_launch.py
-- Up-to-date: /my_code/ros_ws/install/scout_mini_base/share/ament_index/resource_index/package_run_dependencies/scout_mini_base
-- Up-to-date: /my_code/ros_ws/install/scout_mini_base/share/ament_index/resource_index/parent_prefix_path/scout_mini_base
-- Up-to-date: /my_code/ros_ws/install/scout_mini_base/share/scout_mini_base/environment/ament_prefix_path.sh
-- Up-to-date: /my_code/ros_ws/install/scout_mini_base/share/scout_mini_base/environment/ament_prefix_path.dsv
-- Up-to-date: /my_code/ros_ws/install/scout_mini_base/share/scout_mini_base/environment/path.sh
-- Up-to-date: /my_code/ros_ws/install/scout_mini_base/share/scout_mini_base/environment/path.dsv
-- Up-to-date: /my_code/ros_ws/install/scout_mini_base/share/scout_mini_base/local_setup.bash
-- Up-to-date: /my_code/ros_ws/install/scout_mini_base/share/scout_mini_base/local_setup.sh
-- Up-to-date: /my_code/ros_ws/install/scout_mini_base/share/scout_mini_base/local_setup.zsh
-- Up-to-date: /my_code/ros_ws/install/scout_mini_base/share/scout_mini_base/local_setup.dsv
-- Installing: /my_code/ros_ws/install/scout_mini_base/share/scout_mini_base/package.dsv
-- Up-to-date: /my_code/ros_ws/install/scout_mini_base/share/ament_index/resource_index/packages/scout_mini_base
-- Up-to-date: /my_code/ros_ws/install/scout_mini_base/share/scout_mini_base/cmake/scout_mini_baseConfig.cmake
-- Up-to-date: /my_code/ros_ws/install/scout_mini_base/share/scout_mini_base/cmake/scout_mini_baseConfig-version.cmake
-- Up-to-date: /my_code/ros_ws/install/scout_mini_base/share/scout_mini_base/package.xml
