[0.343s] Invoking command in '/my_code/ros_ws/build/scout_mini_base': CMAKE_PREFIX_PATH=${CMAKE_PREFIX_PATH}:/opt/ros/humble /usr/bin/cmake --build /my_code/ros_ws/build/scout_mini_base -- -j20 -l20
[0.807s] Invoked command in '/my_code/ros_ws/build/scout_mini_base' returned '0': CMAKE_PREFIX_PATH=${CMAKE_PREFIX_PATH}:/opt/ros/humble /usr/bin/cmake --build /my_code/ros_ws/build/scout_mini_base -- -j20 -l20
[0.953s] Invoking command in '/my_code/ros_ws/build/scout_mini_base': CMAKE_PREFIX_PATH=${CMAKE_PREFIX_PATH}:/opt/ros/humble /usr/bin/cmake --install /my_code/ros_ws/build/scout_mini_base
[1.037s] -- Install configuration: ""
[1.054s] -- Up-to-date: /my_code/ros_ws/install/scout_mini_base/share/scout_mini_base/config
[1.101s] -- Up-to-date: /my_code/ros_ws/install/scout_mini_base/share/scout_mini_base/config/scout_mini.yaml
[1.130s] -- Up-to-date: /my_code/ros_ws/install/scout_mini_base/share/scout_mini_base/launch
[1.210s] -- Up-to-date: /my_code/ros_ws/install/scout_mini_base/share/scout_mini_base/launch/base_launch.py
[1.341s] -- Up-to-date: /my_code/ros_ws/install/scout_mini_base/share/ament_index/resource_index/package_run_dependencies/scout_mini_base
[1.496s] -- Up-to-date: /my_code/ros_ws/install/scout_mini_base/share/ament_index/resource_index/parent_prefix_path/scout_mini_base
[1.559s] -- Up-to-date: /my_code/ros_ws/install/scout_mini_base/share/scout_mini_base/environment/ament_prefix_path.sh
[1.650s] -- Up-to-date: /my_code/ros_ws/install/scout_mini_base/share/scout_mini_base/environment/ament_prefix_path.dsv
[1.717s] -- Up-to-date: /my_code/ros_ws/install/scout_mini_base/share/scout_mini_base/environment/path.sh
[1.800s] -- Up-to-date: /my_code/ros_ws/install/scout_mini_base/share/scout_mini_base/environment/path.dsv
[1.875s] -- Up-to-date: /my_code/ros_ws/install/scout_mini_base/share/scout_mini_base/local_setup.bash
[1.942s] -- Up-to-date: /my_code/ros_ws/install/scout_mini_base/share/scout_mini_base/local_setup.sh
[2.017s] -- Up-to-date: /my_code/ros_ws/install/scout_mini_base/share/scout_mini_base/local_setup.zsh
[2.094s] -- Up-to-date: /my_code/ros_ws/install/scout_mini_base/share/scout_mini_base/local_setup.dsv
[2.162s] -- Installing: /my_code/ros_ws/install/scout_mini_base/share/scout_mini_base/package.dsv
[2.409s] -- Up-to-date: /my_code/ros_ws/install/scout_mini_base/share/ament_index/resource_index/packages/scout_mini_base
[2.476s] -- Up-to-date: /my_code/ros_ws/install/scout_mini_base/share/scout_mini_base/cmake/scout_mini_baseConfig.cmake
[2.537s] -- Up-to-date: /my_code/ros_ws/install/scout_mini_base/share/scout_mini_base/cmake/scout_mini_baseConfig-version.cmake
[2.624s] -- Up-to-date: /my_code/ros_ws/install/scout_mini_base/share/scout_mini_base/package.xml
[2.663s] Invoked command in '/my_code/ros_ws/build/scout_mini_base' returned '0': CMAKE_PREFIX_PATH=${CMAKE_PREFIX_PATH}:/opt/ros/humble /usr/bin/cmake --install /my_code/ros_ws/build/scout_mini_base
