[0.195s] Invoking command in '/my_code/ros_ws/build/scout_mini_hardware': CMAKE_PREFIX_PATH=${CMAKE_PREFIX_PATH}:/opt/ros/humble /usr/bin/cmake /my_code/ros_ws/src/scout_mini_hardware -DCMAKE_INSTALL_PREFIX=/my_code/ros_ws/install/scout_mini_hardware
[0.374s] -- Found ament_cmake: 1.3.11 (/opt/ros/humble/share/ament_cmake/cmake)
[0.608s] -- Found rclcpp: 16.0.11 (/opt/ros/humble/share/rclcpp/cmake)
[0.654s] -- Found rosidl_generator_c: 3.1.6 (/opt/ros/humble/share/rosidl_generator_c/cmake)
[0.656s] -- Found rosidl_adapter: 3.1.6 (/opt/ros/humble/share/rosidl_adapter/cmake)
[0.664s] -- Found rosidl_generator_cpp: 3.1.6 (/opt/ros/humble/share/rosidl_generator_cpp/cmake)
[0.679s] -- Using all available rosidl_typesupport_c: rosidl_typesupport_fastrtps_c;rosidl_typesupport_introspection_c
[0.697s] -- Using all available rosidl_typesupport_cpp: rosidl_typesupport_fastrtps_cpp;rosidl_typesupport_introspection_cpp
[0.756s] -- Found rmw_implementation_cmake: 6.1.2 (/opt/ros/humble/share/rmw_implementation_cmake/cmake)
[0.757s] -- Found rmw_fastrtps_cpp: 6.2.7 (/opt/ros/humble/share/rmw_fastrtps_cpp/cmake)
[0.855s] -- Using RMW implementation 'rmw_fastrtps_cpp' as default
[0.922s] -- Found hardware_interface: 2.48.0 (/opt/ros/humble/share/hardware_interface/cmake)
[1.049s] -- Found realtime_tools: 2.11.0 (/opt/ros/humble/share/realtime_tools/cmake)
[1.068s] [31mCMake Error at CMakeLists.txt:27 (find_package):
[1.072s]   By not providing "Findcan_msgs.cmake" in CMAKE_MODULE_PATH this project has
[1.077s]   asked CMake to find a package configuration file provided by "can_msgs",
[1.082s]   but CMake did not find one.
[1.091s] 
[1.095s]   Could not find a package configuration file provided by "can_msgs" with any
[1.100s]   of the following names:
[1.104s] 
[1.109s]     can_msgsConfig.cmake
[1.113s]     can_msgs-config.cmake
[1.116s] 
[1.119s]   Add the installation prefix of "can_msgs" to CMAKE_PREFIX_PATH or set
[1.122s]   "can_msgs_DIR" to a directory containing one of the above files.  If
[1.126s]   "can_msgs" provides a separate development package or SDK, be sure it has
[1.130s]   been installed.
[1.134s] 
[1.138s] [0m
[1.141s] -- Configuring incomplete, errors occurred!
[1.145s] See also "/my_code/ros_ws/build/scout_mini_hardware/CMakeFiles/CMakeOutput.log".
