[0.570s] Invoking command in '/my_code/ros_ws/build/scout_mini_description': CMAKE_PREFIX_PATH=${CMAKE_PREFIX_PATH}:/my_code/ros_ws/install/scout_mini_description:/my_code/ros_ws/install/scout_mini_base:/opt/ros/humble /usr/bin/cmake --build /my_code/ros_ws/build/scout_mini_description -- -j20 -l20
[0.747s] Invoked command in '/my_code/ros_ws/build/scout_mini_description' returned '0': CMAKE_PREFIX_PATH=${CMAKE_PREFIX_PATH}:/my_code/ros_ws/install/scout_mini_description:/my_code/ros_ws/install/scout_mini_base:/opt/ros/humble /usr/bin/cmake --build /my_code/ros_ws/build/scout_mini_description -- -j20 -l20
[0.791s] Invoking command in '/my_code/ros_ws/build/scout_mini_description': CMAKE_PREFIX_PATH=${CMAKE_PREFIX_PATH}:/my_code/ros_ws/install/scout_mini_description:/my_code/ros_ws/install/scout_mini_base:/opt/ros/humble /usr/bin/cmake --install /my_code/ros_ws/build/scout_mini_description
[0.804s] -- Install configuration: ""
[0.825s] -- Up-to-date: /my_code/ros_ws/install/scout_mini_description/share/scout_mini_description/launch
[0.891s] -- Up-to-date: /my_code/ros_ws/install/scout_mini_description/share/scout_mini_description/launch/description_launch.py
[0.929s] -- Up-to-date: /my_code/ros_ws/install/scout_mini_description/share/scout_mini_description/launch/rviz2_launch.py
[0.952s] -- Up-to-date: /my_code/ros_ws/install/scout_mini_description/share/scout_mini_description/meshes
[0.999s] -- Up-to-date: /my_code/ros_ws/install/scout_mini_description/share/scout_mini_description/meshes/body.dae
[1.037s] -- Up-to-date: /my_code/ros_ws/install/scout_mini_description/share/scout_mini_description/meshes/wheel.dae
[1.071s] -- Up-to-date: /my_code/ros_ws/install/scout_mini_description/share/scout_mini_description/rviz
[1.139s] -- Up-to-date: /my_code/ros_ws/install/scout_mini_description/share/scout_mini_description/rviz/scout_mini.rviz
[1.172s] -- Up-to-date: /my_code/ros_ws/install/scout_mini_description/share/scout_mini_description/urdf
[1.233s] -- Up-to-date: /my_code/ros_ws/install/scout_mini_description/share/scout_mini_description/urdf/scout_mini.urdf.xacro
[1.301s] -- Up-to-date: /my_code/ros_ws/install/scout_mini_description/share/ament_index/resource_index/package_run_dependencies/scout_mini_description
[1.358s] -- Up-to-date: /my_code/ros_ws/install/scout_mini_description/share/ament_index/resource_index/parent_prefix_path/scout_mini_description
[1.391s] -- Up-to-date: /my_code/ros_ws/install/scout_mini_description/share/scout_mini_description/environment/ament_prefix_path.sh
[1.431s] -- Up-to-date: /my_code/ros_ws/install/scout_mini_description/share/scout_mini_description/environment/ament_prefix_path.dsv
[1.465s] -- Up-to-date: /my_code/ros_ws/install/scout_mini_description/share/scout_mini_description/environment/path.sh
[1.511s] -- Up-to-date: /my_code/ros_ws/install/scout_mini_description/share/scout_mini_description/environment/path.dsv
[1.558s] -- Up-to-date: /my_code/ros_ws/install/scout_mini_description/share/scout_mini_description/local_setup.bash
[1.610s] -- Up-to-date: /my_code/ros_ws/install/scout_mini_description/share/scout_mini_description/local_setup.sh
[1.689s] -- Up-to-date: /my_code/ros_ws/install/scout_mini_description/share/scout_mini_description/local_setup.zsh
[1.768s] -- Up-to-date: /my_code/ros_ws/install/scout_mini_description/share/scout_mini_description/local_setup.dsv
[1.833s] -- Installing: /my_code/ros_ws/install/scout_mini_description/share/scout_mini_description/package.dsv
[2.111s] -- Up-to-date: /my_code/ros_ws/install/scout_mini_description/share/ament_index/resource_index/packages/scout_mini_description
[2.174s] -- Up-to-date: /my_code/ros_ws/install/scout_mini_description/share/scout_mini_description/cmake/scout_mini_descriptionConfig.cmake
[2.221s] -- Up-to-date: /my_code/ros_ws/install/scout_mini_description/share/scout_mini_description/cmake/scout_mini_descriptionConfig-version.cmake
[2.292s] -- Up-to-date: /my_code/ros_ws/install/scout_mini_description/share/scout_mini_description/package.xml
[3.312s] Invoked command in '/my_code/ros_ws/build/scout_mini_description' returned '0': CMAKE_PREFIX_PATH=${CMAKE_PREFIX_PATH}:/my_code/ros_ws/install/scout_mini_description:/my_code/ros_ws/install/scout_mini_base:/opt/ros/humble /usr/bin/cmake --install /my_code/ros_ws/build/scout_mini_description
