[0.350s] Invoking command in '/apollo/ros_ws/build/scout_mini_msgs': CMAKE_PREFIX_PATH=${CMAKE_PREFIX_PATH}:/opt/ros/humble /usr/bin/cmake /apollo/ros_ws/src/scout_mini_msgs -DCMAKE_INSTALL_PREFIX=/apollo/ros_ws/install/scout_mini_msgs
[1.019s] -- The C compiler identification is GNU 11.4.0
[1.543s] -- The CXX compiler identification is GNU 11.4.0
[1.697s] -- Detecting C compiler ABI info
[4.323s] -- Detecting C compiler ABI info - done
[4.420s] -- Check for working C compiler: /usr/bin/cc - skipped
[4.422s] -- Detecting C compile features
[4.425s] -- Detecting C compile features - done
[4.570s] -- Detecting CXX compiler ABI info
[6.911s] -- Detecting CXX compiler ABI info - done
[6.979s] -- Check for working CXX compiler: /usr/bin/c++ - skipped
[6.982s] -- Detecting CXX compile features
[7.002s] -- Detecting CXX compile features - done
[7.208s] -- Found ament_cmake: 1.3.11 (/opt/ros/humble/share/ament_cmake/cmake)
[7.606s] -- Found Python3: /usr/bin/python3 (found version "3.10.12") found components: Interpreter 
[8.064s] -- Found rosidl_default_generators: 1.2.0 (/opt/ros/humble/share/rosidl_default_generators/cmake)
[8.119s] -- Using all available rosidl_typesupport_c: rosidl_typesupport_fastrtps_c;rosidl_typesupport_introspection_c
[8.142s] -- Found rosidl_adapter: 3.1.6 (/opt/ros/humble/share/rosidl_adapter/cmake)
[8.282s] -- Using all available rosidl_typesupport_cpp: rosidl_typesupport_fastrtps_cpp;rosidl_typesupport_introspection_cpp
[8.346s] -- Found builtin_interfaces: 1.2.1 (/opt/ros/humble/share/builtin_interfaces/cmake)
[8.370s] -- Found std_msgs: 4.2.4 (/opt/ros/humble/share/std_msgs/cmake)
[13.493s] -- Found ament_cmake_ros: 0.10.0 (/opt/ros/humble/share/ament_cmake_ros/cmake)
[18.653s] -- Using all available rosidl_typesupport_c: rosidl_typesupport_fastrtps_c;rosidl_typesupport_introspection_c
