[0.317s] Invoking command in '/my_code/ros_ws/build/scout_mini_msgs': CMAKE_PREFIX_PATH=${CMAKE_PREFIX_PATH}:/opt/ros/humble /usr/bin/cmake --build /my_code/ros_ws/build/scout_mini_msgs -- -j20 -l20
[2.226s] [  1%] Built target scout_mini_msgs__cpp
[3.255s] [ 12%] Built target scout_mini_msgs__rosidl_generator_c
[3.613s] [ 23%] Built target scout_mini_msgs__rosidl_typesupport_cpp
[3.884s] [ 40%] Built target scout_mini_msgs__rosidl_typesupport_fastrtps_cpp
[3.913s] [ 46%] Built target scout_mini_msgs__rosidl_typesupport_introspection_cpp
[4.321s] [ 57%] Built target scout_mini_msgs__rosidl_typesupport_c
[4.378s] [ 74%] Built target scout_mini_msgs__rosidl_typesupport_introspection_c
[4.404s] [ 80%] Built target scout_mini_msgs__rosidl_typesupport_fastrtps_c
[4.506s] [ 80%] Built target ament_cmake_python_copy_scout_mini_msgs
[4.693s] [ 80%] Built target scout_mini_msgs
[5.441s] [ 81%] Built target scout_mini_msgs__py
[5.853s] running egg_info
[5.859s] writing scout_mini_msgs.egg-info/PKG-INFO
[5.867s] writing dependency_links to scout_mini_msgs.egg-info/dependency_links.txt
[5.883s] writing top-level names to scout_mini_msgs.egg-info/top_level.txt
[5.945s] reading manifest file 'scout_mini_msgs.egg-info/SOURCES.txt'
[6.050s] writing manifest file 'scout_mini_msgs.egg-info/SOURCES.txt'
[6.162s] [ 87%] Built target ament_cmake_python_build_scout_mini_msgs_egg
[6.186s] [ 91%] Built target scout_mini_msgs__rosidl_generator_py
[6.511s] [ 95%] Built target scout_mini_msgs__rosidl_typesupport_introspection_c__pyext
[6.521s] [ 97%] Built target scout_mini_msgs__rosidl_typesupport_fastrtps_c__pyext
[6.886s] [100%] Built target scout_mini_msgs__rosidl_typesupport_c__pyext
[7.745s] Invoked command in '/my_code/ros_ws/build/scout_mini_msgs' returned '0': CMAKE_PREFIX_PATH=${CMAKE_PREFIX_PATH}:/opt/ros/humble /usr/bin/cmake --build /my_code/ros_ws/build/scout_mini_msgs -- -j20 -l20
[7.808s] Invoking command in '/my_code/ros_ws/build/scout_mini_msgs': CMAKE_PREFIX_PATH=${CMAKE_PREFIX_PATH}:/opt/ros/humble /usr/bin/cmake --install /my_code/ros_ws/build/scout_mini_msgs
[7.898s] -- Install configuration: ""
[7.970s] -- Up-to-date: /my_code/ros_ws/install/scout_mini_msgs/share/ament_index/resource_index/rosidl_interfaces/scout_mini_msgs
[8.063s] -- Up-to-date: /my_code/ros_ws/install/scout_mini_msgs/include/scout_mini_msgs/scout_mini_msgs
[8.157s] -- Up-to-date: /my_code/ros_ws/install/scout_mini_msgs/include/scout_mini_msgs/scout_mini_msgs/msg
[8.270s] -- Up-to-date: /my_code/ros_ws/install/scout_mini_msgs/include/scout_mini_msgs/scout_mini_msgs/msg/detail
[8.361s] -- Up-to-date: /my_code/ros_ws/install/scout_mini_msgs/include/scout_mini_msgs/scout_mini_msgs/msg/detail/driver_state__functions.c
[8.450s] -- Up-to-date: /my_code/ros_ws/install/scout_mini_msgs/include/scout_mini_msgs/scout_mini_msgs/msg/detail/driver_state__functions.h
[8.554s] -- Up-to-date: /my_code/ros_ws/install/scout_mini_msgs/include/scout_mini_msgs/scout_mini_msgs/msg/detail/driver_state__struct.h
[8.635s] -- Up-to-date: /my_code/ros_ws/install/scout_mini_msgs/include/scout_mini_msgs/scout_mini_msgs/msg/detail/driver_state__type_support.h
[8.692s] -- Up-to-date: /my_code/ros_ws/install/scout_mini_msgs/include/scout_mini_msgs/scout_mini_msgs/msg/detail/fault_state__functions.c
[8.753s] -- Up-to-date: /my_code/ros_ws/install/scout_mini_msgs/include/scout_mini_msgs/scout_mini_msgs/msg/detail/fault_state__functions.h
[8.822s] -- Up-to-date: /my_code/ros_ws/install/scout_mini_msgs/include/scout_mini_msgs/scout_mini_msgs/msg/detail/fault_state__struct.h
[8.908s] -- Up-to-date: /my_code/ros_ws/install/scout_mini_msgs/include/scout_mini_msgs/scout_mini_msgs/msg/detail/fault_state__type_support.h
[8.998s] -- Up-to-date: /my_code/ros_ws/install/scout_mini_msgs/include/scout_mini_msgs/scout_mini_msgs/msg/detail/light_command__functions.c
[9.075s] -- Up-to-date: /my_code/ros_ws/install/scout_mini_msgs/include/scout_mini_msgs/scout_mini_msgs/msg/detail/light_command__functions.h
[9.141s] -- Up-to-date: /my_code/ros_ws/install/scout_mini_msgs/include/scout_mini_msgs/scout_mini_msgs/msg/detail/light_command__struct.h
[9.257s] -- Up-to-date: /my_code/ros_ws/install/scout_mini_msgs/include/scout_mini_msgs/scout_mini_msgs/msg/detail/light_command__type_support.h
[9.354s] -- Up-to-date: /my_code/ros_ws/install/scout_mini_msgs/include/scout_mini_msgs/scout_mini_msgs/msg/detail/light_state__functions.c
[9.419s] -- Up-to-date: /my_code/ros_ws/install/scout_mini_msgs/include/scout_mini_msgs/scout_mini_msgs/msg/detail/light_state__functions.h
[9.478s] -- Up-to-date: /my_code/ros_ws/install/scout_mini_msgs/include/scout_mini_msgs/scout_mini_msgs/msg/detail/light_state__struct.h
[9.539s] -- Up-to-date: /my_code/ros_ws/install/scout_mini_msgs/include/scout_mini_msgs/scout_mini_msgs/msg/detail/light_state__type_support.h
[9.641s] -- Up-to-date: /my_code/ros_ws/install/scout_mini_msgs/include/scout_mini_msgs/scout_mini_msgs/msg/detail/motor_state__functions.c
[9.788s] -- Up-to-date: /my_code/ros_ws/install/scout_mini_msgs/include/scout_mini_msgs/scout_mini_msgs/msg/detail/motor_state__functions.h
[9.863s] -- Up-to-date: /my_code/ros_ws/install/scout_mini_msgs/include/scout_mini_msgs/scout_mini_msgs/msg/detail/motor_state__struct.h
[9.925s] -- Up-to-date: /my_code/ros_ws/install/scout_mini_msgs/include/scout_mini_msgs/scout_mini_msgs/msg/detail/motor_state__type_support.h
[9.997s] -- Up-to-date: /my_code/ros_ws/install/scout_mini_msgs/include/scout_mini_msgs/scout_mini_msgs/msg/detail/robot_state__functions.c
[10.048s] -- Up-to-date: /my_code/ros_ws/install/scout_mini_msgs/include/scout_mini_msgs/scout_mini_msgs/msg/detail/robot_state__functions.h
[10.101s] -- Up-to-date: /my_code/ros_ws/install/scout_mini_msgs/include/scout_mini_msgs/scout_mini_msgs/msg/detail/robot_state__struct.h
[10.186s] -- Up-to-date: /my_code/ros_ws/install/scout_mini_msgs/include/scout_mini_msgs/scout_mini_msgs/msg/detail/robot_state__type_support.h
[10.250s] -- Up-to-date: /my_code/ros_ws/install/scout_mini_msgs/include/scout_mini_msgs/scout_mini_msgs/msg/driver_state.h
[10.296s] -- Up-to-date: /my_code/ros_ws/install/scout_mini_msgs/include/scout_mini_msgs/scout_mini_msgs/msg/fault_state.h
[10.331s] -- Up-to-date: /my_code/ros_ws/install/scout_mini_msgs/include/scout_mini_msgs/scout_mini_msgs/msg/light_command.h
[10.374s] -- Up-to-date: /my_code/ros_ws/install/scout_mini_msgs/include/scout_mini_msgs/scout_mini_msgs/msg/light_state.h
[10.430s] -- Up-to-date: /my_code/ros_ws/install/scout_mini_msgs/include/scout_mini_msgs/scout_mini_msgs/msg/motor_state.h
[10.491s] -- Up-to-date: /my_code/ros_ws/install/scout_mini_msgs/include/scout_mini_msgs/scout_mini_msgs/msg/robot_state.h
[10.558s] -- Up-to-date: /my_code/ros_ws/install/scout_mini_msgs/include/scout_mini_msgs/scout_mini_msgs/msg/rosidl_generator_c__visibility_control.h
[10.586s] -- Up-to-date: /my_code/ros_ws/install/scout_mini_msgs/share/scout_mini_msgs/environment/library_path.sh
[10.631s] -- Up-to-date: /my_code/ros_ws/install/scout_mini_msgs/share/scout_mini_msgs/environment/library_path.dsv
[10.724s] -- Up-to-date: /my_code/ros_ws/install/scout_mini_msgs/lib/libscout_mini_msgs__rosidl_generator_c.so
[10.806s] -- Up-to-date: /my_code/ros_ws/install/scout_mini_msgs/include/scout_mini_msgs/scout_mini_msgs
[10.844s] -- Up-to-date: /my_code/ros_ws/install/scout_mini_msgs/include/scout_mini_msgs/scout_mini_msgs/msg
[10.929s] -- Up-to-date: /my_code/ros_ws/install/scout_mini_msgs/include/scout_mini_msgs/scout_mini_msgs/msg/detail
[11.060s] -- Up-to-date: /my_code/ros_ws/install/scout_mini_msgs/include/scout_mini_msgs/scout_mini_msgs/msg/detail/driver_state__rosidl_typesupport_fastrtps_c.h
[11.190s] -- Up-to-date: /my_code/ros_ws/install/scout_mini_msgs/include/scout_mini_msgs/scout_mini_msgs/msg/detail/fault_state__rosidl_typesupport_fastrtps_c.h
[11.291s] -- Up-to-date: /my_code/ros_ws/install/scout_mini_msgs/include/scout_mini_msgs/scout_mini_msgs/msg/detail/light_command__rosidl_typesupport_fastrtps_c.h
[11.356s] -- Up-to-date: /my_code/ros_ws/install/scout_mini_msgs/include/scout_mini_msgs/scout_mini_msgs/msg/detail/light_state__rosidl_typesupport_fastrtps_c.h
[11.424s] -- Up-to-date: /my_code/ros_ws/install/scout_mini_msgs/include/scout_mini_msgs/scout_mini_msgs/msg/detail/motor_state__rosidl_typesupport_fastrtps_c.h
[11.489s] -- Up-to-date: /my_code/ros_ws/install/scout_mini_msgs/include/scout_mini_msgs/scout_mini_msgs/msg/detail/robot_state__rosidl_typesupport_fastrtps_c.h
[11.555s] -- Up-to-date: /my_code/ros_ws/install/scout_mini_msgs/include/scout_mini_msgs/scout_mini_msgs/msg/rosidl_typesupport_fastrtps_c__visibility_control.h
[11.651s] -- Up-to-date: /my_code/ros_ws/install/scout_mini_msgs/lib/libscout_mini_msgs__rosidl_typesupport_fastrtps_c.so
[11.754s] -- Up-to-date: /my_code/ros_ws/install/scout_mini_msgs/include/scout_mini_msgs/scout_mini_msgs
[11.798s] -- Up-to-date: /my_code/ros_ws/install/scout_mini_msgs/include/scout_mini_msgs/scout_mini_msgs/msg
[11.880s] -- Up-to-date: /my_code/ros_ws/install/scout_mini_msgs/include/scout_mini_msgs/scout_mini_msgs/msg/detail
[12.076s] -- Up-to-date: /my_code/ros_ws/install/scout_mini_msgs/include/scout_mini_msgs/scout_mini_msgs/msg/detail/driver_state__rosidl_typesupport_introspection_c.h
[12.243s] -- Up-to-date: /my_code/ros_ws/install/scout_mini_msgs/include/scout_mini_msgs/scout_mini_msgs/msg/detail/driver_state__type_support.c
[12.390s] -- Up-to-date: /my_code/ros_ws/install/scout_mini_msgs/include/scout_mini_msgs/scout_mini_msgs/msg/detail/fault_state__rosidl_typesupport_introspection_c.h
[12.455s] -- Up-to-date: /my_code/ros_ws/install/scout_mini_msgs/include/scout_mini_msgs/scout_mini_msgs/msg/detail/fault_state__type_support.c
[12.491s] -- Up-to-date: /my_code/ros_ws/install/scout_mini_msgs/include/scout_mini_msgs/scout_mini_msgs/msg/detail/light_command__rosidl_typesupport_introspection_c.h
[12.542s] -- Up-to-date: /my_code/ros_ws/install/scout_mini_msgs/include/scout_mini_msgs/scout_mini_msgs/msg/detail/light_command__type_support.c
[12.657s] -- Up-to-date: /my_code/ros_ws/install/scout_mini_msgs/include/scout_mini_msgs/scout_mini_msgs/msg/detail/light_state__rosidl_typesupport_introspection_c.h
[12.751s] -- Up-to-date: /my_code/ros_ws/install/scout_mini_msgs/include/scout_mini_msgs/scout_mini_msgs/msg/detail/light_state__type_support.c
[12.861s] -- Up-to-date: /my_code/ros_ws/install/scout_mini_msgs/include/scout_mini_msgs/scout_mini_msgs/msg/detail/motor_state__rosidl_typesupport_introspection_c.h
[12.989s] -- Up-to-date: /my_code/ros_ws/install/scout_mini_msgs/include/scout_mini_msgs/scout_mini_msgs/msg/detail/motor_state__type_support.c
[13.074s] -- Up-to-date: /my_code/ros_ws/install/scout_mini_msgs/include/scout_mini_msgs/scout_mini_msgs/msg/detail/robot_state__rosidl_typesupport_introspection_c.h
[13.141s] -- Up-to-date: /my_code/ros_ws/install/scout_mini_msgs/include/scout_mini_msgs/scout_mini_msgs/msg/detail/robot_state__type_support.c
[13.248s] -- Up-to-date: /my_code/ros_ws/install/scout_mini_msgs/include/scout_mini_msgs/scout_mini_msgs/msg/rosidl_typesupport_introspection_c__visibility_control.h
[13.518s] -- Up-to-date: /my_code/ros_ws/install/scout_mini_msgs/lib/libscout_mini_msgs__rosidl_typesupport_introspection_c.so
[13.689s] -- Up-to-date: /my_code/ros_ws/install/scout_mini_msgs/lib/libscout_mini_msgs__rosidl_typesupport_c.so
[13.778s] -- Up-to-date: /my_code/ros_ws/install/scout_mini_msgs/include/scout_mini_msgs/scout_mini_msgs
[13.899s] -- Up-to-date: /my_code/ros_ws/install/scout_mini_msgs/include/scout_mini_msgs/scout_mini_msgs/msg
[14.084s] -- Up-to-date: /my_code/ros_ws/install/scout_mini_msgs/include/scout_mini_msgs/scout_mini_msgs/msg/detail
[14.215s] -- Up-to-date: /my_code/ros_ws/install/scout_mini_msgs/include/scout_mini_msgs/scout_mini_msgs/msg/detail/driver_state__builder.hpp
[14.302s] -- Up-to-date: /my_code/ros_ws/install/scout_mini_msgs/include/scout_mini_msgs/scout_mini_msgs/msg/detail/driver_state__struct.hpp
[14.371s] -- Up-to-date: /my_code/ros_ws/install/scout_mini_msgs/include/scout_mini_msgs/scout_mini_msgs/msg/detail/driver_state__traits.hpp
[14.457s] -- Up-to-date: /my_code/ros_ws/install/scout_mini_msgs/include/scout_mini_msgs/scout_mini_msgs/msg/detail/driver_state__type_support.hpp
[14.562s] -- Up-to-date: /my_code/ros_ws/install/scout_mini_msgs/include/scout_mini_msgs/scout_mini_msgs/msg/detail/fault_state__builder.hpp
[14.639s] -- Up-to-date: /my_code/ros_ws/install/scout_mini_msgs/include/scout_mini_msgs/scout_mini_msgs/msg/detail/fault_state__struct.hpp
[14.705s] -- Up-to-date: /my_code/ros_ws/install/scout_mini_msgs/include/scout_mini_msgs/scout_mini_msgs/msg/detail/fault_state__traits.hpp
[14.781s] -- Up-to-date: /my_code/ros_ws/install/scout_mini_msgs/include/scout_mini_msgs/scout_mini_msgs/msg/detail/fault_state__type_support.hpp
[14.884s] -- Up-to-date: /my_code/ros_ws/install/scout_mini_msgs/include/scout_mini_msgs/scout_mini_msgs/msg/detail/light_command__builder.hpp
[14.967s] -- Up-to-date: /my_code/ros_ws/install/scout_mini_msgs/include/scout_mini_msgs/scout_mini_msgs/msg/detail/light_command__struct.hpp
[15.059s] -- Up-to-date: /my_code/ros_ws/install/scout_mini_msgs/include/scout_mini_msgs/scout_mini_msgs/msg/detail/light_command__traits.hpp
[15.147s] -- Up-to-date: /my_code/ros_ws/install/scout_mini_msgs/include/scout_mini_msgs/scout_mini_msgs/msg/detail/light_command__type_support.hpp
[15.248s] -- Up-to-date: /my_code/ros_ws/install/scout_mini_msgs/include/scout_mini_msgs/scout_mini_msgs/msg/detail/light_state__builder.hpp
[15.332s] -- Up-to-date: /my_code/ros_ws/install/scout_mini_msgs/include/scout_mini_msgs/scout_mini_msgs/msg/detail/light_state__struct.hpp
[15.402s] -- Up-to-date: /my_code/ros_ws/install/scout_mini_msgs/include/scout_mini_msgs/scout_mini_msgs/msg/detail/light_state__traits.hpp
[15.481s] -- Up-to-date: /my_code/ros_ws/install/scout_mini_msgs/include/scout_mini_msgs/scout_mini_msgs/msg/detail/light_state__type_support.hpp
[15.542s] -- Up-to-date: /my_code/ros_ws/install/scout_mini_msgs/include/scout_mini_msgs/scout_mini_msgs/msg/detail/motor_state__builder.hpp
[15.612s] -- Up-to-date: /my_code/ros_ws/install/scout_mini_msgs/include/scout_mini_msgs/scout_mini_msgs/msg/detail/motor_state__struct.hpp
[15.708s] -- Up-to-date: /my_code/ros_ws/install/scout_mini_msgs/include/scout_mini_msgs/scout_mini_msgs/msg/detail/motor_state__traits.hpp
[15.771s] -- Up-to-date: /my_code/ros_ws/install/scout_mini_msgs/include/scout_mini_msgs/scout_mini_msgs/msg/detail/motor_state__type_support.hpp
[15.852s] -- Up-to-date: /my_code/ros_ws/install/scout_mini_msgs/include/scout_mini_msgs/scout_mini_msgs/msg/detail/robot_state__builder.hpp
[15.928s] -- Up-to-date: /my_code/ros_ws/install/scout_mini_msgs/include/scout_mini_msgs/scout_mini_msgs/msg/detail/robot_state__struct.hpp
[16.026s] -- Up-to-date: /my_code/ros_ws/install/scout_mini_msgs/include/scout_mini_msgs/scout_mini_msgs/msg/detail/robot_state__traits.hpp
[16.093s] -- Up-to-date: /my_code/ros_ws/install/scout_mini_msgs/include/scout_mini_msgs/scout_mini_msgs/msg/detail/robot_state__type_support.hpp
[16.199s] -- Up-to-date: /my_code/ros_ws/install/scout_mini_msgs/include/scout_mini_msgs/scout_mini_msgs/msg/driver_state.hpp
[16.316s] -- Up-to-date: /my_code/ros_ws/install/scout_mini_msgs/include/scout_mini_msgs/scout_mini_msgs/msg/fault_state.hpp
[16.346s] -- Up-to-date: /my_code/ros_ws/install/scout_mini_msgs/include/scout_mini_msgs/scout_mini_msgs/msg/light_command.hpp
[16.392s] -- Up-to-date: /my_code/ros_ws/install/scout_mini_msgs/include/scout_mini_msgs/scout_mini_msgs/msg/light_state.hpp
[16.552s] -- Up-to-date: /my_code/ros_ws/install/scout_mini_msgs/include/scout_mini_msgs/scout_mini_msgs/msg/motor_state.hpp
[16.668s] -- Up-to-date: /my_code/ros_ws/install/scout_mini_msgs/include/scout_mini_msgs/scout_mini_msgs/msg/robot_state.hpp
[16.800s] -- Up-to-date: /my_code/ros_ws/install/scout_mini_msgs/include/scout_mini_msgs/scout_mini_msgs/msg/rosidl_generator_cpp__visibility_control.hpp
[16.908s] -- Up-to-date: /my_code/ros_ws/install/scout_mini_msgs/include/scout_mini_msgs/scout_mini_msgs
[17.089s] -- Up-to-date: /my_code/ros_ws/install/scout_mini_msgs/include/scout_mini_msgs/scout_mini_msgs/msg
[17.263s] -- Up-to-date: /my_code/ros_ws/install/scout_mini_msgs/include/scout_mini_msgs/scout_mini_msgs/msg/detail
[17.340s] -- Up-to-date: /my_code/ros_ws/install/scout_mini_msgs/include/scout_mini_msgs/scout_mini_msgs/msg/detail/dds_fastrtps
[17.494s] -- Up-to-date: /my_code/ros_ws/install/scout_mini_msgs/include/scout_mini_msgs/scout_mini_msgs/msg/detail/driver_state__rosidl_typesupport_fastrtps_cpp.hpp
[17.674s] -- Up-to-date: /my_code/ros_ws/install/scout_mini_msgs/include/scout_mini_msgs/scout_mini_msgs/msg/detail/fault_state__rosidl_typesupport_fastrtps_cpp.hpp
[17.770s] -- Up-to-date: /my_code/ros_ws/install/scout_mini_msgs/include/scout_mini_msgs/scout_mini_msgs/msg/detail/light_command__rosidl_typesupport_fastrtps_cpp.hpp
[17.821s] -- Up-to-date: /my_code/ros_ws/install/scout_mini_msgs/include/scout_mini_msgs/scout_mini_msgs/msg/detail/light_state__rosidl_typesupport_fastrtps_cpp.hpp
[17.873s] -- Up-to-date: /my_code/ros_ws/install/scout_mini_msgs/include/scout_mini_msgs/scout_mini_msgs/msg/detail/motor_state__rosidl_typesupport_fastrtps_cpp.hpp
[17.905s] -- Up-to-date: /my_code/ros_ws/install/scout_mini_msgs/include/scout_mini_msgs/scout_mini_msgs/msg/detail/robot_state__rosidl_typesupport_fastrtps_cpp.hpp
[17.979s] -- Up-to-date: /my_code/ros_ws/install/scout_mini_msgs/include/scout_mini_msgs/scout_mini_msgs/msg/rosidl_typesupport_fastrtps_cpp__visibility_control.h
[18.198s] -- Up-to-date: /my_code/ros_ws/install/scout_mini_msgs/lib/libscout_mini_msgs__rosidl_typesupport_fastrtps_cpp.so
[18.383s] -- Up-to-date: /my_code/ros_ws/install/scout_mini_msgs/include/scout_mini_msgs/scout_mini_msgs
[18.403s] -- Up-to-date: /my_code/ros_ws/install/scout_mini_msgs/include/scout_mini_msgs/scout_mini_msgs/msg
[18.424s] -- Up-to-date: /my_code/ros_ws/install/scout_mini_msgs/include/scout_mini_msgs/scout_mini_msgs/msg/detail
[18.493s] -- Up-to-date: /my_code/ros_ws/install/scout_mini_msgs/include/scout_mini_msgs/scout_mini_msgs/msg/detail/driver_state__rosidl_typesupport_introspection_cpp.hpp
[18.552s] -- Up-to-date: /my_code/ros_ws/install/scout_mini_msgs/include/scout_mini_msgs/scout_mini_msgs/msg/detail/driver_state__type_support.cpp
[18.700s] -- Up-to-date: /my_code/ros_ws/install/scout_mini_msgs/include/scout_mini_msgs/scout_mini_msgs/msg/detail/fault_state__rosidl_typesupport_introspection_cpp.hpp
[18.810s] -- Up-to-date: /my_code/ros_ws/install/scout_mini_msgs/include/scout_mini_msgs/scout_mini_msgs/msg/detail/fault_state__type_support.cpp
[18.927s] -- Up-to-date: /my_code/ros_ws/install/scout_mini_msgs/include/scout_mini_msgs/scout_mini_msgs/msg/detail/light_command__rosidl_typesupport_introspection_cpp.hpp
[19.046s] -- Up-to-date: /my_code/ros_ws/install/scout_mini_msgs/include/scout_mini_msgs/scout_mini_msgs/msg/detail/light_command__type_support.cpp
[19.163s] -- Up-to-date: /my_code/ros_ws/install/scout_mini_msgs/include/scout_mini_msgs/scout_mini_msgs/msg/detail/light_state__rosidl_typesupport_introspection_cpp.hpp
[19.273s] -- Up-to-date: /my_code/ros_ws/install/scout_mini_msgs/include/scout_mini_msgs/scout_mini_msgs/msg/detail/light_state__type_support.cpp
[19.336s] -- Up-to-date: /my_code/ros_ws/install/scout_mini_msgs/include/scout_mini_msgs/scout_mini_msgs/msg/detail/motor_state__rosidl_typesupport_introspection_cpp.hpp
[19.374s] -- Up-to-date: /my_code/ros_ws/install/scout_mini_msgs/include/scout_mini_msgs/scout_mini_msgs/msg/detail/motor_state__type_support.cpp
[19.404s] -- Up-to-date: /my_code/ros_ws/install/scout_mini_msgs/include/scout_mini_msgs/scout_mini_msgs/msg/detail/robot_state__rosidl_typesupport_introspection_cpp.hpp
[19.550s] -- Up-to-date: /my_code/ros_ws/install/scout_mini_msgs/include/scout_mini_msgs/scout_mini_msgs/msg/detail/robot_state__type_support.cpp
[19.694s] -- Up-to-date: /my_code/ros_ws/install/scout_mini_msgs/lib/libscout_mini_msgs__rosidl_typesupport_introspection_cpp.so
[19.972s] -- Up-to-date: /my_code/ros_ws/install/scout_mini_msgs/lib/libscout_mini_msgs__rosidl_typesupport_cpp.so
[20.178s] -- Up-to-date: /my_code/ros_ws/install/scout_mini_msgs/share/scout_mini_msgs/environment/pythonpath.sh
[20.249s] -- Up-to-date: /my_code/ros_ws/install/scout_mini_msgs/share/scout_mini_msgs/environment/pythonpath.dsv
[20.264s] -- Up-to-date: /my_code/ros_ws/install/scout_mini_msgs/local/lib/python3.10/dist-packages/scout_mini_msgs-0.1.0-py3.10.egg-info
[20.381s] -- Installing: /my_code/ros_ws/install/scout_mini_msgs/local/lib/python3.10/dist-packages/scout_mini_msgs-0.1.0-py3.10.egg-info/dependency_links.txt
[20.658s] -- Installing: /my_code/ros_ws/install/scout_mini_msgs/local/lib/python3.10/dist-packages/scout_mini_msgs-0.1.0-py3.10.egg-info/PKG-INFO
[21.043s] -- Installing: /my_code/ros_ws/install/scout_mini_msgs/local/lib/python3.10/dist-packages/scout_mini_msgs-0.1.0-py3.10.egg-info/SOURCES.txt
[21.286s] -- Installing: /my_code/ros_ws/install/scout_mini_msgs/local/lib/python3.10/dist-packages/scout_mini_msgs-0.1.0-py3.10.egg-info/top_level.txt
[21.571s] -- Up-to-date: /my_code/ros_ws/install/scout_mini_msgs/local/lib/python3.10/dist-packages/scout_mini_msgs
[21.674s] -- Up-to-date: /my_code/ros_ws/install/scout_mini_msgs/local/lib/python3.10/dist-packages/scout_mini_msgs/libscout_mini_msgs__rosidl_generator_py.so
[21.732s] -- Up-to-date: /my_code/ros_ws/install/scout_mini_msgs/local/lib/python3.10/dist-packages/scout_mini_msgs/msg
[21.830s] -- Up-to-date: /my_code/ros_ws/install/scout_mini_msgs/local/lib/python3.10/dist-packages/scout_mini_msgs/msg/_driver_state.py
[21.937s] -- Up-to-date: /my_code/ros_ws/install/scout_mini_msgs/local/lib/python3.10/dist-packages/scout_mini_msgs/msg/_driver_state_s.c
[21.985s] -- Up-to-date: /my_code/ros_ws/install/scout_mini_msgs/local/lib/python3.10/dist-packages/scout_mini_msgs/msg/_fault_state.py
[22.004s] -- Up-to-date: /my_code/ros_ws/install/scout_mini_msgs/local/lib/python3.10/dist-packages/scout_mini_msgs/msg/_fault_state_s.c
[22.063s] -- Up-to-date: /my_code/ros_ws/install/scout_mini_msgs/local/lib/python3.10/dist-packages/scout_mini_msgs/msg/_light_command.py
[22.210s] -- Up-to-date: /my_code/ros_ws/install/scout_mini_msgs/local/lib/python3.10/dist-packages/scout_mini_msgs/msg/_light_command_s.c
[22.321s] -- Up-to-date: /my_code/ros_ws/install/scout_mini_msgs/local/lib/python3.10/dist-packages/scout_mini_msgs/msg/_light_state.py
[22.432s] -- Up-to-date: /my_code/ros_ws/install/scout_mini_msgs/local/lib/python3.10/dist-packages/scout_mini_msgs/msg/_light_state_s.c
[22.466s] -- Up-to-date: /my_code/ros_ws/install/scout_mini_msgs/local/lib/python3.10/dist-packages/scout_mini_msgs/msg/_motor_state.py
[22.500s] -- Up-to-date: /my_code/ros_ws/install/scout_mini_msgs/local/lib/python3.10/dist-packages/scout_mini_msgs/msg/_motor_state_s.c
[22.548s] -- Up-to-date: /my_code/ros_ws/install/scout_mini_msgs/local/lib/python3.10/dist-packages/scout_mini_msgs/msg/_robot_state.py
[22.617s] -- Up-to-date: /my_code/ros_ws/install/scout_mini_msgs/local/lib/python3.10/dist-packages/scout_mini_msgs/msg/_robot_state_s.c
[22.697s] -- Up-to-date: /my_code/ros_ws/install/scout_mini_msgs/local/lib/python3.10/dist-packages/scout_mini_msgs/msg/__init__.py
[22.756s] -- Up-to-date: /my_code/ros_ws/install/scout_mini_msgs/local/lib/python3.10/dist-packages/scout_mini_msgs/scout_mini_msgs_s__rosidl_typesupport_c.cpython-310-x86_64-linux-gnu.so
[22.822s] -- Up-to-date: /my_code/ros_ws/install/scout_mini_msgs/local/lib/python3.10/dist-packages/scout_mini_msgs/scout_mini_msgs_s__rosidl_typesupport_fastrtps_c.cpython-310-x86_64-linux-gnu.so
[22.864s] -- Up-to-date: /my_code/ros_ws/install/scout_mini_msgs/local/lib/python3.10/dist-packages/scout_mini_msgs/scout_mini_msgs_s__rosidl_typesupport_introspection_c.cpython-310-x86_64-linux-gnu.so
[22.895s] -- Up-to-date: /my_code/ros_ws/install/scout_mini_msgs/local/lib/python3.10/dist-packages/scout_mini_msgs/_scout_mini_msgs_s.ep.rosidl_typesupport_c.c
[22.985s] -- Up-to-date: /my_code/ros_ws/install/scout_mini_msgs/local/lib/python3.10/dist-packages/scout_mini_msgs/_scout_mini_msgs_s.ep.rosidl_typesupport_fastrtps_c.c
[23.084s] -- Up-to-date: /my_code/ros_ws/install/scout_mini_msgs/local/lib/python3.10/dist-packages/scout_mini_msgs/_scout_mini_msgs_s.ep.rosidl_typesupport_introspection_c.c
[23.202s] -- Up-to-date: /my_code/ros_ws/install/scout_mini_msgs/local/lib/python3.10/dist-packages/scout_mini_msgs/__init__.py
[24.715s] Listing '/my_code/ros_ws/install/scout_mini_msgs/local/lib/python3.10/dist-packages/scout_mini_msgs'...
[24.727s] Listing '/my_code/ros_ws/install/scout_mini_msgs/local/lib/python3.10/dist-packages/scout_mini_msgs/msg'...
[25.086s] -- Up-to-date: /my_code/ros_ws/install/scout_mini_msgs/local/lib/python3.10/dist-packages/scout_mini_msgs/scout_mini_msgs_s__rosidl_typesupport_fastrtps_c.cpython-310-x86_64-linux-gnu.so
[25.943s] -- Up-to-date: /my_code/ros_ws/install/scout_mini_msgs/local/lib/python3.10/dist-packages/scout_mini_msgs/scout_mini_msgs_s__rosidl_typesupport_introspection_c.cpython-310-x86_64-linux-gnu.so
[26.226s] -- Up-to-date: /my_code/ros_ws/install/scout_mini_msgs/local/lib/python3.10/dist-packages/scout_mini_msgs/scout_mini_msgs_s__rosidl_typesupport_c.cpython-310-x86_64-linux-gnu.so
[26.626s] -- Up-to-date: /my_code/ros_ws/install/scout_mini_msgs/lib/libscout_mini_msgs__rosidl_generator_py.so
[26.970s] -- Up-to-date: /my_code/ros_ws/install/scout_mini_msgs/share/scout_mini_msgs/msg/DriverState.idl
[27.078s] -- Up-to-date: /my_code/ros_ws/install/scout_mini_msgs/share/scout_mini_msgs/msg/FaultState.idl
[27.184s] -- Up-to-date: /my_code/ros_ws/install/scout_mini_msgs/share/scout_mini_msgs/msg/LightCommand.idl
[27.209s] -- Up-to-date: /my_code/ros_ws/install/scout_mini_msgs/share/scout_mini_msgs/msg/LightState.idl
[27.229s] -- Up-to-date: /my_code/ros_ws/install/scout_mini_msgs/share/scout_mini_msgs/msg/MotorState.idl
[27.247s] -- Up-to-date: /my_code/ros_ws/install/scout_mini_msgs/share/scout_mini_msgs/msg/RobotState.idl
[27.264s] -- Up-to-date: /my_code/ros_ws/install/scout_mini_msgs/share/scout_mini_msgs/msg/DriverState.msg
[27.350s] -- Up-to-date: /my_code/ros_ws/install/scout_mini_msgs/share/scout_mini_msgs/msg/FaultState.msg
[27.396s] -- Up-to-date: /my_code/ros_ws/install/scout_mini_msgs/share/scout_mini_msgs/msg/LightCommand.msg
[27.432s] -- Up-to-date: /my_code/ros_ws/install/scout_mini_msgs/share/scout_mini_msgs/msg/LightState.msg
[27.549s] -- Up-to-date: /my_code/ros_ws/install/scout_mini_msgs/share/scout_mini_msgs/msg/MotorState.msg
[27.644s] -- Up-to-date: /my_code/ros_ws/install/scout_mini_msgs/share/scout_mini_msgs/msg/RobotState.msg
[27.731s] -- Up-to-date: /my_code/ros_ws/install/scout_mini_msgs/share/ament_index/resource_index/package_run_dependencies/scout_mini_msgs
[27.810s] -- Up-to-date: /my_code/ros_ws/install/scout_mini_msgs/share/ament_index/resource_index/parent_prefix_path/scout_mini_msgs
[27.850s] -- Up-to-date: /my_code/ros_ws/install/scout_mini_msgs/share/scout_mini_msgs/environment/ament_prefix_path.sh
[27.913s] -- Up-to-date: /my_code/ros_ws/install/scout_mini_msgs/share/scout_mini_msgs/environment/ament_prefix_path.dsv
[27.960s] -- Up-to-date: /my_code/ros_ws/install/scout_mini_msgs/share/scout_mini_msgs/environment/path.sh
[28.031s] -- Up-to-date: /my_code/ros_ws/install/scout_mini_msgs/share/scout_mini_msgs/environment/path.dsv
[28.043s] -- Up-to-date: /my_code/ros_ws/install/scout_mini_msgs/share/scout_mini_msgs/local_setup.bash
[28.067s] -- Up-to-date: /my_code/ros_ws/install/scout_mini_msgs/share/scout_mini_msgs/local_setup.sh
[28.113s] -- Up-to-date: /my_code/ros_ws/install/scout_mini_msgs/share/scout_mini_msgs/local_setup.zsh
[28.181s] -- Up-to-date: /my_code/ros_ws/install/scout_mini_msgs/share/scout_mini_msgs/local_setup.dsv
[28.242s] -- Installing: /my_code/ros_ws/install/scout_mini_msgs/share/scout_mini_msgs/package.dsv
[28.416s] -- Up-to-date: /my_code/ros_ws/install/scout_mini_msgs/share/ament_index/resource_index/packages/scout_mini_msgs
[28.603s] -- Up-to-date: /my_code/ros_ws/install/scout_mini_msgs/share/scout_mini_msgs/cmake/export_scout_mini_msgs__rosidl_generator_cExport.cmake
[28.720s] -- Up-to-date: /my_code/ros_ws/install/scout_mini_msgs/share/scout_mini_msgs/cmake/export_scout_mini_msgs__rosidl_generator_cExport-noconfig.cmake
[28.880s] -- Up-to-date: /my_code/ros_ws/install/scout_mini_msgs/share/scout_mini_msgs/cmake/export_scout_mini_msgs__rosidl_typesupport_fastrtps_cExport.cmake
[29.022s] -- Up-to-date: /my_code/ros_ws/install/scout_mini_msgs/share/scout_mini_msgs/cmake/export_scout_mini_msgs__rosidl_typesupport_fastrtps_cExport-noconfig.cmake
[29.142s] -- Up-to-date: /my_code/ros_ws/install/scout_mini_msgs/share/scout_mini_msgs/cmake/scout_mini_msgs__rosidl_typesupport_introspection_cExport.cmake
[29.202s] -- Up-to-date: /my_code/ros_ws/install/scout_mini_msgs/share/scout_mini_msgs/cmake/scout_mini_msgs__rosidl_typesupport_introspection_cExport-noconfig.cmake
[29.275s] -- Up-to-date: /my_code/ros_ws/install/scout_mini_msgs/share/scout_mini_msgs/cmake/scout_mini_msgs__rosidl_typesupport_cExport.cmake
[29.373s] -- Up-to-date: /my_code/ros_ws/install/scout_mini_msgs/share/scout_mini_msgs/cmake/scout_mini_msgs__rosidl_typesupport_cExport-noconfig.cmake
[29.603s] -- Up-to-date: /my_code/ros_ws/install/scout_mini_msgs/share/scout_mini_msgs/cmake/export_scout_mini_msgs__rosidl_generator_cppExport.cmake
[29.816s] -- Up-to-date: /my_code/ros_ws/install/scout_mini_msgs/share/scout_mini_msgs/cmake/export_scout_mini_msgs__rosidl_typesupport_fastrtps_cppExport.cmake
[29.902s] -- Up-to-date: /my_code/ros_ws/install/scout_mini_msgs/share/scout_mini_msgs/cmake/export_scout_mini_msgs__rosidl_typesupport_fastrtps_cppExport-noconfig.cmake
[30.112s] -- Up-to-date: /my_code/ros_ws/install/scout_mini_msgs/share/scout_mini_msgs/cmake/scout_mini_msgs__rosidl_typesupport_introspection_cppExport.cmake
[30.256s] -- Up-to-date: /my_code/ros_ws/install/scout_mini_msgs/share/scout_mini_msgs/cmake/scout_mini_msgs__rosidl_typesupport_introspection_cppExport-noconfig.cmake
[30.823s] -- Up-to-date: /my_code/ros_ws/install/scout_mini_msgs/share/scout_mini_msgs/cmake/scout_mini_msgs__rosidl_typesupport_cppExport.cmake
[30.973s] -- Up-to-date: /my_code/ros_ws/install/scout_mini_msgs/share/scout_mini_msgs/cmake/scout_mini_msgs__rosidl_typesupport_cppExport-noconfig.cmake
[31.007s] -- Up-to-date: /my_code/ros_ws/install/scout_mini_msgs/share/scout_mini_msgs/cmake/export_scout_mini_msgs__rosidl_generator_pyExport.cmake
[31.033s] -- Up-to-date: /my_code/ros_ws/install/scout_mini_msgs/share/scout_mini_msgs/cmake/export_scout_mini_msgs__rosidl_generator_pyExport-noconfig.cmake
[31.080s] -- Up-to-date: /my_code/ros_ws/install/scout_mini_msgs/share/scout_mini_msgs/cmake/rosidl_cmake-extras.cmake
[31.128s] -- Up-to-date: /my_code/ros_ws/install/scout_mini_msgs/share/scout_mini_msgs/cmake/ament_cmake_export_dependencies-extras.cmake
[31.157s] -- Up-to-date: /my_code/ros_ws/install/scout_mini_msgs/share/scout_mini_msgs/cmake/ament_cmake_export_include_directories-extras.cmake
[31.188s] -- Up-to-date: /my_code/ros_ws/install/scout_mini_msgs/share/scout_mini_msgs/cmake/ament_cmake_export_libraries-extras.cmake
[31.257s] -- Up-to-date: /my_code/ros_ws/install/scout_mini_msgs/share/scout_mini_msgs/cmake/ament_cmake_export_targets-extras.cmake
[31.298s] -- Up-to-date: /my_code/ros_ws/install/scout_mini_msgs/share/scout_mini_msgs/cmake/rosidl_cmake_export_typesupport_targets-extras.cmake
[31.336s] -- Up-to-date: /my_code/ros_ws/install/scout_mini_msgs/share/scout_mini_msgs/cmake/rosidl_cmake_export_typesupport_libraries-extras.cmake
[31.538s] -- Up-to-date: /my_code/ros_ws/install/scout_mini_msgs/share/scout_mini_msgs/cmake/scout_mini_msgsConfig.cmake
[31.706s] -- Up-to-date: /my_code/ros_ws/install/scout_mini_msgs/share/scout_mini_msgs/cmake/scout_mini_msgsConfig-version.cmake
[31.782s] -- Up-to-date: /my_code/ros_ws/install/scout_mini_msgs/share/scout_mini_msgs/package.xml
[31.928s] Invoked command in '/my_code/ros_ws/build/scout_mini_msgs' returned '0': CMAKE_PREFIX_PATH=${CMAKE_PREFIX_PATH}:/opt/ros/humble /usr/bin/cmake --install /my_code/ros_ws/build/scout_mini_msgs
