[0.204s] Invoking command in '/my_code/ros_ws/build/scout_mini_base': CMAKE_PREFIX_PATH=${CMAKE_PREFIX_PATH}:/opt/ros/humble /usr/bin/cmake /my_code/ros_ws/src/scout_mini_base -DCMAKE_INSTALL_PREFIX=/my_code/ros_ws/install/scout_mini_base
[0.392s] -- Found ament_cmake: 1.3.11 (/opt/ros/humble/share/ament_cmake/cmake)
[0.575s] -- Found ros2_control: 2.48.0 (/opt/ros/humble/share/ros2_control/cmake)
[0.651s] [31mCMake Error at CMakeLists.txt:21 (find_package):
[0.654s]   By not providing "Findros2_controllers.cmake" in CMAKE_MODULE_PATH this
[0.656s]   project has asked CMake to find a package configuration file provided by
[0.657s]   "ros2_controllers", but CMake did not find one.
[0.659s] 
[0.661s]   Could not find a package configuration file provided by "ros2_controllers"
[0.662s]   with any of the following names:
[0.664s] 
[0.666s]     ros2_controllersConfig.cmake
[0.668s]     ros2_controllers-config.cmake
[0.671s] 
[0.673s]   Add the installation prefix of "ros2_controllers" to CMAKE_PREFIX_PATH or
[0.675s]   set "ros2_controllers_DIR" to a directory containing one of the above
[0.678s]   files.  If "ros2_controllers" provides a separate development package or
[0.679s]   SDK, be sure it has been installed.
[0.682s] 
[0.684s] [0m
[0.685s] -- Configuring incomplete, errors occurred!
[0.687s] See also "/my_code/ros_ws/build/scout_mini_base/CMakeFiles/CMakeOutput.log".
