-- Install configuration: ""
-- Installing: /apollo/ros_ws/install/scout_mini_base/share/scout_mini_base/config
-- Installing: /apollo/ros_ws/install/scout_mini_base/share/scout_mini_base/config/scout_mini.yaml
-- Installing: /apollo/ros_ws/install/scout_mini_base/share/scout_mini_base/launch
-- Installing: /apollo/ros_ws/install/scout_mini_base/share/scout_mini_base/launch/base_launch.py
-- Installing: /apollo/ros_ws/install/scout_mini_base/share/ament_index/resource_index/package_run_dependencies/scout_mini_base
-- Installing: /apollo/ros_ws/install/scout_mini_base/share/ament_index/resource_index/parent_prefix_path/scout_mini_base
-- Installing: /apollo/ros_ws/install/scout_mini_base/share/scout_mini_base/environment/ament_prefix_path.sh
-- Installing: /apollo/ros_ws/install/scout_mini_base/share/scout_mini_base/environment/ament_prefix_path.dsv
-- Installing: /apollo/ros_ws/install/scout_mini_base/share/scout_mini_base/environment/path.sh
-- Installing: /apollo/ros_ws/install/scout_mini_base/share/scout_mini_base/environment/path.dsv
-- Installing: /apollo/ros_ws/install/scout_mini_base/share/scout_mini_base/local_setup.bash
-- Installing: /apollo/ros_ws/install/scout_mini_base/share/scout_mini_base/local_setup.sh
-- Installing: /apollo/ros_ws/install/scout_mini_base/share/scout_mini_base/local_setup.zsh
-- Installing: /apollo/ros_ws/install/scout_mini_base/share/scout_mini_base/local_setup.dsv
-- Installing: /apollo/ros_ws/install/scout_mini_base/share/scout_mini_base/package.dsv
-- Installing: /apollo/ros_ws/install/scout_mini_base/share/ament_index/resource_index/packages/scout_mini_base
-- Installing: /apollo/ros_ws/install/scout_mini_base/share/scout_mini_base/cmake/scout_mini_baseConfig.cmake
-- Installing: /apollo/ros_ws/install/scout_mini_base/share/scout_mini_base/cmake/scout_mini_baseConfig-version.cmake
-- Installing: /apollo/ros_ws/install/scout_mini_base/share/scout_mini_base/package.xml
