[0.548s] Invoking command in '/apollo/ros_ws/build/scout_mini_base': CMAKE_PREFIX_PATH=${CMAKE_PREFIX_PATH}:/opt/ros/humble /usr/bin/cmake --build /apollo/ros_ws/build/scout_mini_base -- -j20 -l20
[0.855s] Invoked command in '/apollo/ros_ws/build/scout_mini_base' returned '0': CMAKE_PREFIX_PATH=${CMAKE_PREFIX_PATH}:/opt/ros/humble /usr/bin/cmake --build /apollo/ros_ws/build/scout_mini_base -- -j20 -l20
[0.945s] Invoking command in '/apollo/ros_ws/build/scout_mini_base': CMAKE_PREFIX_PATH=${CMAKE_PREFIX_PATH}:/opt/ros/humble /usr/bin/cmake --install /apollo/ros_ws/build/scout_mini_base
[0.973s] -- Install configuration: ""
[1.009s] -- Installing: /apollo/ros_ws/install/scout_mini_base/share/scout_mini_base/config
[1.039s] -- Installing: /apollo/ros_ws/install/scout_mini_base/share/scout_mini_base/config/scout_mini.yaml
[1.152s] -- Installing: /apollo/ros_ws/install/scout_mini_base/share/scout_mini_base/launch
[1.194s] -- Installing: /apollo/ros_ws/install/scout_mini_base/share/scout_mini_base/launch/base_launch.py
[1.343s] -- Installing: /apollo/ros_ws/install/scout_mini_base/share/ament_index/resource_index/package_run_dependencies/scout_mini_base
[1.563s] -- Installing: /apollo/ros_ws/install/scout_mini_base/share/ament_index/resource_index/parent_prefix_path/scout_mini_base
[1.741s] -- Installing: /apollo/ros_ws/install/scout_mini_base/share/scout_mini_base/environment/ament_prefix_path.sh
[1.854s] -- Installing: /apollo/ros_ws/install/scout_mini_base/share/scout_mini_base/environment/ament_prefix_path.dsv
[1.958s] -- Installing: /apollo/ros_ws/install/scout_mini_base/share/scout_mini_base/environment/path.sh
[2.052s] -- Installing: /apollo/ros_ws/install/scout_mini_base/share/scout_mini_base/environment/path.dsv
[2.175s] -- Installing: /apollo/ros_ws/install/scout_mini_base/share/scout_mini_base/local_setup.bash
[2.307s] -- Installing: /apollo/ros_ws/install/scout_mini_base/share/scout_mini_base/local_setup.sh
[2.436s] -- Installing: /apollo/ros_ws/install/scout_mini_base/share/scout_mini_base/local_setup.zsh
[2.709s] -- Installing: /apollo/ros_ws/install/scout_mini_base/share/scout_mini_base/local_setup.dsv
[2.992s] -- Installing: /apollo/ros_ws/install/scout_mini_base/share/scout_mini_base/package.dsv
[3.320s] -- Installing: /apollo/ros_ws/install/scout_mini_base/share/ament_index/resource_index/packages/scout_mini_base
[3.733s] -- Installing: /apollo/ros_ws/install/scout_mini_base/share/scout_mini_base/cmake/scout_mini_baseConfig.cmake
[4.001s] -- Installing: /apollo/ros_ws/install/scout_mini_base/share/scout_mini_base/cmake/scout_mini_baseConfig-version.cmake
[4.230s] -- Installing: /apollo/ros_ws/install/scout_mini_base/share/scout_mini_base/package.xml
