[  1%] Built target scout_mini_msgs__cpp
[35m[1mConsolidate compiler generated dependencies of target scout_mini_msgs__rosidl_generator_c[0m
[35m[1mConsolidate compiler generated dependencies of target scout_mini_msgs__rosidl_typesupport_cpp[0m
[35m[1mConsolidate compiler generated dependencies of target scout_mini_msgs__rosidl_typesupport_introspection_cpp[0m
[35m[1mConsolidate compiler generated dependencies of target scout_mini_msgs__rosidl_typesupport_fastrtps_cpp[0m
[ 12%] Built target scout_mini_msgs__rosidl_generator_c
[35m[1mConsolidate compiler generated dependencies of target scout_mini_msgs__rosidl_typesupport_c[0m
[35m[1mConsolidate compiler generated dependencies of target scout_mini_msgs__rosidl_typesupport_introspection_c[0m
[35m[1mConsolidate compiler generated dependencies of target scout_mini_msgs__rosidl_typesupport_fastrtps_c[0m
[ 23%] Built target scout_mini_msgs__rosidl_typesupport_cpp
[ 23%] Built target ament_cmake_python_copy_scout_mini_msgs
[ 35%] Built target scout_mini_msgs__rosidl_typesupport_c
[ 46%] Built target scout_mini_msgs__rosidl_typesupport_introspection_cpp
[ 57%] Built target scout_mini_msgs__rosidl_typesupport_fastrtps_cpp
[ 69%] Built target scout_mini_msgs__rosidl_typesupport_introspection_c
running egg_info
writing scout_mini_msgs.egg-info/PKG-INFO
writing dependency_links to scout_mini_msgs.egg-info/dependency_links.txt
writing top-level names to scout_mini_msgs.egg-info/top_level.txt
reading manifest file 'scout_mini_msgs.egg-info/SOURCES.txt'
writing manifest file 'scout_mini_msgs.egg-info/SOURCES.txt'
[ 69%] Built target ament_cmake_python_build_scout_mini_msgs_egg
[ 80%] Built target scout_mini_msgs__rosidl_typesupport_fastrtps_c
[ 80%] Built target scout_mini_msgs
[ 81%] Built target scout_mini_msgs__py
[35m[1mConsolidate compiler generated dependencies of target scout_mini_msgs__rosidl_generator_py[0m
[ 91%] Built target scout_mini_msgs__rosidl_generator_py
[35m[1mConsolidate compiler generated dependencies of target scout_mini_msgs__rosidl_typesupport_fastrtps_c__pyext[0m
[35m[1mConsolidate compiler generated dependencies of target scout_mini_msgs__rosidl_typesupport_introspection_c__pyext[0m
[35m[1mConsolidate compiler generated dependencies of target scout_mini_msgs__rosidl_typesupport_c__pyext[0m
[100%] Built target scout_mini_msgs__rosidl_typesupport_c__pyext
[100%] Built target scout_mini_msgs__rosidl_typesupport_fastrtps_c__pyext
[100%] Built target scout_mini_msgs__rosidl_typesupport_introspection_c__pyext
