[0.328s] Invoking command in '/my_code/ros_ws/build/scout_mini_msgs': CMAKE_PREFIX_PATH=${CMAKE_PREFIX_PATH}:/opt/ros/humble /usr/bin/cmake --build /my_code/ros_ws/build/scout_mini_msgs -- -j20 -l20
[1.731s] [  1%] Built target scout_mini_msgs__cpp
[2.415s] [ 12%] Built target scout_mini_msgs__rosidl_generator_c
[2.519s] [35m[1mConsolidate compiler generated dependencies of target scout_mini_msgs__rosidl_typesupport_fastrtps_cpp[0m
[2.659s] [ 23%] Built target scout_mini_msgs__rosidl_typesupport_cpp
[2.948s] [ 35%] Built target scout_mini_msgs__rosidl_typesupport_introspection_cpp
[3.064s] [35m[1mConsolidate compiler generated dependencies of target scout_mini_msgs__rosidl_typesupport_introspection_c[0m
[3.076s] [35m[1mConsolidate compiler generated dependencies of target scout_mini_msgs__rosidl_typesupport_fastrtps_c[0m
[3.227s] [ 46%] Built target scout_mini_msgs__rosidl_typesupport_c
[3.453s] gmake[2]: Warning: File 'CMakeFiles/scout_mini_msgs__rosidl_typesupport_introspection_c.dir/compiler_depend.make' has modification time 0.11 s in the future
[3.744s] gmake[2]: warning:  Clock skew detected.  Your build may be incomplete.
[3.805s] [ 57%] Built target scout_mini_msgs__rosidl_typesupport_introspection_c
[3.811s] [ 57%] Built target ament_cmake_python_copy_scout_mini_msgs
[4.210s] running egg_info
[4.217s] writing scout_mini_msgs.egg-info/PKG-INFO
[4.231s] writing dependency_links to scout_mini_msgs.egg-info/dependency_links.txt
[4.249s] writing top-level names to scout_mini_msgs.egg-info/top_level.txt
[4.270s] [ 69%] Built target scout_mini_msgs__rosidl_typesupport_fastrtps_cpp
[4.314s] reading manifest file 'scout_mini_msgs.egg-info/SOURCES.txt'
[4.394s] writing manifest file 'scout_mini_msgs.egg-info/SOURCES.txt'
[4.438s] [ 69%] Built target ament_cmake_python_build_scout_mini_msgs_egg
[4.546s] [ 80%] Built target scout_mini_msgs__rosidl_typesupport_fastrtps_c
[4.649s] [ 80%] Built target scout_mini_msgs
[4.964s] [ 81%] Built target scout_mini_msgs__py
[5.124s] [35m[1mConsolidate compiler generated dependencies of target scout_mini_msgs__rosidl_generator_py[0m
[6.684s] [ 91%] Built target scout_mini_msgs__rosidl_generator_py
[6.805s] [35m[1mConsolidate compiler generated dependencies of target scout_mini_msgs__rosidl_typesupport_fastrtps_c__pyext[0m
[6.809s] [35m[1mConsolidate compiler generated dependencies of target scout_mini_msgs__rosidl_typesupport_introspection_c__pyext[0m
[6.813s] [35m[1mConsolidate compiler generated dependencies of target scout_mini_msgs__rosidl_typesupport_c__pyext[0m
[7.397s] [ 98%] Built target scout_mini_msgs__rosidl_typesupport_introspection_c__pyext
[7.398s] [ 98%] Built target scout_mini_msgs__rosidl_typesupport_fastrtps_c__pyext
[7.421s] [100%] Built target scout_mini_msgs__rosidl_typesupport_c__pyext
