[0.402s] Invoking command in '/my_code/ros_ws/build/scout_mini_msgs': CMAKE_PREFIX_PATH=${CMAKE_PREFIX_PATH}:/my_code/ros_ws/install/scout_mini_description:/my_code/ros_ws/install/scout_mini_base:/opt/ros/humble /usr/bin/cmake --build /my_code/ros_ws/build/scout_mini_msgs -- -j20 -l20
[1.275s] [  1%] Built target scout_mini_msgs__cpp
[1.911s] [ 12%] Built target scout_mini_msgs__rosidl_generator_c
[2.110s] [ 23%] Built target scout_mini_msgs__rosidl_typesupport_cpp
[2.304s] [ 35%] Built target scout_mini_msgs__rosidl_typesupport_introspection_cpp
[2.413s] [ 46%] Built target scout_mini_msgs__rosidl_typesupport_fastrtps_cpp
[2.625s] [ 57%] Built target scout_mini_msgs__rosidl_typesupport_c
[2.786s] [ 78%] Built target scout_mini_msgs__rosidl_typesupport_fastrtps_c
[2.793s] [ 80%] Built target scout_mini_msgs__rosidl_typesupport_introspection_c
[2.896s] [ 80%] Built target scout_mini_msgs
[3.103s] [ 80%] Built target ament_cmake_python_copy_scout_mini_msgs
[3.153s] [ 81%] Built target scout_mini_msgs__py
[3.594s] running egg_info
[3.600s] writing scout_mini_msgs.egg-info/PKG-INFO
[3.610s] writing dependency_links to scout_mini_msgs.egg-info/dependency_links.txt
[3.624s] writing top-level names to scout_mini_msgs.egg-info/top_level.txt
[3.705s] reading manifest file 'scout_mini_msgs.egg-info/SOURCES.txt'
[3.767s] [ 91%] Built target scout_mini_msgs__rosidl_generator_py
[3.819s] writing manifest file 'scout_mini_msgs.egg-info/SOURCES.txt'
[3.855s] [ 91%] Built target ament_cmake_python_build_scout_mini_msgs_egg
[3.933s] [100%] Built target scout_mini_msgs__rosidl_typesupport_introspection_c__pyext
[3.934s] [100%] Built target scout_mini_msgs__rosidl_typesupport_fastrtps_c__pyext
[3.935s] [100%] Built target scout_mini_msgs__rosidl_typesupport_c__pyext
