[0.301s] Invoking command in '/apollo/ros_ws/build/scout_mini_description': CMAKE_PREFIX_PATH=${CMAKE_PREFIX_PATH}:/opt/ros/humble /usr/bin/cmake /apollo/ros_ws/src/scout_mini_description -DCMAKE_INSTALL_PREFIX=/apollo/ros_ws/install/scout_mini_description
[0.889s] -- The C compiler identification is GNU 11.4.0
[1.383s] -- The CXX compiler identification is GNU 11.4.0
[1.501s] -- Detecting C compiler ABI info
[3.084s] -- Detecting C compiler ABI info - done
[3.197s] -- Check for working C compiler: /usr/bin/cc - skipped
[3.201s] -- Detecting C compile features
[3.206s] -- Detecting C compile features - done
[3.441s] -- Detecting CXX compiler ABI info
[5.781s] -- Detecting CXX compiler ABI info - done
[5.894s] -- Check for working CXX compiler: /usr/bin/c++ - skipped
[5.899s] -- Detecting CXX compile features
[5.904s] -- Detecting CXX compile features - done
[6.104s] -- Found ament_cmake: 1.3.11 (/opt/ros/humble/share/ament_cmake/cmake)
[6.568s] -- Found Python3: /usr/bin/python3 (found version "3.10.12") found components: Interpreter 
[7.121s] -- Found urdf: 2.6.1 (/opt/ros/humble/share/urdf/cmake)
[7.359s] -- Found rviz2: 11.2.16 (/opt/ros/humble/share/rviz2/cmake)
[7.363s] -- Found robot_state_publisher: 3.0.3 (/opt/ros/humble/share/robot_state_publisher/cmake)
[7.440s] -- Found rosidl_generator_c: 3.1.6 (/opt/ros/humble/share/rosidl_generator_c/cmake)
[7.446s] -- Found rosidl_adapter: 3.1.6 (/opt/ros/humble/share/rosidl_adapter/cmake)
[7.464s] -- Found rosidl_generator_cpp: 3.1.6 (/opt/ros/humble/share/rosidl_generator_cpp/cmake)
[7.498s] -- Using all available rosidl_typesupport_c: rosidl_typesupport_fastrtps_c;rosidl_typesupport_introspection_c
[7.535s] -- Using all available rosidl_typesupport_cpp: rosidl_typesupport_fastrtps_cpp;rosidl_typesupport_introspection_cpp
[7.696s] -- Found eigen3_cmake_module: 0.1.1 (/opt/ros/humble/share/eigen3_cmake_module/cmake)
[7.698s] -- Found Eigen3: TRUE (found version "3.4.0") 
[7.700s] -- Ensuring Eigen3 include directory is part of orocos-kdl CMake target
[7.788s] -- Found rmw_implementation_cmake: 6.1.2 (/opt/ros/humble/share/rmw_implementation_cmake/cmake)
[7.797s] -- Found rmw_fastrtps_cpp: 6.2.7 (/opt/ros/humble/share/rmw_fastrtps_cpp/cmake)
[7.853s] -- Found TinyXML2 via Config file: TinyXML2_DIR-NOTFOUND
[8.335s] -- Found OpenSSL: /usr/lib/x86_64-linux-gnu/libcrypto.so (found version "3.0.2")  
[8.339s] -- Found TinyXML2 via Config file: TinyXML2_DIR-NOTFOUND
[8.434s] -- Found FastRTPS: /opt/ros/humble/include  
[8.437s] -- Found TinyXML2 via Config file: TinyXML2_DIR-NOTFOUND
[8.453s] -- Found TinyXML2 via Config file: TinyXML2_DIR-NOTFOUND
[8.517s] -- Using RMW implementation 'rmw_fastrtps_cpp' as default
[8.800s] -- Looking for pthread.h
[11.523s] -- Looking for pthread.h - found
[11.580s] -- Performing Test CMAKE_HAVE_LIBC_PTHREAD
[14.207s] -- Performing Test CMAKE_HAVE_LIBC_PTHREAD - Success
[14.220s] -- Found Threads: TRUE  
[16.492s] -- Configuring done
[17.834s] -- Generating done
[18.633s] -- Build files have been written to: /apollo/ros_ws/build/scout_mini_description
