[0.446s] Invoking command in '/my_code/ros_ws/build/scout_mini_hardware': CMAKE_PREFIX_PATH=${CMAKE_PREFIX_PATH}:/opt/ros/humble /usr/bin/cmake /my_code/ros_ws/src/scout_mini_hardware -DCMAKE_INSTALL_PREFIX=/my_code/ros_ws/install/scout_mini_hardware
[0.976s] -- The C compiler identification is GNU 11.4.0
[1.319s] -- The CXX compiler identification is GNU 11.4.0
[1.415s] -- Detecting C compiler ABI info
[2.326s] -- Detecting C compiler ABI info - done
[2.365s] -- Check for working C compiler: /usr/bin/cc - skipped
[2.367s] -- Detecting C compile features
[2.368s] -- Detecting C compile features - done
[2.483s] -- Detecting CXX compiler ABI info
[3.384s] -- Detecting CXX compiler ABI info - done
[3.436s] -- Check for working CXX compiler: /usr/bin/c++ - skipped
[3.438s] -- Detecting CXX compile features
[3.440s] -- Detecting CXX compile features - done
[3.558s] -- Found ament_cmake: 1.3.11 (/opt/ros/humble/share/ament_cmake/cmake)
[3.763s] -- Found Python3: /usr/bin/python3 (found version "3.10.12") found components: Interpreter 
[4.137s] -- Found rclcpp: 16.0.11 (/opt/ros/humble/share/rclcpp/cmake)
[4.203s] -- Found rosidl_generator_c: 3.1.6 (/opt/ros/humble/share/rosidl_generator_c/cmake)
[4.214s] -- Found rosidl_adapter: 3.1.6 (/opt/ros/humble/share/rosidl_adapter/cmake)
[4.225s] -- Found rosidl_generator_cpp: 3.1.6 (/opt/ros/humble/share/rosidl_generator_cpp/cmake)
[4.247s] -- Using all available rosidl_typesupport_c: rosidl_typesupport_fastrtps_c;rosidl_typesupport_introspection_c
[4.273s] -- Using all available rosidl_typesupport_cpp: rosidl_typesupport_fastrtps_cpp;rosidl_typesupport_introspection_cpp
[4.336s] -- Found rmw_implementation_cmake: 6.1.2 (/opt/ros/humble/share/rmw_implementation_cmake/cmake)
[4.342s] -- Found rmw_fastrtps_cpp: 6.2.7 (/opt/ros/humble/share/rmw_fastrtps_cpp/cmake)
[4.469s] -- Found OpenSSL: /usr/lib/x86_64-linux-gnu/libcrypto.so (found version "3.0.2")  
[4.551s] -- Found FastRTPS: /opt/ros/humble/include  
[4.637s] -- Using RMW implementation 'rmw_fastrtps_cpp' as default
[4.776s] -- Looking for pthread.h
[6.046s] -- Looking for pthread.h - found
[6.067s] -- Performing Test CMAKE_HAVE_LIBC_PTHREAD
[6.841s] -- Performing Test CMAKE_HAVE_LIBC_PTHREAD - Success
[6.850s] -- Found Threads: TRUE  
[6.891s] -- Found hardware_interface: 2.48.0 (/opt/ros/humble/share/hardware_interface/cmake)
[7.035s] -- Found realtime_tools: 2.11.0 (/opt/ros/humble/share/realtime_tools/cmake)
[7.055s] [31mCMake Error at CMakeLists.txt:27 (find_package):
[7.056s]   By not providing "Findcan_msgs.cmake" in CMAKE_MODULE_PATH this project has
[7.057s]   asked CMake to find a package configuration file provided by "can_msgs",
[7.059s]   but CMake did not find one.
[7.060s] 
[7.061s]   Could not find a package configuration file provided by "can_msgs" with any
[7.062s]   of the following names:
[7.064s] 
[7.065s]     can_msgsConfig.cmake
[7.066s]     can_msgs-config.cmake
[7.068s] 
[7.070s]   Add the installation prefix of "can_msgs" to CMAKE_PREFIX_PATH or set
[7.074s]   "can_msgs_DIR" to a directory containing one of the above files.  If
[7.075s]   "can_msgs" provides a separate development package or SDK, be sure it has
[7.077s]   been installed.
[7.078s] 
[7.078s] [0m
[7.079s] -- Configuring incomplete, errors occurred!
[7.080s] See also "/my_code/ros_ws/build/scout_mini_hardware/CMakeFiles/CMakeOutput.log".
