[0.228s] Invoking command in '/apollo/ros_ws/build/scout_mini_hardware': CMAKE_PREFIX_PATH=/opt/ros/humble /usr/bin/cmake /apollo/ros_ws/src/scout_mini_hardware -DCMAKE_INSTALL_PREFIX=/apollo/ros_ws/install/scout_mini_hardware
[0.407s] -- Found ament_cmake: 1.3.11 (/opt/ros/humble/share/ament_cmake/cmake)
[0.859s] -- Override CMake install command with custom implementation using symlinks instead of copying resources
[1.120s] -- Found rclcpp: 16.0.11 (/opt/ros/humble/share/rclcpp/cmake)
[1.180s] -- Found rosidl_generator_c: 3.1.6 (/opt/ros/humble/share/rosidl_generator_c/cmake)
[1.183s] -- Found rosidl_adapter: 3.1.6 (/opt/ros/humble/share/rosidl_adapter/cmake)
[1.203s] -- Found rosidl_generator_cpp: 3.1.6 (/opt/ros/humble/share/rosidl_generator_cpp/cmake)
[1.230s] -- Using all available rosidl_typesupport_c: rosidl_typesupport_fastrtps_c;rosidl_typesupport_introspection_c
[1.264s] -- Using all available rosidl_typesupport_cpp: rosidl_typesupport_fastrtps_cpp;rosidl_typesupport_introspection_cpp
[1.384s] -- Found rmw_implementation_cmake: 6.1.2 (/opt/ros/humble/share/rmw_implementation_cmake/cmake)
[1.402s] -- Found rmw_fastrtps_cpp: 6.2.7 (/opt/ros/humble/share/rmw_fastrtps_cpp/cmake)
[2.208s] -- Using RMW implementation 'rmw_fastrtps_cpp' as default
[2.293s] -- Found hardware_interface: 2.48.0 (/opt/ros/humble/share/hardware_interface/cmake)
[2.768s] -- Found realtime_tools: 2.11.0 (/opt/ros/humble/share/realtime_tools/cmake)
[2.779s] -- Found can_msgs: 2.0.0 (/opt/ros/humble/share/can_msgs/cmake)
[2.799s] -- Found ros2_socketcan: 1.3.0 (/opt/ros/humble/share/ros2_socketcan/cmake)
[3.103s] [31mCMake Error at CMakeLists.txt:27 (find_package):
[3.110s]   By not providing "Findscout_mini_msgs.cmake" in CMAKE_MODULE_PATH this
[3.117s]   project has asked CMake to find a package configuration file provided by
[3.125s]   "scout_mini_msgs", but CMake did not find one.
[3.135s] 
[3.144s]   Could not find a package configuration file provided by "scout_mini_msgs"
[3.152s]   with any of the following names:
[3.158s] 
[3.164s]     scout_mini_msgsConfig.cmake
[3.170s]     scout_mini_msgs-config.cmake
[3.175s] 
[3.181s]   Add the installation prefix of "scout_mini_msgs" to CMAKE_PREFIX_PATH or
[3.188s]   set "scout_mini_msgs_DIR" to a directory containing one of the above files.
[3.194s]   If "scout_mini_msgs" provides a separate development package or SDK, be
[3.200s]   sure it has been installed.
[3.206s] 
[3.212s] [0m
[3.219s] -- Configuring incomplete, errors occurred!
[3.224s] See also "/apollo/ros_ws/build/scout_mini_hardware/CMakeFiles/CMakeOutput.log".
[3.262s] Invoked command in '/apollo/ros_ws/build/scout_mini_hardware' returned '1': CMAKE_PREFIX_PATH=/opt/ros/humble /usr/bin/cmake /apollo/ros_ws/src/scout_mini_hardware -DCMAKE_INSTALL_PREFIX=/apollo/ros_ws/install/scout_mini_hardware
