[0.709s] Invoking command in '/apollo/ros_ws/build/scout_mini_hardware': CMAKE_PREFIX_PATH=${CMAKE_PREFIX_PATH}:/opt/ros/humble /usr/bin/cmake /apollo/ros_ws/src/scout_mini_hardware -DAMENT_CMAKE_SYMLINK_INSTALL=1 -DCMAKE_INSTALL_PREFIX=/apollo/ros_ws/install/scout_mini_hardware
[0.916s] -- Found ament_cmake: 1.3.11 (/opt/ros/humble/share/ament_cmake/cmake)
[1.359s] -- Override CMake install command with custom implementation using symlinks instead of copying resources
[1.517s] -- Found rclcpp: 16.0.11 (/opt/ros/humble/share/rclcpp/cmake)
[1.568s] -- Found rosidl_generator_c: 3.1.6 (/opt/ros/humble/share/rosidl_generator_c/cmake)
[1.570s] -- Found rosidl_adapter: 3.1.6 (/opt/ros/humble/share/rosidl_adapter/cmake)
[1.578s] -- Found rosidl_generator_cpp: 3.1.6 (/opt/ros/humble/share/rosidl_generator_cpp/cmake)
[1.606s] -- Using all available rosidl_typesupport_c: rosidl_typesupport_fastrtps_c;rosidl_typesupport_introspection_c
[1.636s] -- Using all available rosidl_typesupport_cpp: rosidl_typesupport_fastrtps_cpp;rosidl_typesupport_introspection_cpp
[1.703s] -- Found rmw_implementation_cmake: 6.1.2 (/opt/ros/humble/share/rmw_implementation_cmake/cmake)
[1.716s] -- Found rmw_fastrtps_cpp: 6.2.7 (/opt/ros/humble/share/rmw_fastrtps_cpp/cmake)
[2.510s] -- Using RMW implementation 'rmw_fastrtps_cpp' as default
[2.598s] -- Found hardware_interface: 2.48.0 (/opt/ros/humble/share/hardware_interface/cmake)
[3.322s] -- Found realtime_tools: 2.11.0 (/opt/ros/humble/share/realtime_tools/cmake)
[3.348s] -- Found can_msgs: 2.0.0 (/opt/ros/humble/share/can_msgs/cmake)
[3.402s] -- Found ros2_socketcan: 1.3.0 (/opt/ros/humble/share/ros2_socketcan/cmake)
[4.219s] [31mCMake Error at CMakeLists.txt:27 (find_package):
[4.224s]   By not providing "Findscout_mini_msgs.cmake" in CMAKE_MODULE_PATH this
[4.230s]   project has asked CMake to find a package configuration file provided by
[4.237s]   "scout_mini_msgs", but CMake did not find one.
[4.243s] 
[4.252s]   Could not find a package configuration file provided by "scout_mini_msgs"
[4.259s]   with any of the following names:
[4.265s] 
[4.271s]     scout_mini_msgsConfig.cmake
[4.277s]     scout_mini_msgs-config.cmake
[4.284s] 
[4.288s]   Add the installation prefix of "scout_mini_msgs" to CMAKE_PREFIX_PATH or
[4.292s]   set "scout_mini_msgs_DIR" to a directory containing one of the above files.
[4.325s]   If "scout_mini_msgs" provides a separate development package or SDK, be
[4.328s]   sure it has been installed.
[4.332s] 
[4.335s] [0m
[4.338s] -- Configuring incomplete, errors occurred!
[4.342s] See also "/apollo/ros_ws/build/scout_mini_hardware/CMakeFiles/CMakeOutput.log".
[4.345s] Invoked command in '/apollo/ros_ws/build/scout_mini_hardware' returned '1': CMAKE_PREFIX_PATH=${CMAKE_PREFIX_PATH}:/opt/ros/humble /usr/bin/cmake /apollo/ros_ws/src/scout_mini_hardware -DAMENT_CMAKE_SYMLINK_INSTALL=1 -DCMAKE_INSTALL_PREFIX=/apollo/ros_ws/install/scout_mini_hardware
