-- Install configuration: ""
-- Execute custom install script
-- Symlinking: /apollo/ros_ws/install/scout_mini_description/share/scout_mini_description/launch/description_launch.py
-- Symlinking: /apollo/ros_ws/install/scout_mini_description/share/scout_mini_description/launch/rviz2_launch.py
-- Symlinking: /apollo/ros_ws/install/scout_mini_description/share/scout_mini_description/meshes/body.dae
-- Symlinking: /apollo/ros_ws/install/scout_mini_description/share/scout_mini_description/meshes/wheel.dae
-- Symlinking: /apollo/ros_ws/install/scout_mini_description/share/scout_mini_description/rviz/scout_mini.rviz
-- Symlinking: /apollo/ros_ws/install/scout_mini_description/share/scout_mini_description/urdf/scout_mini.urdf.xacro
-- Symlinking: /apollo/ros_ws/install/scout_mini_description/share/ament_index/resource_index/package_run_dependencies/scout_mini_description
-- Symlinking: /apollo/ros_ws/install/scout_mini_description/share/ament_index/resource_index/parent_prefix_path/scout_mini_description
-- Symlinking: /apollo/ros_ws/install/scout_mini_description/share/scout_mini_description/environment/ament_prefix_path.sh
-- Symlinking: /apollo/ros_ws/install/scout_mini_description/share/scout_mini_description/environment/ament_prefix_path.dsv
-- Symlinking: /apollo/ros_ws/install/scout_mini_description/share/scout_mini_description/environment/path.sh
-- Symlinking: /apollo/ros_ws/install/scout_mini_description/share/scout_mini_description/environment/path.dsv
-- Symlinking: /apollo/ros_ws/install/scout_mini_description/share/scout_mini_description/local_setup.bash
-- Symlinking: /apollo/ros_ws/install/scout_mini_description/share/scout_mini_description/local_setup.sh
-- Symlinking: /apollo/ros_ws/install/scout_mini_description/share/scout_mini_description/local_setup.zsh
-- Symlinking: /apollo/ros_ws/install/scout_mini_description/share/scout_mini_description/local_setup.dsv
-- Symlinking: /apollo/ros_ws/install/scout_mini_description/share/scout_mini_description/package.dsv
-- Symlinking: /apollo/ros_ws/install/scout_mini_description/share/ament_index/resource_index/packages/scout_mini_description
-- Symlinking: /apollo/ros_ws/install/scout_mini_description/share/scout_mini_description/cmake/scout_mini_descriptionConfig.cmake
-- Symlinking: /apollo/ros_ws/install/scout_mini_description/share/scout_mini_description/cmake/scout_mini_descriptionConfig-version.cmake
-- Symlinking: /apollo/ros_ws/install/scout_mini_description/share/scout_mini_description/package.xml
