[0.265s] Invoking command in '/my_code/ros_ws/build/scout_mini_msgs': CMAKE_PREFIX_PATH=${CMAKE_PREFIX_PATH}:/opt/ros/humble /usr/bin/cmake --build /my_code/ros_ws/build/scout_mini_msgs -- -j20 -l20
[1.252s] [  1%] Built target scout_mini_msgs__cpp
[1.339s] [35m[1mConsolidate compiler generated dependencies of target scout_mini_msgs__rosidl_generator_c[0m
[1.568s] [35m[1mConsolidate compiler generated dependencies of target scout_mini_msgs__rosidl_typesupport_cpp[0m
[1.827s] [35m[1mConsolidate compiler generated dependencies of target scout_mini_msgs__rosidl_typesupport_introspection_cpp[0m
[1.881s] [35m[1mConsolidate compiler generated dependencies of target scout_mini_msgs__rosidl_typesupport_fastrtps_cpp[0m
[2.376s] [ 12%] Built target scout_mini_msgs__rosidl_generator_c
[2.712s] [35m[1mConsolidate compiler generated dependencies of target scout_mini_msgs__rosidl_typesupport_c[0m
[2.869s] [35m[1mConsolidate compiler generated dependencies of target scout_mini_msgs__rosidl_typesupport_introspection_c[0m
[2.876s] [35m[1mConsolidate compiler generated dependencies of target scout_mini_msgs__rosidl_typesupport_fastrtps_c[0m
[2.990s] gmake[2]: *** [CMakeFiles/scout_mini_msgs__rosidl_typesupport_c.dir/build.make:263: CMakeFiles/scout_mini_msgs__rosidl_typesupport_c.dir/depend] Interrupt
[2.992s] gmake[1]: *** [CMakeFiles/Makefile2:290: CMakeFiles/scout_mini_msgs__rosidl_typesupport_c.dir/all] Interrupt
[2.993s] gmake[1]: *** [CMakeFiles/Makefile2:369: CMakeFiles/scout_mini_msgs__rosidl_typesupport_introspection_cpp.dir/all] Interrupt
[2.995s] gmake[2]: *** [CMakeFiles/scout_mini_msgs__rosidl_typesupport_fastrtps_c.dir/build.make:292: CMakeFiles/scout_mini_msgs__rosidl_typesupport_fastrtps_c.dir/depend] Interrupt
[2.998s] gmake[1]: *** [CMakeFiles/Makefile2:238: CMakeFiles/scout_mini_msgs__rosidl_typesupport_fastrtps_c.dir/all] Interrupt
[2.999s] gmake[2]: *** [CMakeFiles/scout_mini_msgs__rosidl_typesupport_fastrtps_cpp.dir/build.make:288: CMakeFiles/scout_mini_msgs__rosidl_typesupport_fastrtps_cpp.dir/depend] Interrupt
[3.001s] gmake[1]: *** [CMakeFiles/Makefile2:342: CMakeFiles/scout_mini_msgs__rosidl_typesupport_fastrtps_cpp.dir/all] Interrupt
[3.003s] gmake[2]: *** [CMakeFiles/scout_mini_msgs__rosidl_typesupport_introspection_c.dir/build.make:289: CMakeFiles/scout_mini_msgs__rosidl_typesupport_introspection_c.dir/depend] Interrupt
[3.004s] gmake[1]: *** [CMakeFiles/Makefile2:264: CMakeFiles/scout_mini_msgs__rosidl_typesupport_introspection_c.dir/all] Interrupt
[3.006s] gmake[1]: *** [CMakeFiles/Makefile2:395: CMakeFiles/scout_mini_msgs__rosidl_typesupport_cpp.dir/all] Interrupt
[3.007s] gmake[2]: *** [CMakeFiles/ament_cmake_python_copy_scout_mini_msgs.dir/build.make:70: CMakeFiles/ament_cmake_python_copy_scout_mini_msgs] Interrupt
[3.008s] gmake[1]: *** [CMakeFiles/Makefile2:421: CMakeFiles/ament_cmake_python_copy_scout_mini_msgs.dir/all] Interrupt
[3.009s] gmake: *** [Makefile:146: all] Interrupt
