[  1%] Built target scout_mini_msgs__cpp
[ 12%] Built target scout_mini_msgs__rosidl_generator_c
[ 23%] Built target scout_mini_msgs__rosidl_typesupport_cpp
[ 35%] Built target scout_mini_msgs__rosidl_typesupport_introspection_cpp
[ 46%] Built target scout_mini_msgs__rosidl_typesupport_fastrtps_cpp
[ 57%] Built target scout_mini_msgs__rosidl_typesupport_c
[ 76%] Built target scout_mini_msgs__rosidl_typesupport_introspection_c
[ 80%] Built target scout_mini_msgs__rosidl_typesupport_fastrtps_c
[ 80%] Built target scout_mini_msgs
[ 80%] Built target ament_cmake_python_copy_scout_mini_msgs
[ 81%] Built target scout_mini_msgs__py
running egg_info
writing scout_mini_msgs.egg-info/PKG-INFO
writing dependency_links to scout_mini_msgs.egg-info/dependency_links.txt
writing top-level names to scout_mini_msgs.egg-info/top_level.txt
reading manifest file 'scout_mini_msgs.egg-info/SOURCES.txt'
[ 91%] Built target scout_mini_msgs__rosidl_generator_py
writing manifest file 'scout_mini_msgs.egg-info/SOURCES.txt'
[ 91%] Built target ament_cmake_python_build_scout_mini_msgs_egg
[100%] Built target scout_mini_msgs__rosidl_typesupport_c__pyext
[100%] Built target scout_mini_msgs__rosidl_typesupport_introspection_c__pyext
[100%] Built target scout_mini_msgs__rosidl_typesupport_fastrtps_c__pyext
