[0.792s] Invoking command in '/my_code/ros_ws/build/scout_mini_msgs': CMAKE_PREFIX_PATH=${CMAKE_PREFIX_PATH}:/my_code/ros_ws/install/scout_mini_description:/my_code/ros_ws/install/scout_mini_base:/opt/ros/humble /usr/bin/cmake --build /my_code/ros_ws/build/scout_mini_msgs -- -j20 -l20
[1.928s] [  1%] Built target scout_mini_msgs__cpp
[2.660s] [ 12%] Built target scout_mini_msgs__rosidl_generator_c
[2.809s] [ 23%] Built target scout_mini_msgs__rosidl_typesupport_cpp
[2.938s] [ 35%] Built target scout_mini_msgs__rosidl_typesupport_introspection_cpp
[3.062s] [ 46%] Built target scout_mini_msgs__rosidl_typesupport_fastrtps_cpp
[3.236s] [ 57%] Built target scout_mini_msgs__rosidl_typesupport_c
[3.426s] [ 76%] Built target scout_mini_msgs__rosidl_typesupport_introspection_c
[3.445s] [ 80%] Built target scout_mini_msgs__rosidl_typesupport_fastrtps_c
[3.544s] [ 80%] Built target scout_mini_msgs
[3.698s] [ 80%] Built target ament_cmake_python_copy_scout_mini_msgs
[3.770s] [ 81%] Built target scout_mini_msgs__py
[4.009s] running egg_info
[4.013s] writing scout_mini_msgs.egg-info/PKG-INFO
[4.019s] writing dependency_links to scout_mini_msgs.egg-info/dependency_links.txt
[4.026s] writing top-level names to scout_mini_msgs.egg-info/top_level.txt
[4.083s] reading manifest file 'scout_mini_msgs.egg-info/SOURCES.txt'
[4.132s] [ 91%] Built target scout_mini_msgs__rosidl_generator_py
[4.209s] writing manifest file 'scout_mini_msgs.egg-info/SOURCES.txt'
[4.239s] [ 91%] Built target ament_cmake_python_build_scout_mini_msgs_egg
[4.328s] [100%] Built target scout_mini_msgs__rosidl_typesupport_c__pyext
[4.329s] [100%] Built target scout_mini_msgs__rosidl_typesupport_introspection_c__pyext
[4.331s] [100%] Built target scout_mini_msgs__rosidl_typesupport_fastrtps_c__pyext
