-- Install configuration: ""
-- Installing: /apollo/ros_ws/install/scout_mini_description/share/scout_mini_description/launch
-- Installing: /apollo/ros_ws/install/scout_mini_description/share/scout_mini_description/launch/description_launch.py
-- Installing: /apollo/ros_ws/install/scout_mini_description/share/scout_mini_description/launch/rviz2_launch.py
-- Installing: /apollo/ros_ws/install/scout_mini_description/share/scout_mini_description/meshes
-- Installing: /apollo/ros_ws/install/scout_mini_description/share/scout_mini_description/meshes/body.dae
-- Installing: /apollo/ros_ws/install/scout_mini_description/share/scout_mini_description/meshes/wheel.dae
-- Installing: /apollo/ros_ws/install/scout_mini_description/share/scout_mini_description/rviz
-- Installing: /apollo/ros_ws/install/scout_mini_description/share/scout_mini_description/rviz/scout_mini.rviz
-- Installing: /apollo/ros_ws/install/scout_mini_description/share/scout_mini_description/urdf
-- Installing: /apollo/ros_ws/install/scout_mini_description/share/scout_mini_description/urdf/scout_mini.urdf.xacro
-- Installing: /apollo/ros_ws/install/scout_mini_description/share/ament_index/resource_index/package_run_dependencies/scout_mini_description
-- Installing: /apollo/ros_ws/install/scout_mini_description/share/ament_index/resource_index/parent_prefix_path/scout_mini_description
-- Installing: /apollo/ros_ws/install/scout_mini_description/share/scout_mini_description/environment/ament_prefix_path.sh
-- Installing: /apollo/ros_ws/install/scout_mini_description/share/scout_mini_description/environment/ament_prefix_path.dsv
-- Installing: /apollo/ros_ws/install/scout_mini_description/share/scout_mini_description/environment/path.sh
-- Installing: /apollo/ros_ws/install/scout_mini_description/share/scout_mini_description/environment/path.dsv
-- Installing: /apollo/ros_ws/install/scout_mini_description/share/scout_mini_description/local_setup.bash
-- Installing: /apollo/ros_ws/install/scout_mini_description/share/scout_mini_description/local_setup.sh
-- Installing: /apollo/ros_ws/install/scout_mini_description/share/scout_mini_description/local_setup.zsh
-- Installing: /apollo/ros_ws/install/scout_mini_description/share/scout_mini_description/local_setup.dsv
-- Installing: /apollo/ros_ws/install/scout_mini_description/share/scout_mini_description/package.dsv
-- Installing: /apollo/ros_ws/install/scout_mini_description/share/ament_index/resource_index/packages/scout_mini_description
-- Installing: /apollo/ros_ws/install/scout_mini_description/share/scout_mini_description/cmake/scout_mini_descriptionConfig.cmake
-- Installing: /apollo/ros_ws/install/scout_mini_description/share/scout_mini_description/cmake/scout_mini_descriptionConfig-version.cmake
-- Installing: /apollo/ros_ws/install/scout_mini_description/share/scout_mini_description/package.xml
