[0.462s] Invoking command in '/apollo/ros_ws/build/scout_mini_description': CMAKE_PREFIX_PATH=${CMAKE_PREFIX_PATH}:/opt/ros/humble /usr/bin/cmake --build /apollo/ros_ws/build/scout_mini_description -- -j20 -l20
[0.807s] Invoked command in '/apollo/ros_ws/build/scout_mini_description' returned '0': CMAKE_PREFIX_PATH=${CMAKE_PREFIX_PATH}:/opt/ros/humble /usr/bin/cmake --build /apollo/ros_ws/build/scout_mini_description -- -j20 -l20
[0.866s] Invoking command in '/apollo/ros_ws/build/scout_mini_description': CMAKE_PREFIX_PATH=${CMAKE_PREFIX_PATH}:/opt/ros/humble /usr/bin/cmake --install /apollo/ros_ws/build/scout_mini_description
[0.880s] -- Install configuration: ""
[0.888s] -- Installing: /apollo/ros_ws/install/scout_mini_description/share/scout_mini_description/launch
[0.937s] -- Installing: /apollo/ros_ws/install/scout_mini_description/share/scout_mini_description/launch/description_launch.py
[1.069s] -- Installing: /apollo/ros_ws/install/scout_mini_description/share/scout_mini_description/launch/rviz2_launch.py
[1.194s] -- Installing: /apollo/ros_ws/install/scout_mini_description/share/scout_mini_description/meshes
[1.248s] -- Installing: /apollo/ros_ws/install/scout_mini_description/share/scout_mini_description/meshes/body.dae
[4.989s] -- Installing: /apollo/ros_ws/install/scout_mini_description/share/scout_mini_description/meshes/wheel.dae
[6.097s] -- Installing: /apollo/ros_ws/install/scout_mini_description/share/scout_mini_description/rviz
[6.186s] -- Installing: /apollo/ros_ws/install/scout_mini_description/share/scout_mini_description/rviz/scout_mini.rviz
[6.504s] -- Installing: /apollo/ros_ws/install/scout_mini_description/share/scout_mini_description/urdf
[6.583s] -- Installing: /apollo/ros_ws/install/scout_mini_description/share/scout_mini_description/urdf/scout_mini.urdf.xacro
[6.847s] -- Installing: /apollo/ros_ws/install/scout_mini_description/share/ament_index/resource_index/package_run_dependencies/scout_mini_description
[7.344s] -- Installing: /apollo/ros_ws/install/scout_mini_description/share/ament_index/resource_index/parent_prefix_path/scout_mini_description
[7.694s] -- Installing: /apollo/ros_ws/install/scout_mini_description/share/scout_mini_description/environment/ament_prefix_path.sh
[7.934s] -- Installing: /apollo/ros_ws/install/scout_mini_description/share/scout_mini_description/environment/ament_prefix_path.dsv
[8.092s] -- Installing: /apollo/ros_ws/install/scout_mini_description/share/scout_mini_description/environment/path.sh
[8.192s] -- Installing: /apollo/ros_ws/install/scout_mini_description/share/scout_mini_description/environment/path.dsv
[8.296s] -- Installing: /apollo/ros_ws/install/scout_mini_description/share/scout_mini_description/local_setup.bash
[8.368s] -- Installing: /apollo/ros_ws/install/scout_mini_description/share/scout_mini_description/local_setup.sh
[8.443s] -- Installing: /apollo/ros_ws/install/scout_mini_description/share/scout_mini_description/local_setup.zsh
[8.619s] -- Installing: /apollo/ros_ws/install/scout_mini_description/share/scout_mini_description/local_setup.dsv
[8.836s] -- Installing: /apollo/ros_ws/install/scout_mini_description/share/scout_mini_description/package.dsv
[9.058s] -- Installing: /apollo/ros_ws/install/scout_mini_description/share/ament_index/resource_index/packages/scout_mini_description
[9.426s] -- Installing: /apollo/ros_ws/install/scout_mini_description/share/scout_mini_description/cmake/scout_mini_descriptionConfig.cmake
[9.699s] -- Installing: /apollo/ros_ws/install/scout_mini_description/share/scout_mini_description/cmake/scout_mini_descriptionConfig-version.cmake
[9.942s] -- Installing: /apollo/ros_ws/install/scout_mini_description/share/scout_mini_description/package.xml
