[0.673s] Invoking command in '/my_code/ros_ws/build/scout_mini_base': CMAKE_PREFIX_PATH=${CMAKE_PREFIX_PATH}:/my_code/ros_ws/install/scout_mini_description:/my_code/ros_ws/install/scout_mini_base:/opt/ros/humble /usr/bin/cmake --build /my_code/ros_ws/build/scout_mini_base -- -j20 -l20
[0.844s] Invoked command in '/my_code/ros_ws/build/scout_mini_base' returned '0': CMAKE_PREFIX_PATH=${CMAKE_PREFIX_PATH}:/my_code/ros_ws/install/scout_mini_description:/my_code/ros_ws/install/scout_mini_base:/opt/ros/humble /usr/bin/cmake --build /my_code/ros_ws/build/scout_mini_base -- -j20 -l20
[0.879s] Invoking command in '/my_code/ros_ws/build/scout_mini_base': CMAKE_PREFIX_PATH=${CMAKE_PREFIX_PATH}:/my_code/ros_ws/install/scout_mini_description:/my_code/ros_ws/install/scout_mini_base:/opt/ros/humble /usr/bin/cmake --install /my_code/ros_ws/build/scout_mini_base
[0.893s] -- Install configuration: ""
[0.913s] -- Up-to-date: /my_code/ros_ws/install/scout_mini_base/share/scout_mini_base/config
[0.976s] -- Up-to-date: /my_code/ros_ws/install/scout_mini_base/share/scout_mini_base/config/scout_mini.yaml
[1.015s] -- Up-to-date: /my_code/ros_ws/install/scout_mini_base/share/scout_mini_base/launch
[1.070s] -- Up-to-date: /my_code/ros_ws/install/scout_mini_base/share/scout_mini_base/launch/base_launch.py
[1.125s] -- Up-to-date: /my_code/ros_ws/install/scout_mini_base/share/ament_index/resource_index/package_run_dependencies/scout_mini_base
[1.186s] -- Up-to-date: /my_code/ros_ws/install/scout_mini_base/share/ament_index/resource_index/parent_prefix_path/scout_mini_base
[1.217s] -- Up-to-date: /my_code/ros_ws/install/scout_mini_base/share/scout_mini_base/environment/ament_prefix_path.sh
[1.270s] -- Up-to-date: /my_code/ros_ws/install/scout_mini_base/share/scout_mini_base/environment/ament_prefix_path.dsv
[1.306s] -- Up-to-date: /my_code/ros_ws/install/scout_mini_base/share/scout_mini_base/environment/path.sh
[1.352s] -- Up-to-date: /my_code/ros_ws/install/scout_mini_base/share/scout_mini_base/environment/path.dsv
[1.391s] -- Up-to-date: /my_code/ros_ws/install/scout_mini_base/share/scout_mini_base/local_setup.bash
[1.432s] -- Up-to-date: /my_code/ros_ws/install/scout_mini_base/share/scout_mini_base/local_setup.sh
[1.464s] -- Up-to-date: /my_code/ros_ws/install/scout_mini_base/share/scout_mini_base/local_setup.zsh
[1.498s] -- Up-to-date: /my_code/ros_ws/install/scout_mini_base/share/scout_mini_base/local_setup.dsv
[1.527s] -- Installing: /my_code/ros_ws/install/scout_mini_base/share/scout_mini_base/package.dsv
[1.697s] -- Up-to-date: /my_code/ros_ws/install/scout_mini_base/share/ament_index/resource_index/packages/scout_mini_base
[1.757s] -- Up-to-date: /my_code/ros_ws/install/scout_mini_base/share/scout_mini_base/cmake/scout_mini_baseConfig.cmake
[1.839s] -- Up-to-date: /my_code/ros_ws/install/scout_mini_base/share/scout_mini_base/cmake/scout_mini_baseConfig-version.cmake
[1.927s] -- Up-to-date: /my_code/ros_ws/install/scout_mini_base/share/scout_mini_base/package.xml
[1.959s] Invoked command in '/my_code/ros_ws/build/scout_mini_base' returned '0': CMAKE_PREFIX_PATH=${CMAKE_PREFIX_PATH}:/my_code/ros_ws/install/scout_mini_description:/my_code/ros_ws/install/scout_mini_base:/opt/ros/humble /usr/bin/cmake --install /my_code/ros_ws/build/scout_mini_base
