[0.258s] DEBUG:colcon:Command line arguments: ['/usr/bin/colcon', 'build', '--symlink-install']
[0.258s] DEBUG:colcon:Parsed command line arguments: Namespace(log_base=None, log_level=None, verb_name='build', build_base='build', install_base='install', merge_install=False, symlink_install=True, test_result_base=None, continue_on_error=False, executor='parallel', parallel_workers=20, event_handlers=None, ignore_user_meta=False, metas=['./colcon.meta'], base_paths=['.'], packages_ignore=None, packages_ignore_regex=None, paths=None, packages_up_to=None, packages_up_to_regex=None, packages_above=None, packages_above_and_dependencies=None, packages_above_depth=None, packages_select_by_dep=None, packages_skip_by_dep=None, packages_skip_up_to=None, packages_select_build_failed=False, packages_skip_build_finished=False, packages_select_test_failures=False, packages_skip_test_passed=False, packages_select=None, packages_skip=None, packages_select_regex=None, packages_skip_regex=None, packages_start=None, packages_end=None, cmake_args=None, cmake_target=None, cmake_target_skip_unavailable=False, cmake_clean_cache=False, cmake_clean_first=False, cmake_force_configure=False, ament_cmake_args=None, catkin_cmake_args=None, catkin_skip_building_tests=False, mixin_files=None, mixin=None, verb_parser=<colcon_mixin.mixin.mixin_argument.MixinArgumentDecorator object at 0x7f89afabf430>, verb_extension=<colcon_core.verb.build.BuildVerb object at 0x7f89afc083a0>, main=<bound method BuildVerb.main of <colcon_core.verb.build.BuildVerb object at 0x7f89afc083a0>>, mixin_verb=('build',))
[0.523s] Level 1:colcon.colcon_core.package_discovery:discover_packages(colcon_meta) check parameters
[0.525s] Level 1:colcon.colcon_core.package_discovery:discover_packages(recursive) check parameters
[0.525s] Level 1:colcon.colcon_core.package_discovery:discover_packages(ignore) check parameters
[0.526s] Level 1:colcon.colcon_core.package_discovery:discover_packages(path) check parameters
[0.527s] Level 1:colcon.colcon_core.package_discovery:discover_packages(colcon_meta) discover
[0.527s] Level 1:colcon.colcon_core.package_discovery:discover_packages(recursive) discover
[0.528s] INFO:colcon.colcon_core.package_discovery:Crawling recursively for packages in '/apollo/ros_ws'
[0.532s] Level 1:colcon.colcon_core.package_identification:_identify(.) by extensions ['ignore', 'ignore_ament_install']
[0.533s] Level 1:colcon.colcon_core.package_identification:_identify(.) by extension 'ignore'
[0.534s] Level 1:colcon.colcon_core.package_identification:_identify(.) by extension 'ignore_ament_install'
[0.535s] Level 1:colcon.colcon_core.package_identification:_identify(.) by extensions ['colcon_pkg']
[0.536s] Level 1:colcon.colcon_core.package_identification:_identify(.) by extension 'colcon_pkg'
[0.537s] Level 1:colcon.colcon_core.package_identification:_identify(.) by extensions ['colcon_meta']
[0.538s] Level 1:colcon.colcon_core.package_identification:_identify(.) by extension 'colcon_meta'
[0.538s] Level 1:colcon.colcon_core.package_identification:_identify(.) by extensions ['ros']
[0.539s] Level 1:colcon.colcon_core.package_identification:_identify(.) by extension 'ros'
[0.555s] Level 1:colcon.colcon_core.package_identification:_identify(.) by extensions ['cmake', 'python']
[0.556s] Level 1:colcon.colcon_core.package_identification:_identify(.) by extension 'cmake'
[0.557s] Level 1:colcon.colcon_core.package_identification:_identify(.) by extension 'python'
[0.558s] Level 1:colcon.colcon_core.package_identification:_identify(.) by extensions ['python_setup_py']
[0.558s] Level 1:colcon.colcon_core.package_identification:_identify(.) by extension 'python_setup_py'
[0.566s] Level 1:colcon.colcon_core.package_identification:_identify(build) by extensions ['ignore', 'ignore_ament_install']
[0.567s] Level 1:colcon.colcon_core.package_identification:_identify(build) by extension 'ignore'
[0.571s] Level 1:colcon.colcon_core.package_identification:_identify(build) ignored
[0.579s] Level 1:colcon.colcon_core.package_identification:_identify(install) by extensions ['ignore', 'ignore_ament_install']
[0.580s] Level 1:colcon.colcon_core.package_identification:_identify(install) by extension 'ignore'
[0.583s] Level 1:colcon.colcon_core.package_identification:_identify(install) ignored
[0.592s] Level 1:colcon.colcon_core.package_identification:_identify(log) by extensions ['ignore', 'ignore_ament_install']
[0.594s] Level 1:colcon.colcon_core.package_identification:_identify(log) by extension 'ignore'
[0.596s] Level 1:colcon.colcon_core.package_identification:_identify(log) ignored
[0.600s] Level 1:colcon.colcon_core.package_identification:_identify(src) by extensions ['ignore', 'ignore_ament_install']
[0.600s] Level 1:colcon.colcon_core.package_identification:_identify(src) by extension 'ignore'
[0.602s] Level 1:colcon.colcon_core.package_identification:_identify(src) by extension 'ignore_ament_install'
[0.605s] Level 1:colcon.colcon_core.package_identification:_identify(src) by extensions ['colcon_pkg']
[0.605s] Level 1:colcon.colcon_core.package_identification:_identify(src) by extension 'colcon_pkg'
[0.607s] Level 1:colcon.colcon_core.package_identification:_identify(src) by extensions ['colcon_meta']
[0.607s] Level 1:colcon.colcon_core.package_identification:_identify(src) by extension 'colcon_meta'
[0.609s] Level 1:colcon.colcon_core.package_identification:_identify(src) by extensions ['ros']
[0.609s] Level 1:colcon.colcon_core.package_identification:_identify(src) by extension 'ros'
[0.615s] Level 1:colcon.colcon_core.package_identification:_identify(src) by extensions ['cmake', 'python']
[0.616s] Level 1:colcon.colcon_core.package_identification:_identify(src) by extension 'cmake'
[0.617s] Level 1:colcon.colcon_core.package_identification:_identify(src) by extension 'python'
[0.618s] Level 1:colcon.colcon_core.package_identification:_identify(src) by extensions ['python_setup_py']
[0.619s] Level 1:colcon.colcon_core.package_identification:_identify(src) by extension 'python_setup_py'
[0.627s] Level 1:colcon.colcon_core.package_identification:_identify(src/scout_mini_base) by extensions ['ignore', 'ignore_ament_install']
[0.628s] Level 1:colcon.colcon_core.package_identification:_identify(src/scout_mini_base) by extension 'ignore'
[0.631s] Level 1:colcon.colcon_core.package_identification:_identify(src/scout_mini_base) by extension 'ignore_ament_install'
[0.637s] Level 1:colcon.colcon_core.package_identification:_identify(src/scout_mini_base) by extensions ['colcon_pkg']
[0.638s] Level 1:colcon.colcon_core.package_identification:_identify(src/scout_mini_base) by extension 'colcon_pkg'
[0.641s] Level 1:colcon.colcon_core.package_identification:_identify(src/scout_mini_base) by extensions ['colcon_meta']
[0.642s] Level 1:colcon.colcon_core.package_identification:_identify(src/scout_mini_base) by extension 'colcon_meta'
[0.647s] Level 1:colcon.colcon_core.package_identification:_identify(src/scout_mini_base) by extensions ['ros']
[0.648s] Level 1:colcon.colcon_core.package_identification:_identify(src/scout_mini_base) by extension 'ros'
[0.696s] DEBUG:colcon.colcon_core.package_identification:Package 'src/scout_mini_base' with type 'ros.ament_cmake' and name 'scout_mini_base'
[0.712s] Level 1:colcon.colcon_core.package_identification:_identify(src/scout_mini_description) by extensions ['ignore', 'ignore_ament_install']
[0.713s] Level 1:colcon.colcon_core.package_identification:_identify(src/scout_mini_description) by extension 'ignore'
[0.718s] Level 1:colcon.colcon_core.package_identification:_identify(src/scout_mini_description) by extension 'ignore_ament_install'
[0.727s] Level 1:colcon.colcon_core.package_identification:_identify(src/scout_mini_description) by extensions ['colcon_pkg']
[0.727s] Level 1:colcon.colcon_core.package_identification:_identify(src/scout_mini_description) by extension 'colcon_pkg'
[0.731s] Level 1:colcon.colcon_core.package_identification:_identify(src/scout_mini_description) by extensions ['colcon_meta']
[0.732s] Level 1:colcon.colcon_core.package_identification:_identify(src/scout_mini_description) by extension 'colcon_meta'
[0.738s] Level 1:colcon.colcon_core.package_identification:_identify(src/scout_mini_description) by extensions ['ros']
[0.739s] Level 1:colcon.colcon_core.package_identification:_identify(src/scout_mini_description) by extension 'ros'
[0.789s] DEBUG:colcon.colcon_core.package_identification:Package 'src/scout_mini_description' with type 'ros.ament_cmake' and name 'scout_mini_description'
[0.806s] Level 1:colcon.colcon_core.package_identification:_identify(src/scout_mini_hardware) by extensions ['ignore', 'ignore_ament_install']
[0.807s] Level 1:colcon.colcon_core.package_identification:_identify(src/scout_mini_hardware) by extension 'ignore'
[0.812s] Level 1:colcon.colcon_core.package_identification:_identify(src/scout_mini_hardware) by extension 'ignore_ament_install'
[0.823s] Level 1:colcon.colcon_core.package_identification:_identify(src/scout_mini_hardware) by extensions ['colcon_pkg']
[0.824s] Level 1:colcon.colcon_core.package_identification:_identify(src/scout_mini_hardware) by extension 'colcon_pkg'
[0.830s] Level 1:colcon.colcon_core.package_identification:_identify(src/scout_mini_hardware) by extensions ['colcon_meta']
[0.831s] Level 1:colcon.colcon_core.package_identification:_identify(src/scout_mini_hardware) by extension 'colcon_meta'
[0.837s] Level 1:colcon.colcon_core.package_identification:_identify(src/scout_mini_hardware) by extensions ['ros']
[0.838s] Level 1:colcon.colcon_core.package_identification:_identify(src/scout_mini_hardware) by extension 'ros'
[0.880s] DEBUG:colcon.colcon_core.package_identification:Package 'src/scout_mini_hardware' with type 'ros.ament_cmake' and name 'scout_mini_hardware'
[0.890s] Level 1:colcon.colcon_core.package_identification:_identify(src/scout_mini_msgs) by extensions ['ignore', 'ignore_ament_install']
[0.890s] Level 1:colcon.colcon_core.package_identification:_identify(src/scout_mini_msgs) by extension 'ignore'
[0.894s] Level 1:colcon.colcon_core.package_identification:_identify(src/scout_mini_msgs) by extension 'ignore_ament_install'
[0.900s] Level 1:colcon.colcon_core.package_identification:_identify(src/scout_mini_msgs) by extensions ['colcon_pkg']
[0.900s] Level 1:colcon.colcon_core.package_identification:_identify(src/scout_mini_msgs) by extension 'colcon_pkg'
[0.903s] Level 1:colcon.colcon_core.package_identification:_identify(src/scout_mini_msgs) by extensions ['colcon_meta']
[0.904s] Level 1:colcon.colcon_core.package_identification:_identify(src/scout_mini_msgs) by extension 'colcon_meta'
[0.908s] Level 1:colcon.colcon_core.package_identification:_identify(src/scout_mini_msgs) by extensions ['ros']
[0.908s] Level 1:colcon.colcon_core.package_identification:_identify(src/scout_mini_msgs) by extension 'ros'
[0.945s] DEBUG:colcon.colcon_core.package_identification:Package 'src/scout_mini_msgs' with type 'ros.ament_cmake' and name 'scout_mini_msgs'
[0.958s] Level 1:colcon.colcon_core.package_identification:_identify(src/scout_mini_ros2) by extensions ['ignore', 'ignore_ament_install']
[0.959s] Level 1:colcon.colcon_core.package_identification:_identify(src/scout_mini_ros2) by extension 'ignore'
[0.963s] Level 1:colcon.colcon_core.package_identification:_identify(src/scout_mini_ros2) by extension 'ignore_ament_install'
[0.970s] Level 1:colcon.colcon_core.package_identification:_identify(src/scout_mini_ros2) by extensions ['colcon_pkg']
[0.971s] Level 1:colcon.colcon_core.package_identification:_identify(src/scout_mini_ros2) by extension 'colcon_pkg'
[0.975s] Level 1:colcon.colcon_core.package_identification:_identify(src/scout_mini_ros2) by extensions ['colcon_meta']
[0.976s] Level 1:colcon.colcon_core.package_identification:_identify(src/scout_mini_ros2) by extension 'colcon_meta'
[0.982s] Level 1:colcon.colcon_core.package_identification:_identify(src/scout_mini_ros2) by extensions ['ros']
[0.983s] Level 1:colcon.colcon_core.package_identification:_identify(src/scout_mini_ros2) by extension 'ros'
[1.021s] DEBUG:colcon.colcon_core.package_identification:Package 'src/scout_mini_ros2' with type 'ros.ament_cmake' and name 'scout_mini_ros2'
[1.022s] Level 1:colcon.colcon_core.package_discovery:discover_packages(recursive) using defaults
[1.022s] Level 1:colcon.colcon_core.package_discovery:discover_packages(ignore) discover
[1.023s] Level 1:colcon.colcon_core.package_discovery:discover_packages(ignore) using defaults
[1.024s] Level 1:colcon.colcon_core.package_discovery:discover_packages(path) discover
[1.024s] Level 1:colcon.colcon_core.package_discovery:discover_packages(path) using defaults
[1.109s] Level 5:colcon.colcon_core.verb:set package 'scout_mini_base' build argument 'cmake_args' from command line to 'None'
[1.109s] Level 5:colcon.colcon_core.verb:set package 'scout_mini_base' build argument 'cmake_target' from command line to 'None'
[1.110s] Level 5:colcon.colcon_core.verb:set package 'scout_mini_base' build argument 'cmake_target_skip_unavailable' from command line to 'False'
[1.110s] Level 5:colcon.colcon_core.verb:set package 'scout_mini_base' build argument 'cmake_clean_cache' from command line to 'False'
[1.111s] Level 5:colcon.colcon_core.verb:set package 'scout_mini_base' build argument 'cmake_clean_first' from command line to 'False'
[1.111s] Level 5:colcon.colcon_core.verb:set package 'scout_mini_base' build argument 'cmake_force_configure' from command line to 'False'
[1.112s] Level 5:colcon.colcon_core.verb:set package 'scout_mini_base' build argument 'ament_cmake_args' from command line to 'None'
[1.112s] Level 5:colcon.colcon_core.verb:set package 'scout_mini_base' build argument 'catkin_cmake_args' from command line to 'None'
[1.113s] Level 5:colcon.colcon_core.verb:set package 'scout_mini_base' build argument 'catkin_skip_building_tests' from command line to 'False'
[1.113s] DEBUG:colcon.colcon_core.verb:Building package 'scout_mini_base' with the following arguments: {'ament_cmake_args': None, 'build_base': '/apollo/ros_ws/build/scout_mini_base', 'catkin_cmake_args': None, 'catkin_skip_building_tests': False, 'cmake_args': None, 'cmake_clean_cache': False, 'cmake_clean_first': False, 'cmake_force_configure': False, 'cmake_target': None, 'cmake_target_skip_unavailable': False, 'install_base': '/apollo/ros_ws/install/scout_mini_base', 'merge_install': False, 'path': '/apollo/ros_ws/src/scout_mini_base', 'symlink_install': True, 'test_result_base': None}
[1.114s] Level 5:colcon.colcon_core.verb:set package 'scout_mini_description' build argument 'cmake_args' from command line to 'None'
[1.115s] Level 5:colcon.colcon_core.verb:set package 'scout_mini_description' build argument 'cmake_target' from command line to 'None'
[1.115s] Level 5:colcon.colcon_core.verb:set package 'scout_mini_description' build argument 'cmake_target_skip_unavailable' from command line to 'False'
[1.116s] Level 5:colcon.colcon_core.verb:set package 'scout_mini_description' build argument 'cmake_clean_cache' from command line to 'False'
[1.117s] Level 5:colcon.colcon_core.verb:set package 'scout_mini_description' build argument 'cmake_clean_first' from command line to 'False'
[1.117s] Level 5:colcon.colcon_core.verb:set package 'scout_mini_description' build argument 'cmake_force_configure' from command line to 'False'
[1.117s] Level 5:colcon.colcon_core.verb:set package 'scout_mini_description' build argument 'ament_cmake_args' from command line to 'None'
[1.118s] Level 5:colcon.colcon_core.verb:set package 'scout_mini_description' build argument 'catkin_cmake_args' from command line to 'None'
[1.118s] Level 5:colcon.colcon_core.verb:set package 'scout_mini_description' build argument 'catkin_skip_building_tests' from command line to 'False'
[1.119s] DEBUG:colcon.colcon_core.verb:Building package 'scout_mini_description' with the following arguments: {'ament_cmake_args': None, 'build_base': '/apollo/ros_ws/build/scout_mini_description', 'catkin_cmake_args': None, 'catkin_skip_building_tests': False, 'cmake_args': None, 'cmake_clean_cache': False, 'cmake_clean_first': False, 'cmake_force_configure': False, 'cmake_target': None, 'cmake_target_skip_unavailable': False, 'install_base': '/apollo/ros_ws/install/scout_mini_description', 'merge_install': False, 'path': '/apollo/ros_ws/src/scout_mini_description', 'symlink_install': True, 'test_result_base': None}
[1.120s] Level 5:colcon.colcon_core.verb:set package 'scout_mini_hardware' build argument 'cmake_args' from command line to 'None'
[1.121s] Level 5:colcon.colcon_core.verb:set package 'scout_mini_hardware' build argument 'cmake_target' from command line to 'None'
[1.121s] Level 5:colcon.colcon_core.verb:set package 'scout_mini_hardware' build argument 'cmake_target_skip_unavailable' from command line to 'False'
[1.122s] Level 5:colcon.colcon_core.verb:set package 'scout_mini_hardware' build argument 'cmake_clean_cache' from command line to 'False'
[1.122s] Level 5:colcon.colcon_core.verb:set package 'scout_mini_hardware' build argument 'cmake_clean_first' from command line to 'False'
[1.123s] Level 5:colcon.colcon_core.verb:set package 'scout_mini_hardware' build argument 'cmake_force_configure' from command line to 'False'
[1.123s] Level 5:colcon.colcon_core.verb:set package 'scout_mini_hardware' build argument 'ament_cmake_args' from command line to 'None'
[1.124s] Level 5:colcon.colcon_core.verb:set package 'scout_mini_hardware' build argument 'catkin_cmake_args' from command line to 'None'
[1.124s] Level 5:colcon.colcon_core.verb:set package 'scout_mini_hardware' build argument 'catkin_skip_building_tests' from command line to 'False'
[1.125s] DEBUG:colcon.colcon_core.verb:Building package 'scout_mini_hardware' with the following arguments: {'ament_cmake_args': None, 'build_base': '/apollo/ros_ws/build/scout_mini_hardware', 'catkin_cmake_args': None, 'catkin_skip_building_tests': False, 'cmake_args': None, 'cmake_clean_cache': False, 'cmake_clean_first': False, 'cmake_force_configure': False, 'cmake_target': None, 'cmake_target_skip_unavailable': False, 'install_base': '/apollo/ros_ws/install/scout_mini_hardware', 'merge_install': False, 'path': '/apollo/ros_ws/src/scout_mini_hardware', 'symlink_install': True, 'test_result_base': None}
[1.125s] Level 5:colcon.colcon_core.verb:set package 'scout_mini_msgs' build argument 'cmake_args' from command line to 'None'
[1.126s] Level 5:colcon.colcon_core.verb:set package 'scout_mini_msgs' build argument 'cmake_target' from command line to 'None'
[1.127s] Level 5:colcon.colcon_core.verb:set package 'scout_mini_msgs' build argument 'cmake_target_skip_unavailable' from command line to 'False'
[1.127s] Level 5:colcon.colcon_core.verb:set package 'scout_mini_msgs' build argument 'cmake_clean_cache' from command line to 'False'
[1.127s] Level 5:colcon.colcon_core.verb:set package 'scout_mini_msgs' build argument 'cmake_clean_first' from command line to 'False'
[1.128s] Level 5:colcon.colcon_core.verb:set package 'scout_mini_msgs' build argument 'cmake_force_configure' from command line to 'False'
[1.128s] Level 5:colcon.colcon_core.verb:set package 'scout_mini_msgs' build argument 'ament_cmake_args' from command line to 'None'
[1.129s] Level 5:colcon.colcon_core.verb:set package 'scout_mini_msgs' build argument 'catkin_cmake_args' from command line to 'None'
[1.130s] Level 5:colcon.colcon_core.verb:set package 'scout_mini_msgs' build argument 'catkin_skip_building_tests' from command line to 'False'
[1.130s] DEBUG:colcon.colcon_core.verb:Building package 'scout_mini_msgs' with the following arguments: {'ament_cmake_args': None, 'build_base': '/apollo/ros_ws/build/scout_mini_msgs', 'catkin_cmake_args': None, 'catkin_skip_building_tests': False, 'cmake_args': None, 'cmake_clean_cache': False, 'cmake_clean_first': False, 'cmake_force_configure': False, 'cmake_target': None, 'cmake_target_skip_unavailable': False, 'install_base': '/apollo/ros_ws/install/scout_mini_msgs', 'merge_install': False, 'path': '/apollo/ros_ws/src/scout_mini_msgs', 'symlink_install': True, 'test_result_base': None}
[1.131s] Level 5:colcon.colcon_core.verb:set package 'scout_mini_ros2' build argument 'cmake_args' from command line to 'None'
[1.131s] Level 5:colcon.colcon_core.verb:set package 'scout_mini_ros2' build argument 'cmake_target' from command line to 'None'
[1.132s] Level 5:colcon.colcon_core.verb:set package 'scout_mini_ros2' build argument 'cmake_target_skip_unavailable' from command line to 'False'
[1.132s] Level 5:colcon.colcon_core.verb:set package 'scout_mini_ros2' build argument 'cmake_clean_cache' from command line to 'False'
[1.133s] Level 5:colcon.colcon_core.verb:set package 'scout_mini_ros2' build argument 'cmake_clean_first' from command line to 'False'
[1.133s] Level 5:colcon.colcon_core.verb:set package 'scout_mini_ros2' build argument 'cmake_force_configure' from command line to 'False'
[1.134s] Level 5:colcon.colcon_core.verb:set package 'scout_mini_ros2' build argument 'ament_cmake_args' from command line to 'None'
[1.134s] Level 5:colcon.colcon_core.verb:set package 'scout_mini_ros2' build argument 'catkin_cmake_args' from command line to 'None'
[1.135s] Level 5:colcon.colcon_core.verb:set package 'scout_mini_ros2' build argument 'catkin_skip_building_tests' from command line to 'False'
[1.135s] DEBUG:colcon.colcon_core.verb:Building package 'scout_mini_ros2' with the following arguments: {'ament_cmake_args': None, 'build_base': '/apollo/ros_ws/build/scout_mini_ros2', 'catkin_cmake_args': None, 'catkin_skip_building_tests': False, 'cmake_args': None, 'cmake_clean_cache': False, 'cmake_clean_first': False, 'cmake_force_configure': False, 'cmake_target': None, 'cmake_target_skip_unavailable': False, 'install_base': '/apollo/ros_ws/install/scout_mini_ros2', 'merge_install': False, 'path': '/apollo/ros_ws/src/scout_mini_ros2', 'symlink_install': True, 'test_result_base': None}
[1.136s] INFO:colcon.colcon_core.executor:Executing jobs using 'parallel' executor
[1.138s] DEBUG:colcon.colcon_parallel_executor.executor.parallel:run_until_complete
[1.139s] INFO:colcon.colcon_ros.task.ament_cmake.build:Building ROS package in '/apollo/ros_ws/src/scout_mini_base' with build type 'ament_cmake'
[1.140s] INFO:colcon.colcon_cmake.task.cmake.build:Building CMake package in '/apollo/ros_ws/src/scout_mini_base'
[1.143s] INFO:colcon.colcon_core.plugin_system:Skipping extension 'colcon_core.shell.bat': Not used on non-Windows systems
[1.144s] INFO:colcon.colcon_core.shell:Skip shell extension 'powershell' for command environment: Not usable outside of PowerShell
[1.145s] DEBUG:colcon.colcon_core.shell:Skip shell extension 'dsv' for command environment
[1.150s] WARNING:colcon.colcon_ros.prefix_path.ament:The path '/apollo/ros_ws/install/scout_mini_ros2' in the environment variable AMENT_PREFIX_PATH doesn't exist
[1.212s] WARNING:colcon.colcon_ros.prefix_path.catkin:The path '/apollo/ros_ws/install/scout_mini_ros2' in the environment variable CMAKE_PREFIX_PATH doesn't exist
[1.324s] INFO:colcon.colcon_ros.task.ament_cmake.build:Building ROS package in '/apollo/ros_ws/src/scout_mini_description' with build type 'ament_cmake'
[1.325s] INFO:colcon.colcon_cmake.task.cmake.build:Building CMake package in '/apollo/ros_ws/src/scout_mini_description'
[1.326s] INFO:colcon.colcon_core.shell:Skip shell extension 'powershell' for command environment: Not usable outside of PowerShell
[1.327s] DEBUG:colcon.colcon_core.shell:Skip shell extension 'dsv' for command environment
[1.516s] INFO:colcon.colcon_ros.task.ament_cmake.build:Building ROS package in '/apollo/ros_ws/src/scout_mini_hardware' with build type 'ament_cmake'
[1.517s] INFO:colcon.colcon_cmake.task.cmake.build:Building CMake package in '/apollo/ros_ws/src/scout_mini_hardware'
[1.518s] INFO:colcon.colcon_core.shell:Skip shell extension 'powershell' for command environment: Not usable outside of PowerShell
[1.518s] DEBUG:colcon.colcon_core.shell:Skip shell extension 'dsv' for command environment
[1.665s] INFO:colcon.colcon_ros.task.ament_cmake.build:Building ROS package in '/apollo/ros_ws/src/scout_mini_msgs' with build type 'ament_cmake'
[1.665s] INFO:colcon.colcon_cmake.task.cmake.build:Building CMake package in '/apollo/ros_ws/src/scout_mini_msgs'
[1.666s] INFO:colcon.colcon_core.shell:Skip shell extension 'powershell' for command environment: Not usable outside of PowerShell
[1.667s] DEBUG:colcon.colcon_core.shell:Skip shell extension 'dsv' for command environment
[2.045s] DEBUG:colcon.colcon_core.event_handler.log_command:Invoking command in '/apollo/ros_ws/build/scout_mini_base': CMAKE_PREFIX_PATH=${CMAKE_PREFIX_PATH}:/opt/ros/humble /usr/bin/cmake /apollo/ros_ws/src/scout_mini_base -DAMENT_CMAKE_SYMLINK_INSTALL=1 -DCMAKE_INSTALL_PREFIX=/apollo/ros_ws/install/scout_mini_base
[2.139s] DEBUG:colcon.colcon_core.event_handler.log_command:Invoking command in '/apollo/ros_ws/build/scout_mini_description': CMAKE_PREFIX_PATH=${CMAKE_PREFIX_PATH}:/opt/ros/humble /usr/bin/cmake /apollo/ros_ws/src/scout_mini_description -DAMENT_CMAKE_SYMLINK_INSTALL=1 -DCMAKE_INSTALL_PREFIX=/apollo/ros_ws/install/scout_mini_description
[2.226s] DEBUG:colcon.colcon_core.event_handler.log_command:Invoking command in '/apollo/ros_ws/build/scout_mini_hardware': CMAKE_PREFIX_PATH=${CMAKE_PREFIX_PATH}:/opt/ros/humble /usr/bin/cmake /apollo/ros_ws/src/scout_mini_hardware -DAMENT_CMAKE_SYMLINK_INSTALL=1 -DCMAKE_INSTALL_PREFIX=/apollo/ros_ws/install/scout_mini_hardware
[2.283s] DEBUG:colcon.colcon_core.event_handler.log_command:Invoking command in '/apollo/ros_ws/build/scout_mini_msgs': CMAKE_PREFIX_PATH=${CMAKE_PREFIX_PATH}:/opt/ros/humble /usr/bin/cmake /apollo/ros_ws/src/scout_mini_msgs -DAMENT_CMAKE_SYMLINK_INSTALL=1 -DCMAKE_INSTALL_PREFIX=/apollo/ros_ws/install/scout_mini_msgs
[5.864s] DEBUG:colcon.colcon_core.event_handler.log_command:Invoked command in '/apollo/ros_ws/build/scout_mini_hardware' returned '1': CMAKE_PREFIX_PATH=${CMAKE_PREFIX_PATH}:/opt/ros/humble /usr/bin/cmake /apollo/ros_ws/src/scout_mini_hardware -DAMENT_CMAKE_SYMLINK_INSTALL=1 -DCMAKE_INSTALL_PREFIX=/apollo/ros_ws/install/scout_mini_hardware
[6.110s] Level 1:colcon.colcon_core.environment:create_environment_scripts_only(scout_mini_hardware)
[6.114s] Level 1:colcon.colcon_core.environment:checking '/apollo/ros_ws/install/scout_mini_hardware' for CMake module files
[6.216s] Level 1:colcon.colcon_core.environment:checking '/apollo/ros_ws/install/scout_mini_hardware' for CMake config files
[6.285s] Level 1:colcon.colcon_core.environment:checking '/apollo/ros_ws/install/scout_mini_hardware/bin'
[6.289s] Level 1:colcon.colcon_core.environment:checking '/apollo/ros_ws/install/scout_mini_hardware/lib/pkgconfig/scout_mini_hardware.pc'
[6.297s] Level 1:colcon.colcon_core.environment:checking '/apollo/ros_ws/install/scout_mini_hardware/lib/python3.10/site-packages'
[6.302s] Level 1:colcon.colcon_core.environment:checking '/apollo/ros_ws/install/scout_mini_hardware/bin'
[6.308s] INFO:colcon.colcon_core.shell:Creating package script '/apollo/ros_ws/install/scout_mini_hardware/share/scout_mini_hardware/package.ps1'
[6.358s] INFO:colcon.colcon_core.shell:Creating package descriptor '/apollo/ros_ws/install/scout_mini_hardware/share/scout_mini_hardware/package.dsv'
[6.383s] INFO:colcon.colcon_core.shell:Creating package script '/apollo/ros_ws/install/scout_mini_hardware/share/scout_mini_hardware/package.sh'
[6.411s] INFO:colcon.colcon_core.shell:Creating package script '/apollo/ros_ws/install/scout_mini_hardware/share/scout_mini_hardware/package.bash'
[6.445s] INFO:colcon.colcon_core.shell:Creating package script '/apollo/ros_ws/install/scout_mini_hardware/share/scout_mini_hardware/package.zsh'
[6.473s] Level 1:colcon.colcon_core.environment:create_file_with_runtime_dependencies(/apollo/ros_ws/install/scout_mini_hardware/share/colcon-core/packages/scout_mini_hardware)
[31.931s] DEBUG:colcon.colcon_parallel_executor.executor.parallel:run_until_complete was interrupted
[31.932s] DEBUG:colcon.colcon_parallel_executor.executor.parallel:run_until_complete again
[31.947s] DEBUG:colcon.colcon_parallel_executor.executor.parallel:run_until_complete finished
[31.948s] DEBUG:colcon.colcon_parallel_executor.executor.parallel:closing loop
[31.949s] DEBUG:colcon.colcon_parallel_executor.executor.parallel:loop closed
[31.950s] DEBUG:colcon.colcon_core.event_reactor:joining thread
[32.020s] INFO:colcon.colcon_core.plugin_system:Skipping extension 'colcon_notification.desktop_notification.notify_send': Could not find 'notify-send'
[32.021s] INFO:colcon.colcon_core.plugin_system:Skipping extension 'colcon_notification.desktop_notification.terminal_notifier': Not used on non-Darwin systems
[32.023s] INFO:colcon.colcon_core.plugin_system:Skipping extension 'colcon_notification.desktop_notification.win32': Not used on non-Windows systems
[32.024s] INFO:colcon.colcon_notification.desktop_notification:Sending desktop notification using 'notify2'
[32.028s] DEBUG:colcon.colcon_notification.desktop_notification.notify2:Failed to initialize notify2: org.freedesktop.DBus.Error.Spawn.ExecFailed: /usr/bin/dbus-launch terminated abnormally without any error message
[32.030s] DEBUG:colcon.colcon_core.event_reactor:joined thread
[32.031s] INFO:colcon.colcon_core.shell:Creating prefix script '/apollo/ros_ws/install/local_setup.ps1'
[32.054s] INFO:colcon.colcon_core.shell:Creating prefix util module '/apollo/ros_ws/install/_local_setup_util_ps1.py'
[32.082s] INFO:colcon.colcon_core.shell:Creating prefix chain script '/apollo/ros_ws/install/setup.ps1'
[32.287s] INFO:colcon.colcon_core.shell:Creating prefix script '/apollo/ros_ws/install/local_setup.sh'
[32.334s] INFO:colcon.colcon_core.shell:Creating prefix util module '/apollo/ros_ws/install/_local_setup_util_sh.py'
[32.359s] INFO:colcon.colcon_core.shell:Creating prefix chain script '/apollo/ros_ws/install/setup.sh'
[32.571s] INFO:colcon.colcon_core.shell:Creating prefix script '/apollo/ros_ws/install/local_setup.bash'
[32.591s] INFO:colcon.colcon_core.shell:Creating prefix chain script '/apollo/ros_ws/install/setup.bash'
[32.738s] INFO:colcon.colcon_core.shell:Creating prefix script '/apollo/ros_ws/install/local_setup.zsh'
[32.759s] INFO:colcon.colcon_core.shell:Creating prefix chain script '/apollo/ros_ws/install/setup.zsh'
