[0.320s] Invoking command in '/apollo/ros_ws/build/scout_mini_hardware': CMAKE_PREFIX_PATH=${CMAKE_PREFIX_PATH}:/opt/ros/humble /usr/bin/cmake /apollo/ros_ws/src/scout_mini_hardware -DCMAKE_INSTALL_PREFIX=/apollo/ros_ws/install/scout_mini_hardware
[0.437s] -- Found ament_cmake: 1.3.11 (/opt/ros/humble/share/ament_cmake/cmake)
[1.240s] -- Override CMake install command with custom implementation using symlinks instead of copying resources
[1.379s] -- Found rclcpp: 16.0.11 (/opt/ros/humble/share/rclcpp/cmake)
[1.464s] -- Found rosidl_generator_c: 3.1.6 (/opt/ros/humble/share/rosidl_generator_c/cmake)
[1.467s] -- Found rosidl_adapter: 3.1.6 (/opt/ros/humble/share/rosidl_adapter/cmake)
[1.474s] -- Found rosidl_generator_cpp: 3.1.6 (/opt/ros/humble/share/rosidl_generator_cpp/cmake)
[1.503s] -- Using all available rosidl_typesupport_c: rosidl_typesupport_fastrtps_c;rosidl_typesupport_introspection_c
[1.537s] -- Using all available rosidl_typesupport_cpp: rosidl_typesupport_fastrtps_cpp;rosidl_typesupport_introspection_cpp
[1.607s] -- Found rmw_implementation_cmake: 6.1.2 (/opt/ros/humble/share/rmw_implementation_cmake/cmake)
[1.627s] -- Found rmw_fastrtps_cpp: 6.2.7 (/opt/ros/humble/share/rmw_fastrtps_cpp/cmake)
[2.794s] -- Using RMW implementation 'rmw_fastrtps_cpp' as default
[2.872s] -- Found hardware_interface: 2.48.0 (/opt/ros/humble/share/hardware_interface/cmake)
[3.229s] -- Found realtime_tools: 2.11.0 (/opt/ros/humble/share/realtime_tools/cmake)
[3.241s] -- Found can_msgs: 2.0.0 (/opt/ros/humble/share/can_msgs/cmake)
[3.253s] -- Found ros2_socketcan: 1.3.0 (/opt/ros/humble/share/ros2_socketcan/cmake)
[3.399s] -- Found scout_mini_msgs: 0.1.0 (/apollo/ros_ws/install/scout_mini_msgs/share/scout_mini_msgs/cmake)
[5.972s] -- Configuring done
[7.029s] -- Generating done
[7.622s] -- Build files have been written to: /apollo/ros_ws/build/scout_mini_hardware
[7.632s] Invoked command in '/apollo/ros_ws/build/scout_mini_hardware' returned '0': CMAKE_PREFIX_PATH=${CMAKE_PREFIX_PATH}:/opt/ros/humble /usr/bin/cmake /apollo/ros_ws/src/scout_mini_hardware -DCMAKE_INSTALL_PREFIX=/apollo/ros_ws/install/scout_mini_hardware
[7.676s] Invoking command in '/apollo/ros_ws/build/scout_mini_hardware': CMAKE_PREFIX_PATH=${CMAKE_PREFIX_PATH}:/opt/ros/humble /usr/bin/cmake --build /apollo/ros_ws/build/scout_mini_hardware -- -j20 -l20
[8.450s] [ 50%] [32mBuilding CXX object CMakeFiles/scout_mini_hardware.dir/src/scout_mini_hardware.cpp.o[0m
[18.567s] In file included from [01m[K/apollo/ros_ws/src/scout_mini_hardware/include/scout_mini_hardware/scout_mini_hardware.hpp:36[m[K,
[18.571s]                  from [01m[K/apollo/ros_ws/src/scout_mini_hardware/src/scout_mini_hardware.cpp:18[m[K:
[18.573s] [01m[K/opt/ros/humble/include/realtime_tools/realtime_tools/realtime_publisher.h:22:103:[m[K [01;36m[Knote: [m[K‘[01m[K#pragma message: This header include is deprecated. Please update your code to use 'realtime_publisher.hpp' header.[m[K’
[18.576s]    22 |   "This header include is deprecated. Please update your code to use 'realtime_publisher.hpp' header."[01;36m[K)[m[K  //NOLINT
[18.578s]       |                                                                                                       [01;36m[K^[m[K
[28.746s] [100%] [32m[1mLinking CXX shared library libscout_mini_hardware.so[0m
[34.962s] [100%] Built target scout_mini_hardware
[35.127s] Invoked command in '/apollo/ros_ws/build/scout_mini_hardware' returned '0': CMAKE_PREFIX_PATH=${CMAKE_PREFIX_PATH}:/opt/ros/humble /usr/bin/cmake --build /apollo/ros_ws/build/scout_mini_hardware -- -j20 -l20
[35.203s] Invoking command in '/apollo/ros_ws/build/scout_mini_hardware': CMAKE_PREFIX_PATH=${CMAKE_PREFIX_PATH}:/opt/ros/humble /usr/bin/cmake --install /apollo/ros_ws/build/scout_mini_hardware
[35.529s] -- Install configuration: ""
[35.552s] -- Execute custom install script
[35.574s] -- Symlinking: /apollo/ros_ws/install/scout_mini_hardware/share/scout_mini_hardware//scout_mini_hardware.xml
[35.977s] -- Symlinking: /apollo/ros_ws/install/scout_mini_hardware/lib/libscout_mini_hardware.so
[36.475s] -- Symlinking: /apollo/ros_ws/install/scout_mini_hardware/include/include/scout_mini_hardware/scout_mini_hardware.hpp
[36.750s] -- Symlinking: /apollo/ros_ws/install/scout_mini_hardware/include/include/scout_mini_hardware/visibility_control.h
[36.958s] -- Symlinking: /apollo/ros_ws/install/scout_mini_hardware/share/scout_mini_hardware/environment/library_path.sh
[37.407s] -- Symlinking: /apollo/ros_ws/install/scout_mini_hardware/share/scout_mini_hardware/environment/library_path.dsv
[38.010s] -- Symlinking: /apollo/ros_ws/install/scout_mini_hardware/share/ament_index/resource_index/package_run_dependencies/scout_mini_hardware
[38.806s] -- Symlinking: /apollo/ros_ws/install/scout_mini_hardware/share/ament_index/resource_index/parent_prefix_path/scout_mini_hardware
[39.569s] -- Symlinking: /apollo/ros_ws/install/scout_mini_hardware/share/scout_mini_hardware/environment/ament_prefix_path.sh
[39.963s] -- Symlinking: /apollo/ros_ws/install/scout_mini_hardware/share/scout_mini_hardware/environment/ament_prefix_path.dsv
[40.113s] -- Symlinking: /apollo/ros_ws/install/scout_mini_hardware/share/scout_mini_hardware/environment/path.sh
[40.235s] -- Symlinking: /apollo/ros_ws/install/scout_mini_hardware/share/scout_mini_hardware/environment/path.dsv
[40.377s] -- Symlinking: /apollo/ros_ws/install/scout_mini_hardware/share/scout_mini_hardware/local_setup.bash
[40.535s] -- Symlinking: /apollo/ros_ws/install/scout_mini_hardware/share/scout_mini_hardware/local_setup.sh
[40.726s] -- Symlinking: /apollo/ros_ws/install/scout_mini_hardware/share/scout_mini_hardware/local_setup.zsh
[40.935s] -- Symlinking: /apollo/ros_ws/install/scout_mini_hardware/share/scout_mini_hardware/local_setup.dsv
[41.054s] -- Symlinking: /apollo/ros_ws/install/scout_mini_hardware/share/scout_mini_hardware/package.dsv
[41.221s] -- Symlinking: /apollo/ros_ws/install/scout_mini_hardware/share/ament_index/resource_index/packages/scout_mini_hardware
[41.410s] -- Symlinking: /apollo/ros_ws/install/scout_mini_hardware/share/ament_index/resource_index/hardware_interface__pluginlib__plugin/scout_mini_hardware
[41.539s] -- Symlinking: /apollo/ros_ws/install/scout_mini_hardware/share/scout_mini_hardware/cmake/ament_cmake_export_dependencies-extras.cmake
[41.666s] -- Symlinking: /apollo/ros_ws/install/scout_mini_hardware/share/scout_mini_hardware/cmake/ament_cmake_export_libraries-extras.cmake
[41.842s] -- Symlinking: /apollo/ros_ws/install/scout_mini_hardware/share/scout_mini_hardware/cmake/ament_cmake_export_include_directories-extras.cmake
[41.989s] -- Symlinking: /apollo/ros_ws/install/scout_mini_hardware/share/scout_mini_hardware/cmake/scout_mini_hardwareConfig.cmake
[42.136s] -- Symlinking: /apollo/ros_ws/install/scout_mini_hardware/share/scout_mini_hardware/cmake/scout_mini_hardwareConfig-version.cmake
[42.555s] -- Symlinking: /apollo/ros_ws/install/scout_mini_hardware/share/scout_mini_hardware/package.xml
[42.691s] Invoked command in '/apollo/ros_ws/build/scout_mini_hardware' returned '0': CMAKE_PREFIX_PATH=${CMAKE_PREFIX_PATH}:/opt/ros/humble /usr/bin/cmake --install /apollo/ros_ws/build/scout_mini_hardware
