[0.445s] Invoking command in '/apollo/ros_ws/build/scout_mini_base': CMAKE_PREFIX_PATH=${CMAKE_PREFIX_PATH}:/opt/ros/humble /usr/bin/cmake --build /apollo/ros_ws/build/scout_mini_base -- -j20 -l20
[0.741s] Invoked command in '/apollo/ros_ws/build/scout_mini_base' returned '0': CMAKE_PREFIX_PATH=${CMAKE_PREFIX_PATH}:/opt/ros/humble /usr/bin/cmake --build /apollo/ros_ws/build/scout_mini_base -- -j20 -l20
[0.829s] Invoking command in '/apollo/ros_ws/build/scout_mini_base': CMAKE_PREFIX_PATH=${CMAKE_PREFIX_PATH}:/opt/ros/humble /usr/bin/cmake --install /apollo/ros_ws/build/scout_mini_base
[0.890s] -- Install configuration: ""
[0.891s] -- Execute custom install script
[0.945s] -- Up-to-date symlink: /apollo/ros_ws/install/scout_mini_base/share/scout_mini_base/config/scout_mini.yaml
[0.997s] -- Up-to-date symlink: /apollo/ros_ws/install/scout_mini_base/share/scout_mini_base/launch/base_launch.py
[1.070s] -- Up-to-date symlink: /apollo/ros_ws/install/scout_mini_base/share/ament_index/resource_index/package_run_dependencies/scout_mini_base
[1.173s] -- Up-to-date symlink: /apollo/ros_ws/install/scout_mini_base/share/ament_index/resource_index/parent_prefix_path/scout_mini_base
[1.176s] -- Up-to-date symlink: /apollo/ros_ws/install/scout_mini_base/share/scout_mini_base/environment/ament_prefix_path.sh
[1.204s] -- Up-to-date symlink: /apollo/ros_ws/install/scout_mini_base/share/scout_mini_base/environment/ament_prefix_path.dsv
[1.232s] -- Up-to-date symlink: /apollo/ros_ws/install/scout_mini_base/share/scout_mini_base/environment/path.sh
[1.268s] -- Up-to-date symlink: /apollo/ros_ws/install/scout_mini_base/share/scout_mini_base/environment/path.dsv
[1.306s] -- Up-to-date symlink: /apollo/ros_ws/install/scout_mini_base/share/scout_mini_base/local_setup.bash
[1.339s] -- Up-to-date symlink: /apollo/ros_ws/install/scout_mini_base/share/scout_mini_base/local_setup.sh
[1.375s] -- Up-to-date symlink: /apollo/ros_ws/install/scout_mini_base/share/scout_mini_base/local_setup.zsh
[1.409s] -- Up-to-date symlink: /apollo/ros_ws/install/scout_mini_base/share/scout_mini_base/local_setup.dsv
[1.425s] -- Symlinking: /apollo/ros_ws/install/scout_mini_base/share/scout_mini_base/package.dsv
[1.638s] -- Up-to-date symlink: /apollo/ros_ws/install/scout_mini_base/share/ament_index/resource_index/packages/scout_mini_base
[1.686s] -- Up-to-date symlink: /apollo/ros_ws/install/scout_mini_base/share/scout_mini_base/cmake/scout_mini_baseConfig.cmake
[1.723s] -- Up-to-date symlink: /apollo/ros_ws/install/scout_mini_base/share/scout_mini_base/cmake/scout_mini_baseConfig-version.cmake
[1.773s] -- Up-to-date symlink: /apollo/ros_ws/install/scout_mini_base/share/scout_mini_base/package.xml
[1.781s] Invoked command in '/apollo/ros_ws/build/scout_mini_base' returned '0': CMAKE_PREFIX_PATH=${CMAKE_PREFIX_PATH}:/opt/ros/humble /usr/bin/cmake --install /apollo/ros_ws/build/scout_mini_base
