[0.644s] DEBUG:colcon:Command line arguments: ['/usr/bin/colcon', 'build']
[0.648s] DEBUG:colcon:Parsed command line arguments: Namespace(log_base=None, log_level=None, verb_name='build', build_base='build', install_base='install', merge_install=False, symlink_install=False, test_result_base=None, continue_on_error=False, executor='parallel', parallel_workers=20, event_handlers=None, ignore_user_meta=False, metas=['./colcon.meta'], base_paths=['.'], packages_ignore=None, packages_ignore_regex=None, paths=None, packages_up_to=None, packages_up_to_regex=None, packages_above=None, packages_above_and_dependencies=None, packages_above_depth=None, packages_select_by_dep=None, packages_skip_by_dep=None, packages_skip_up_to=None, packages_select_build_failed=False, packages_skip_build_finished=False, packages_select_test_failures=False, packages_skip_test_passed=False, packages_select=None, packages_skip=None, packages_select_regex=None, packages_skip_regex=None, packages_start=None, packages_end=None, cmake_args=None, cmake_target=None, cmake_target_skip_unavailable=False, cmake_clean_cache=False, cmake_clean_first=False, cmake_force_configure=False, ament_cmake_args=None, catkin_cmake_args=None, catkin_skip_building_tests=False, mixin_files=None, mixin=None, verb_parser=<colcon_mixin.mixin.mixin_argument.MixinArgumentDecorator object at 0x7efe24adf160>, verb_extension=<colcon_core.verb.build.BuildVerb object at 0x7efe24c280d0>, main=<bound method BuildVerb.main of <colcon_core.verb.build.BuildVerb object at 0x7efe24c280d0>>, mixin_verb=('build',))
[1.097s] Level 1:colcon.colcon_core.package_discovery:discover_packages(colcon_meta) check parameters
[1.101s] Level 1:colcon.colcon_core.package_discovery:discover_packages(recursive) check parameters
[1.105s] Level 1:colcon.colcon_core.package_discovery:discover_packages(ignore) check parameters
[1.107s] Level 1:colcon.colcon_core.package_discovery:discover_packages(path) check parameters
[1.109s] Level 1:colcon.colcon_core.package_discovery:discover_packages(colcon_meta) discover
[1.111s] Level 1:colcon.colcon_core.package_discovery:discover_packages(recursive) discover
[1.112s] INFO:colcon.colcon_core.package_discovery:Crawling recursively for packages in '/my_code/ros_ws'
[1.126s] Level 1:colcon.colcon_core.package_identification:_identify(.) by extensions ['ignore', 'ignore_ament_install']
[1.128s] Level 1:colcon.colcon_core.package_identification:_identify(.) by extension 'ignore'
[1.132s] Level 1:colcon.colcon_core.package_identification:_identify(.) by extension 'ignore_ament_install'
[1.138s] Level 1:colcon.colcon_core.package_identification:_identify(.) by extensions ['colcon_pkg']
[1.138s] Level 1:colcon.colcon_core.package_identification:_identify(.) by extension 'colcon_pkg'
[1.138s] Level 1:colcon.colcon_core.package_identification:_identify(.) by extensions ['colcon_meta']
[1.139s] Level 1:colcon.colcon_core.package_identification:_identify(.) by extension 'colcon_meta'
[1.139s] Level 1:colcon.colcon_core.package_identification:_identify(.) by extensions ['ros']
[1.139s] Level 1:colcon.colcon_core.package_identification:_identify(.) by extension 'ros'
[1.156s] Level 1:colcon.colcon_core.package_identification:_identify(.) by extensions ['cmake', 'python']
[1.157s] Level 1:colcon.colcon_core.package_identification:_identify(.) by extension 'cmake'
[1.157s] Level 1:colcon.colcon_core.package_identification:_identify(.) by extension 'python'
[1.157s] Level 1:colcon.colcon_core.package_identification:_identify(.) by extensions ['python_setup_py']
[1.158s] Level 1:colcon.colcon_core.package_identification:_identify(.) by extension 'python_setup_py'
[1.160s] Level 1:colcon.colcon_core.package_identification:_identify(build) by extensions ['ignore', 'ignore_ament_install']
[1.160s] Level 1:colcon.colcon_core.package_identification:_identify(build) by extension 'ignore'
[1.161s] Level 1:colcon.colcon_core.package_identification:_identify(build) ignored
[1.163s] Level 1:colcon.colcon_core.package_identification:_identify(install) by extensions ['ignore', 'ignore_ament_install']
[1.163s] Level 1:colcon.colcon_core.package_identification:_identify(install) by extension 'ignore'
[1.163s] Level 1:colcon.colcon_core.package_identification:_identify(install) ignored
[1.166s] Level 1:colcon.colcon_core.package_identification:_identify(log) by extensions ['ignore', 'ignore_ament_install']
[1.166s] Level 1:colcon.colcon_core.package_identification:_identify(log) by extension 'ignore'
[1.166s] Level 1:colcon.colcon_core.package_identification:_identify(log) ignored
[1.168s] Level 1:colcon.colcon_core.package_identification:_identify(src) by extensions ['ignore', 'ignore_ament_install']
[1.168s] Level 1:colcon.colcon_core.package_identification:_identify(src) by extension 'ignore'
[1.168s] Level 1:colcon.colcon_core.package_identification:_identify(src) by extension 'ignore_ament_install'
[1.169s] Level 1:colcon.colcon_core.package_identification:_identify(src) by extensions ['colcon_pkg']
[1.169s] Level 1:colcon.colcon_core.package_identification:_identify(src) by extension 'colcon_pkg'
[1.170s] Level 1:colcon.colcon_core.package_identification:_identify(src) by extensions ['colcon_meta']
[1.170s] Level 1:colcon.colcon_core.package_identification:_identify(src) by extension 'colcon_meta'
[1.171s] Level 1:colcon.colcon_core.package_identification:_identify(src) by extensions ['ros']
[1.171s] Level 1:colcon.colcon_core.package_identification:_identify(src) by extension 'ros'
[1.173s] Level 1:colcon.colcon_core.package_identification:_identify(src) by extensions ['cmake', 'python']
[1.173s] Level 1:colcon.colcon_core.package_identification:_identify(src) by extension 'cmake'
[1.173s] Level 1:colcon.colcon_core.package_identification:_identify(src) by extension 'python'
[1.174s] Level 1:colcon.colcon_core.package_identification:_identify(src) by extensions ['python_setup_py']
[1.174s] Level 1:colcon.colcon_core.package_identification:_identify(src) by extension 'python_setup_py'
[1.176s] Level 1:colcon.colcon_core.package_identification:_identify(src/scout_mini_base) by extensions ['ignore', 'ignore_ament_install']
[1.177s] Level 1:colcon.colcon_core.package_identification:_identify(src/scout_mini_base) by extension 'ignore'
[1.177s] Level 1:colcon.colcon_core.package_identification:_identify(src/scout_mini_base) by extension 'ignore_ament_install'
[1.178s] Level 1:colcon.colcon_core.package_identification:_identify(src/scout_mini_base) by extensions ['colcon_pkg']
[1.179s] Level 1:colcon.colcon_core.package_identification:_identify(src/scout_mini_base) by extension 'colcon_pkg'
[1.179s] Level 1:colcon.colcon_core.package_identification:_identify(src/scout_mini_base) by extensions ['colcon_meta']
[1.180s] Level 1:colcon.colcon_core.package_identification:_identify(src/scout_mini_base) by extension 'colcon_meta'
[1.181s] Level 1:colcon.colcon_core.package_identification:_identify(src/scout_mini_base) by extensions ['ros']
[1.181s] Level 1:colcon.colcon_core.package_identification:_identify(src/scout_mini_base) by extension 'ros'
[1.203s] DEBUG:colcon.colcon_core.package_identification:Package 'src/scout_mini_base' with type 'ros.ament_cmake' and name 'scout_mini_base'
[1.209s] Level 1:colcon.colcon_core.package_identification:_identify(src/scout_mini_description) by extensions ['ignore', 'ignore_ament_install']
[1.209s] Level 1:colcon.colcon_core.package_identification:_identify(src/scout_mini_description) by extension 'ignore'
[1.212s] Level 1:colcon.colcon_core.package_identification:_identify(src/scout_mini_description) by extension 'ignore_ament_install'
[1.215s] Level 1:colcon.colcon_core.package_identification:_identify(src/scout_mini_description) by extensions ['colcon_pkg']
[1.216s] Level 1:colcon.colcon_core.package_identification:_identify(src/scout_mini_description) by extension 'colcon_pkg'
[1.218s] Level 1:colcon.colcon_core.package_identification:_identify(src/scout_mini_description) by extensions ['colcon_meta']
[1.218s] Level 1:colcon.colcon_core.package_identification:_identify(src/scout_mini_description) by extension 'colcon_meta'
[1.222s] Level 1:colcon.colcon_core.package_identification:_identify(src/scout_mini_description) by extensions ['ros']
[1.223s] Level 1:colcon.colcon_core.package_identification:_identify(src/scout_mini_description) by extension 'ros'
[1.249s] DEBUG:colcon.colcon_core.package_identification:Package 'src/scout_mini_description' with type 'ros.ament_cmake' and name 'scout_mini_description'
[1.255s] Level 1:colcon.colcon_core.package_identification:_identify(src/scout_mini_hardware) by extensions ['ignore', 'ignore_ament_install']
[1.256s] Level 1:colcon.colcon_core.package_identification:_identify(src/scout_mini_hardware) by extension 'ignore'
[1.260s] Level 1:colcon.colcon_core.package_identification:_identify(src/scout_mini_hardware) by extension 'ignore_ament_install'
[1.267s] Level 1:colcon.colcon_core.package_identification:_identify(src/scout_mini_hardware) by extensions ['colcon_pkg']
[1.267s] Level 1:colcon.colcon_core.package_identification:_identify(src/scout_mini_hardware) by extension 'colcon_pkg'
[1.277s] Level 1:colcon.colcon_core.package_identification:_identify(src/scout_mini_hardware) by extensions ['colcon_meta']
[1.278s] Level 1:colcon.colcon_core.package_identification:_identify(src/scout_mini_hardware) by extension 'colcon_meta'
[1.289s] Level 1:colcon.colcon_core.package_identification:_identify(src/scout_mini_hardware) by extensions ['ros']
[1.289s] Level 1:colcon.colcon_core.package_identification:_identify(src/scout_mini_hardware) by extension 'ros'
[1.446s] DEBUG:colcon.colcon_core.package_identification:Package 'src/scout_mini_hardware' with type 'ros.ament_cmake' and name 'scout_mini_hardware'
[1.503s] Level 1:colcon.colcon_core.package_identification:_identify(src/scout_mini_msgs) by extensions ['ignore', 'ignore_ament_install']
[1.505s] Level 1:colcon.colcon_core.package_identification:_identify(src/scout_mini_msgs) by extension 'ignore'
[1.525s] Level 1:colcon.colcon_core.package_identification:_identify(src/scout_mini_msgs) by extension 'ignore_ament_install'
[1.561s] Level 1:colcon.colcon_core.package_identification:_identify(src/scout_mini_msgs) by extensions ['colcon_pkg']
[1.562s] Level 1:colcon.colcon_core.package_identification:_identify(src/scout_mini_msgs) by extension 'colcon_pkg'
[1.582s] Level 1:colcon.colcon_core.package_identification:_identify(src/scout_mini_msgs) by extensions ['colcon_meta']
[1.584s] Level 1:colcon.colcon_core.package_identification:_identify(src/scout_mini_msgs) by extension 'colcon_meta'
[1.609s] Level 1:colcon.colcon_core.package_identification:_identify(src/scout_mini_msgs) by extensions ['ros']
[1.609s] Level 1:colcon.colcon_core.package_identification:_identify(src/scout_mini_msgs) by extension 'ros'
[1.765s] DEBUG:colcon.colcon_core.package_identification:Package 'src/scout_mini_msgs' with type 'ros.ament_cmake' and name 'scout_mini_msgs'
[1.822s] Level 1:colcon.colcon_core.package_identification:_identify(src/scout_mini_ros2) by extensions ['ignore', 'ignore_ament_install']
[1.823s] Level 1:colcon.colcon_core.package_identification:_identify(src/scout_mini_ros2) by extension 'ignore'
[1.842s] Level 1:colcon.colcon_core.package_identification:_identify(src/scout_mini_ros2) by extension 'ignore_ament_install'
[1.873s] Level 1:colcon.colcon_core.package_identification:_identify(src/scout_mini_ros2) by extensions ['colcon_pkg']
[1.875s] Level 1:colcon.colcon_core.package_identification:_identify(src/scout_mini_ros2) by extension 'colcon_pkg'
[1.895s] Level 1:colcon.colcon_core.package_identification:_identify(src/scout_mini_ros2) by extensions ['colcon_meta']
[1.895s] Level 1:colcon.colcon_core.package_identification:_identify(src/scout_mini_ros2) by extension 'colcon_meta'
[1.920s] Level 1:colcon.colcon_core.package_identification:_identify(src/scout_mini_ros2) by extensions ['ros']
[1.922s] Level 1:colcon.colcon_core.package_identification:_identify(src/scout_mini_ros2) by extension 'ros'
[2.099s] DEBUG:colcon.colcon_core.package_identification:Package 'src/scout_mini_ros2' with type 'ros.ament_cmake' and name 'scout_mini_ros2'
[2.102s] Level 1:colcon.colcon_core.package_discovery:discover_packages(recursive) using defaults
[2.103s] Level 1:colcon.colcon_core.package_discovery:discover_packages(ignore) discover
[2.105s] Level 1:colcon.colcon_core.package_discovery:discover_packages(ignore) using defaults
[2.106s] Level 1:colcon.colcon_core.package_discovery:discover_packages(path) discover
[2.109s] Level 1:colcon.colcon_core.package_discovery:discover_packages(path) using defaults
[2.305s] Level 5:colcon.colcon_core.verb:set package 'scout_mini_base' build argument 'cmake_args' from command line to 'None'
[2.307s] Level 5:colcon.colcon_core.verb:set package 'scout_mini_base' build argument 'cmake_target' from command line to 'None'
[2.309s] Level 5:colcon.colcon_core.verb:set package 'scout_mini_base' build argument 'cmake_target_skip_unavailable' from command line to 'False'
[2.312s] Level 5:colcon.colcon_core.verb:set package 'scout_mini_base' build argument 'cmake_clean_cache' from command line to 'False'
[2.314s] Level 5:colcon.colcon_core.verb:set package 'scout_mini_base' build argument 'cmake_clean_first' from command line to 'False'
[2.316s] Level 5:colcon.colcon_core.verb:set package 'scout_mini_base' build argument 'cmake_force_configure' from command line to 'False'
[2.318s] Level 5:colcon.colcon_core.verb:set package 'scout_mini_base' build argument 'ament_cmake_args' from command line to 'None'
[2.322s] Level 5:colcon.colcon_core.verb:set package 'scout_mini_base' build argument 'catkin_cmake_args' from command line to 'None'
[2.324s] Level 5:colcon.colcon_core.verb:set package 'scout_mini_base' build argument 'catkin_skip_building_tests' from command line to 'False'
[2.325s] DEBUG:colcon.colcon_core.verb:Building package 'scout_mini_base' with the following arguments: {'ament_cmake_args': None, 'build_base': '/my_code/ros_ws/build/scout_mini_base', 'catkin_cmake_args': None, 'catkin_skip_building_tests': False, 'cmake_args': None, 'cmake_clean_cache': False, 'cmake_clean_first': False, 'cmake_force_configure': False, 'cmake_target': None, 'cmake_target_skip_unavailable': False, 'install_base': '/my_code/ros_ws/install/scout_mini_base', 'merge_install': False, 'path': '/my_code/ros_ws/src/scout_mini_base', 'symlink_install': False, 'test_result_base': None}
[2.328s] Level 5:colcon.colcon_core.verb:set package 'scout_mini_description' build argument 'cmake_args' from command line to 'None'
[2.329s] Level 5:colcon.colcon_core.verb:set package 'scout_mini_description' build argument 'cmake_target' from command line to 'None'
[2.331s] Level 5:colcon.colcon_core.verb:set package 'scout_mini_description' build argument 'cmake_target_skip_unavailable' from command line to 'False'
[2.333s] Level 5:colcon.colcon_core.verb:set package 'scout_mini_description' build argument 'cmake_clean_cache' from command line to 'False'
[2.334s] Level 5:colcon.colcon_core.verb:set package 'scout_mini_description' build argument 'cmake_clean_first' from command line to 'False'
[2.336s] Level 5:colcon.colcon_core.verb:set package 'scout_mini_description' build argument 'cmake_force_configure' from command line to 'False'
[2.337s] Level 5:colcon.colcon_core.verb:set package 'scout_mini_description' build argument 'ament_cmake_args' from command line to 'None'
[2.340s] Level 5:colcon.colcon_core.verb:set package 'scout_mini_description' build argument 'catkin_cmake_args' from command line to 'None'
[2.340s] Level 5:colcon.colcon_core.verb:set package 'scout_mini_description' build argument 'catkin_skip_building_tests' from command line to 'False'
[2.342s] DEBUG:colcon.colcon_core.verb:Building package 'scout_mini_description' with the following arguments: {'ament_cmake_args': None, 'build_base': '/my_code/ros_ws/build/scout_mini_description', 'catkin_cmake_args': None, 'catkin_skip_building_tests': False, 'cmake_args': None, 'cmake_clean_cache': False, 'cmake_clean_first': False, 'cmake_force_configure': False, 'cmake_target': None, 'cmake_target_skip_unavailable': False, 'install_base': '/my_code/ros_ws/install/scout_mini_description', 'merge_install': False, 'path': '/my_code/ros_ws/src/scout_mini_description', 'symlink_install': False, 'test_result_base': None}
[2.345s] Level 5:colcon.colcon_core.verb:set package 'scout_mini_hardware' build argument 'cmake_args' from command line to 'None'
[2.346s] Level 5:colcon.colcon_core.verb:set package 'scout_mini_hardware' build argument 'cmake_target' from command line to 'None'
[2.347s] Level 5:colcon.colcon_core.verb:set package 'scout_mini_hardware' build argument 'cmake_target_skip_unavailable' from command line to 'False'
[2.349s] Level 5:colcon.colcon_core.verb:set package 'scout_mini_hardware' build argument 'cmake_clean_cache' from command line to 'False'
[2.351s] Level 5:colcon.colcon_core.verb:set package 'scout_mini_hardware' build argument 'cmake_clean_first' from command line to 'False'
[2.353s] Level 5:colcon.colcon_core.verb:set package 'scout_mini_hardware' build argument 'cmake_force_configure' from command line to 'False'
[2.355s] Level 5:colcon.colcon_core.verb:set package 'scout_mini_hardware' build argument 'ament_cmake_args' from command line to 'None'
[2.356s] Level 5:colcon.colcon_core.verb:set package 'scout_mini_hardware' build argument 'catkin_cmake_args' from command line to 'None'
[2.358s] Level 5:colcon.colcon_core.verb:set package 'scout_mini_hardware' build argument 'catkin_skip_building_tests' from command line to 'False'
[2.360s] DEBUG:colcon.colcon_core.verb:Building package 'scout_mini_hardware' with the following arguments: {'ament_cmake_args': None, 'build_base': '/my_code/ros_ws/build/scout_mini_hardware', 'catkin_cmake_args': None, 'catkin_skip_building_tests': False, 'cmake_args': None, 'cmake_clean_cache': False, 'cmake_clean_first': False, 'cmake_force_configure': False, 'cmake_target': None, 'cmake_target_skip_unavailable': False, 'install_base': '/my_code/ros_ws/install/scout_mini_hardware', 'merge_install': False, 'path': '/my_code/ros_ws/src/scout_mini_hardware', 'symlink_install': False, 'test_result_base': None}
[2.362s] Level 5:colcon.colcon_core.verb:set package 'scout_mini_msgs' build argument 'cmake_args' from command line to 'None'
[2.363s] Level 5:colcon.colcon_core.verb:set package 'scout_mini_msgs' build argument 'cmake_target' from command line to 'None'
[2.366s] Level 5:colcon.colcon_core.verb:set package 'scout_mini_msgs' build argument 'cmake_target_skip_unavailable' from command line to 'False'
[2.367s] Level 5:colcon.colcon_core.verb:set package 'scout_mini_msgs' build argument 'cmake_clean_cache' from command line to 'False'
[2.369s] Level 5:colcon.colcon_core.verb:set package 'scout_mini_msgs' build argument 'cmake_clean_first' from command line to 'False'
[2.371s] Level 5:colcon.colcon_core.verb:set package 'scout_mini_msgs' build argument 'cmake_force_configure' from command line to 'False'
[2.373s] Level 5:colcon.colcon_core.verb:set package 'scout_mini_msgs' build argument 'ament_cmake_args' from command line to 'None'
[2.375s] Level 5:colcon.colcon_core.verb:set package 'scout_mini_msgs' build argument 'catkin_cmake_args' from command line to 'None'
[2.377s] Level 5:colcon.colcon_core.verb:set package 'scout_mini_msgs' build argument 'catkin_skip_building_tests' from command line to 'False'
[2.379s] DEBUG:colcon.colcon_core.verb:Building package 'scout_mini_msgs' with the following arguments: {'ament_cmake_args': None, 'build_base': '/my_code/ros_ws/build/scout_mini_msgs', 'catkin_cmake_args': None, 'catkin_skip_building_tests': False, 'cmake_args': None, 'cmake_clean_cache': False, 'cmake_clean_first': False, 'cmake_force_configure': False, 'cmake_target': None, 'cmake_target_skip_unavailable': False, 'install_base': '/my_code/ros_ws/install/scout_mini_msgs', 'merge_install': False, 'path': '/my_code/ros_ws/src/scout_mini_msgs', 'symlink_install': False, 'test_result_base': None}
[2.380s] Level 5:colcon.colcon_core.verb:set package 'scout_mini_ros2' build argument 'cmake_args' from command line to 'None'
[2.382s] Level 5:colcon.colcon_core.verb:set package 'scout_mini_ros2' build argument 'cmake_target' from command line to 'None'
[2.383s] Level 5:colcon.colcon_core.verb:set package 'scout_mini_ros2' build argument 'cmake_target_skip_unavailable' from command line to 'False'
[2.385s] Level 5:colcon.colcon_core.verb:set package 'scout_mini_ros2' build argument 'cmake_clean_cache' from command line to 'False'
[2.389s] Level 5:colcon.colcon_core.verb:set package 'scout_mini_ros2' build argument 'cmake_clean_first' from command line to 'False'
[2.391s] Level 5:colcon.colcon_core.verb:set package 'scout_mini_ros2' build argument 'cmake_force_configure' from command line to 'False'
[2.392s] Level 5:colcon.colcon_core.verb:set package 'scout_mini_ros2' build argument 'ament_cmake_args' from command line to 'None'
[2.394s] Level 5:colcon.colcon_core.verb:set package 'scout_mini_ros2' build argument 'catkin_cmake_args' from command line to 'None'
[2.396s] Level 5:colcon.colcon_core.verb:set package 'scout_mini_ros2' build argument 'catkin_skip_building_tests' from command line to 'False'
[2.399s] DEBUG:colcon.colcon_core.verb:Building package 'scout_mini_ros2' with the following arguments: {'ament_cmake_args': None, 'build_base': '/my_code/ros_ws/build/scout_mini_ros2', 'catkin_cmake_args': None, 'catkin_skip_building_tests': False, 'cmake_args': None, 'cmake_clean_cache': False, 'cmake_clean_first': False, 'cmake_force_configure': False, 'cmake_target': None, 'cmake_target_skip_unavailable': False, 'install_base': '/my_code/ros_ws/install/scout_mini_ros2', 'merge_install': False, 'path': '/my_code/ros_ws/src/scout_mini_ros2', 'symlink_install': False, 'test_result_base': None}
[2.402s] INFO:colcon.colcon_core.executor:Executing jobs using 'parallel' executor
[2.406s] DEBUG:colcon.colcon_parallel_executor.executor.parallel:run_until_complete
[2.408s] INFO:colcon.colcon_ros.task.ament_cmake.build:Building ROS package in '/my_code/ros_ws/src/scout_mini_base' with build type 'ament_cmake'
[2.409s] INFO:colcon.colcon_cmake.task.cmake.build:Building CMake package in '/my_code/ros_ws/src/scout_mini_base'
[2.424s] INFO:colcon.colcon_core.plugin_system:Skipping extension 'colcon_core.shell.bat': Not used on non-Windows systems
[2.425s] INFO:colcon.colcon_core.shell:Skip shell extension 'powershell' for command environment: Not usable outside of PowerShell
[2.428s] DEBUG:colcon.colcon_core.shell:Skip shell extension 'dsv' for command environment
[2.436s] WARNING:colcon.colcon_core.prefix_path.colcon:The path '/my_code/scout_mini_description/install' in the environment variable COLCON_PREFIX_PATH doesn't exist
[2.584s] WARNING:colcon.colcon_ros.prefix_path.ament:The path '/my_code/scout_mini_description/install/scout_mini_description' in the environment variable AMENT_PREFIX_PATH doesn't exist
[2.587s] WARNING:colcon.colcon_ros.prefix_path.catkin:The path '/my_code/scout_mini_description/install/scout_mini_description' in the environment variable CMAKE_PREFIX_PATH doesn't exist
[2.766s] INFO:colcon.colcon_ros.task.ament_cmake.build:Building ROS package in '/my_code/ros_ws/src/scout_mini_description' with build type 'ament_cmake'
[2.767s] INFO:colcon.colcon_cmake.task.cmake.build:Building CMake package in '/my_code/ros_ws/src/scout_mini_description'
[2.769s] INFO:colcon.colcon_core.shell:Skip shell extension 'powershell' for command environment: Not usable outside of PowerShell
[2.770s] DEBUG:colcon.colcon_core.shell:Skip shell extension 'dsv' for command environment
[3.215s] INFO:colcon.colcon_ros.task.ament_cmake.build:Building ROS package in '/my_code/ros_ws/src/scout_mini_hardware' with build type 'ament_cmake'
[3.215s] INFO:colcon.colcon_cmake.task.cmake.build:Building CMake package in '/my_code/ros_ws/src/scout_mini_hardware'
[3.216s] INFO:colcon.colcon_core.shell:Skip shell extension 'powershell' for command environment: Not usable outside of PowerShell
[3.216s] DEBUG:colcon.colcon_core.shell:Skip shell extension 'dsv' for command environment
[3.698s] INFO:colcon.colcon_ros.task.ament_cmake.build:Building ROS package in '/my_code/ros_ws/src/scout_mini_msgs' with build type 'ament_cmake'
[3.698s] INFO:colcon.colcon_cmake.task.cmake.build:Building CMake package in '/my_code/ros_ws/src/scout_mini_msgs'
[3.699s] INFO:colcon.colcon_core.shell:Skip shell extension 'powershell' for command environment: Not usable outside of PowerShell
[3.699s] DEBUG:colcon.colcon_core.shell:Skip shell extension 'dsv' for command environment
[4.247s] DEBUG:colcon.colcon_core.event_handler.log_command:Invoking command in '/my_code/ros_ws/build/scout_mini_base': CMAKE_PREFIX_PATH=${CMAKE_PREFIX_PATH}:/my_code/ros_ws/install/scout_mini_description:/my_code/ros_ws/install/scout_mini_base:/opt/ros/humble /usr/bin/cmake --build /my_code/ros_ws/build/scout_mini_base -- -j20 -l20
[4.355s] DEBUG:colcon.colcon_core.event_handler.log_command:Invoking command in '/my_code/ros_ws/build/scout_mini_description': CMAKE_PREFIX_PATH=${CMAKE_PREFIX_PATH}:/my_code/ros_ws/install/scout_mini_description:/my_code/ros_ws/install/scout_mini_base:/opt/ros/humble /usr/bin/cmake --build /my_code/ros_ws/build/scout_mini_description -- -j20 -l20
[4.425s] DEBUG:colcon.colcon_core.event_handler.log_command:Invoking command in '/my_code/ros_ws/build/scout_mini_hardware': CMAKE_PREFIX_PATH=${CMAKE_PREFIX_PATH}:/my_code/ros_ws/install/scout_mini_description:/my_code/ros_ws/install/scout_mini_base:/opt/ros/humble /usr/bin/cmake /my_code/ros_ws/src/scout_mini_hardware -DCMAKE_INSTALL_PREFIX=/my_code/ros_ws/install/scout_mini_hardware
[4.491s] DEBUG:colcon.colcon_core.event_handler.log_command:Invoking command in '/my_code/ros_ws/build/scout_mini_msgs': CMAKE_PREFIX_PATH=${CMAKE_PREFIX_PATH}:/my_code/ros_ws/install/scout_mini_description:/my_code/ros_ws/install/scout_mini_base:/opt/ros/humble /usr/bin/cmake --build /my_code/ros_ws/build/scout_mini_msgs -- -j20 -l20
[4.509s] DEBUG:colcon.colcon_core.event_handler.log_command:Invoked command in '/my_code/ros_ws/build/scout_mini_base' returned '0': CMAKE_PREFIX_PATH=${CMAKE_PREFIX_PATH}:/my_code/ros_ws/install/scout_mini_description:/my_code/ros_ws/install/scout_mini_base:/opt/ros/humble /usr/bin/cmake --build /my_code/ros_ws/build/scout_mini_base -- -j20 -l20
[4.585s] DEBUG:colcon.colcon_core.event_handler.log_command:Invoking command in '/my_code/ros_ws/build/scout_mini_base': CMAKE_PREFIX_PATH=${CMAKE_PREFIX_PATH}:/my_code/ros_ws/install/scout_mini_description:/my_code/ros_ws/install/scout_mini_base:/opt/ros/humble /usr/bin/cmake --install /my_code/ros_ws/build/scout_mini_base
[4.590s] DEBUG:colcon.colcon_core.event_handler.log_command:Invoked command in '/my_code/ros_ws/build/scout_mini_description' returned '0': CMAKE_PREFIX_PATH=${CMAKE_PREFIX_PATH}:/my_code/ros_ws/install/scout_mini_description:/my_code/ros_ws/install/scout_mini_base:/opt/ros/humble /usr/bin/cmake --build /my_code/ros_ws/build/scout_mini_description -- -j20 -l20
[4.632s] DEBUG:colcon.colcon_core.event_handler.log_command:Invoking command in '/my_code/ros_ws/build/scout_mini_description': CMAKE_PREFIX_PATH=${CMAKE_PREFIX_PATH}:/my_code/ros_ws/install/scout_mini_description:/my_code/ros_ws/install/scout_mini_base:/opt/ros/humble /usr/bin/cmake --install /my_code/ros_ws/build/scout_mini_description
[5.710s] Level 1:colcon.colcon_core.environment:create_environment_scripts_only(scout_mini_base)
[5.713s] DEBUG:colcon.colcon_core.event_handler.log_command:Invoked command in '/my_code/ros_ws/build/scout_mini_base' returned '0': CMAKE_PREFIX_PATH=${CMAKE_PREFIX_PATH}:/my_code/ros_ws/install/scout_mini_description:/my_code/ros_ws/install/scout_mini_base:/opt/ros/humble /usr/bin/cmake --install /my_code/ros_ws/build/scout_mini_base
[5.718s] Level 1:colcon.colcon_core.environment:checking '/my_code/ros_ws/install/scout_mini_base' for CMake module files
[5.986s] Level 1:colcon.colcon_core.environment:checking '/my_code/ros_ws/install/scout_mini_base' for CMake config files
[6.242s] Level 1:colcon.colcon_core.shell:create_environment_hook('scout_mini_base', 'cmake_prefix_path')
[6.246s] INFO:colcon.colcon_core.shell:Creating environment hook '/my_code/ros_ws/install/scout_mini_base/share/scout_mini_base/hook/cmake_prefix_path.ps1'
[6.303s] INFO:colcon.colcon_core.shell:Creating environment descriptor '/my_code/ros_ws/install/scout_mini_base/share/scout_mini_base/hook/cmake_prefix_path.dsv'
[6.355s] INFO:colcon.colcon_core.shell:Creating environment hook '/my_code/ros_ws/install/scout_mini_base/share/scout_mini_base/hook/cmake_prefix_path.sh'
[6.411s] Level 1:colcon.colcon_core.environment:checking '/my_code/ros_ws/install/scout_mini_base/bin'
[6.414s] Level 1:colcon.colcon_core.environment:checking '/my_code/ros_ws/install/scout_mini_base/lib/pkgconfig/scout_mini_base.pc'
[6.420s] Level 1:colcon.colcon_core.environment:checking '/my_code/ros_ws/install/scout_mini_base/lib/python3.10/site-packages'
[6.425s] Level 1:colcon.colcon_core.environment:checking '/my_code/ros_ws/install/scout_mini_base/bin'
[6.428s] INFO:colcon.colcon_core.shell:Creating package script '/my_code/ros_ws/install/scout_mini_base/share/scout_mini_base/package.ps1'
[6.465s] INFO:colcon.colcon_core.shell:Creating package descriptor '/my_code/ros_ws/install/scout_mini_base/share/scout_mini_base/package.dsv'
[6.500s] INFO:colcon.colcon_core.shell:Creating package script '/my_code/ros_ws/install/scout_mini_base/share/scout_mini_base/package.sh'
[6.532s] INFO:colcon.colcon_core.shell:Creating package script '/my_code/ros_ws/install/scout_mini_base/share/scout_mini_base/package.bash'
[6.560s] INFO:colcon.colcon_core.shell:Creating package script '/my_code/ros_ws/install/scout_mini_base/share/scout_mini_base/package.zsh'
[6.589s] Level 1:colcon.colcon_core.environment:create_file_with_runtime_dependencies(/my_code/ros_ws/install/scout_mini_base/share/colcon-core/packages/scout_mini_base)
[6.649s] Level 1:colcon.colcon_core.environment:create_environment_scripts_only(scout_mini_base)
[6.650s] Level 1:colcon.colcon_core.environment:checking '/my_code/ros_ws/install/scout_mini_base' for CMake module files
[6.810s] Level 1:colcon.colcon_core.environment:checking '/my_code/ros_ws/install/scout_mini_base' for CMake config files
[6.929s] Level 1:colcon.colcon_core.shell:create_environment_hook('scout_mini_base', 'cmake_prefix_path')
[6.930s] INFO:colcon.colcon_core.shell:Creating environment hook '/my_code/ros_ws/install/scout_mini_base/share/scout_mini_base/hook/cmake_prefix_path.ps1'
[6.954s] INFO:colcon.colcon_core.shell:Creating environment descriptor '/my_code/ros_ws/install/scout_mini_base/share/scout_mini_base/hook/cmake_prefix_path.dsv'
[6.981s] INFO:colcon.colcon_core.shell:Creating environment hook '/my_code/ros_ws/install/scout_mini_base/share/scout_mini_base/hook/cmake_prefix_path.sh'
[7.025s] Level 1:colcon.colcon_core.environment:checking '/my_code/ros_ws/install/scout_mini_base/bin'
[7.029s] Level 1:colcon.colcon_core.environment:checking '/my_code/ros_ws/install/scout_mini_base/lib/pkgconfig/scout_mini_base.pc'
[7.034s] Level 1:colcon.colcon_core.environment:checking '/my_code/ros_ws/install/scout_mini_base/lib/python3.10/site-packages'
[7.039s] Level 1:colcon.colcon_core.environment:checking '/my_code/ros_ws/install/scout_mini_base/bin'
[7.044s] INFO:colcon.colcon_core.shell:Creating package script '/my_code/ros_ws/install/scout_mini_base/share/scout_mini_base/package.ps1'
[7.085s] INFO:colcon.colcon_core.shell:Creating package descriptor '/my_code/ros_ws/install/scout_mini_base/share/scout_mini_base/package.dsv'
[7.123s] INFO:colcon.colcon_core.shell:Creating package script '/my_code/ros_ws/install/scout_mini_base/share/scout_mini_base/package.sh'
[7.147s] INFO:colcon.colcon_core.shell:Creating package script '/my_code/ros_ws/install/scout_mini_base/share/scout_mini_base/package.bash'
[7.168s] INFO:colcon.colcon_core.shell:Creating package script '/my_code/ros_ws/install/scout_mini_base/share/scout_mini_base/package.zsh'
[7.188s] Level 1:colcon.colcon_core.environment:create_file_with_runtime_dependencies(/my_code/ros_ws/install/scout_mini_base/share/colcon-core/packages/scout_mini_base)
[7.220s] DEBUG:colcon.colcon_core.event_handler.log_command:Invoked command in '/my_code/ros_ws/build/scout_mini_hardware' returned '1': CMAKE_PREFIX_PATH=${CMAKE_PREFIX_PATH}:/my_code/ros_ws/install/scout_mini_description:/my_code/ros_ws/install/scout_mini_base:/opt/ros/humble /usr/bin/cmake /my_code/ros_ws/src/scout_mini_hardware -DCMAKE_INSTALL_PREFIX=/my_code/ros_ws/install/scout_mini_hardware
[7.227s] Level 1:colcon.colcon_core.environment:create_environment_scripts_only(scout_mini_description)
[7.228s] Level 1:colcon.colcon_core.environment:checking '/my_code/ros_ws/install/scout_mini_description' for CMake module files
[7.229s] DEBUG:colcon.colcon_core.event_handler.log_command:Invoked command in '/my_code/ros_ws/build/scout_mini_description' returned '0': CMAKE_PREFIX_PATH=${CMAKE_PREFIX_PATH}:/my_code/ros_ws/install/scout_mini_description:/my_code/ros_ws/install/scout_mini_base:/opt/ros/humble /usr/bin/cmake --install /my_code/ros_ws/build/scout_mini_description
[7.398s] Level 1:colcon.colcon_core.environment:checking '/my_code/ros_ws/install/scout_mini_description' for CMake config files
[7.499s] Level 1:colcon.colcon_core.shell:create_environment_hook('scout_mini_description', 'cmake_prefix_path')
[7.500s] INFO:colcon.colcon_core.shell:Creating environment hook '/my_code/ros_ws/install/scout_mini_description/share/scout_mini_description/hook/cmake_prefix_path.ps1'
[7.524s] INFO:colcon.colcon_core.shell:Creating environment descriptor '/my_code/ros_ws/install/scout_mini_description/share/scout_mini_description/hook/cmake_prefix_path.dsv'
[7.552s] INFO:colcon.colcon_core.shell:Creating environment hook '/my_code/ros_ws/install/scout_mini_description/share/scout_mini_description/hook/cmake_prefix_path.sh'
[7.588s] Level 1:colcon.colcon_core.environment:checking '/my_code/ros_ws/install/scout_mini_description/bin'
[7.593s] Level 1:colcon.colcon_core.environment:checking '/my_code/ros_ws/install/scout_mini_description/lib/pkgconfig/scout_mini_description.pc'
[7.595s] Level 1:colcon.colcon_core.environment:checking '/my_code/ros_ws/install/scout_mini_description/lib/python3.10/site-packages'
[7.598s] Level 1:colcon.colcon_core.environment:checking '/my_code/ros_ws/install/scout_mini_description/bin'
[7.601s] INFO:colcon.colcon_core.shell:Creating package script '/my_code/ros_ws/install/scout_mini_description/share/scout_mini_description/package.ps1'
[7.630s] INFO:colcon.colcon_core.shell:Creating package descriptor '/my_code/ros_ws/install/scout_mini_description/share/scout_mini_description/package.dsv'
[7.651s] INFO:colcon.colcon_core.shell:Creating package script '/my_code/ros_ws/install/scout_mini_description/share/scout_mini_description/package.sh'
[7.673s] INFO:colcon.colcon_core.shell:Creating package script '/my_code/ros_ws/install/scout_mini_description/share/scout_mini_description/package.bash'
[7.690s] INFO:colcon.colcon_core.shell:Creating package script '/my_code/ros_ws/install/scout_mini_description/share/scout_mini_description/package.zsh'
[7.707s] Level 1:colcon.colcon_core.environment:create_file_with_runtime_dependencies(/my_code/ros_ws/install/scout_mini_description/share/colcon-core/packages/scout_mini_description)
[7.740s] Level 1:colcon.colcon_core.environment:create_environment_scripts_only(scout_mini_description)
[7.741s] Level 1:colcon.colcon_core.environment:checking '/my_code/ros_ws/install/scout_mini_description' for CMake module files
[7.950s] Level 1:colcon.colcon_core.environment:checking '/my_code/ros_ws/install/scout_mini_description' for CMake config files
[8.051s] Level 1:colcon.colcon_core.shell:create_environment_hook('scout_mini_description', 'cmake_prefix_path')
[8.051s] INFO:colcon.colcon_core.shell:Creating environment hook '/my_code/ros_ws/install/scout_mini_description/share/scout_mini_description/hook/cmake_prefix_path.ps1'
[8.090s] INFO:colcon.colcon_core.shell:Creating environment descriptor '/my_code/ros_ws/install/scout_mini_description/share/scout_mini_description/hook/cmake_prefix_path.dsv'
[8.130s] INFO:colcon.colcon_core.shell:Creating environment hook '/my_code/ros_ws/install/scout_mini_description/share/scout_mini_description/hook/cmake_prefix_path.sh'
[8.178s] Level 1:colcon.colcon_core.environment:checking '/my_code/ros_ws/install/scout_mini_description/bin'
[8.181s] Level 1:colcon.colcon_core.environment:checking '/my_code/ros_ws/install/scout_mini_description/lib/pkgconfig/scout_mini_description.pc'
[8.184s] Level 1:colcon.colcon_core.environment:checking '/my_code/ros_ws/install/scout_mini_description/lib/python3.10/site-packages'
[8.187s] Level 1:colcon.colcon_core.environment:checking '/my_code/ros_ws/install/scout_mini_description/bin'
[8.189s] INFO:colcon.colcon_core.shell:Creating package script '/my_code/ros_ws/install/scout_mini_description/share/scout_mini_description/package.ps1'
[8.215s] INFO:colcon.colcon_core.shell:Creating package descriptor '/my_code/ros_ws/install/scout_mini_description/share/scout_mini_description/package.dsv'
[8.234s] INFO:colcon.colcon_core.shell:Creating package script '/my_code/ros_ws/install/scout_mini_description/share/scout_mini_description/package.sh'
[8.250s] INFO:colcon.colcon_core.shell:Creating package script '/my_code/ros_ws/install/scout_mini_description/share/scout_mini_description/package.bash'
[8.275s] INFO:colcon.colcon_core.shell:Creating package script '/my_code/ros_ws/install/scout_mini_description/share/scout_mini_description/package.zsh'
[8.298s] Level 1:colcon.colcon_core.environment:create_file_with_runtime_dependencies(/my_code/ros_ws/install/scout_mini_description/share/colcon-core/packages/scout_mini_description)
[8.320s] Level 1:colcon.colcon_core.environment:create_environment_scripts_only(scout_mini_hardware)
[8.320s] Level 1:colcon.colcon_core.environment:checking '/my_code/ros_ws/install/scout_mini_hardware' for CMake module files
[8.394s] Level 1:colcon.colcon_core.environment:checking '/my_code/ros_ws/install/scout_mini_hardware' for CMake config files
[8.436s] Level 1:colcon.colcon_core.environment:checking '/my_code/ros_ws/install/scout_mini_hardware/bin'
[8.438s] Level 1:colcon.colcon_core.environment:checking '/my_code/ros_ws/install/scout_mini_hardware/lib/pkgconfig/scout_mini_hardware.pc'
[8.440s] Level 1:colcon.colcon_core.environment:checking '/my_code/ros_ws/install/scout_mini_hardware/lib/python3.10/site-packages'
[8.442s] Level 1:colcon.colcon_core.environment:checking '/my_code/ros_ws/install/scout_mini_hardware/bin'
[8.445s] INFO:colcon.colcon_core.shell:Creating package script '/my_code/ros_ws/install/scout_mini_hardware/share/scout_mini_hardware/package.ps1'
[8.483s] INFO:colcon.colcon_core.shell:Creating package descriptor '/my_code/ros_ws/install/scout_mini_hardware/share/scout_mini_hardware/package.dsv'
[8.512s] INFO:colcon.colcon_core.shell:Creating package script '/my_code/ros_ws/install/scout_mini_hardware/share/scout_mini_hardware/package.sh'
[8.557s] INFO:colcon.colcon_core.shell:Creating package script '/my_code/ros_ws/install/scout_mini_hardware/share/scout_mini_hardware/package.bash'
[8.606s] INFO:colcon.colcon_core.shell:Creating package script '/my_code/ros_ws/install/scout_mini_hardware/share/scout_mini_hardware/package.zsh'
[8.671s] Level 1:colcon.colcon_core.environment:create_file_with_runtime_dependencies(/my_code/ros_ws/install/scout_mini_hardware/share/colcon-core/packages/scout_mini_hardware)
[8.721s] DEBUG:colcon.colcon_parallel_executor.executor.parallel:closing loop
[8.722s] DEBUG:colcon.colcon_parallel_executor.executor.parallel:loop closed
[8.722s] DEBUG:colcon.colcon_parallel_executor.executor.parallel:run_until_complete finished with '1'
[8.723s] DEBUG:colcon.colcon_core.event_reactor:joining thread
[8.765s] INFO:colcon.colcon_core.plugin_system:Skipping extension 'colcon_notification.desktop_notification.notify_send': Could not find 'notify-send'
[8.766s] INFO:colcon.colcon_core.plugin_system:Skipping extension 'colcon_notification.desktop_notification.terminal_notifier': Not used on non-Darwin systems
[8.766s] INFO:colcon.colcon_core.plugin_system:Skipping extension 'colcon_notification.desktop_notification.win32': Not used on non-Windows systems
[8.766s] INFO:colcon.colcon_notification.desktop_notification:Sending desktop notification using 'notify2'
[8.769s] DEBUG:colcon.colcon_notification.desktop_notification.notify2:Failed to initialize notify2: org.freedesktop.DBus.Error.Spawn.ExecFailed: /usr/bin/dbus-launch terminated abnormally without any error message
[8.769s] DEBUG:colcon.colcon_core.event_reactor:joined thread
[8.770s] INFO:colcon.colcon_core.shell:Creating prefix script '/my_code/ros_ws/install/local_setup.ps1'
[8.781s] INFO:colcon.colcon_core.shell:Creating prefix util module '/my_code/ros_ws/install/_local_setup_util_ps1.py'
[8.790s] INFO:colcon.colcon_core.shell:Creating prefix chain script '/my_code/ros_ws/install/setup.ps1'
[8.831s] INFO:colcon.colcon_core.shell:Creating prefix script '/my_code/ros_ws/install/local_setup.sh'
[8.840s] INFO:colcon.colcon_core.shell:Creating prefix util module '/my_code/ros_ws/install/_local_setup_util_sh.py'
[8.845s] INFO:colcon.colcon_core.shell:Creating prefix chain script '/my_code/ros_ws/install/setup.sh'
[8.911s] INFO:colcon.colcon_core.shell:Creating prefix script '/my_code/ros_ws/install/local_setup.bash'
[8.931s] INFO:colcon.colcon_core.shell:Creating prefix chain script '/my_code/ros_ws/install/setup.bash'
[9.009s] INFO:colcon.colcon_core.shell:Creating prefix script '/my_code/ros_ws/install/local_setup.zsh'
[9.025s] INFO:colcon.colcon_core.shell:Creating prefix chain script '/my_code/ros_ws/install/setup.zsh'
