[0.283s] Invoking command in '/my_code/ros_ws/build/scout_mini_description': CMAKE_PREFIX_PATH=${CMAKE_PREFIX_PATH}:/opt/ros/humble /usr/bin/cmake --build /my_code/ros_ws/build/scout_mini_description -- -j20 -l20
[0.815s] Invoked command in '/my_code/ros_ws/build/scout_mini_description' returned '0': CMAKE_PREFIX_PATH=${CMAKE_PREFIX_PATH}:/opt/ros/humble /usr/bin/cmake --build /my_code/ros_ws/build/scout_mini_description -- -j20 -l20
[0.878s] Invoking command in '/my_code/ros_ws/build/scout_mini_description': CMAKE_PREFIX_PATH=${CMAKE_PREFIX_PATH}:/opt/ros/humble /usr/bin/cmake --install /my_code/ros_ws/build/scout_mini_description
[0.915s] -- Install configuration: ""
[0.930s] -- Up-to-date: /my_code/ros_ws/install/scout_mini_description/share/scout_mini_description/launch
[0.978s] -- Up-to-date: /my_code/ros_ws/install/scout_mini_description/share/scout_mini_description/launch/description_launch.py
[1.031s] -- Up-to-date: /my_code/ros_ws/install/scout_mini_description/share/scout_mini_description/launch/rviz2_launch.py
[1.082s] -- Up-to-date: /my_code/ros_ws/install/scout_mini_description/share/scout_mini_description/meshes
[1.194s] -- Up-to-date: /my_code/ros_ws/install/scout_mini_description/share/scout_mini_description/meshes/body.dae
[1.295s] -- Up-to-date: /my_code/ros_ws/install/scout_mini_description/share/scout_mini_description/meshes/wheel.dae
[1.361s] -- Up-to-date: /my_code/ros_ws/install/scout_mini_description/share/scout_mini_description/rviz
[1.475s] -- Up-to-date: /my_code/ros_ws/install/scout_mini_description/share/scout_mini_description/rviz/scout_mini.rviz
[1.544s] -- Up-to-date: /my_code/ros_ws/install/scout_mini_description/share/scout_mini_description/urdf
[1.668s] -- Up-to-date: /my_code/ros_ws/install/scout_mini_description/share/scout_mini_description/urdf/scout_mini.urdf.xacro
[1.789s] -- Up-to-date: /my_code/ros_ws/install/scout_mini_description/share/ament_index/resource_index/package_run_dependencies/scout_mini_description
[1.915s] -- Up-to-date: /my_code/ros_ws/install/scout_mini_description/share/ament_index/resource_index/parent_prefix_path/scout_mini_description
[1.990s] -- Up-to-date: /my_code/ros_ws/install/scout_mini_description/share/scout_mini_description/environment/ament_prefix_path.sh
[2.073s] -- Up-to-date: /my_code/ros_ws/install/scout_mini_description/share/scout_mini_description/environment/ament_prefix_path.dsv
[2.125s] -- Up-to-date: /my_code/ros_ws/install/scout_mini_description/share/scout_mini_description/environment/path.sh
[2.198s] -- Up-to-date: /my_code/ros_ws/install/scout_mini_description/share/scout_mini_description/environment/path.dsv
[2.257s] -- Up-to-date: /my_code/ros_ws/install/scout_mini_description/share/scout_mini_description/local_setup.bash
[2.308s] -- Up-to-date: /my_code/ros_ws/install/scout_mini_description/share/scout_mini_description/local_setup.sh
[2.353s] -- Up-to-date: /my_code/ros_ws/install/scout_mini_description/share/scout_mini_description/local_setup.zsh
[2.428s] -- Up-to-date: /my_code/ros_ws/install/scout_mini_description/share/scout_mini_description/local_setup.dsv
[2.513s] -- Installing: /my_code/ros_ws/install/scout_mini_description/share/scout_mini_description/package.dsv
[2.899s] -- Up-to-date: /my_code/ros_ws/install/scout_mini_description/share/ament_index/resource_index/packages/scout_mini_description
[2.995s] -- Up-to-date: /my_code/ros_ws/install/scout_mini_description/share/scout_mini_description/cmake/scout_mini_descriptionConfig.cmake
[3.064s] -- Up-to-date: /my_code/ros_ws/install/scout_mini_description/share/scout_mini_description/cmake/scout_mini_descriptionConfig-version.cmake
[3.161s] -- Up-to-date: /my_code/ros_ws/install/scout_mini_description/share/scout_mini_description/package.xml
[4.337s] Invoked command in '/my_code/ros_ws/build/scout_mini_description' returned '0': CMAKE_PREFIX_PATH=${CMAKE_PREFIX_PATH}:/opt/ros/humble /usr/bin/cmake --install /my_code/ros_ws/build/scout_mini_description
