[0.254s] Invoking command in '/my_code/ros_ws/build/scout_mini_msgs': CMAKE_PREFIX_PATH=${CMAKE_PREFIX_PATH}:/my_code/ros_ws/install/scout_mini_description:/my_code/ros_ws/install/scout_mini_base:/opt/ros/humble /usr/bin/cmake --build /my_code/ros_ws/build/scout_mini_msgs -- -j20 -l20
[0.907s] [  1%] Built target scout_mini_msgs__cpp
[1.480s] [ 12%] Built target scout_mini_msgs__rosidl_generator_c
[1.744s] [ 23%] Built target scout_mini_msgs__rosidl_typesupport_cpp
[1.991s] [ 35%] Built target scout_mini_msgs__rosidl_typesupport_introspection_cpp
[2.103s] [ 46%] Built target scout_mini_msgs__rosidl_typesupport_fastrtps_cpp
[2.263s] [ 57%] Built target scout_mini_msgs__rosidl_typesupport_c
[2.485s] [ 76%] Built target scout_mini_msgs__rosidl_typesupport_introspection_c
[2.502s] [ 80%] Built target scout_mini_msgs__rosidl_typesupport_fastrtps_c
[2.612s] [ 80%] Built target scout_mini_msgs
[2.746s] [ 80%] Built target ament_cmake_python_copy_scout_mini_msgs
[2.838s] [ 81%] Built target scout_mini_msgs__py
[3.084s] running egg_info
[3.088s] writing scout_mini_msgs.egg-info/PKG-INFO
[3.097s] writing dependency_links to scout_mini_msgs.egg-info/dependency_links.txt
[3.110s] writing top-level names to scout_mini_msgs.egg-info/top_level.txt
[3.166s] reading manifest file 'scout_mini_msgs.egg-info/SOURCES.txt'
[3.232s] [ 91%] Built target scout_mini_msgs__rosidl_generator_py
[3.257s] writing manifest file 'scout_mini_msgs.egg-info/SOURCES.txt'
[3.291s] [ 91%] Built target ament_cmake_python_build_scout_mini_msgs_egg
[3.411s] [100%] Built target scout_mini_msgs__rosidl_typesupport_c__pyext
[3.412s] [100%] Built target scout_mini_msgs__rosidl_typesupport_fastrtps_c__pyext
[3.413s] [100%] Built target scout_mini_msgs__rosidl_typesupport_introspection_c__pyext
[4.305s] Invoked command in '/my_code/ros_ws/build/scout_mini_msgs' returned '0': CMAKE_PREFIX_PATH=${CMAKE_PREFIX_PATH}:/my_code/ros_ws/install/scout_mini_description:/my_code/ros_ws/install/scout_mini_base:/opt/ros/humble /usr/bin/cmake --build /my_code/ros_ws/build/scout_mini_msgs -- -j20 -l20
[4.408s] Invoking command in '/my_code/ros_ws/build/scout_mini_msgs': CMAKE_PREFIX_PATH=${CMAKE_PREFIX_PATH}:/my_code/ros_ws/install/scout_mini_description:/my_code/ros_ws/install/scout_mini_base:/opt/ros/humble /usr/bin/cmake --install /my_code/ros_ws/build/scout_mini_msgs
[4.410s] -- Install configuration: ""
[4.412s] -- Installing: /my_code/ros_ws/install/scout_mini_msgs/share/ament_index/resource_index/rosidl_interfaces/scout_mini_msgs
[4.488s] -- Installing: /my_code/ros_ws/install/scout_mini_msgs/include/scout_mini_msgs/scout_mini_msgs
[4.542s] -- Installing: /my_code/ros_ws/install/scout_mini_msgs/include/scout_mini_msgs/scout_mini_msgs/msg
[4.601s] -- Installing: /my_code/ros_ws/install/scout_mini_msgs/include/scout_mini_msgs/scout_mini_msgs/msg/detail
[4.680s] -- Installing: /my_code/ros_ws/install/scout_mini_msgs/include/scout_mini_msgs/scout_mini_msgs/msg/detail/driver_state__functions.c
[4.914s] -- Installing: /my_code/ros_ws/install/scout_mini_msgs/include/scout_mini_msgs/scout_mini_msgs/msg/detail/driver_state__functions.h
[5.244s] -- Installing: /my_code/ros_ws/install/scout_mini_msgs/include/scout_mini_msgs/scout_mini_msgs/msg/detail/driver_state__struct.h
[5.441s] -- Installing: /my_code/ros_ws/install/scout_mini_msgs/include/scout_mini_msgs/scout_mini_msgs/msg/detail/driver_state__type_support.h
[5.712s] -- Installing: /my_code/ros_ws/install/scout_mini_msgs/include/scout_mini_msgs/scout_mini_msgs/msg/detail/fault_state__functions.c
[5.918s] -- Installing: /my_code/ros_ws/install/scout_mini_msgs/include/scout_mini_msgs/scout_mini_msgs/msg/detail/fault_state__functions.h
[6.255s] -- Installing: /my_code/ros_ws/install/scout_mini_msgs/include/scout_mini_msgs/scout_mini_msgs/msg/detail/fault_state__struct.h
[6.470s] -- Installing: /my_code/ros_ws/install/scout_mini_msgs/include/scout_mini_msgs/scout_mini_msgs/msg/detail/fault_state__type_support.h
[6.701s] -- Installing: /my_code/ros_ws/install/scout_mini_msgs/include/scout_mini_msgs/scout_mini_msgs/msg/detail/light_command__functions.c
[6.913s] -- Installing: /my_code/ros_ws/install/scout_mini_msgs/include/scout_mini_msgs/scout_mini_msgs/msg/detail/light_command__functions.h
[7.555s] -- Installing: /my_code/ros_ws/install/scout_mini_msgs/include/scout_mini_msgs/scout_mini_msgs/msg/detail/light_command__struct.h
[8.055s] -- Installing: /my_code/ros_ws/install/scout_mini_msgs/include/scout_mini_msgs/scout_mini_msgs/msg/detail/light_command__type_support.h
[8.339s] -- Installing: /my_code/ros_ws/install/scout_mini_msgs/include/scout_mini_msgs/scout_mini_msgs/msg/detail/light_state__functions.c
[8.638s] -- Installing: /my_code/ros_ws/install/scout_mini_msgs/include/scout_mini_msgs/scout_mini_msgs/msg/detail/light_state__functions.h
[8.990s] -- Installing: /my_code/ros_ws/install/scout_mini_msgs/include/scout_mini_msgs/scout_mini_msgs/msg/detail/light_state__struct.h
[9.237s] -- Installing: /my_code/ros_ws/install/scout_mini_msgs/include/scout_mini_msgs/scout_mini_msgs/msg/detail/light_state__type_support.h
[9.359s] -- Installing: /my_code/ros_ws/install/scout_mini_msgs/include/scout_mini_msgs/scout_mini_msgs/msg/detail/motor_state__functions.c
[9.594s] -- Installing: /my_code/ros_ws/install/scout_mini_msgs/include/scout_mini_msgs/scout_mini_msgs/msg/detail/motor_state__functions.h
[9.964s] -- Installing: /my_code/ros_ws/install/scout_mini_msgs/include/scout_mini_msgs/scout_mini_msgs/msg/detail/motor_state__struct.h
[10.213s] -- Installing: /my_code/ros_ws/install/scout_mini_msgs/include/scout_mini_msgs/scout_mini_msgs/msg/detail/motor_state__type_support.h
[10.380s] -- Installing: /my_code/ros_ws/install/scout_mini_msgs/include/scout_mini_msgs/scout_mini_msgs/msg/detail/robot_state__functions.c
[10.655s] -- Installing: /my_code/ros_ws/install/scout_mini_msgs/include/scout_mini_msgs/scout_mini_msgs/msg/detail/robot_state__functions.h
[11.196s] -- Installing: /my_code/ros_ws/install/scout_mini_msgs/include/scout_mini_msgs/scout_mini_msgs/msg/detail/robot_state__struct.h
[11.419s] -- Installing: /my_code/ros_ws/install/scout_mini_msgs/include/scout_mini_msgs/scout_mini_msgs/msg/detail/robot_state__type_support.h
[11.655s] -- Installing: /my_code/ros_ws/install/scout_mini_msgs/include/scout_mini_msgs/scout_mini_msgs/msg/driver_state.h
[11.886s] -- Installing: /my_code/ros_ws/install/scout_mini_msgs/include/scout_mini_msgs/scout_mini_msgs/msg/fault_state.h
[11.978s] -- Installing: /my_code/ros_ws/install/scout_mini_msgs/include/scout_mini_msgs/scout_mini_msgs/msg/light_command.h
[12.102s] -- Installing: /my_code/ros_ws/install/scout_mini_msgs/include/scout_mini_msgs/scout_mini_msgs/msg/light_state.h
[12.385s] -- Installing: /my_code/ros_ws/install/scout_mini_msgs/include/scout_mini_msgs/scout_mini_msgs/msg/motor_state.h
[12.783s] -- Installing: /my_code/ros_ws/install/scout_mini_msgs/include/scout_mini_msgs/scout_mini_msgs/msg/robot_state.h
[12.990s] -- Installing: /my_code/ros_ws/install/scout_mini_msgs/include/scout_mini_msgs/scout_mini_msgs/msg/rosidl_generator_c__visibility_control.h
[13.410s] -- Installing: /my_code/ros_ws/install/scout_mini_msgs/share/scout_mini_msgs/environment/library_path.sh
[13.522s] -- Installing: /my_code/ros_ws/install/scout_mini_msgs/share/scout_mini_msgs/environment/library_path.dsv
[13.824s] -- Installing: /my_code/ros_ws/install/scout_mini_msgs/lib/libscout_mini_msgs__rosidl_generator_c.so
[14.068s] -- Set runtime path of "/my_code/ros_ws/install/scout_mini_msgs/lib/libscout_mini_msgs__rosidl_generator_c.so" to ""
[14.144s] -- Up-to-date: /my_code/ros_ws/install/scout_mini_msgs/include/scout_mini_msgs/scout_mini_msgs
[14.168s] -- Up-to-date: /my_code/ros_ws/install/scout_mini_msgs/include/scout_mini_msgs/scout_mini_msgs/msg
[14.303s] -- Up-to-date: /my_code/ros_ws/install/scout_mini_msgs/include/scout_mini_msgs/scout_mini_msgs/msg/detail
[14.491s] -- Installing: /my_code/ros_ws/install/scout_mini_msgs/include/scout_mini_msgs/scout_mini_msgs/msg/detail/driver_state__rosidl_typesupport_fastrtps_c.h
[14.693s] -- Installing: /my_code/ros_ws/install/scout_mini_msgs/include/scout_mini_msgs/scout_mini_msgs/msg/detail/fault_state__rosidl_typesupport_fastrtps_c.h
[14.805s] -- Installing: /my_code/ros_ws/install/scout_mini_msgs/include/scout_mini_msgs/scout_mini_msgs/msg/detail/light_command__rosidl_typesupport_fastrtps_c.h
[15.051s] -- Installing: /my_code/ros_ws/install/scout_mini_msgs/include/scout_mini_msgs/scout_mini_msgs/msg/detail/light_state__rosidl_typesupport_fastrtps_c.h
[15.181s] -- Installing: /my_code/ros_ws/install/scout_mini_msgs/include/scout_mini_msgs/scout_mini_msgs/msg/detail/motor_state__rosidl_typesupport_fastrtps_c.h
[15.472s] -- Installing: /my_code/ros_ws/install/scout_mini_msgs/include/scout_mini_msgs/scout_mini_msgs/msg/detail/robot_state__rosidl_typesupport_fastrtps_c.h
[15.535s] -- Installing: /my_code/ros_ws/install/scout_mini_msgs/include/scout_mini_msgs/scout_mini_msgs/msg/rosidl_typesupport_fastrtps_c__visibility_control.h
[15.739s] -- Installing: /my_code/ros_ws/install/scout_mini_msgs/lib/libscout_mini_msgs__rosidl_typesupport_fastrtps_c.so
[15.948s] -- Set runtime path of "/my_code/ros_ws/install/scout_mini_msgs/lib/libscout_mini_msgs__rosidl_typesupport_fastrtps_c.so" to ""
[16.039s] -- Up-to-date: /my_code/ros_ws/install/scout_mini_msgs/include/scout_mini_msgs/scout_mini_msgs
[16.230s] -- Up-to-date: /my_code/ros_ws/install/scout_mini_msgs/include/scout_mini_msgs/scout_mini_msgs/msg
[16.349s] -- Up-to-date: /my_code/ros_ws/install/scout_mini_msgs/include/scout_mini_msgs/scout_mini_msgs/msg/detail
[16.378s] -- Installing: /my_code/ros_ws/install/scout_mini_msgs/include/scout_mini_msgs/scout_mini_msgs/msg/detail/driver_state__rosidl_typesupport_introspection_c.h
[16.444s] -- Installing: /my_code/ros_ws/install/scout_mini_msgs/include/scout_mini_msgs/scout_mini_msgs/msg/detail/driver_state__type_support.c
[17.072s] -- Installing: /my_code/ros_ws/install/scout_mini_msgs/include/scout_mini_msgs/scout_mini_msgs/msg/detail/fault_state__rosidl_typesupport_introspection_c.h
[17.425s] -- Installing: /my_code/ros_ws/install/scout_mini_msgs/include/scout_mini_msgs/scout_mini_msgs/msg/detail/fault_state__type_support.c
[18.098s] -- Installing: /my_code/ros_ws/install/scout_mini_msgs/include/scout_mini_msgs/scout_mini_msgs/msg/detail/light_command__rosidl_typesupport_introspection_c.h
[18.341s] -- Installing: /my_code/ros_ws/install/scout_mini_msgs/include/scout_mini_msgs/scout_mini_msgs/msg/detail/light_command__type_support.c
[18.846s] -- Installing: /my_code/ros_ws/install/scout_mini_msgs/include/scout_mini_msgs/scout_mini_msgs/msg/detail/light_state__rosidl_typesupport_introspection_c.h
[19.055s] -- Installing: /my_code/ros_ws/install/scout_mini_msgs/include/scout_mini_msgs/scout_mini_msgs/msg/detail/light_state__type_support.c
[19.150s] -- Installing: /my_code/ros_ws/install/scout_mini_msgs/include/scout_mini_msgs/scout_mini_msgs/msg/detail/motor_state__rosidl_typesupport_introspection_c.h
[19.716s] -- Installing: /my_code/ros_ws/install/scout_mini_msgs/include/scout_mini_msgs/scout_mini_msgs/msg/detail/motor_state__type_support.c
[20.215s] -- Installing: /my_code/ros_ws/install/scout_mini_msgs/include/scout_mini_msgs/scout_mini_msgs/msg/detail/robot_state__rosidl_typesupport_introspection_c.h
[20.637s] -- Installing: /my_code/ros_ws/install/scout_mini_msgs/include/scout_mini_msgs/scout_mini_msgs/msg/detail/robot_state__type_support.c
[20.822s] -- Installing: /my_code/ros_ws/install/scout_mini_msgs/include/scout_mini_msgs/scout_mini_msgs/msg/rosidl_typesupport_introspection_c__visibility_control.h
[21.274s] -- Installing: /my_code/ros_ws/install/scout_mini_msgs/lib/libscout_mini_msgs__rosidl_typesupport_introspection_c.so
[21.725s] -- Set runtime path of "/my_code/ros_ws/install/scout_mini_msgs/lib/libscout_mini_msgs__rosidl_typesupport_introspection_c.so" to ""
[21.779s] -- Installing: /my_code/ros_ws/install/scout_mini_msgs/lib/libscout_mini_msgs__rosidl_typesupport_c.so
[21.879s] -- Set runtime path of "/my_code/ros_ws/install/scout_mini_msgs/lib/libscout_mini_msgs__rosidl_typesupport_c.so" to ""
[21.951s] -- Up-to-date: /my_code/ros_ws/install/scout_mini_msgs/include/scout_mini_msgs/scout_mini_msgs
[22.013s] -- Up-to-date: /my_code/ros_ws/install/scout_mini_msgs/include/scout_mini_msgs/scout_mini_msgs/msg
[22.063s] -- Up-to-date: /my_code/ros_ws/install/scout_mini_msgs/include/scout_mini_msgs/scout_mini_msgs/msg/detail
[22.110s] -- Installing: /my_code/ros_ws/install/scout_mini_msgs/include/scout_mini_msgs/scout_mini_msgs/msg/detail/driver_state__builder.hpp
[22.361s] -- Installing: /my_code/ros_ws/install/scout_mini_msgs/include/scout_mini_msgs/scout_mini_msgs/msg/detail/driver_state__struct.hpp
[22.531s] -- Installing: /my_code/ros_ws/install/scout_mini_msgs/include/scout_mini_msgs/scout_mini_msgs/msg/detail/driver_state__traits.hpp
[22.750s] -- Installing: /my_code/ros_ws/install/scout_mini_msgs/include/scout_mini_msgs/scout_mini_msgs/msg/detail/driver_state__type_support.hpp
[22.911s] -- Installing: /my_code/ros_ws/install/scout_mini_msgs/include/scout_mini_msgs/scout_mini_msgs/msg/detail/fault_state__builder.hpp
[23.250s] -- Installing: /my_code/ros_ws/install/scout_mini_msgs/include/scout_mini_msgs/scout_mini_msgs/msg/detail/fault_state__struct.hpp
[23.438s] -- Installing: /my_code/ros_ws/install/scout_mini_msgs/include/scout_mini_msgs/scout_mini_msgs/msg/detail/fault_state__traits.hpp
[23.570s] -- Installing: /my_code/ros_ws/install/scout_mini_msgs/include/scout_mini_msgs/scout_mini_msgs/msg/detail/fault_state__type_support.hpp
[23.733s] -- Installing: /my_code/ros_ws/install/scout_mini_msgs/include/scout_mini_msgs/scout_mini_msgs/msg/detail/light_command__builder.hpp
[23.898s] -- Installing: /my_code/ros_ws/install/scout_mini_msgs/include/scout_mini_msgs/scout_mini_msgs/msg/detail/light_command__struct.hpp
[24.154s] -- Installing: /my_code/ros_ws/install/scout_mini_msgs/include/scout_mini_msgs/scout_mini_msgs/msg/detail/light_command__traits.hpp
[24.612s] -- Installing: /my_code/ros_ws/install/scout_mini_msgs/include/scout_mini_msgs/scout_mini_msgs/msg/detail/light_command__type_support.hpp
[24.937s] -- Installing: /my_code/ros_ws/install/scout_mini_msgs/include/scout_mini_msgs/scout_mini_msgs/msg/detail/light_state__builder.hpp
[25.020s] -- Installing: /my_code/ros_ws/install/scout_mini_msgs/include/scout_mini_msgs/scout_mini_msgs/msg/detail/light_state__struct.hpp
[25.227s] -- Installing: /my_code/ros_ws/install/scout_mini_msgs/include/scout_mini_msgs/scout_mini_msgs/msg/detail/light_state__traits.hpp
[25.332s] -- Installing: /my_code/ros_ws/install/scout_mini_msgs/include/scout_mini_msgs/scout_mini_msgs/msg/detail/light_state__type_support.hpp
[25.613s] -- Installing: /my_code/ros_ws/install/scout_mini_msgs/include/scout_mini_msgs/scout_mini_msgs/msg/detail/motor_state__builder.hpp
[25.813s] -- Installing: /my_code/ros_ws/install/scout_mini_msgs/include/scout_mini_msgs/scout_mini_msgs/msg/detail/motor_state__struct.hpp
[26.044s] -- Installing: /my_code/ros_ws/install/scout_mini_msgs/include/scout_mini_msgs/scout_mini_msgs/msg/detail/motor_state__traits.hpp
[26.183s] -- Installing: /my_code/ros_ws/install/scout_mini_msgs/include/scout_mini_msgs/scout_mini_msgs/msg/detail/motor_state__type_support.hpp
[26.367s] -- Installing: /my_code/ros_ws/install/scout_mini_msgs/include/scout_mini_msgs/scout_mini_msgs/msg/detail/robot_state__builder.hpp
[26.633s] -- Installing: /my_code/ros_ws/install/scout_mini_msgs/include/scout_mini_msgs/scout_mini_msgs/msg/detail/robot_state__struct.hpp
[27.052s] -- Installing: /my_code/ros_ws/install/scout_mini_msgs/include/scout_mini_msgs/scout_mini_msgs/msg/detail/robot_state__traits.hpp
[27.190s] -- Installing: /my_code/ros_ws/install/scout_mini_msgs/include/scout_mini_msgs/scout_mini_msgs/msg/detail/robot_state__type_support.hpp
[27.561s] -- Installing: /my_code/ros_ws/install/scout_mini_msgs/include/scout_mini_msgs/scout_mini_msgs/msg/driver_state.hpp
[27.708s] -- Installing: /my_code/ros_ws/install/scout_mini_msgs/include/scout_mini_msgs/scout_mini_msgs/msg/fault_state.hpp
[27.878s] -- Installing: /my_code/ros_ws/install/scout_mini_msgs/include/scout_mini_msgs/scout_mini_msgs/msg/light_command.hpp
[28.187s] -- Installing: /my_code/ros_ws/install/scout_mini_msgs/include/scout_mini_msgs/scout_mini_msgs/msg/light_state.hpp
[28.269s] -- Installing: /my_code/ros_ws/install/scout_mini_msgs/include/scout_mini_msgs/scout_mini_msgs/msg/motor_state.hpp
[28.518s] -- Installing: /my_code/ros_ws/install/scout_mini_msgs/include/scout_mini_msgs/scout_mini_msgs/msg/robot_state.hpp
[28.697s] -- Installing: /my_code/ros_ws/install/scout_mini_msgs/include/scout_mini_msgs/scout_mini_msgs/msg/rosidl_generator_cpp__visibility_control.hpp
[28.907s] -- Up-to-date: /my_code/ros_ws/install/scout_mini_msgs/include/scout_mini_msgs/scout_mini_msgs
[28.940s] -- Up-to-date: /my_code/ros_ws/install/scout_mini_msgs/include/scout_mini_msgs/scout_mini_msgs/msg
[28.980s] -- Up-to-date: /my_code/ros_ws/install/scout_mini_msgs/include/scout_mini_msgs/scout_mini_msgs/msg/detail
[29.004s] -- Installing: /my_code/ros_ws/install/scout_mini_msgs/include/scout_mini_msgs/scout_mini_msgs/msg/detail/dds_fastrtps
[29.122s] -- Installing: /my_code/ros_ws/install/scout_mini_msgs/include/scout_mini_msgs/scout_mini_msgs/msg/detail/driver_state__rosidl_typesupport_fastrtps_cpp.hpp
[29.305s] -- Installing: /my_code/ros_ws/install/scout_mini_msgs/include/scout_mini_msgs/scout_mini_msgs/msg/detail/fault_state__rosidl_typesupport_fastrtps_cpp.hpp
[29.502s] -- Installing: /my_code/ros_ws/install/scout_mini_msgs/include/scout_mini_msgs/scout_mini_msgs/msg/detail/light_command__rosidl_typesupport_fastrtps_cpp.hpp
[29.662s] -- Installing: /my_code/ros_ws/install/scout_mini_msgs/include/scout_mini_msgs/scout_mini_msgs/msg/detail/light_state__rosidl_typesupport_fastrtps_cpp.hpp
[29.951s] -- Installing: /my_code/ros_ws/install/scout_mini_msgs/include/scout_mini_msgs/scout_mini_msgs/msg/detail/motor_state__rosidl_typesupport_fastrtps_cpp.hpp
[30.149s] -- Installing: /my_code/ros_ws/install/scout_mini_msgs/include/scout_mini_msgs/scout_mini_msgs/msg/detail/robot_state__rosidl_typesupport_fastrtps_cpp.hpp
[30.478s] -- Installing: /my_code/ros_ws/install/scout_mini_msgs/include/scout_mini_msgs/scout_mini_msgs/msg/rosidl_typesupport_fastrtps_cpp__visibility_control.h
[30.649s] -- Installing: /my_code/ros_ws/install/scout_mini_msgs/lib/libscout_mini_msgs__rosidl_typesupport_fastrtps_cpp.so
[30.779s] -- Set runtime path of "/my_code/ros_ws/install/scout_mini_msgs/lib/libscout_mini_msgs__rosidl_typesupport_fastrtps_cpp.so" to ""
[30.799s] -- Up-to-date: /my_code/ros_ws/install/scout_mini_msgs/include/scout_mini_msgs/scout_mini_msgs
[30.837s] -- Up-to-date: /my_code/ros_ws/install/scout_mini_msgs/include/scout_mini_msgs/scout_mini_msgs/msg
[30.878s] -- Up-to-date: /my_code/ros_ws/install/scout_mini_msgs/include/scout_mini_msgs/scout_mini_msgs/msg/detail
[30.970s] -- Installing: /my_code/ros_ws/install/scout_mini_msgs/include/scout_mini_msgs/scout_mini_msgs/msg/detail/driver_state__rosidl_typesupport_introspection_cpp.hpp
[31.125s] -- Installing: /my_code/ros_ws/install/scout_mini_msgs/include/scout_mini_msgs/scout_mini_msgs/msg/detail/driver_state__type_support.cpp
[31.363s] -- Installing: /my_code/ros_ws/install/scout_mini_msgs/include/scout_mini_msgs/scout_mini_msgs/msg/detail/fault_state__rosidl_typesupport_introspection_cpp.hpp
[31.505s] -- Installing: /my_code/ros_ws/install/scout_mini_msgs/include/scout_mini_msgs/scout_mini_msgs/msg/detail/fault_state__type_support.cpp
[31.670s] -- Installing: /my_code/ros_ws/install/scout_mini_msgs/include/scout_mini_msgs/scout_mini_msgs/msg/detail/light_command__rosidl_typesupport_introspection_cpp.hpp
[31.883s] -- Installing: /my_code/ros_ws/install/scout_mini_msgs/include/scout_mini_msgs/scout_mini_msgs/msg/detail/light_command__type_support.cpp
[32.164s] -- Installing: /my_code/ros_ws/install/scout_mini_msgs/include/scout_mini_msgs/scout_mini_msgs/msg/detail/light_state__rosidl_typesupport_introspection_cpp.hpp
[32.395s] -- Installing: /my_code/ros_ws/install/scout_mini_msgs/include/scout_mini_msgs/scout_mini_msgs/msg/detail/light_state__type_support.cpp
[32.570s] -- Installing: /my_code/ros_ws/install/scout_mini_msgs/include/scout_mini_msgs/scout_mini_msgs/msg/detail/motor_state__rosidl_typesupport_introspection_cpp.hpp
[32.831s] -- Installing: /my_code/ros_ws/install/scout_mini_msgs/include/scout_mini_msgs/scout_mini_msgs/msg/detail/motor_state__type_support.cpp
[33.045s] -- Installing: /my_code/ros_ws/install/scout_mini_msgs/include/scout_mini_msgs/scout_mini_msgs/msg/detail/robot_state__rosidl_typesupport_introspection_cpp.hpp
[33.246s] -- Installing: /my_code/ros_ws/install/scout_mini_msgs/include/scout_mini_msgs/scout_mini_msgs/msg/detail/robot_state__type_support.cpp
[33.389s] -- Installing: /my_code/ros_ws/install/scout_mini_msgs/lib/libscout_mini_msgs__rosidl_typesupport_introspection_cpp.so
[33.591s] -- Set runtime path of "/my_code/ros_ws/install/scout_mini_msgs/lib/libscout_mini_msgs__rosidl_typesupport_introspection_cpp.so" to ""
[33.603s] -- Installing: /my_code/ros_ws/install/scout_mini_msgs/lib/libscout_mini_msgs__rosidl_typesupport_cpp.so
[33.793s] -- Set runtime path of "/my_code/ros_ws/install/scout_mini_msgs/lib/libscout_mini_msgs__rosidl_typesupport_cpp.so" to ""
[33.857s] -- Installing: /my_code/ros_ws/install/scout_mini_msgs/share/scout_mini_msgs/environment/pythonpath.sh
[34.323s] -- Installing: /my_code/ros_ws/install/scout_mini_msgs/share/scout_mini_msgs/environment/pythonpath.dsv
[34.528s] -- Installing: /my_code/ros_ws/install/scout_mini_msgs/local/lib/python3.10/dist-packages/scout_mini_msgs-0.1.0-py3.10.egg-info
[34.625s] -- Installing: /my_code/ros_ws/install/scout_mini_msgs/local/lib/python3.10/dist-packages/scout_mini_msgs-0.1.0-py3.10.egg-info/dependency_links.txt
[34.810s] -- Installing: /my_code/ros_ws/install/scout_mini_msgs/local/lib/python3.10/dist-packages/scout_mini_msgs-0.1.0-py3.10.egg-info/PKG-INFO
[35.031s] -- Installing: /my_code/ros_ws/install/scout_mini_msgs/local/lib/python3.10/dist-packages/scout_mini_msgs-0.1.0-py3.10.egg-info/SOURCES.txt
[35.229s] -- Installing: /my_code/ros_ws/install/scout_mini_msgs/local/lib/python3.10/dist-packages/scout_mini_msgs-0.1.0-py3.10.egg-info/top_level.txt
[35.442s] -- Installing: /my_code/ros_ws/install/scout_mini_msgs/local/lib/python3.10/dist-packages/scout_mini_msgs
[35.653s] -- Installing: /my_code/ros_ws/install/scout_mini_msgs/local/lib/python3.10/dist-packages/scout_mini_msgs/libscout_mini_msgs__rosidl_generator_py.so
[35.945s] -- Installing: /my_code/ros_ws/install/scout_mini_msgs/local/lib/python3.10/dist-packages/scout_mini_msgs/msg
[36.021s] -- Installing: /my_code/ros_ws/install/scout_mini_msgs/local/lib/python3.10/dist-packages/scout_mini_msgs/msg/_driver_state.py
[36.407s] -- Installing: /my_code/ros_ws/install/scout_mini_msgs/local/lib/python3.10/dist-packages/scout_mini_msgs/msg/_driver_state_s.c
[36.704s] -- Installing: /my_code/ros_ws/install/scout_mini_msgs/local/lib/python3.10/dist-packages/scout_mini_msgs/msg/_fault_state.py
[37.071s] -- Installing: /my_code/ros_ws/install/scout_mini_msgs/local/lib/python3.10/dist-packages/scout_mini_msgs/msg/_fault_state_s.c
[37.494s] -- Installing: /my_code/ros_ws/install/scout_mini_msgs/local/lib/python3.10/dist-packages/scout_mini_msgs/msg/_light_command.py
[37.639s] -- Installing: /my_code/ros_ws/install/scout_mini_msgs/local/lib/python3.10/dist-packages/scout_mini_msgs/msg/_light_command_s.c
[37.828s] -- Installing: /my_code/ros_ws/install/scout_mini_msgs/local/lib/python3.10/dist-packages/scout_mini_msgs/msg/_light_state.py
[38.312s] -- Installing: /my_code/ros_ws/install/scout_mini_msgs/local/lib/python3.10/dist-packages/scout_mini_msgs/msg/_light_state_s.c
[38.494s] -- Installing: /my_code/ros_ws/install/scout_mini_msgs/local/lib/python3.10/dist-packages/scout_mini_msgs/msg/_motor_state.py
[38.848s] -- Installing: /my_code/ros_ws/install/scout_mini_msgs/local/lib/python3.10/dist-packages/scout_mini_msgs/msg/_motor_state_s.c
[39.180s] -- Installing: /my_code/ros_ws/install/scout_mini_msgs/local/lib/python3.10/dist-packages/scout_mini_msgs/msg/_robot_state.py
[39.645s] -- Installing: /my_code/ros_ws/install/scout_mini_msgs/local/lib/python3.10/dist-packages/scout_mini_msgs/msg/_robot_state_s.c
[40.191s] -- Installing: /my_code/ros_ws/install/scout_mini_msgs/local/lib/python3.10/dist-packages/scout_mini_msgs/msg/__init__.py
[40.609s] -- Installing: /my_code/ros_ws/install/scout_mini_msgs/local/lib/python3.10/dist-packages/scout_mini_msgs/scout_mini_msgs_s__rosidl_typesupport_c.cpython-310-x86_64-linux-gnu.so
[40.916s] -- Installing: /my_code/ros_ws/install/scout_mini_msgs/local/lib/python3.10/dist-packages/scout_mini_msgs/scout_mini_msgs_s__rosidl_typesupport_fastrtps_c.cpython-310-x86_64-linux-gnu.so
[41.209s] -- Installing: /my_code/ros_ws/install/scout_mini_msgs/local/lib/python3.10/dist-packages/scout_mini_msgs/scout_mini_msgs_s__rosidl_typesupport_introspection_c.cpython-310-x86_64-linux-gnu.so
[41.561s] -- Installing: /my_code/ros_ws/install/scout_mini_msgs/local/lib/python3.10/dist-packages/scout_mini_msgs/_scout_mini_msgs_s.ep.rosidl_typesupport_c.c
[41.839s] -- Installing: /my_code/ros_ws/install/scout_mini_msgs/local/lib/python3.10/dist-packages/scout_mini_msgs/_scout_mini_msgs_s.ep.rosidl_typesupport_fastrtps_c.c
[42.250s] -- Installing: /my_code/ros_ws/install/scout_mini_msgs/local/lib/python3.10/dist-packages/scout_mini_msgs/_scout_mini_msgs_s.ep.rosidl_typesupport_introspection_c.c
[42.970s] -- Installing: /my_code/ros_ws/install/scout_mini_msgs/local/lib/python3.10/dist-packages/scout_mini_msgs/__init__.py
[45.950s] Listing '/my_code/ros_ws/install/scout_mini_msgs/local/lib/python3.10/dist-packages/scout_mini_msgs'...
[45.951s] Compiling '/my_code/ros_ws/install/scout_mini_msgs/local/lib/python3.10/dist-packages/scout_mini_msgs/__init__.py'...
[45.953s] Listing '/my_code/ros_ws/install/scout_mini_msgs/local/lib/python3.10/dist-packages/scout_mini_msgs/msg'...
[45.961s] Compiling '/my_code/ros_ws/install/scout_mini_msgs/local/lib/python3.10/dist-packages/scout_mini_msgs/msg/__init__.py'...
[45.975s] Compiling '/my_code/ros_ws/install/scout_mini_msgs/local/lib/python3.10/dist-packages/scout_mini_msgs/msg/_driver_state.py'...
[45.977s] Compiling '/my_code/ros_ws/install/scout_mini_msgs/local/lib/python3.10/dist-packages/scout_mini_msgs/msg/_fault_state.py'...
[45.978s] Compiling '/my_code/ros_ws/install/scout_mini_msgs/local/lib/python3.10/dist-packages/scout_mini_msgs/msg/_light_command.py'...
[45.981s] Compiling '/my_code/ros_ws/install/scout_mini_msgs/local/lib/python3.10/dist-packages/scout_mini_msgs/msg/_light_state.py'...
[45.982s] Compiling '/my_code/ros_ws/install/scout_mini_msgs/local/lib/python3.10/dist-packages/scout_mini_msgs/msg/_motor_state.py'...
[45.983s] Compiling '/my_code/ros_ws/install/scout_mini_msgs/local/lib/python3.10/dist-packages/scout_mini_msgs/msg/_robot_state.py'...
[46.530s] -- Installing: /my_code/ros_ws/install/scout_mini_msgs/local/lib/python3.10/dist-packages/scout_mini_msgs/scout_mini_msgs_s__rosidl_typesupport_fastrtps_c.cpython-310-x86_64-linux-gnu.so
[47.425s] -- Set runtime path of "/my_code/ros_ws/install/scout_mini_msgs/local/lib/python3.10/dist-packages/scout_mini_msgs/scout_mini_msgs_s__rosidl_typesupport_fastrtps_c.cpython-310-x86_64-linux-gnu.so" to ""
[47.939s] -- Installing: /my_code/ros_ws/install/scout_mini_msgs/local/lib/python3.10/dist-packages/scout_mini_msgs/scout_mini_msgs_s__rosidl_typesupport_introspection_c.cpython-310-x86_64-linux-gnu.so
[48.952s] -- Set runtime path of "/my_code/ros_ws/install/scout_mini_msgs/local/lib/python3.10/dist-packages/scout_mini_msgs/scout_mini_msgs_s__rosidl_typesupport_introspection_c.cpython-310-x86_64-linux-gnu.so" to ""
[49.144s] -- Installing: /my_code/ros_ws/install/scout_mini_msgs/local/lib/python3.10/dist-packages/scout_mini_msgs/scout_mini_msgs_s__rosidl_typesupport_c.cpython-310-x86_64-linux-gnu.so
[49.536s] -- Set runtime path of "/my_code/ros_ws/install/scout_mini_msgs/local/lib/python3.10/dist-packages/scout_mini_msgs/scout_mini_msgs_s__rosidl_typesupport_c.cpython-310-x86_64-linux-gnu.so" to ""
[49.577s] -- Installing: /my_code/ros_ws/install/scout_mini_msgs/lib/libscout_mini_msgs__rosidl_generator_py.so
[49.812s] -- Set runtime path of "/my_code/ros_ws/install/scout_mini_msgs/lib/libscout_mini_msgs__rosidl_generator_py.so" to ""
[49.854s] -- Installing: /my_code/ros_ws/install/scout_mini_msgs/share/scout_mini_msgs/msg/DriverState.idl
[49.989s] -- Installing: /my_code/ros_ws/install/scout_mini_msgs/share/scout_mini_msgs/msg/FaultState.idl
[50.105s] -- Installing: /my_code/ros_ws/install/scout_mini_msgs/share/scout_mini_msgs/msg/LightCommand.idl
[50.226s] -- Installing: /my_code/ros_ws/install/scout_mini_msgs/share/scout_mini_msgs/msg/LightState.idl
[50.332s] -- Installing: /my_code/ros_ws/install/scout_mini_msgs/share/scout_mini_msgs/msg/MotorState.idl
[50.435s] -- Installing: /my_code/ros_ws/install/scout_mini_msgs/share/scout_mini_msgs/msg/RobotState.idl
[50.619s] -- Installing: /my_code/ros_ws/install/scout_mini_msgs/share/scout_mini_msgs/msg/DriverState.msg
[50.756s] -- Installing: /my_code/ros_ws/install/scout_mini_msgs/share/scout_mini_msgs/msg/FaultState.msg
[50.870s] -- Installing: /my_code/ros_ws/install/scout_mini_msgs/share/scout_mini_msgs/msg/LightCommand.msg
[50.988s] -- Installing: /my_code/ros_ws/install/scout_mini_msgs/share/scout_mini_msgs/msg/LightState.msg
[51.089s] -- Installing: /my_code/ros_ws/install/scout_mini_msgs/share/scout_mini_msgs/msg/MotorState.msg
[51.312s] -- Installing: /my_code/ros_ws/install/scout_mini_msgs/share/scout_mini_msgs/msg/RobotState.msg
[51.537s] -- Installing: /my_code/ros_ws/install/scout_mini_msgs/share/ament_index/resource_index/package_run_dependencies/scout_mini_msgs
[51.786s] -- Installing: /my_code/ros_ws/install/scout_mini_msgs/share/ament_index/resource_index/parent_prefix_path/scout_mini_msgs
[51.920s] -- Installing: /my_code/ros_ws/install/scout_mini_msgs/share/scout_mini_msgs/environment/ament_prefix_path.sh
[52.028s] -- Installing: /my_code/ros_ws/install/scout_mini_msgs/share/scout_mini_msgs/environment/ament_prefix_path.dsv
[52.126s] -- Installing: /my_code/ros_ws/install/scout_mini_msgs/share/scout_mini_msgs/environment/path.sh
[52.223s] -- Installing: /my_code/ros_ws/install/scout_mini_msgs/share/scout_mini_msgs/environment/path.dsv
[52.352s] -- Installing: /my_code/ros_ws/install/scout_mini_msgs/share/scout_mini_msgs/local_setup.bash
[52.448s] -- Installing: /my_code/ros_ws/install/scout_mini_msgs/share/scout_mini_msgs/local_setup.sh
[52.540s] -- Installing: /my_code/ros_ws/install/scout_mini_msgs/share/scout_mini_msgs/local_setup.zsh
[52.677s] -- Installing: /my_code/ros_ws/install/scout_mini_msgs/share/scout_mini_msgs/local_setup.dsv
[52.777s] -- Installing: /my_code/ros_ws/install/scout_mini_msgs/share/scout_mini_msgs/package.dsv
[52.924s] -- Installing: /my_code/ros_ws/install/scout_mini_msgs/share/ament_index/resource_index/packages/scout_mini_msgs
[53.082s] -- Installing: /my_code/ros_ws/install/scout_mini_msgs/share/scout_mini_msgs/cmake/export_scout_mini_msgs__rosidl_generator_cExport.cmake
[53.171s] -- Installing: /my_code/ros_ws/install/scout_mini_msgs/share/scout_mini_msgs/cmake/export_scout_mini_msgs__rosidl_generator_cExport-noconfig.cmake
[53.316s] -- Installing: /my_code/ros_ws/install/scout_mini_msgs/share/scout_mini_msgs/cmake/export_scout_mini_msgs__rosidl_typesupport_fastrtps_cExport.cmake
[53.525s] -- Installing: /my_code/ros_ws/install/scout_mini_msgs/share/scout_mini_msgs/cmake/export_scout_mini_msgs__rosidl_typesupport_fastrtps_cExport-noconfig.cmake
[53.640s] -- Installing: /my_code/ros_ws/install/scout_mini_msgs/share/scout_mini_msgs/cmake/scout_mini_msgs__rosidl_typesupport_introspection_cExport.cmake
[53.808s] -- Installing: /my_code/ros_ws/install/scout_mini_msgs/share/scout_mini_msgs/cmake/scout_mini_msgs__rosidl_typesupport_introspection_cExport-noconfig.cmake
[53.900s] -- Installing: /my_code/ros_ws/install/scout_mini_msgs/share/scout_mini_msgs/cmake/scout_mini_msgs__rosidl_typesupport_cExport.cmake
[54.130s] -- Installing: /my_code/ros_ws/install/scout_mini_msgs/share/scout_mini_msgs/cmake/scout_mini_msgs__rosidl_typesupport_cExport-noconfig.cmake
[54.306s] -- Installing: /my_code/ros_ws/install/scout_mini_msgs/share/scout_mini_msgs/cmake/export_scout_mini_msgs__rosidl_generator_cppExport.cmake
[54.516s] -- Installing: /my_code/ros_ws/install/scout_mini_msgs/share/scout_mini_msgs/cmake/export_scout_mini_msgs__rosidl_typesupport_fastrtps_cppExport.cmake
[54.820s] -- Installing: /my_code/ros_ws/install/scout_mini_msgs/share/scout_mini_msgs/cmake/export_scout_mini_msgs__rosidl_typesupport_fastrtps_cppExport-noconfig.cmake
[54.957s] -- Installing: /my_code/ros_ws/install/scout_mini_msgs/share/scout_mini_msgs/cmake/scout_mini_msgs__rosidl_typesupport_introspection_cppExport.cmake
[55.098s] -- Installing: /my_code/ros_ws/install/scout_mini_msgs/share/scout_mini_msgs/cmake/scout_mini_msgs__rosidl_typesupport_introspection_cppExport-noconfig.cmake
[55.241s] -- Installing: /my_code/ros_ws/install/scout_mini_msgs/share/scout_mini_msgs/cmake/scout_mini_msgs__rosidl_typesupport_cppExport.cmake
[55.479s] -- Installing: /my_code/ros_ws/install/scout_mini_msgs/share/scout_mini_msgs/cmake/scout_mini_msgs__rosidl_typesupport_cppExport-noconfig.cmake
[55.640s] -- Installing: /my_code/ros_ws/install/scout_mini_msgs/share/scout_mini_msgs/cmake/export_scout_mini_msgs__rosidl_generator_pyExport.cmake
[56.194s] -- Installing: /my_code/ros_ws/install/scout_mini_msgs/share/scout_mini_msgs/cmake/export_scout_mini_msgs__rosidl_generator_pyExport-noconfig.cmake
[56.482s] -- Installing: /my_code/ros_ws/install/scout_mini_msgs/share/scout_mini_msgs/cmake/rosidl_cmake-extras.cmake
[56.656s] -- Installing: /my_code/ros_ws/install/scout_mini_msgs/share/scout_mini_msgs/cmake/ament_cmake_export_dependencies-extras.cmake
[56.755s] -- Installing: /my_code/ros_ws/install/scout_mini_msgs/share/scout_mini_msgs/cmake/ament_cmake_export_include_directories-extras.cmake
[56.864s] -- Installing: /my_code/ros_ws/install/scout_mini_msgs/share/scout_mini_msgs/cmake/ament_cmake_export_libraries-extras.cmake
[56.973s] -- Installing: /my_code/ros_ws/install/scout_mini_msgs/share/scout_mini_msgs/cmake/ament_cmake_export_targets-extras.cmake
[57.067s] -- Installing: /my_code/ros_ws/install/scout_mini_msgs/share/scout_mini_msgs/cmake/rosidl_cmake_export_typesupport_targets-extras.cmake
[57.309s] -- Installing: /my_code/ros_ws/install/scout_mini_msgs/share/scout_mini_msgs/cmake/rosidl_cmake_export_typesupport_libraries-extras.cmake
[57.450s] -- Installing: /my_code/ros_ws/install/scout_mini_msgs/share/scout_mini_msgs/cmake/scout_mini_msgsConfig.cmake
[57.523s] -- Installing: /my_code/ros_ws/install/scout_mini_msgs/share/scout_mini_msgs/cmake/scout_mini_msgsConfig-version.cmake
[57.656s] -- Installing: /my_code/ros_ws/install/scout_mini_msgs/share/scout_mini_msgs/package.xml
[57.833s] Invoked command in '/my_code/ros_ws/build/scout_mini_msgs' returned '0': CMAKE_PREFIX_PATH=${CMAKE_PREFIX_PATH}:/my_code/ros_ws/install/scout_mini_description:/my_code/ros_ws/install/scout_mini_base:/opt/ros/humble /usr/bin/cmake --install /my_code/ros_ws/build/scout_mini_msgs
