[0.277s] Invoking command in '/my_code/ros_ws/build/scout_mini_hardware': CMAKE_PREFIX_PATH=${CMAKE_PREFIX_PATH}:/opt/ros/humble /usr/bin/cmake /my_code/ros_ws/src/scout_mini_hardware -DCMAKE_INSTALL_PREFIX=/my_code/ros_ws/install/scout_mini_hardware
[0.520s] -- Found ament_cmake: 1.3.11 (/opt/ros/humble/share/ament_cmake/cmake)
[1.917s] -- Found rclcpp: 16.0.11 (/opt/ros/humble/share/rclcpp/cmake)
[1.992s] -- Found rosidl_generator_c: 3.1.6 (/opt/ros/humble/share/rosidl_generator_c/cmake)
[1.998s] -- Found rosidl_adapter: 3.1.6 (/opt/ros/humble/share/rosidl_adapter/cmake)
[2.006s] -- Found rosidl_generator_cpp: 3.1.6 (/opt/ros/humble/share/rosidl_generator_cpp/cmake)
[2.028s] -- Using all available rosidl_typesupport_c: rosidl_typesupport_fastrtps_c;rosidl_typesupport_introspection_c
[2.060s] -- Using all available rosidl_typesupport_cpp: rosidl_typesupport_fastrtps_cpp;rosidl_typesupport_introspection_cpp
[2.117s] -- Found rmw_implementation_cmake: 6.1.2 (/opt/ros/humble/share/rmw_implementation_cmake/cmake)
[2.146s] -- Found rmw_fastrtps_cpp: 6.2.7 (/opt/ros/humble/share/rmw_fastrtps_cpp/cmake)
[4.173s] -- Using RMW implementation 'rmw_fastrtps_cpp' as default
[4.211s] -- Found hardware_interface: 2.48.0 (/opt/ros/humble/share/hardware_interface/cmake)
[4.514s] -- Found realtime_tools: 2.11.0 (/opt/ros/humble/share/realtime_tools/cmake)
[4.521s] -- Found can_msgs: 2.0.0 (/opt/ros/humble/share/can_msgs/cmake)
[4.530s] -- Found ros2_socketcan: 1.3.0 (/opt/ros/humble/share/ros2_socketcan/cmake)
[4.690s] -- Found scout_mini_msgs: 0.1.0 (/my_code/ros_ws/install/scout_mini_msgs/share/scout_mini_msgs/cmake)
[7.709s] -- Configuring done
[9.504s] -- Generating done
[10.086s] -- Build files have been written to: /my_code/ros_ws/build/scout_mini_hardware
[10.093s] Invoked command in '/my_code/ros_ws/build/scout_mini_hardware' returned '0': CMAKE_PREFIX_PATH=${CMAKE_PREFIX_PATH}:/opt/ros/humble /usr/bin/cmake /my_code/ros_ws/src/scout_mini_hardware -DCMAKE_INSTALL_PREFIX=/my_code/ros_ws/install/scout_mini_hardware
[10.107s] Invoking command in '/my_code/ros_ws/build/scout_mini_hardware': CMAKE_PREFIX_PATH=${CMAKE_PREFIX_PATH}:/opt/ros/humble /usr/bin/cmake --build /my_code/ros_ws/build/scout_mini_hardware -- -j20 -l20
[11.654s] [ 50%] [32mBuilding CXX object CMakeFiles/scout_mini_hardware.dir/src/scout_mini_hardware.cpp.o[0m
[31.575s] In file included from [01m[K/my_code/ros_ws/src/scout_mini_hardware/include/scout_mini_hardware/scout_mini_hardware.hpp:36[m[K,
[31.577s]                  from [01m[K/my_code/ros_ws/src/scout_mini_hardware/src/scout_mini_hardware.cpp:18[m[K:
[31.578s] [01m[K/opt/ros/humble/include/realtime_tools/realtime_tools/realtime_publisher.h:22:103:[m[K [01;36m[Knote: [m[K‘[01m[K#pragma message: This header include is deprecated. Please update your code to use 'realtime_publisher.hpp' header.[m[K’
[31.582s]    22 | der include is deprecated. Please update your code to use 'realtime_publisher.hpp' header."[01;36m[K)[m[K  //NOLINT
[31.585s]       |                                                                                            [01;36m[K^[m[K
[31.588s] 
[41.495s] [100%] [32m[1mLinking CXX shared library libscout_mini_hardware.so[0m
[59.105s] [100%] Built target scout_mini_hardware
[59.575s] Invoked command in '/my_code/ros_ws/build/scout_mini_hardware' returned '0': CMAKE_PREFIX_PATH=${CMAKE_PREFIX_PATH}:/opt/ros/humble /usr/bin/cmake --build /my_code/ros_ws/build/scout_mini_hardware -- -j20 -l20
[59.588s] Invoking command in '/my_code/ros_ws/build/scout_mini_hardware': CMAKE_PREFIX_PATH=${CMAKE_PREFIX_PATH}:/opt/ros/humble /usr/bin/cmake --install /my_code/ros_ws/build/scout_mini_hardware
[59.865s] -- Install configuration: ""
[60.012s] -- Installing: /my_code/ros_ws/install/scout_mini_hardware/share/scout_mini_hardware/scout_mini_hardware.xml
[60.389s] -- Installing: /my_code/ros_ws/install/scout_mini_hardware/lib/libscout_mini_hardware.so
[61.644s] -- Set runtime path of "/my_code/ros_ws/install/scout_mini_hardware/lib/libscout_mini_hardware.so" to ""
[61.656s] -- Installing: /my_code/ros_ws/install/scout_mini_hardware/include/include
[61.722s] -- Installing: /my_code/ros_ws/install/scout_mini_hardware/include/include/scout_mini_hardware
[61.801s] -- Installing: /my_code/ros_ws/install/scout_mini_hardware/include/include/scout_mini_hardware/scout_mini_hardware.hpp
[62.138s] -- Installing: /my_code/ros_ws/install/scout_mini_hardware/include/include/scout_mini_hardware/visibility_control.h
[62.295s] -- Installing: /my_code/ros_ws/install/scout_mini_hardware/share/scout_mini_hardware/environment/library_path.sh
[62.452s] -- Installing: /my_code/ros_ws/install/scout_mini_hardware/share/scout_mini_hardware/environment/library_path.dsv
[62.605s] -- Installing: /my_code/ros_ws/install/scout_mini_hardware/share/ament_index/resource_index/package_run_dependencies/scout_mini_hardware
[62.811s] -- Installing: /my_code/ros_ws/install/scout_mini_hardware/share/ament_index/resource_index/parent_prefix_path/scout_mini_hardware
[62.908s] -- Installing: /my_code/ros_ws/install/scout_mini_hardware/share/scout_mini_hardware/environment/ament_prefix_path.sh
[62.988s] -- Installing: /my_code/ros_ws/install/scout_mini_hardware/share/scout_mini_hardware/environment/ament_prefix_path.dsv
[63.094s] -- Installing: /my_code/ros_ws/install/scout_mini_hardware/share/scout_mini_hardware/environment/path.sh
[63.196s] -- Installing: /my_code/ros_ws/install/scout_mini_hardware/share/scout_mini_hardware/environment/path.dsv
[63.314s] -- Installing: /my_code/ros_ws/install/scout_mini_hardware/share/scout_mini_hardware/local_setup.bash
[63.458s] -- Installing: /my_code/ros_ws/install/scout_mini_hardware/share/scout_mini_hardware/local_setup.sh
[63.556s] -- Installing: /my_code/ros_ws/install/scout_mini_hardware/share/scout_mini_hardware/local_setup.zsh
[63.669s] -- Installing: /my_code/ros_ws/install/scout_mini_hardware/share/scout_mini_hardware/local_setup.dsv
[63.970s] -- Installing: /my_code/ros_ws/install/scout_mini_hardware/share/scout_mini_hardware/package.dsv
[64.112s] -- Installing: /my_code/ros_ws/install/scout_mini_hardware/share/ament_index/resource_index/packages/scout_mini_hardware
[64.313s] -- Installing: /my_code/ros_ws/install/scout_mini_hardware/share/ament_index/resource_index/hardware_interface__pluginlib__plugin/scout_mini_hardware
[64.475s] -- Installing: /my_code/ros_ws/install/scout_mini_hardware/share/scout_mini_hardware/cmake/ament_cmake_export_dependencies-extras.cmake
[64.634s] -- Installing: /my_code/ros_ws/install/scout_mini_hardware/share/scout_mini_hardware/cmake/ament_cmake_export_libraries-extras.cmake
[64.739s] -- Installing: /my_code/ros_ws/install/scout_mini_hardware/share/scout_mini_hardware/cmake/ament_cmake_export_include_directories-extras.cmake
[64.847s] -- Installing: /my_code/ros_ws/install/scout_mini_hardware/share/scout_mini_hardware/cmake/scout_mini_hardwareConfig.cmake
[64.977s] -- Installing: /my_code/ros_ws/install/scout_mini_hardware/share/scout_mini_hardware/cmake/scout_mini_hardwareConfig-version.cmake
[65.099s] -- Installing: /my_code/ros_ws/install/scout_mini_hardware/share/scout_mini_hardware/package.xml
[65.178s] Invoked command in '/my_code/ros_ws/build/scout_mini_hardware' returned '0': CMAKE_PREFIX_PATH=${CMAKE_PREFIX_PATH}:/opt/ros/humble /usr/bin/cmake --install /my_code/ros_ws/build/scout_mini_hardware
