[1.586s] Invoking command in '/my_code/ros_ws/build/scout_mini_description': CMAKE_PREFIX_PATH=${CMAKE_PREFIX_PATH}:/my_code/ros_ws/install/scout_mini_description:/my_code/ros_ws/install/scout_mini_base:/opt/ros/humble /usr/bin/cmake --build /my_code/ros_ws/build/scout_mini_description -- -j20 -l20
[1.821s] Invoked command in '/my_code/ros_ws/build/scout_mini_description' returned '0': CMAKE_PREFIX_PATH=${CMAKE_PREFIX_PATH}:/my_code/ros_ws/install/scout_mini_description:/my_code/ros_ws/install/scout_mini_base:/opt/ros/humble /usr/bin/cmake --build /my_code/ros_ws/build/scout_mini_description -- -j20 -l20
[1.865s] Invoking command in '/my_code/ros_ws/build/scout_mini_description': CMAKE_PREFIX_PATH=${CMAKE_PREFIX_PATH}:/my_code/ros_ws/install/scout_mini_description:/my_code/ros_ws/install/scout_mini_base:/opt/ros/humble /usr/bin/cmake --install /my_code/ros_ws/build/scout_mini_description
[1.877s] -- Install configuration: ""
[1.899s] -- Up-to-date: /my_code/ros_ws/install/scout_mini_description/share/scout_mini_description/launch
[1.948s] -- Up-to-date: /my_code/ros_ws/install/scout_mini_description/share/scout_mini_description/launch/description_launch.py
[1.988s] -- Up-to-date: /my_code/ros_ws/install/scout_mini_description/share/scout_mini_description/launch/rviz2_launch.py
[2.018s] -- Up-to-date: /my_code/ros_ws/install/scout_mini_description/share/scout_mini_description/meshes
[2.114s] -- Up-to-date: /my_code/ros_ws/install/scout_mini_description/share/scout_mini_description/meshes/body.dae
[2.182s] -- Up-to-date: /my_code/ros_ws/install/scout_mini_description/share/scout_mini_description/meshes/wheel.dae
[2.209s] -- Up-to-date: /my_code/ros_ws/install/scout_mini_description/share/scout_mini_description/rviz
[2.270s] -- Up-to-date: /my_code/ros_ws/install/scout_mini_description/share/scout_mini_description/rviz/scout_mini.rviz
[2.310s] -- Up-to-date: /my_code/ros_ws/install/scout_mini_description/share/scout_mini_description/urdf
[2.420s] -- Up-to-date: /my_code/ros_ws/install/scout_mini_description/share/scout_mini_description/urdf/scout_mini.urdf.xacro
[2.519s] -- Up-to-date: /my_code/ros_ws/install/scout_mini_description/share/ament_index/resource_index/package_run_dependencies/scout_mini_description
[2.605s] -- Up-to-date: /my_code/ros_ws/install/scout_mini_description/share/ament_index/resource_index/parent_prefix_path/scout_mini_description
[2.638s] -- Up-to-date: /my_code/ros_ws/install/scout_mini_description/share/scout_mini_description/environment/ament_prefix_path.sh
[2.705s] -- Up-to-date: /my_code/ros_ws/install/scout_mini_description/share/scout_mini_description/environment/ament_prefix_path.dsv
[2.763s] -- Up-to-date: /my_code/ros_ws/install/scout_mini_description/share/scout_mini_description/environment/path.sh
[2.823s] -- Up-to-date: /my_code/ros_ws/install/scout_mini_description/share/scout_mini_description/environment/path.dsv
[2.865s] -- Up-to-date: /my_code/ros_ws/install/scout_mini_description/share/scout_mini_description/local_setup.bash
[2.912s] -- Up-to-date: /my_code/ros_ws/install/scout_mini_description/share/scout_mini_description/local_setup.sh
[2.970s] -- Up-to-date: /my_code/ros_ws/install/scout_mini_description/share/scout_mini_description/local_setup.zsh
[3.035s] -- Up-to-date: /my_code/ros_ws/install/scout_mini_description/share/scout_mini_description/local_setup.dsv
[3.126s] -- Up-to-date: /my_code/ros_ws/install/scout_mini_description/share/scout_mini_description/package.dsv
[3.257s] -- Up-to-date: /my_code/ros_ws/install/scout_mini_description/share/ament_index/resource_index/packages/scout_mini_description
[3.362s] -- Up-to-date: /my_code/ros_ws/install/scout_mini_description/share/scout_mini_description/cmake/scout_mini_descriptionConfig.cmake
[3.446s] -- Up-to-date: /my_code/ros_ws/install/scout_mini_description/share/scout_mini_description/cmake/scout_mini_descriptionConfig-version.cmake
[3.557s] -- Up-to-date: /my_code/ros_ws/install/scout_mini_description/share/scout_mini_description/package.xml
[4.461s] Invoked command in '/my_code/ros_ws/build/scout_mini_description' returned '0': CMAKE_PREFIX_PATH=${CMAKE_PREFIX_PATH}:/my_code/ros_ws/install/scout_mini_description:/my_code/ros_ws/install/scout_mini_base:/opt/ros/humble /usr/bin/cmake --install /my_code/ros_ws/build/scout_mini_description
