[0.158s] Invoking command in '/apollo/ros_ws/build/scout_mini_description': CMAKE_PREFIX_PATH=/opt/ros/humble /usr/bin/cmake --build /apollo/ros_ws/build/scout_mini_description -- -j20 -l20
[0.424s] Invoked command in '/apollo/ros_ws/build/scout_mini_description' returned '0': CMAKE_PREFIX_PATH=/opt/ros/humble /usr/bin/cmake --build /apollo/ros_ws/build/scout_mini_description -- -j20 -l20
[0.461s] Invoking command in '/apollo/ros_ws/build/scout_mini_description': CMAKE_PREFIX_PATH=/opt/ros/humble /usr/bin/cmake --install /apollo/ros_ws/build/scout_mini_description
[0.492s] -- Install configuration: ""
[0.493s] -- Execute custom install script
[0.554s] -- Up-to-date symlink: /apollo/ros_ws/install/scout_mini_description/share/scout_mini_description/launch/description_launch.py
[0.603s] -- Up-to-date symlink: /apollo/ros_ws/install/scout_mini_description/share/scout_mini_description/launch/rviz2_launch.py
[0.720s] -- Up-to-date symlink: /apollo/ros_ws/install/scout_mini_description/share/scout_mini_description/meshes/body.dae
[0.791s] -- Up-to-date symlink: /apollo/ros_ws/install/scout_mini_description/share/scout_mini_description/meshes/wheel.dae
[0.874s] -- Up-to-date symlink: /apollo/ros_ws/install/scout_mini_description/share/scout_mini_description/rviz/scout_mini.rviz
[0.950s] -- Up-to-date symlink: /apollo/ros_ws/install/scout_mini_description/share/scout_mini_description/urdf/scout_mini.urdf.xacro
[1.050s] -- Up-to-date symlink: /apollo/ros_ws/install/scout_mini_description/share/ament_index/resource_index/package_run_dependencies/scout_mini_description
[1.147s] -- Up-to-date symlink: /apollo/ros_ws/install/scout_mini_description/share/ament_index/resource_index/parent_prefix_path/scout_mini_description
[1.192s] -- Up-to-date symlink: /apollo/ros_ws/install/scout_mini_description/share/scout_mini_description/environment/ament_prefix_path.sh
[1.247s] -- Up-to-date symlink: /apollo/ros_ws/install/scout_mini_description/share/scout_mini_description/environment/ament_prefix_path.dsv
[1.296s] -- Up-to-date symlink: /apollo/ros_ws/install/scout_mini_description/share/scout_mini_description/environment/path.sh
[1.358s] -- Up-to-date symlink: /apollo/ros_ws/install/scout_mini_description/share/scout_mini_description/environment/path.dsv
[1.409s] -- Up-to-date symlink: /apollo/ros_ws/install/scout_mini_description/share/scout_mini_description/local_setup.bash
[1.462s] -- Up-to-date symlink: /apollo/ros_ws/install/scout_mini_description/share/scout_mini_description/local_setup.sh
[1.509s] -- Up-to-date symlink: /apollo/ros_ws/install/scout_mini_description/share/scout_mini_description/local_setup.zsh
[1.558s] -- Up-to-date symlink: /apollo/ros_ws/install/scout_mini_description/share/scout_mini_description/local_setup.dsv
[1.588s] -- Symlinking: /apollo/ros_ws/install/scout_mini_description/share/scout_mini_description/package.dsv
[1.823s] -- Up-to-date symlink: /apollo/ros_ws/install/scout_mini_description/share/ament_index/resource_index/packages/scout_mini_description
[1.889s] -- Up-to-date symlink: /apollo/ros_ws/install/scout_mini_description/share/scout_mini_description/cmake/scout_mini_descriptionConfig.cmake
[1.936s] -- Up-to-date symlink: /apollo/ros_ws/install/scout_mini_description/share/scout_mini_description/cmake/scout_mini_descriptionConfig-version.cmake
[1.984s] -- Up-to-date symlink: /apollo/ros_ws/install/scout_mini_description/share/scout_mini_description/package.xml
[2.898s] Invoked command in '/apollo/ros_ws/build/scout_mini_description' returned '0': CMAKE_PREFIX_PATH=/opt/ros/humble /usr/bin/cmake --install /apollo/ros_ws/build/scout_mini_description
