[0.280s] Invoking command in '/apollo/ros_ws/build/scout_mini_msgs': CMAKE_PREFIX_PATH=/opt/ros/humble /usr/bin/cmake /apollo/ros_ws/src/scout_mini_msgs -DCMAKE_INSTALL_PREFIX=/apollo/ros_ws/install/scout_mini_msgs
[1.302s] -- The C compiler identification is GNU 11.4.0
[2.028s] -- The CXX compiler identification is GNU 11.4.0
[2.230s] -- Detecting C compiler ABI info
[4.911s] -- Detecting C compiler ABI info - done
[4.982s] -- Check for working C compiler: /usr/bin/cc - skipped
[4.990s] -- Detecting C compile features
[4.994s] -- Detecting C compile features - done
[5.174s] -- Detecting CXX compiler ABI info
[7.281s] -- Detecting CXX compiler ABI info - done
[7.362s] -- Check for working CXX compiler: /usr/bin/c++ - skipped
[7.364s] -- Detecting CXX compile features
[7.396s] -- Detecting CXX compile features - done
[7.479s] -- Found ament_cmake: 1.3.11 (/opt/ros/humble/share/ament_cmake/cmake)
[7.709s] -- Found Python3: /usr/bin/python3 (found version "3.10.12") found components: Interpreter 
[7.996s] -- Found rosidl_default_generators: 1.2.0 (/opt/ros/humble/share/rosidl_default_generators/cmake)
[8.018s] -- Using all available rosidl_typesupport_c: rosidl_typesupport_fastrtps_c;rosidl_typesupport_introspection_c
[8.035s] -- Found rosidl_adapter: 3.1.6 (/opt/ros/humble/share/rosidl_adapter/cmake)
[8.103s] -- Using all available rosidl_typesupport_cpp: rosidl_typesupport_fastrtps_cpp;rosidl_typesupport_introspection_cpp
[8.161s] -- Found builtin_interfaces: 1.2.1 (/opt/ros/humble/share/builtin_interfaces/cmake)
[8.182s] -- Found std_msgs: 4.2.4 (/opt/ros/humble/share/std_msgs/cmake)
[10.747s] -- Found ament_cmake_ros: 0.10.0 (/opt/ros/humble/share/ament_cmake_ros/cmake)
[13.622s] -- Using all available rosidl_typesupport_c: rosidl_typesupport_fastrtps_c;rosidl_typesupport_introspection_c
[17.836s] -- Using all available rosidl_typesupport_cpp: rosidl_typesupport_fastrtps_cpp;rosidl_typesupport_introspection_cpp
[17.957s] -- Found PythonInterp: /usr/bin/python3 (found suitable version "3.10.12", minimum required is "3.6") 
[17.961s] -- Found python_cmake_module: 0.10.0 (/opt/ros/humble/share/python_cmake_module/cmake)
[17.994s] -- Found PythonLibs: /usr/lib/x86_64-linux-gnu/libpython3.10.so (found suitable version "3.10.12", minimum required is "3.5") 
[17.996s] -- Using PYTHON_EXECUTABLE: /usr/bin/python3
[17.998s] -- Using PYTHON_INCLUDE_DIRS: /usr/include/python3.10
[18.000s] -- Using PYTHON_LIBRARIES: /usr/lib/x86_64-linux-gnu/libpython3.10.so
[18.025s] -- Found PythonExtra: .so  
[22.451s] -- Configuring done
[30.517s] -- Generating done
[33.166s] -- Build files have been written to: /apollo/ros_ws/build/scout_mini_msgs
