[0.984s] Invoking command in '/my_code/ros_ws/build/scout_mini_ros2': AMENT_PREFIX_PATH=/my_code/ros_ws/install/scout_mini_hardware:${AMENT_PREFIX_PATH} CMAKE_PREFIX_PATH=/my_code/ros_ws/install/scout_mini_msgs:/my_code/ros_ws/install/scout_mini_hardware:/my_code/ros_ws/install/scout_mini_description:/my_code/ros_ws/install/scout_mini_base:/my_code/scout_mini_description/install/scout_mini_description:/opt/ros/humble LD_LIBRARY_PATH=/my_code/ros_ws/install/scout_mini_msgs/lib:/my_code/ros_ws/install/scout_mini_hardware/lib:/opt/ros/humble/opt/rviz_ogre_vendor/lib:/opt/ros/humble/lib/x86_64-linux-gnu:/opt/ros/humble/lib /usr/bin/cmake /my_code/ros_ws/src/scout_mini_ros2 -DCMAKE_INSTALL_PREFIX=/my_code/ros_ws/install/scout_mini_ros2
[3.838s] -- The C compiler identification is GNU 11.4.0
[5.228s] -- The CXX compiler identification is GNU 11.4.0
[5.467s] -- Detecting C compiler ABI info
[8.909s] -- Detecting C compiler ABI info - done
[8.979s] -- Check for working C compiler: /usr/bin/cc - skipped
[8.982s] -- Detecting C compile features
[8.986s] -- Detecting C compile features - done
[9.095s] -- Detecting CXX compiler ABI info
[12.376s] -- Detecting CXX compiler ABI info - done
[12.396s] -- Check for working CXX compiler: /usr/bin/c++ - skipped
[12.397s] -- Detecting CXX compile features
[12.398s] -- Detecting CXX compile features - done
[12.789s] -- Found ament_cmake: 1.3.11 (/opt/ros/humble/share/ament_cmake/cmake)
[16.512s] -- Found Python3: /usr/bin/python3 (found version "3.10.12") found components: Interpreter 
[26.626s] -- Configuring done
[27.213s] -- Generating done
[27.561s] -- Build files have been written to: /my_code/ros_ws/build/scout_mini_ros2
[27.571s] Invoked command in '/my_code/ros_ws/build/scout_mini_ros2' returned '0': AMENT_PREFIX_PATH=/my_code/ros_ws/install/scout_mini_hardware:${AMENT_PREFIX_PATH} CMAKE_PREFIX_PATH=/my_code/ros_ws/install/scout_mini_msgs:/my_code/ros_ws/install/scout_mini_hardware:/my_code/ros_ws/install/scout_mini_description:/my_code/ros_ws/install/scout_mini_base:/my_code/scout_mini_description/install/scout_mini_description:/opt/ros/humble LD_LIBRARY_PATH=/my_code/ros_ws/install/scout_mini_msgs/lib:/my_code/ros_ws/install/scout_mini_hardware/lib:/opt/ros/humble/opt/rviz_ogre_vendor/lib:/opt/ros/humble/lib/x86_64-linux-gnu:/opt/ros/humble/lib /usr/bin/cmake /my_code/ros_ws/src/scout_mini_ros2 -DCMAKE_INSTALL_PREFIX=/my_code/ros_ws/install/scout_mini_ros2
[27.597s] Invoking command in '/my_code/ros_ws/build/scout_mini_ros2': AMENT_PREFIX_PATH=/my_code/ros_ws/install/scout_mini_hardware:${AMENT_PREFIX_PATH} CMAKE_PREFIX_PATH=/my_code/ros_ws/install/scout_mini_msgs:/my_code/ros_ws/install/scout_mini_hardware:/my_code/ros_ws/install/scout_mini_description:/my_code/ros_ws/install/scout_mini_base:/my_code/scout_mini_description/install/scout_mini_description:/opt/ros/humble LD_LIBRARY_PATH=/my_code/ros_ws/install/scout_mini_msgs/lib:/my_code/ros_ws/install/scout_mini_hardware/lib:/opt/ros/humble/opt/rviz_ogre_vendor/lib:/opt/ros/humble/lib/x86_64-linux-gnu:/opt/ros/humble/lib /usr/bin/cmake --build /my_code/ros_ws/build/scout_mini_ros2 -- -j20 -l20
[29.631s] Invoked command in '/my_code/ros_ws/build/scout_mini_ros2' returned '0': AMENT_PREFIX_PATH=/my_code/ros_ws/install/scout_mini_hardware:${AMENT_PREFIX_PATH} CMAKE_PREFIX_PATH=/my_code/ros_ws/install/scout_mini_msgs:/my_code/ros_ws/install/scout_mini_hardware:/my_code/ros_ws/install/scout_mini_description:/my_code/ros_ws/install/scout_mini_base:/my_code/scout_mini_description/install/scout_mini_description:/opt/ros/humble LD_LIBRARY_PATH=/my_code/ros_ws/install/scout_mini_msgs/lib:/my_code/ros_ws/install/scout_mini_hardware/lib:/opt/ros/humble/opt/rviz_ogre_vendor/lib:/opt/ros/humble/lib/x86_64-linux-gnu:/opt/ros/humble/lib /usr/bin/cmake --build /my_code/ros_ws/build/scout_mini_ros2 -- -j20 -l20
[29.668s] Invoking command in '/my_code/ros_ws/build/scout_mini_ros2': AMENT_PREFIX_PATH=/my_code/ros_ws/install/scout_mini_hardware:${AMENT_PREFIX_PATH} CMAKE_PREFIX_PATH=/my_code/ros_ws/install/scout_mini_msgs:/my_code/ros_ws/install/scout_mini_hardware:/my_code/ros_ws/install/scout_mini_description:/my_code/ros_ws/install/scout_mini_base:/my_code/scout_mini_description/install/scout_mini_description:/opt/ros/humble LD_LIBRARY_PATH=/my_code/ros_ws/install/scout_mini_msgs/lib:/my_code/ros_ws/install/scout_mini_hardware/lib:/opt/ros/humble/opt/rviz_ogre_vendor/lib:/opt/ros/humble/lib/x86_64-linux-gnu:/opt/ros/humble/lib /usr/bin/cmake --install /my_code/ros_ws/build/scout_mini_ros2
[30.050s] -- Install configuration: ""
[30.116s] -- Installing: /my_code/ros_ws/install/scout_mini_ros2/share/ament_index/resource_index/package_run_dependencies/scout_mini_ros2
[30.413s] -- Installing: /my_code/ros_ws/install/scout_mini_ros2/share/ament_index/resource_index/parent_prefix_path/scout_mini_ros2
[30.613s] -- Installing: /my_code/ros_ws/install/scout_mini_ros2/share/scout_mini_ros2/environment/ament_prefix_path.sh
[30.714s] -- Installing: /my_code/ros_ws/install/scout_mini_ros2/share/scout_mini_ros2/environment/ament_prefix_path.dsv
[30.810s] -- Installing: /my_code/ros_ws/install/scout_mini_ros2/share/scout_mini_ros2/environment/path.sh
[30.928s] -- Installing: /my_code/ros_ws/install/scout_mini_ros2/share/scout_mini_ros2/environment/path.dsv
[31.033s] -- Installing: /my_code/ros_ws/install/scout_mini_ros2/share/scout_mini_ros2/local_setup.bash
[31.127s] -- Installing: /my_code/ros_ws/install/scout_mini_ros2/share/scout_mini_ros2/local_setup.sh
[31.226s] -- Installing: /my_code/ros_ws/install/scout_mini_ros2/share/scout_mini_ros2/local_setup.zsh
[31.323s] -- Installing: /my_code/ros_ws/install/scout_mini_ros2/share/scout_mini_ros2/local_setup.dsv
[31.450s] -- Installing: /my_code/ros_ws/install/scout_mini_ros2/share/scout_mini_ros2/package.dsv
[31.644s] -- Installing: /my_code/ros_ws/install/scout_mini_ros2/share/ament_index/resource_index/packages/scout_mini_ros2
[31.836s] -- Installing: /my_code/ros_ws/install/scout_mini_ros2/share/scout_mini_ros2/cmake/scout_mini_ros2Config.cmake
[31.925s] -- Installing: /my_code/ros_ws/install/scout_mini_ros2/share/scout_mini_ros2/cmake/scout_mini_ros2Config-version.cmake
[32.058s] -- Installing: /my_code/ros_ws/install/scout_mini_ros2/share/scout_mini_ros2/package.xml
[32.157s] Invoked command in '/my_code/ros_ws/build/scout_mini_ros2' returned '0': AMENT_PREFIX_PATH=/my_code/ros_ws/install/scout_mini_hardware:${AMENT_PREFIX_PATH} CMAKE_PREFIX_PATH=/my_code/ros_ws/install/scout_mini_msgs:/my_code/ros_ws/install/scout_mini_hardware:/my_code/ros_ws/install/scout_mini_description:/my_code/ros_ws/install/scout_mini_base:/my_code/scout_mini_description/install/scout_mini_description:/opt/ros/humble LD_LIBRARY_PATH=/my_code/ros_ws/install/scout_mini_msgs/lib:/my_code/ros_ws/install/scout_mini_hardware/lib:/opt/ros/humble/opt/rviz_ogre_vendor/lib:/opt/ros/humble/lib/x86_64-linux-gnu:/opt/ros/humble/lib /usr/bin/cmake --install /my_code/ros_ws/build/scout_mini_ros2
