[0.186s] Invoking command in '/apollo/ros_ws/build/scout_mini_description': CMAKE_PREFIX_PATH=/opt/ros/humble /usr/bin/cmake /apollo/ros_ws/src/scout_mini_description -DCMAKE_INSTALL_PREFIX=/apollo/ros_ws/install/scout_mini_description
[0.345s] -- Found ament_cmake: 1.3.11 (/opt/ros/humble/share/ament_cmake/cmake)
[0.728s] -- Override CMake install command with custom implementation using symlinks instead of copying resources
[1.083s] -- Found urdf: 2.6.1 (/opt/ros/humble/share/urdf/cmake)
[1.360s] -- Found rviz2: 11.2.16 (/opt/ros/humble/share/rviz2/cmake)
[1.363s] -- Found robot_state_publisher: 3.0.3 (/opt/ros/humble/share/robot_state_publisher/cmake)
[1.393s] -- Found rosidl_generator_c: 3.1.6 (/opt/ros/humble/share/rosidl_generator_c/cmake)
[1.398s] -- Found rosidl_adapter: 3.1.6 (/opt/ros/humble/share/rosidl_adapter/cmake)
[1.406s] -- Found rosidl_generator_cpp: 3.1.6 (/opt/ros/humble/share/rosidl_generator_cpp/cmake)
[1.427s] -- Using all available rosidl_typesupport_c: rosidl_typesupport_fastrtps_c;rosidl_typesupport_introspection_c
[1.455s] -- Using all available rosidl_typesupport_cpp: rosidl_typesupport_fastrtps_cpp;rosidl_typesupport_introspection_cpp
[1.557s] -- Found eigen3_cmake_module: 0.1.1 (/opt/ros/humble/share/eigen3_cmake_module/cmake)
[1.561s] -- Ensuring Eigen3 include directory is part of orocos-kdl CMake target
[1.596s] -- Found rmw_implementation_cmake: 6.1.2 (/opt/ros/humble/share/rmw_implementation_cmake/cmake)
[1.614s] -- Found rmw_fastrtps_cpp: 6.2.7 (/opt/ros/humble/share/rmw_fastrtps_cpp/cmake)
[1.641s] -- Found TinyXML2 via Config file: TinyXML2_DIR-NOTFOUND
[1.650s] -- Found TinyXML2 via Config file: TinyXML2_DIR-NOTFOUND
[1.704s] -- Found TinyXML2 via Config file: TinyXML2_DIR-NOTFOUND
[1.717s] -- Found TinyXML2 via Config file: TinyXML2_DIR-NOTFOUND
[1.764s] -- Using RMW implementation 'rmw_fastrtps_cpp' as default
[4.252s] -- Configuring done
[5.484s] -- Generating done
[6.300s] -- Build files have been written to: /apollo/ros_ws/build/scout_mini_description
