[1.816s] Invoking command in '/my_code/ros_ws/build/scout_mini_base': CMAKE_PREFIX_PATH=${CMAKE_PREFIX_PATH}:/my_code/ros_ws/install/scout_mini_description:/my_code/ros_ws/install/scout_mini_base:/opt/ros/humble /usr/bin/cmake --build /my_code/ros_ws/build/scout_mini_base -- -j20 -l20
[2.079s] Invoked command in '/my_code/ros_ws/build/scout_mini_base' returned '0': CMAKE_PREFIX_PATH=${CMAKE_PREFIX_PATH}:/my_code/ros_ws/install/scout_mini_description:/my_code/ros_ws/install/scout_mini_base:/opt/ros/humble /usr/bin/cmake --build /my_code/ros_ws/build/scout_mini_base -- -j20 -l20
[2.155s] Invoking command in '/my_code/ros_ws/build/scout_mini_base': CMAKE_PREFIX_PATH=${CMAKE_PREFIX_PATH}:/my_code/ros_ws/install/scout_mini_description:/my_code/ros_ws/install/scout_mini_base:/opt/ros/humble /usr/bin/cmake --install /my_code/ros_ws/build/scout_mini_base
[2.172s] -- Install configuration: ""
[2.194s] -- Up-to-date: /my_code/ros_ws/install/scout_mini_base/share/scout_mini_base/config
[2.256s] -- Up-to-date: /my_code/ros_ws/install/scout_mini_base/share/scout_mini_base/config/scout_mini.yaml
[2.280s] -- Up-to-date: /my_code/ros_ws/install/scout_mini_base/share/scout_mini_base/launch
[2.329s] -- Up-to-date: /my_code/ros_ws/install/scout_mini_base/share/scout_mini_base/launch/base_launch.py
[2.421s] -- Up-to-date: /my_code/ros_ws/install/scout_mini_base/share/ament_index/resource_index/package_run_dependencies/scout_mini_base
[2.529s] -- Up-to-date: /my_code/ros_ws/install/scout_mini_base/share/ament_index/resource_index/parent_prefix_path/scout_mini_base
[2.559s] -- Up-to-date: /my_code/ros_ws/install/scout_mini_base/share/scout_mini_base/environment/ament_prefix_path.sh
[2.605s] -- Up-to-date: /my_code/ros_ws/install/scout_mini_base/share/scout_mini_base/environment/ament_prefix_path.dsv
[2.645s] -- Up-to-date: /my_code/ros_ws/install/scout_mini_base/share/scout_mini_base/environment/path.sh
[2.740s] -- Up-to-date: /my_code/ros_ws/install/scout_mini_base/share/scout_mini_base/environment/path.dsv
[2.802s] -- Up-to-date: /my_code/ros_ws/install/scout_mini_base/share/scout_mini_base/local_setup.bash
[2.849s] -- Up-to-date: /my_code/ros_ws/install/scout_mini_base/share/scout_mini_base/local_setup.sh
[2.892s] -- Up-to-date: /my_code/ros_ws/install/scout_mini_base/share/scout_mini_base/local_setup.zsh
[2.939s] -- Up-to-date: /my_code/ros_ws/install/scout_mini_base/share/scout_mini_base/local_setup.dsv
[2.986s] -- Up-to-date: /my_code/ros_ws/install/scout_mini_base/share/scout_mini_base/package.dsv
[3.087s] -- Up-to-date: /my_code/ros_ws/install/scout_mini_base/share/ament_index/resource_index/packages/scout_mini_base
[3.157s] -- Up-to-date: /my_code/ros_ws/install/scout_mini_base/share/scout_mini_base/cmake/scout_mini_baseConfig.cmake
[3.194s] -- Up-to-date: /my_code/ros_ws/install/scout_mini_base/share/scout_mini_base/cmake/scout_mini_baseConfig-version.cmake
[3.260s] -- Up-to-date: /my_code/ros_ws/install/scout_mini_base/share/scout_mini_base/package.xml
[3.282s] Invoked command in '/my_code/ros_ws/build/scout_mini_base' returned '0': CMAKE_PREFIX_PATH=${CMAKE_PREFIX_PATH}:/my_code/ros_ws/install/scout_mini_description:/my_code/ros_ws/install/scout_mini_base:/opt/ros/humble /usr/bin/cmake --install /my_code/ros_ws/build/scout_mini_base
