[0.189s] Invoking command in '/my_code/ros_ws/build/scout_mini_base': CMAKE_PREFIX_PATH=${CMAKE_PREFIX_PATH}:/opt/ros/humble /usr/bin/cmake /my_code/ros_ws/src/scout_mini_base -DCMAKE_INSTALL_PREFIX=/my_code/ros_ws/install/scout_mini_base
[0.319s] -- Found ament_cmake: 1.3.11 (/opt/ros/humble/share/ament_cmake/cmake)
[0.634s] [31mCMake Error at CMakeLists.txt:21 (find_package):
[0.636s]   By not providing "Findros2_control.cmake" in CMAKE_MODULE_PATH this project
[0.638s]   has asked CMake to find a package configuration file provided by
[0.640s]   "ros2_control", but CMake did not find one.
[0.642s] 
[0.644s]   Could not find a package configuration file provided by "ros2_control" with
[0.646s]   any of the following names:
[0.648s] 
[0.650s]     ros2_controlConfig.cmake
[0.652s]     ros2_control-config.cmake
[0.653s] 
[0.655s]   Add the installation prefix of "ros2_control" to CMAKE_PREFIX_PATH or set
[0.656s]   "ros2_control_DIR" to a directory containing one of the above files.  If
[0.658s]   "ros2_control" provides a separate development package or SDK, be sure it
[0.659s]   has been installed.
[0.660s] 
[0.661s] [0m
[0.663s] -- Configuring incomplete, errors occurred!
[0.664s] See also "/my_code/ros_ws/build/scout_mini_base/CMakeFiles/CMakeOutput.log".
[0.679s] Invoked command in '/my_code/ros_ws/build/scout_mini_base' returned '1': CMAKE_PREFIX_PATH=${CMAKE_PREFIX_PATH}:/opt/ros/humble /usr/bin/cmake /my_code/ros_ws/src/scout_mini_base -DCMAKE_INSTALL_PREFIX=/my_code/ros_ws/install/scout_mini_base
