[0.211s] Invoking command in '/apollo/ros_ws/build/scout_mini_base': CMAKE_PREFIX_PATH=/opt/ros/humble /usr/bin/cmake --build /apollo/ros_ws/build/scout_mini_base -- -j20 -l20
[0.393s] Invoked command in '/apollo/ros_ws/build/scout_mini_base' returned '0': CMAKE_PREFIX_PATH=/opt/ros/humble /usr/bin/cmake --build /apollo/ros_ws/build/scout_mini_base -- -j20 -l20
[0.474s] Invoking command in '/apollo/ros_ws/build/scout_mini_base': CMAKE_PREFIX_PATH=/opt/ros/humble /usr/bin/cmake --install /apollo/ros_ws/build/scout_mini_base
[0.494s] -- Install configuration: ""
[0.523s] -- Execute custom install script
[0.619s] -- Up-to-date symlink: /apollo/ros_ws/install/scout_mini_base/share/scout_mini_base/config/scout_mini.yaml
[0.757s] -- Up-to-date symlink: /apollo/ros_ws/install/scout_mini_base/share/scout_mini_base/launch/base_launch.py
[0.889s] -- Up-to-date symlink: /apollo/ros_ws/install/scout_mini_base/share/ament_index/resource_index/package_run_dependencies/scout_mini_base
[1.082s] -- Up-to-date symlink: /apollo/ros_ws/install/scout_mini_base/share/ament_index/resource_index/parent_prefix_path/scout_mini_base
[1.155s] -- Up-to-date symlink: /apollo/ros_ws/install/scout_mini_base/share/scout_mini_base/environment/ament_prefix_path.sh
[1.245s] -- Up-to-date symlink: /apollo/ros_ws/install/scout_mini_base/share/scout_mini_base/environment/ament_prefix_path.dsv
[1.326s] -- Up-to-date symlink: /apollo/ros_ws/install/scout_mini_base/share/scout_mini_base/environment/path.sh
[1.426s] -- Up-to-date symlink: /apollo/ros_ws/install/scout_mini_base/share/scout_mini_base/environment/path.dsv
[1.507s] -- Up-to-date symlink: /apollo/ros_ws/install/scout_mini_base/share/scout_mini_base/local_setup.bash
[1.579s] -- Up-to-date symlink: /apollo/ros_ws/install/scout_mini_base/share/scout_mini_base/local_setup.sh
[1.664s] -- Up-to-date symlink: /apollo/ros_ws/install/scout_mini_base/share/scout_mini_base/local_setup.zsh
[1.744s] -- Up-to-date symlink: /apollo/ros_ws/install/scout_mini_base/share/scout_mini_base/local_setup.dsv
[1.772s] -- Symlinking: /apollo/ros_ws/install/scout_mini_base/share/scout_mini_base/package.dsv
[2.036s] -- Up-to-date symlink: /apollo/ros_ws/install/scout_mini_base/share/ament_index/resource_index/packages/scout_mini_base
[2.132s] -- Up-to-date symlink: /apollo/ros_ws/install/scout_mini_base/share/scout_mini_base/cmake/scout_mini_baseConfig.cmake
[2.219s] -- Up-to-date symlink: /apollo/ros_ws/install/scout_mini_base/share/scout_mini_base/cmake/scout_mini_baseConfig-version.cmake
[2.305s] -- Up-to-date symlink: /apollo/ros_ws/install/scout_mini_base/share/scout_mini_base/package.xml
[2.342s] Invoked command in '/apollo/ros_ws/build/scout_mini_base' returned '0': CMAKE_PREFIX_PATH=/opt/ros/humble /usr/bin/cmake --install /apollo/ros_ws/build/scout_mini_base
