[0.468s] Invoking command in '/apollo/ros_ws/build/scout_mini_ros2': AMENT_PREFIX_PATH=/apollo/ros_ws/install/scout_mini_msgs:/apollo/ros_ws/install/scout_mini_description:/apollo/ros_ws/install/scout_mini_base:${AMENT_PREFIX_PATH} CMAKE_PREFIX_PATH=/apollo/ros_ws/install/scout_mini_msgs:/apollo/ros_ws/install/scout_mini_description:/apollo/ros_ws/install/scout_mini_base:/opt/ros/humble LD_LIBRARY_PATH=/apollo/ros_ws/install/scout_mini_msgs/lib:${LD_LIBRARY_PATH} PYTHONPATH=/apollo/ros_ws/install/scout_mini_msgs/local/lib/python3.10/dist-packages:${PYTHONPATH} /usr/bin/cmake /apollo/ros_ws/src/scout_mini_ros2 -DCMAKE_INSTALL_PREFIX=/apollo/ros_ws/install/scout_mini_ros2
[2.400s] -- The C compiler identification is GNU 11.4.0
[3.665s] -- The CXX compiler identification is GNU 11.4.0
[3.863s] -- Detecting C compiler ABI info
[7.306s] -- Detecting C compiler ABI info - done
[7.409s] -- Check for working C compiler: /usr/bin/cc - skipped
[7.411s] -- Detecting C compile features
[7.415s] -- Detecting C compile features - done
[7.578s] -- Detecting CXX compiler ABI info
[10.371s] -- Detecting CXX compiler ABI info - done
[10.437s] -- Check for working CXX compiler: /usr/bin/c++ - skipped
[10.439s] -- Detecting CXX compile features
[10.471s] -- Detecting CXX compile features - done
[10.894s] -- Found ament_cmake: 1.3.11 (/opt/ros/humble/share/ament_cmake/cmake)
[14.728s] -- Found Python3: /usr/bin/python3 (found version "3.10.12") found components: Interpreter 
[23.944s] -- Configuring done
[24.988s] -- Generating done
[25.806s] -- Build files have been written to: /apollo/ros_ws/build/scout_mini_ros2
[25.814s] Invoked command in '/apollo/ros_ws/build/scout_mini_ros2' returned '0': AMENT_PREFIX_PATH=/apollo/ros_ws/install/scout_mini_msgs:/apollo/ros_ws/install/scout_mini_description:/apollo/ros_ws/install/scout_mini_base:${AMENT_PREFIX_PATH} CMAKE_PREFIX_PATH=/apollo/ros_ws/install/scout_mini_msgs:/apollo/ros_ws/install/scout_mini_description:/apollo/ros_ws/install/scout_mini_base:/opt/ros/humble LD_LIBRARY_PATH=/apollo/ros_ws/install/scout_mini_msgs/lib:${LD_LIBRARY_PATH} PYTHONPATH=/apollo/ros_ws/install/scout_mini_msgs/local/lib/python3.10/dist-packages:${PYTHONPATH} /usr/bin/cmake /apollo/ros_ws/src/scout_mini_ros2 -DCMAKE_INSTALL_PREFIX=/apollo/ros_ws/install/scout_mini_ros2
[25.854s] Invoking command in '/apollo/ros_ws/build/scout_mini_ros2': AMENT_PREFIX_PATH=/apollo/ros_ws/install/scout_mini_msgs:/apollo/ros_ws/install/scout_mini_description:/apollo/ros_ws/install/scout_mini_base:${AMENT_PREFIX_PATH} CMAKE_PREFIX_PATH=/apollo/ros_ws/install/scout_mini_msgs:/apollo/ros_ws/install/scout_mini_description:/apollo/ros_ws/install/scout_mini_base:/opt/ros/humble LD_LIBRARY_PATH=/apollo/ros_ws/install/scout_mini_msgs/lib:${LD_LIBRARY_PATH} PYTHONPATH=/apollo/ros_ws/install/scout_mini_msgs/local/lib/python3.10/dist-packages:${PYTHONPATH} /usr/bin/cmake --build /apollo/ros_ws/build/scout_mini_ros2 -- -j20 -l20
[27.828s] Invoked command in '/apollo/ros_ws/build/scout_mini_ros2' returned '0': AMENT_PREFIX_PATH=/apollo/ros_ws/install/scout_mini_msgs:/apollo/ros_ws/install/scout_mini_description:/apollo/ros_ws/install/scout_mini_base:${AMENT_PREFIX_PATH} CMAKE_PREFIX_PATH=/apollo/ros_ws/install/scout_mini_msgs:/apollo/ros_ws/install/scout_mini_description:/apollo/ros_ws/install/scout_mini_base:/opt/ros/humble LD_LIBRARY_PATH=/apollo/ros_ws/install/scout_mini_msgs/lib:${LD_LIBRARY_PATH} PYTHONPATH=/apollo/ros_ws/install/scout_mini_msgs/local/lib/python3.10/dist-packages:${PYTHONPATH} /usr/bin/cmake --build /apollo/ros_ws/build/scout_mini_ros2 -- -j20 -l20
[27.893s] Invoking command in '/apollo/ros_ws/build/scout_mini_ros2': AMENT_PREFIX_PATH=/apollo/ros_ws/install/scout_mini_msgs:/apollo/ros_ws/install/scout_mini_description:/apollo/ros_ws/install/scout_mini_base:${AMENT_PREFIX_PATH} CMAKE_PREFIX_PATH=/apollo/ros_ws/install/scout_mini_msgs:/apollo/ros_ws/install/scout_mini_description:/apollo/ros_ws/install/scout_mini_base:/opt/ros/humble LD_LIBRARY_PATH=/apollo/ros_ws/install/scout_mini_msgs/lib:${LD_LIBRARY_PATH} PYTHONPATH=/apollo/ros_ws/install/scout_mini_msgs/local/lib/python3.10/dist-packages:${PYTHONPATH} /usr/bin/cmake --install /apollo/ros_ws/build/scout_mini_ros2
[28.244s] -- Install configuration: ""
[28.408s] -- Installing: /apollo/ros_ws/install/scout_mini_ros2/share/ament_index/resource_index/package_run_dependencies/scout_mini_ros2
[28.935s] -- Installing: /apollo/ros_ws/install/scout_mini_ros2/share/ament_index/resource_index/parent_prefix_path/scout_mini_ros2
[29.313s] -- Installing: /apollo/ros_ws/install/scout_mini_ros2/share/scout_mini_ros2/environment/ament_prefix_path.sh
[29.587s] -- Installing: /apollo/ros_ws/install/scout_mini_ros2/share/scout_mini_ros2/environment/ament_prefix_path.dsv
[29.881s] -- Installing: /apollo/ros_ws/install/scout_mini_ros2/share/scout_mini_ros2/environment/path.sh
[30.155s] -- Installing: /apollo/ros_ws/install/scout_mini_ros2/share/scout_mini_ros2/environment/path.dsv
[30.466s] -- Installing: /apollo/ros_ws/install/scout_mini_ros2/share/scout_mini_ros2/local_setup.bash
[30.713s] -- Installing: /apollo/ros_ws/install/scout_mini_ros2/share/scout_mini_ros2/local_setup.sh
[30.974s] -- Installing: /apollo/ros_ws/install/scout_mini_ros2/share/scout_mini_ros2/local_setup.zsh
[31.245s] -- Installing: /apollo/ros_ws/install/scout_mini_ros2/share/scout_mini_ros2/local_setup.dsv
[31.512s] -- Installing: /apollo/ros_ws/install/scout_mini_ros2/share/scout_mini_ros2/package.dsv
[31.872s] -- Installing: /apollo/ros_ws/install/scout_mini_ros2/share/ament_index/resource_index/packages/scout_mini_ros2
[32.269s] -- Installing: /apollo/ros_ws/install/scout_mini_ros2/share/scout_mini_ros2/cmake/scout_mini_ros2Config.cmake
[32.550s] -- Installing: /apollo/ros_ws/install/scout_mini_ros2/share/scout_mini_ros2/cmake/scout_mini_ros2Config-version.cmake
[32.852s] -- Installing: /apollo/ros_ws/install/scout_mini_ros2/share/scout_mini_ros2/package.xml
[33.048s] Invoked command in '/apollo/ros_ws/build/scout_mini_ros2' returned '0': AMENT_PREFIX_PATH=/apollo/ros_ws/install/scout_mini_msgs:/apollo/ros_ws/install/scout_mini_description:/apollo/ros_ws/install/scout_mini_base:${AMENT_PREFIX_PATH} CMAKE_PREFIX_PATH=/apollo/ros_ws/install/scout_mini_msgs:/apollo/ros_ws/install/scout_mini_description:/apollo/ros_ws/install/scout_mini_base:/opt/ros/humble LD_LIBRARY_PATH=/apollo/ros_ws/install/scout_mini_msgs/lib:${LD_LIBRARY_PATH} PYTHONPATH=/apollo/ros_ws/install/scout_mini_msgs/local/lib/python3.10/dist-packages:${PYTHONPATH} /usr/bin/cmake --install /apollo/ros_ws/build/scout_mini_ros2
